4.1469 	ERROR 	Plugin `psychopy-cedrus` entry point requires module `psychopy_cedrus`, but it cannot be imported.
12.4750 	EXP 	Created window1 = Window(allowGUI=True, allowStencil=False, autoLog=True, backendConf=UNKNOWN, backgroundFit=<method-wrapper '__getattribute__' of attributeSetter object at 0x7fb4ddb14d60>, backgroundImage=<method-wrapper '__getattribute__' of attributeSetter object at 0x7fb4ddb14d00>, bitsMode=UNKNOWN, blendMode='avg', bpc=(8, 8, 8), color=array([0, 0, 0]), colorSpace='rgb', depthBits=8, fullscr=<method-wrapper '__getattribute__' of attributeSetter object at 0x7fb4ddb147f0>, gamma=None, gammaErrorPolicy='raise', infoMsg=UNKNOWN, lms=UNKNOWN, monitor=<psychopy.monitors.calibTools.Monitor object at 0x7fb4eedf46a0>, multiSample=False, name='window1', numSamples=2, pos=[360.0, 225.0], screen=0, size=array([2880, 1800]), stencilBits=0, stereo=False, title='PsychoPy', units='height', useFBO=True, useRetina=True, viewOri=0.0, viewPos=None, viewScale=None, waitBlanking=True, winType='pyglet')
12.4751 	EXP 	window1: mouseVisible = True
12.4751 	EXP 	window1: backgroundImage = ''
12.4752 	EXP 	window1: backgroundFit = 'none'
12.4753 	EXP 	window1: mouseVisible = True
12.4755 	EXP 	window1: mouseVisible = True
12.4819 	EXP 	window1: mouseVisible = True
12.4825 	EXP 	window1: mouseVisible = True
12.5139 	EXP 	window1: mouseVisible = True
12.5140 	EXP 	window1: mouseVisible = True
12.5145 	EXP 	window1: mouseVisible = True
12.5150 	EXP 	window1: mouseVisible = True
12.5277 	EXP 	window1: Attempting to measure frame rate of screen (0) ...
12.5277 	EXP 	window1: recordFrameIntervals = False
12.7036 	EXP 	window1: recordFrameIntervals = True
13.5368 	WARNING 	Couldn't measure a consistent frame rate!
  - Is your graphics card set to sync to vertical blank?
  - Are you running other processes on your computer?

13.5394 	EXP 	window1: mouseVisible = False
15.4084 	EXP 	SceneCat_2023_2_key_resp: status = STARTED
15.4097 	EXP 	window1: mouseVisible = True
15.4764 	EXP 	Created intro_text = TextStim(__class__=<class 'psychopy.visual.text.TextStim'>, alignHoriz=method-wrapper(...), alignText='center', alignVert=method-wrapper(...), anchorHoriz='center', anchorVert='center', antialias=True, autoDraw=False, autoLog=True, bold=False, color=array([1., 1., 1.]), colorSpace='rgb', contrast=1.0, depth=0.0, draggable=False, flipHoriz=False, flipVert=False, font='Open Sans', fontFiles=[], height=0.05, italic=False, languageStyle='LTR', name='intro_text', opacity=1.0, ori=0.0, pos=array([0., 0.]), rgb=UNKNOWN, text=str(...), units='height', win=Window(...), wrapWidth=1)
15.4765 	EXP 	window1: mouseVisible = True
15.5162 	EXP 	Created consent_text = TextStim(__class__=<class 'psychopy.visual.text.TextStim'>, alignHoriz=method-wrapper(...), alignText='center', alignVert=method-wrapper(...), anchorHoriz='center', anchorVert='center', antialias=True, autoDraw=False, autoLog=True, bold=False, color=array([1., 1., 1.]), colorSpace='rgb', contrast=1.0, depth=0.0, draggable=False, flipHoriz=False, flipVert=False, font='Open Sans', fontFiles=[], height=0.028, italic=False, languageStyle='LTR', name='consent_text', opacity=1.0, ori=0.0, pos=array([0., 0.]), rgb=UNKNOWN, text=str(...), units='height', win=Window(...), wrapWidth=1)
15.5163 	EXP 	window1: mouseVisible = True
15.5551 	EXP 	Created data_safety_text_2 = TextStim(__class__=<class 'psychopy.visual.text.TextStim'>, alignHoriz=method-wrapper(...), alignText='center', alignVert=method-wrapper(...), anchorHoriz='center', anchorVert='center', antialias=True, autoDraw=False, autoLog=True, bold=False, color=array([1., 1., 1.]), colorSpace='rgb', contrast=1.0, depth=0.0, draggable=False, flipHoriz=False, flipVert=False, font='Open Sans', fontFiles=[], height=0.028, italic=False, languageStyle='LTR', name='data_safety_text_2', opacity=1.0, ori=0.0, pos=array([0., 0.]), rgb=UNKNOWN, text=str(...), units='height', win=Window(...), wrapWidth=1)
15.5552 	EXP 	window1: mouseVisible = True
15.5976 	EXP 	Created data_safety_2_text_2 = TextStim(__class__=<class 'psychopy.visual.text.TextStim'>, alignHoriz=method-wrapper(...), alignText='center', alignVert=method-wrapper(...), anchorHoriz='center', anchorVert='center', antialias=True, autoDraw=False, autoLog=True, bold=False, color=array([1., 1., 1.]), colorSpace='rgb', contrast=1.0, depth=0.0, draggable=False, flipHoriz=False, flipVert=False, font='Open Sans', fontFiles=[], height=0.028, italic=False, languageStyle='LTR', name='data_safety_2_text_2', opacity=1.0, ori=0.0, pos=array([0., 0.]), rgb=UNKNOWN, text=str(...), units='height', win=Window(...), wrapWidth=1)
15.5977 	EXP 	window1: mouseVisible = True
15.6474 	EXP 	Created instructions_cat_text_2 = TextStim(__class__=<class 'psychopy.visual.text.TextStim'>, alignHoriz=method-wrapper(...), alignText='center', alignVert=method-wrapper(...), anchorHoriz='center', anchorVert='center', antialias=True, autoDraw=False, autoLog=True, bold=False, color=array([1., 1., 1.]), colorSpace='rgb', contrast=1.0, depth=0.0, draggable=False, flipHoriz=False, flipVert=False, font='Open Sans', fontFiles=[], height=0.026, italic=False, languageStyle='LTR', name='instructions_cat_text_2', opacity=1.0, ori=0.0, pos=array([0., 0.]), rgb=UNKNOWN, text=str(...), units='height', win=Window(...), wrapWidth=1)
15.6475 	EXP 	window1: mouseVisible = True
15.6619 	EXP 	Created instructions_cat_2_text = TextStim(__class__=<class 'psychopy.visual.text.TextStim'>, alignHoriz=method-wrapper(...), alignText='center', alignVert=method-wrapper(...), anchorHoriz='center', anchorVert='center', antialias=True, autoDraw=False, autoLog=True, bold=False, color=array([1., 1., 1.]), colorSpace='rgb', contrast=1.0, depth=0.0, draggable=False, flipHoriz=False, flipVert=False, font='Open Sans', fontFiles=[], height=0.03, italic=False, languageStyle='LTR', name='instructions_cat_2_text', opacity=1.0, ori=0.0, pos=array([0., 0.]), rgb=UNKNOWN, text=str(...), units='height', win=Window(...), wrapWidth=1)
15.6620 	EXP 	window1: mouseVisible = True
15.6654 	EXP 	Created category_test_word = TextStim(__class__=<class 'psychopy.visual.text.TextStim'>, alignHoriz=method-wrapper(...), alignText='center', alignVert=method-wrapper(...), anchorHoriz='center', anchorVert='center', antialias=True, autoDraw=False, autoLog=True, bold=False, color=array([1., 1., 1.]), colorSpace='rgb', contrast=1.0, depth=0.0, draggable=False, flipHoriz=False, flipVert=False, font='Open Sans', fontFiles=[], height=0.05, italic=False, languageStyle='LTR', name='category_test_word', opacity=1.0, ori=0.0, pos=array([0., 0.]), rgb=UNKNOWN, text='Bahnhof', units='height', win=Window(...), wrapWidth=1)
15.6655 	EXP 	window1: mouseVisible = True
15.6711 	EXP 	Created fix_cat_training_question = TextStim(__class__=<class 'psychopy.visual.text.TextStim'>, alignHoriz=method-wrapper(...), alignText='center', alignVert=method-wrapper(...), anchorHoriz='center', anchorVert='center', antialias=True, autoDraw=False, autoLog=True, bold=False, color=array([1., 1., 1.]), colorSpace='rgb', contrast=1.0, depth=-1.0, draggable=False, flipHoriz=False, flipVert=False, font='Open Sans', fontFiles=[], height=0.05, italic=False, languageStyle='LTR', name='fix_cat_training_question', opacity=1.0, ori=0.0, pos=array([0. , 0.4]), rgb=UNKNOWN, text='Ist dies ein Bahnhof?', units='height', win=Window(...), wrapWidth=1)
15.6712 	EXP 	window1: mouseVisible = True
15.6736 	EXP 	Created fix_cat_training_no = TextStim(__class__=<class 'psychopy.visual.text.TextStim'>, alignHoriz=method-wrapper(...), alignText='center', alignVert=method-wrapper(...), anchorHoriz='center', anchorVert='center', antialias=True, autoDraw=False, autoLog=True, bold=False, color=array([1., 1., 1.]), colorSpace='rgb', contrast=1.0, depth=-2.0, draggable=False, flipHoriz=False, flipVert=False, font='Open Sans', fontFiles=[], height=0.05, italic=False, languageStyle='LTR', name='fix_cat_training_no', opacity=1.0, ori=0.0, pos=array([-0.3, -0.4]), rgb=UNKNOWN, text='f\n\nnein', units='height', win=Window(...), wrapWidth=1)
15.6737 	EXP 	window1: mouseVisible = True
15.6761 	EXP 	Created fix_cat_training_yes = TextStim(__class__=<class 'psychopy.visual.text.TextStim'>, alignHoriz=method-wrapper(...), alignText='center', alignVert=method-wrapper(...), anchorHoriz='center', anchorVert='center', antialias=True, autoDraw=False, autoLog=True, bold=False, color=array([1., 1., 1.]), colorSpace='rgb', contrast=1.0, depth=-3.0, draggable=False, flipHoriz=False, flipVert=False, font='Open Sans', fontFiles=[], height=0.05, italic=False, languageStyle='LTR', name='fix_cat_training_yes', opacity=1.0, ori=0.0, pos=array([ 0.3, -0.4]), rgb=UNKNOWN, text=' j\n\nja', units='height', win=Window(...), wrapWidth=1)
15.6762 	EXP 	window1: mouseVisible = True
15.6883 	EXP 	Created fix_cat_training_pic = ImageStim(__class__=<class 'psychopy.visual.image.ImageStim'>, anchor=('center', 'center'), autoLog=True, color=array([1., 1., 1.]), colorSpace='rgb', contrast=1.0, depth=-4.0, draggable=False, flipHoriz=False, flipVert=False, image='fixationskreuz.png', interpolate=True, mask=None, maskParams=None, name='fix_cat_training_pic', opacity=1.0, ori=0.0, pos=array([0., 0.]), size=array([0.1, 0.1]), texRes=128.0, units='height', win=Window(...))
15.6884 	EXP 	window1: mouseVisible = True
15.6944 	EXP 	Created cat_training_fix = ImageStim(__class__=<class 'psychopy.visual.image.ImageStim'>, anchor=('center', 'center'), autoLog=True, color=array([1., 1., 1.]), colorSpace='rgb', contrast=1.0, depth=0.0, draggable=False, flipHoriz=False, flipVert=False, image='fixationskreuz.png', interpolate=True, mask=None, maskParams=None, name='cat_training_fix', opacity=1.0, ori=0.0, pos=array([0., 0.]), size=array([0.1, 0.1]), texRes=128.0, units='height', win=Window(...))
15.6944 	EXP 	window1: mouseVisible = True
15.6981 	EXP 	Created cat_training_stim = ImageStim(__class__=<class 'psychopy.visual.image.ImageStim'>, anchor=('center', 'center'), autoLog=True, color=array([1., 1., 1.]), colorSpace='rgb', contrast=1.0, depth=-1.0, draggable=False, flipHoriz=False, flipVert=False, image='default.png', interpolate=True, mask=None, maskParams=None, name='cat_training_stim', opacity=1.0, ori=0.0, pos=array([0., 0.]), size=array([0.55, 0.55]), texRes=128.0, units='height', win=Window(...))
15.6982 	EXP 	window1: mouseVisible = True
15.7007 	EXP 	Created cat_training_question = TextStim(__class__=<class 'psychopy.visual.text.TextStim'>, alignHoriz=method-wrapper(...), alignText='center', alignVert=method-wrapper(...), anchorHoriz='center', anchorVert='center', antialias=True, autoDraw=False, autoLog=True, bold=False, color=array([1., 1., 1.]), colorSpace='rgb', contrast=1.0, depth=-3.0, draggable=False, flipHoriz=False, flipVert=False, font='Open Sans', fontFiles=[], height=0.05, italic=False, languageStyle='LTR', name='cat_training_question', opacity=1.0, ori=0.0, pos=array([0. , 0.4]), rgb=UNKNOWN, text='Ist dies ein Bahnhof?', units='height', win=Window(...), wrapWidth=1)
15.7008 	EXP 	window1: mouseVisible = True
15.7028 	EXP 	Created cat_training_no = TextStim(__class__=<class 'psychopy.visual.text.TextStim'>, alignHoriz=method-wrapper(...), alignText='center', alignVert=method-wrapper(...), anchorHoriz='center', anchorVert='center', antialias=True, autoDraw=False, autoLog=True, bold=False, color=array([1., 1., 1.]), colorSpace='rgb', contrast=1.0, depth=-4.0, draggable=False, flipHoriz=False, flipVert=False, font='Open Sans', fontFiles=[], height=0.05, italic=False, languageStyle='LTR', name='cat_training_no', opacity=1.0, ori=0.0, pos=array([-0.3, -0.4]), rgb=UNKNOWN, text='f\n\nnein', units='height', win=Window(...), wrapWidth=1)
15.7028 	EXP 	window1: mouseVisible = True
15.7047 	EXP 	Created cat_training_yes = TextStim(__class__=<class 'psychopy.visual.text.TextStim'>, alignHoriz=method-wrapper(...), alignText='center', alignVert=method-wrapper(...), anchorHoriz='center', anchorVert='center', antialias=True, autoDraw=False, autoLog=True, bold=False, color=array([1., 1., 1.]), colorSpace='rgb', contrast=1.0, depth=-5.0, draggable=False, flipHoriz=False, flipVert=False, font='Open Sans', fontFiles=[], height=0.05, italic=False, languageStyle='LTR', name='cat_training_yes', opacity=1.0, ori=0.0, pos=array([ 0.3, -0.4]), rgb=UNKNOWN, text=' j\n\nja', units='height', win=Window(...), wrapWidth=1)
15.7048 	EXP 	window1: mouseVisible = True
15.7056 	EXP 	Created cat_train_feedback_text = TextStim(__class__=<class 'psychopy.visual.text.TextStim'>, alignHoriz=method-wrapper(...), alignText='center', alignVert=method-wrapper(...), anchorHoriz='center', anchorVert='center', antialias=True, autoDraw=False, autoLog=True, bold=False, color=array([1., 1., 1.]), colorSpace='rgb', contrast=1.0, depth=-1.0, draggable=False, flipHoriz=False, flipVert=False, font='Open Sans', fontFiles=[], height=0.05, italic=False, languageStyle='LTR', name='cat_train_feedback_text', opacity=1.0, ori=0.0, pos=array([0., 0.]), rgb=UNKNOWN, text='', units='height', win=Window(...), wrapWidth=1)
15.7057 	EXP 	window1: mouseVisible = True
15.7077 	EXP 	Created cat_train_feedb_no = TextStim(__class__=<class 'psychopy.visual.text.TextStim'>, alignHoriz=method-wrapper(...), alignText='center', alignVert=method-wrapper(...), anchorHoriz='center', anchorVert='center', antialias=True, autoDraw=False, autoLog=True, bold=False, color=array([1., 1., 1.]), colorSpace='rgb', contrast=1.0, depth=-2.0, draggable=False, flipHoriz=False, flipVert=False, font='Open Sans', fontFiles=[], height=0.05, italic=False, languageStyle='LTR', name='cat_train_feedb_no', opacity=1.0, ori=0.0, pos=array([-0.3, -0.4]), rgb=UNKNOWN, text='f\n\nnein', units='height', win=Window(...), wrapWidth=1)
15.7077 	EXP 	window1: mouseVisible = True
15.7095 	EXP 	Created cat_train_feedb_yes = TextStim(__class__=<class 'psychopy.visual.text.TextStim'>, alignHoriz=method-wrapper(...), alignText='center', alignVert=method-wrapper(...), anchorHoriz='center', anchorVert='center', antialias=True, autoDraw=False, autoLog=True, bold=False, color=array([1., 1., 1.]), colorSpace='rgb', contrast=1.0, depth=-3.0, draggable=False, flipHoriz=False, flipVert=False, font='Open Sans', fontFiles=[], height=0.05, italic=False, languageStyle='LTR', name='cat_train_feedb_yes', opacity=1.0, ori=0.0, pos=array([ 0.3, -0.4]), rgb=UNKNOWN, text=' j\n\nja', units='height', win=Window(...), wrapWidth=1)
15.7096 	EXP 	window1: mouseVisible = True
15.7119 	EXP 	Created cat_train_feedb_question = TextStim(__class__=<class 'psychopy.visual.text.TextStim'>, alignHoriz=method-wrapper(...), alignText='center', alignVert=method-wrapper(...), anchorHoriz='center', anchorVert='center', antialias=True, autoDraw=False, autoLog=True, bold=False, color=array([1., 1., 1.]), colorSpace='rgb', contrast=1.0, depth=-4.0, draggable=False, flipHoriz=False, flipVert=False, font='Open Sans', fontFiles=[], height=0.05, italic=False, languageStyle='LTR', name='cat_train_feedb_question', opacity=1.0, ori=0.0, pos=array([0. , 0.4]), rgb=UNKNOWN, text='Ist dies ein Bahnhof?', units='height', win=Window(...), wrapWidth=1)
15.7119 	EXP 	window1: mouseVisible = True
15.7349 	EXP 	Created instructions_memo_text = TextStim(__class__=<class 'psychopy.visual.text.TextStim'>, alignHoriz=method-wrapper(...), alignText='center', alignVert=method-wrapper(...), anchorHoriz='center', anchorVert='center', antialias=True, autoDraw=False, autoLog=True, bold=False, color=array([1., 1., 1.]), colorSpace='rgb', contrast=1.0, depth=0.0, draggable=False, flipHoriz=False, flipVert=False, font='Open Sans', fontFiles=[], height=0.035, italic=False, languageStyle='LTR', name='instructions_memo_text', opacity=1.0, ori=0.0, pos=array([0., 0.]), rgb=UNKNOWN, text=str(...), units='height', win=Window(...), wrapWidth=1)
15.7350 	EXP 	window1: mouseVisible = True
15.7403 	EXP 	Created memo_fix_pic = ImageStim(__class__=<class 'psychopy.visual.image.ImageStim'>, anchor=('center', 'center'), autoLog=True, color=array([1., 1., 1.]), colorSpace='rgb', contrast=1.0, depth=-1.0, draggable=False, flipHoriz=False, flipVert=False, image='fixationskreuz.png', interpolate=True, mask=None, maskParams=None, name='memo_fix_pic', opacity=1.0, ori=0.0, pos=array([0., 0.]), size=array([0.1, 0.1]), texRes=128.0, units='height', win=Window(...))
15.7404 	EXP 	window1: mouseVisible = True
15.7414 	EXP 	Created memo_training_fix = ImageStim(__class__=<class 'psychopy.visual.image.ImageStim'>, anchor=('center', 'center'), autoLog=True, color=array([1., 1., 1.]), colorSpace='rgb', contrast=1.0, depth=0.0, draggable=False, flipHoriz=False, flipVert=False, image=None, interpolate=True, mask=None, maskParams=None, name='memo_training_fix', opacity=1.0, ori=0.0, pos=array([0., 0.]), size=array([0.1, 0.1]), texRes=128.0, units='height', win=Window(...))
15.7415 	EXP 	window1: mouseVisible = True
15.7446 	EXP 	Created memo_training_stim = ImageStim(__class__=<class 'psychopy.visual.image.ImageStim'>, anchor=('center', 'center'), autoLog=True, color=array([1., 1., 1.]), colorSpace='rgb', contrast=1.0, depth=-1.0, draggable=False, flipHoriz=False, flipVert=False, image='default.png', interpolate=True, mask=None, maskParams=None, name='memo_training_stim', opacity=1.0, ori=0.0, pos=array([0., 0.]), size=array([0.55, 0.55]), texRes=128.0, units='height', win=Window(...))
15.7581 	EXP 	window1: mouseVisible = True
15.7584 	EXP 	window1: mouseVisible = True
15.7624 	EXP 	window1: mouseVisible = True
15.7625 	EXP 	window1: mouseVisible = True
15.7629 	EXP 	window1: mouseVisible = True
15.7634 	EXP 	window1: mouseVisible = True
15.7815 	EXP 	window1: mouseVisible = True
15.7816 	EXP 	window1: mouseVisible = True
15.7821 	EXP 	window1: mouseVisible = True
15.7825 	EXP 	window1: mouseVisible = True
15.7936 	EXP 	window1: mouseVisible = True
15.7937 	EXP 	window1: mouseVisible = True
15.7942 	EXP 	window1: mouseVisible = True
15.7946 	EXP 	window1: mouseVisible = True
15.8027 	EXP 	window1: mouseVisible = True
15.8028 	EXP 	window1: mouseVisible = True
15.8032 	EXP 	window1: mouseVisible = True
15.8036 	EXP 	window1: mouseVisible = True
15.8085 	EXP 	window1: mouseVisible = True
15.8086 	EXP 	window1: mouseVisible = True
15.8091 	EXP 	window1: mouseVisible = True
15.8095 	EXP 	window1: mouseVisible = True
15.8189 	EXP 	window1: mouseVisible = True
15.8190 	EXP 	window1: mouseVisible = True
15.8195 	EXP 	window1: mouseVisible = True
15.8199 	EXP 	window1: mouseVisible = True
15.8247 	EXP 	window1: mouseVisible = True
15.8248 	EXP 	window1: mouseVisible = True
15.8253 	EXP 	window1: mouseVisible = True
15.8257 	EXP 	window1: mouseVisible = True
15.8337 	EXP 	window1: mouseVisible = True
15.8338 	EXP 	window1: mouseVisible = True
15.8342 	EXP 	window1: mouseVisible = True
15.8347 	EXP 	window1: mouseVisible = True
15.8395 	EXP 	window1: mouseVisible = True
15.8413 	EXP 	window1: mouseVisible = True
15.8840 	EXP 	Created memo_training_slider = Slider(__class__=<class 'psychopy.visual.slider.Slider'>, autoDraw=False, autoLog=True, borderColor=None, color=None, colorSpace='rgb', depth=-2, fillColor=None, flip=False, font='Open Sans', granularity=1.0, labelColor=None, labelHeight=0.04, labelWrapWidth=None, labels=list(...), lineColor=None, markerColor=None, name='memo_training_slider', opacity=None, ori=0.0, pos=array([ 0. , -0.3]), readOnly=False, self=UNKNOWN, size=array([0.8 , 0.05]), startValue=None, style='radio', styleTweaks=[], ticks=array([0, 1, 2, 3]), units='height', win=Window(...))
15.8841 	EXP 	window1: mouseVisible = True
15.8850 	EXP 	Created memo_train_feedb_text = TextStim(__class__=<class 'psychopy.visual.text.TextStim'>, alignHoriz=method-wrapper(...), alignText='center', alignVert=method-wrapper(...), anchorHoriz='center', anchorVert='center', antialias=True, autoDraw=False, autoLog=True, bold=False, color=array([1., 1., 1.]), colorSpace='rgb', contrast=1.0, depth=-1.0, draggable=False, flipHoriz=False, flipVert=False, font='Open Sans', fontFiles=[], height=0.05, italic=False, languageStyle='LTR', name='memo_train_feedb_text', opacity=1.0, ori=0.0, pos=array([0., 0.]), rgb=UNKNOWN, text='', units='height', win=Window(...), wrapWidth=1)
15.8851 	EXP 	window1: mouseVisible = True
15.8966 	EXP 	Created start_cat_text = TextStim(__class__=<class 'psychopy.visual.text.TextStim'>, alignHoriz=method-wrapper(...), alignText='center', alignVert=method-wrapper(...), anchorHoriz='center', anchorVert='center', antialias=True, autoDraw=False, autoLog=True, bold=False, color=array([1., 1., 1.]), colorSpace='rgb', contrast=1.0, depth=0.0, draggable=False, flipHoriz=False, flipVert=False, font='Open Sans', fontFiles=[], height=0.05, italic=False, languageStyle='LTR', name='start_cat_text', opacity=1.0, ori=0.0, pos=array([0., 0.]), rgb=UNKNOWN, text=str(...), units='height', win=Window(...), wrapWidth=1)
15.8966 	EXP 	window1: mouseVisible = True
15.8987 	EXP 	Created kitchen_a_text = TextStim(__class__=<class 'psychopy.visual.text.TextStim'>, alignHoriz=method-wrapper(...), alignText='center', alignVert=method-wrapper(...), anchorHoriz='center', anchorVert='center', antialias=True, autoDraw=False, autoLog=True, bold=False, color=array([1., 1., 1.]), colorSpace='rgb', contrast=1.0, depth=0.0, draggable=False, flipHoriz=False, flipVert=False, font='Open Sans', fontFiles=[], height=0.05, italic=False, languageStyle='LTR', name='kitchen_a_text', opacity=1.0, ori=0.0, pos=array([0., 0.]), rgb=UNKNOWN, text='Küche', units='height', win=Window(...), wrapWidth=1)
15.8988 	EXP 	window1: mouseVisible = True
15.9024 	EXP 	Created kitchen_a_text_2 = TextStim(__class__=<class 'psychopy.visual.text.TextStim'>, alignHoriz=method-wrapper(...), alignText='center', alignVert=method-wrapper(...), anchorHoriz='center', anchorVert='center', antialias=True, autoDraw=False, autoLog=True, bold=False, color=array([1., 1., 1.]), colorSpace='rgb', contrast=1.0, depth=-1.0, draggable=False, flipHoriz=False, flipVert=False, font='Open Sans', fontFiles=[], height=0.05, italic=False, languageStyle='LTR', name='kitchen_a_text_2', opacity=1.0, ori=0.0, pos=array([ 0. , -0.2]), rgb=UNKNOWN, text=str(...), units='height', win=Window(...), wrapWidth=1)
15.9025 	EXP 	window1: mouseVisible = True
15.9033 	EXP 	Created kitchen_a_block_no = TextStim(__class__=<class 'psychopy.visual.text.TextStim'>, alignHoriz=method-wrapper(...), alignText='center', alignVert=method-wrapper(...), anchorHoriz='center', anchorVert='center', antialias=True, autoDraw=False, autoLog=True, bold=False, color=array([1., 1., 1.]), colorSpace='rgb', contrast=1.0, depth=-3.0, draggable=False, flipHoriz=False, flipVert=False, font='Open Sans', fontFiles=[], height=0.05, italic=False, languageStyle='LTR', name='kitchen_a_block_no', opacity=1.0, ori=0.0, pos=array([ 0. , -0.2]), rgb=UNKNOWN, text='', units='height', win=Window(...), wrapWidth=1)
15.9034 	EXP 	window1: mouseVisible = True
15.9090 	EXP 	Created random_isi_kitchen_fix = ImageStim(__class__=<class 'psychopy.visual.image.ImageStim'>, anchor=('center', 'center'), autoLog=True, color=array([1., 1., 1.]), colorSpace='rgb', contrast=1.0, depth=0.0, draggable=False, flipHoriz=False, flipVert=False, image='fixationskreuz.png', interpolate=True, mask=None, maskParams=None, name='random_isi_kitchen_fix', opacity=1.0, ori=0.0, pos=array([0., 0.]), size=array([0.1, 0.1]), texRes=128.0, units='height', win=Window(...))
15.9091 	EXP 	window1: mouseVisible = True
15.9112 	EXP 	Created random_isi_kitchen_no = TextStim(__class__=<class 'psychopy.visual.text.TextStim'>, alignHoriz=method-wrapper(...), alignText='center', alignVert=method-wrapper(...), anchorHoriz='center', anchorVert='center', antialias=True, autoDraw=False, autoLog=True, bold=False, color=array([1., 1., 1.]), colorSpace='rgb', contrast=1.0, depth=-2.0, draggable=False, flipHoriz=False, flipVert=False, font='Open Sans', fontFiles=[], height=0.05, italic=False, languageStyle='LTR', name='random_isi_kitchen_no', opacity=1.0, ori=0.0, pos=array([-0.3, -0.4]), rgb=UNKNOWN, text='f\n\nnein', units='height', win=Window(...), wrapWidth=1)
15.9113 	EXP 	window1: mouseVisible = True
15.9132 	EXP 	Created random_isi_kitchen_yes = TextStim(__class__=<class 'psychopy.visual.text.TextStim'>, alignHoriz=method-wrapper(...), alignText='center', alignVert=method-wrapper(...), anchorHoriz='center', anchorVert='center', antialias=True, autoDraw=False, autoLog=True, bold=False, color=array([1., 1., 1.]), colorSpace='rgb', contrast=1.0, depth=-3.0, draggable=False, flipHoriz=False, flipVert=False, font='Open Sans', fontFiles=[], height=0.05, italic=False, languageStyle='LTR', name='random_isi_kitchen_yes', opacity=1.0, ori=0.0, pos=array([ 0.3, -0.4]), rgb=UNKNOWN, text=' j\n\nja', units='height', win=Window(...), wrapWidth=1)
15.9133 	EXP 	window1: mouseVisible = True
15.9158 	EXP 	Created random_isi_kitchen_question = TextStim(__class__=<class 'psychopy.visual.text.TextStim'>, alignHoriz=method-wrapper(...), alignText='center', alignVert=method-wrapper(...), anchorHoriz='center', anchorVert='center', antialias=True, autoDraw=False, autoLog=True, bold=False, color=array([1., 1., 1.]), colorSpace='rgb', contrast=1.0, depth=-4.0, draggable=False, flipHoriz=False, flipVert=False, font='Open Sans', fontFiles=[], height=0.05, italic=False, languageStyle='LTR', name='random_isi_kitchen_question', opacity=1.0, ori=0.0, pos=array([0. , 0.4]), rgb=UNKNOWN, text='Ist dies eine Küche?', units='height', win=Window(...), wrapWidth=1)
15.9159 	EXP 	window1: mouseVisible = True
15.9215 	EXP 	Created kitchen_fix = ImageStim(__class__=<class 'psychopy.visual.image.ImageStim'>, anchor=('center', 'center'), autoLog=True, color=array([1., 1., 1.]), colorSpace='rgb', contrast=1.0, depth=0.0, draggable=False, flipHoriz=False, flipVert=False, image='fixationskreuz.png', interpolate=True, mask=None, maskParams=None, name='kitchen_fix', opacity=1.0, ori=0.0, pos=array([0., 0.]), size=array([0.1, 0.1]), texRes=128.0, units='height', win=Window(...))
15.9215 	EXP 	window1: mouseVisible = True
15.9247 	EXP 	Created kitchen_image = ImageStim(__class__=<class 'psychopy.visual.image.ImageStim'>, anchor=('center', 'center'), autoLog=True, color=array([1., 1., 1.]), colorSpace='rgb', contrast=1.0, depth=-1.0, draggable=False, flipHoriz=False, flipVert=False, image='default.png', interpolate=True, mask=None, maskParams=None, name='kitchen_image', opacity=1.0, ori=0.0, pos=array([0., 0.]), size=array([0.55, 0.55]), texRes=128.0, units='height', win=Window(...))
15.9248 	EXP 	window1: mouseVisible = True
15.9269 	EXP 	Created kitchen_picture_no = TextStim(__class__=<class 'psychopy.visual.text.TextStim'>, alignHoriz=method-wrapper(...), alignText='center', alignVert=method-wrapper(...), anchorHoriz='center', anchorVert='center', antialias=True, autoDraw=False, autoLog=True, bold=False, color=array([1., 1., 1.]), colorSpace='rgb', contrast=1.0, depth=-2.0, draggable=False, flipHoriz=False, flipVert=False, font='Open Sans', fontFiles=[], height=0.05, italic=False, languageStyle='LTR', name='kitchen_picture_no', opacity=1.0, ori=0.0, pos=array([-0.3, -0.4]), rgb=UNKNOWN, text='f\n\nnein', units='height', win=Window(...), wrapWidth=1)
15.9270 	EXP 	window1: mouseVisible = True
15.9288 	EXP 	Created kitchen_picture_yes = TextStim(__class__=<class 'psychopy.visual.text.TextStim'>, alignHoriz=method-wrapper(...), alignText='center', alignVert=method-wrapper(...), anchorHoriz='center', anchorVert='center', antialias=True, autoDraw=False, autoLog=True, bold=False, color=array([1., 1., 1.]), colorSpace='rgb', contrast=1.0, depth=-3.0, draggable=False, flipHoriz=False, flipVert=False, font='Open Sans', fontFiles=[], height=0.05, italic=False, languageStyle='LTR', name='kitchen_picture_yes', opacity=1.0, ori=0.0, pos=array([ 0.3, -0.4]), rgb=UNKNOWN, text=' j\n\nja', units='height', win=Window(...), wrapWidth=1)
15.9289 	EXP 	window1: mouseVisible = True
15.9311 	EXP 	Created kitchen_picture_question = TextStim(__class__=<class 'psychopy.visual.text.TextStim'>, alignHoriz=method-wrapper(...), alignText='center', alignVert=method-wrapper(...), anchorHoriz='center', anchorVert='center', antialias=True, autoDraw=False, autoLog=True, bold=False, color=array([1., 1., 1.]), colorSpace='rgb', contrast=1.0, depth=-4.0, draggable=False, flipHoriz=False, flipVert=False, font='Open Sans', fontFiles=[], height=0.05, italic=False, languageStyle='LTR', name='kitchen_picture_question', opacity=1.0, ori=0.0, pos=array([0. , 0.4]), rgb=UNKNOWN, text='Ist dies eine Küche?', units='height', win=Window(...), wrapWidth=1)
15.9312 	EXP 	window1: mouseVisible = True
15.9359 	EXP 	Created kitchen_a_memo_instr_text = TextStim(__class__=<class 'psychopy.visual.text.TextStim'>, alignHoriz=method-wrapper(...), alignText='center', alignVert=method-wrapper(...), anchorHoriz='center', anchorVert='center', antialias=True, autoDraw=False, autoLog=True, bold=False, color=array([1., 1., 1.]), colorSpace='rgb', contrast=1.0, depth=0.0, draggable=False, flipHoriz=False, flipVert=False, font='Open Sans', fontFiles=[], height=0.05, italic=False, languageStyle='LTR', name='kitchen_a_memo_instr_text', opacity=1.0, ori=0.0, pos=array([0., 0.]), rgb=UNKNOWN, text=str(...), units='height', win=Window(...), wrapWidth=1)
15.9360 	EXP 	window1: mouseVisible = True
15.9412 	EXP 	Created memo_fix_pic = ImageStim(__class__=<class 'psychopy.visual.image.ImageStim'>, anchor=('center', 'center'), autoLog=True, color=array([1., 1., 1.]), colorSpace='rgb', contrast=1.0, depth=-1.0, draggable=False, flipHoriz=False, flipVert=False, image='fixationskreuz.png', interpolate=True, mask=None, maskParams=None, name='memo_fix_pic', opacity=1.0, ori=0.0, pos=array([0., 0.]), size=array([0.1, 0.1]), texRes=128.0, units='height', win=Window(...))
15.9412 	EXP 	window1: mouseVisible = True
15.9444 	EXP 	Created memotest_task_stim = ImageStim(__class__=<class 'psychopy.visual.image.ImageStim'>, anchor=('center', 'center'), autoLog=True, color=array([1., 1., 1.]), colorSpace='rgb', contrast=1.0, depth=0.0, draggable=False, flipHoriz=False, flipVert=False, image='default.png', interpolate=True, mask=None, maskParams=None, name='memotest_task_stim', opacity=1.0, ori=0.0, pos=array([0., 0.]), size=array([0.55, 0.55]), texRes=128.0, units='height', win=Window(...))
15.9470 	EXP 	window1: mouseVisible = True
15.9474 	EXP 	window1: mouseVisible = True
15.9509 	EXP 	window1: mouseVisible = True
15.9510 	EXP 	window1: mouseVisible = True
15.9515 	EXP 	window1: mouseVisible = True
15.9519 	EXP 	window1: mouseVisible = True
15.9569 	EXP 	window1: mouseVisible = True
15.9570 	EXP 	window1: mouseVisible = True
15.9575 	EXP 	window1: mouseVisible = True
15.9579 	EXP 	window1: mouseVisible = True
15.9626 	EXP 	window1: mouseVisible = True
15.9627 	EXP 	window1: mouseVisible = True
15.9632 	EXP 	window1: mouseVisible = True
15.9636 	EXP 	window1: mouseVisible = True
15.9682 	EXP 	window1: mouseVisible = True
15.9683 	EXP 	window1: mouseVisible = True
15.9687 	EXP 	window1: mouseVisible = True
15.9691 	EXP 	window1: mouseVisible = True
15.9738 	EXP 	window1: mouseVisible = True
15.9739 	EXP 	window1: mouseVisible = True
15.9744 	EXP 	window1: mouseVisible = True
15.9748 	EXP 	window1: mouseVisible = True
15.9793 	EXP 	window1: mouseVisible = True
15.9794 	EXP 	window1: mouseVisible = True
15.9799 	EXP 	window1: mouseVisible = True
15.9803 	EXP 	window1: mouseVisible = True
15.9849 	EXP 	window1: mouseVisible = True
15.9850 	EXP 	window1: mouseVisible = True
15.9855 	EXP 	window1: mouseVisible = True
15.9859 	EXP 	window1: mouseVisible = True
15.9905 	EXP 	window1: mouseVisible = True
15.9906 	EXP 	window1: mouseVisible = True
15.9911 	EXP 	window1: mouseVisible = True
15.9915 	EXP 	window1: mouseVisible = True
15.9962 	EXP 	window1: mouseVisible = True
15.9975 	EXP 	window1: mouseVisible = True
16.0396 	EXP 	Created memotest_task_slider = Slider(__class__=<class 'psychopy.visual.slider.Slider'>, autoDraw=False, autoLog=True, borderColor=None, color=None, colorSpace='rgb', depth=-1, fillColor=None, flip=False, font='Open Sans', granularity=1.0, labelColor=None, labelHeight=0.04, labelWrapWidth=None, labels=list(...), lineColor=None, markerColor=None, name='memotest_task_slider', opacity=None, ori=0.0, pos=array([ 0. , -0.3]), readOnly=False, self=UNKNOWN, size=array([0.8 , 0.05]), startValue=None, style='radio', styleTweaks=[], ticks=array([0, 1, 2, 3]), units='height', win=Window(...))
16.0397 	EXP 	window1: mouseVisible = True
16.0416 	EXP 	Created kitchen_b_text = TextStim(__class__=<class 'psychopy.visual.text.TextStim'>, alignHoriz=method-wrapper(...), alignText='center', alignVert=method-wrapper(...), anchorHoriz='center', anchorVert='center', antialias=True, autoDraw=False, autoLog=True, bold=False, color=array([1., 1., 1.]), colorSpace='rgb', contrast=1.0, depth=0.0, draggable=False, flipHoriz=False, flipVert=False, font='Open Sans', fontFiles=[], height=0.05, italic=False, languageStyle='LTR', name='kitchen_b_text', opacity=1.0, ori=0.0, pos=array([0., 0.]), rgb=UNKNOWN, text='Küche', units='height', win=Window(...), wrapWidth=1)
16.0416 	EXP 	window1: mouseVisible = True
16.0459 	EXP 	Created kitchen_b_text_2 = TextStim(__class__=<class 'psychopy.visual.text.TextStim'>, alignHoriz=method-wrapper(...), alignText='center', alignVert=method-wrapper(...), anchorHoriz='center', anchorVert='center', antialias=True, autoDraw=False, autoLog=True, bold=False, color=array([1., 1., 1.]), colorSpace='rgb', contrast=1.0, depth=-1.0, draggable=False, flipHoriz=False, flipVert=False, font='Open Sans', fontFiles=[], height=0.05, italic=False, languageStyle='LTR', name='kitchen_b_text_2', opacity=1.0, ori=0.0, pos=array([ 0. , -0.2]), rgb=UNKNOWN, text=str(...), units='height', win=Window(...), wrapWidth=1)
16.0460 	EXP 	window1: mouseVisible = True
16.0469 	EXP 	Created kitchen_b_block_no = TextStim(__class__=<class 'psychopy.visual.text.TextStim'>, alignHoriz=method-wrapper(...), alignText='center', alignVert=method-wrapper(...), anchorHoriz='center', anchorVert='center', antialias=True, autoDraw=False, autoLog=True, bold=False, color=array([1., 1., 1.]), colorSpace='rgb', contrast=1.0, depth=-3.0, draggable=False, flipHoriz=False, flipVert=False, font='Open Sans', fontFiles=[], height=0.05, italic=False, languageStyle='LTR', name='kitchen_b_block_no', opacity=1.0, ori=0.0, pos=array([ 0. , -0.2]), rgb=UNKNOWN, text='', units='height', win=Window(...), wrapWidth=1)
16.0469 	EXP 	window1: mouseVisible = True
16.0526 	EXP 	Created random_isi_kitchen_fix = ImageStim(__class__=<class 'psychopy.visual.image.ImageStim'>, anchor=('center', 'center'), autoLog=True, color=array([1., 1., 1.]), colorSpace='rgb', contrast=1.0, depth=0.0, draggable=False, flipHoriz=False, flipVert=False, image='fixationskreuz.png', interpolate=True, mask=None, maskParams=None, name='random_isi_kitchen_fix', opacity=1.0, ori=0.0, pos=array([0., 0.]), size=array([0.1, 0.1]), texRes=128.0, units='height', win=Window(...))
16.0527 	EXP 	window1: mouseVisible = True
16.0547 	EXP 	Created random_isi_kitchen_no = TextStim(__class__=<class 'psychopy.visual.text.TextStim'>, alignHoriz=method-wrapper(...), alignText='center', alignVert=method-wrapper(...), anchorHoriz='center', anchorVert='center', antialias=True, autoDraw=False, autoLog=True, bold=False, color=array([1., 1., 1.]), colorSpace='rgb', contrast=1.0, depth=-2.0, draggable=False, flipHoriz=False, flipVert=False, font='Open Sans', fontFiles=[], height=0.05, italic=False, languageStyle='LTR', name='random_isi_kitchen_no', opacity=1.0, ori=0.0, pos=array([-0.3, -0.4]), rgb=UNKNOWN, text='f\n\nnein', units='height', win=Window(...), wrapWidth=1)
16.0548 	EXP 	window1: mouseVisible = True
16.0567 	EXP 	Created random_isi_kitchen_yes = TextStim(__class__=<class 'psychopy.visual.text.TextStim'>, alignHoriz=method-wrapper(...), alignText='center', alignVert=method-wrapper(...), anchorHoriz='center', anchorVert='center', antialias=True, autoDraw=False, autoLog=True, bold=False, color=array([1., 1., 1.]), colorSpace='rgb', contrast=1.0, depth=-3.0, draggable=False, flipHoriz=False, flipVert=False, font='Open Sans', fontFiles=[], height=0.05, italic=False, languageStyle='LTR', name='random_isi_kitchen_yes', opacity=1.0, ori=0.0, pos=array([ 0.3, -0.4]), rgb=UNKNOWN, text=' j\n\nja', units='height', win=Window(...), wrapWidth=1)
16.0568 	EXP 	window1: mouseVisible = True
16.0590 	EXP 	Created random_isi_kitchen_question = TextStim(__class__=<class 'psychopy.visual.text.TextStim'>, alignHoriz=method-wrapper(...), alignText='center', alignVert=method-wrapper(...), anchorHoriz='center', anchorVert='center', antialias=True, autoDraw=False, autoLog=True, bold=False, color=array([1., 1., 1.]), colorSpace='rgb', contrast=1.0, depth=-4.0, draggable=False, flipHoriz=False, flipVert=False, font='Open Sans', fontFiles=[], height=0.05, italic=False, languageStyle='LTR', name='random_isi_kitchen_question', opacity=1.0, ori=0.0, pos=array([0. , 0.4]), rgb=UNKNOWN, text='Ist dies eine Küche?', units='height', win=Window(...), wrapWidth=1)
16.0591 	EXP 	window1: mouseVisible = True
16.0642 	EXP 	Created kitchen_fix = ImageStim(__class__=<class 'psychopy.visual.image.ImageStim'>, anchor=('center', 'center'), autoLog=True, color=array([1., 1., 1.]), colorSpace='rgb', contrast=1.0, depth=0.0, draggable=False, flipHoriz=False, flipVert=False, image='fixationskreuz.png', interpolate=True, mask=None, maskParams=None, name='kitchen_fix', opacity=1.0, ori=0.0, pos=array([0., 0.]), size=array([0.1, 0.1]), texRes=128.0, units='height', win=Window(...))
16.0643 	EXP 	window1: mouseVisible = True
16.0675 	EXP 	Created kitchen_image = ImageStim(__class__=<class 'psychopy.visual.image.ImageStim'>, anchor=('center', 'center'), autoLog=True, color=array([1., 1., 1.]), colorSpace='rgb', contrast=1.0, depth=-1.0, draggable=False, flipHoriz=False, flipVert=False, image='default.png', interpolate=True, mask=None, maskParams=None, name='kitchen_image', opacity=1.0, ori=0.0, pos=array([0., 0.]), size=array([0.55, 0.55]), texRes=128.0, units='height', win=Window(...))
16.0676 	EXP 	window1: mouseVisible = True
16.0696 	EXP 	Created kitchen_picture_no = TextStim(__class__=<class 'psychopy.visual.text.TextStim'>, alignHoriz=method-wrapper(...), alignText='center', alignVert=method-wrapper(...), anchorHoriz='center', anchorVert='center', antialias=True, autoDraw=False, autoLog=True, bold=False, color=array([1., 1., 1.]), colorSpace='rgb', contrast=1.0, depth=-2.0, draggable=False, flipHoriz=False, flipVert=False, font='Open Sans', fontFiles=[], height=0.05, italic=False, languageStyle='LTR', name='kitchen_picture_no', opacity=1.0, ori=0.0, pos=array([-0.3, -0.4]), rgb=UNKNOWN, text='f\n\nnein', units='height', win=Window(...), wrapWidth=1)
16.0697 	EXP 	window1: mouseVisible = True
16.0715 	EXP 	Created kitchen_picture_yes = TextStim(__class__=<class 'psychopy.visual.text.TextStim'>, alignHoriz=method-wrapper(...), alignText='center', alignVert=method-wrapper(...), anchorHoriz='center', anchorVert='center', antialias=True, autoDraw=False, autoLog=True, bold=False, color=array([1., 1., 1.]), colorSpace='rgb', contrast=1.0, depth=-3.0, draggable=False, flipHoriz=False, flipVert=False, font='Open Sans', fontFiles=[], height=0.05, italic=False, languageStyle='LTR', name='kitchen_picture_yes', opacity=1.0, ori=0.0, pos=array([ 0.3, -0.4]), rgb=UNKNOWN, text=' j\n\nja', units='height', win=Window(...), wrapWidth=1)
16.0716 	EXP 	window1: mouseVisible = True
16.0738 	EXP 	Created kitchen_picture_question = TextStim(__class__=<class 'psychopy.visual.text.TextStim'>, alignHoriz=method-wrapper(...), alignText='center', alignVert=method-wrapper(...), anchorHoriz='center', anchorVert='center', antialias=True, autoDraw=False, autoLog=True, bold=False, color=array([1., 1., 1.]), colorSpace='rgb', contrast=1.0, depth=-4.0, draggable=False, flipHoriz=False, flipVert=False, font='Open Sans', fontFiles=[], height=0.05, italic=False, languageStyle='LTR', name='kitchen_picture_question', opacity=1.0, ori=0.0, pos=array([0. , 0.4]), rgb=UNKNOWN, text='Ist dies eine Küche?', units='height', win=Window(...), wrapWidth=1)
16.0740 	EXP 	window1: mouseVisible = True
16.0776 	EXP 	Created kitchen_b_memo_instr_text = TextStim(__class__=<class 'psychopy.visual.text.TextStim'>, alignHoriz=method-wrapper(...), alignText='center', alignVert=method-wrapper(...), anchorHoriz='center', anchorVert='center', antialias=True, autoDraw=False, autoLog=True, bold=False, color=array([1., 1., 1.]), colorSpace='rgb', contrast=1.0, depth=0.0, draggable=False, flipHoriz=False, flipVert=False, font='Open Sans', fontFiles=[], height=0.05, italic=False, languageStyle='LTR', name='kitchen_b_memo_instr_text', opacity=1.0, ori=0.0, pos=array([0., 0.]), rgb=UNKNOWN, text=str(...), units='height', win=Window(...), wrapWidth=1)
16.0777 	EXP 	window1: mouseVisible = True
16.0827 	EXP 	Created memo_fix_pic = ImageStim(__class__=<class 'psychopy.visual.image.ImageStim'>, anchor=('center', 'center'), autoLog=True, color=array([1., 1., 1.]), colorSpace='rgb', contrast=1.0, depth=-1.0, draggable=False, flipHoriz=False, flipVert=False, image='fixationskreuz.png', interpolate=True, mask=None, maskParams=None, name='memo_fix_pic', opacity=1.0, ori=0.0, pos=array([0., 0.]), size=array([0.1, 0.1]), texRes=128.0, units='height', win=Window(...))
16.0828 	EXP 	window1: mouseVisible = True
16.0861 	EXP 	Created memotest_task_stim = ImageStim(__class__=<class 'psychopy.visual.image.ImageStim'>, anchor=('center', 'center'), autoLog=True, color=array([1., 1., 1.]), colorSpace='rgb', contrast=1.0, depth=0.0, draggable=False, flipHoriz=False, flipVert=False, image='default.png', interpolate=True, mask=None, maskParams=None, name='memotest_task_stim', opacity=1.0, ori=0.0, pos=array([0., 0.]), size=array([0.55, 0.55]), texRes=128.0, units='height', win=Window(...))
16.0887 	EXP 	window1: mouseVisible = True
16.0891 	EXP 	window1: mouseVisible = True
16.0926 	EXP 	window1: mouseVisible = True
16.0927 	EXP 	window1: mouseVisible = True
16.0931 	EXP 	window1: mouseVisible = True
16.0935 	EXP 	window1: mouseVisible = True
16.0985 	EXP 	window1: mouseVisible = True
16.0986 	EXP 	window1: mouseVisible = True
16.0990 	EXP 	window1: mouseVisible = True
16.0994 	EXP 	window1: mouseVisible = True
16.1041 	EXP 	window1: mouseVisible = True
16.1042 	EXP 	window1: mouseVisible = True
16.1046 	EXP 	window1: mouseVisible = True
16.1051 	EXP 	window1: mouseVisible = True
16.1104 	EXP 	window1: mouseVisible = True
16.1105 	EXP 	window1: mouseVisible = True
16.1110 	EXP 	window1: mouseVisible = True
16.1114 	EXP 	window1: mouseVisible = True
16.1161 	EXP 	window1: mouseVisible = True
16.1162 	EXP 	window1: mouseVisible = True
16.1167 	EXP 	window1: mouseVisible = True
16.1171 	EXP 	window1: mouseVisible = True
16.1216 	EXP 	window1: mouseVisible = True
16.1217 	EXP 	window1: mouseVisible = True
16.1221 	EXP 	window1: mouseVisible = True
16.1226 	EXP 	window1: mouseVisible = True
16.1272 	EXP 	window1: mouseVisible = True
16.1273 	EXP 	window1: mouseVisible = True
16.1277 	EXP 	window1: mouseVisible = True
16.1281 	EXP 	window1: mouseVisible = True
16.1328 	EXP 	window1: mouseVisible = True
16.1329 	EXP 	window1: mouseVisible = True
16.1333 	EXP 	window1: mouseVisible = True
16.1338 	EXP 	window1: mouseVisible = True
16.1384 	EXP 	window1: mouseVisible = True
16.1397 	EXP 	window1: mouseVisible = True
16.1818 	EXP 	Created memotest_task_slider = Slider(__class__=<class 'psychopy.visual.slider.Slider'>, autoDraw=False, autoLog=True, borderColor=None, color=None, colorSpace='rgb', depth=-1, fillColor=None, flip=False, font='Open Sans', granularity=1.0, labelColor=None, labelHeight=0.04, labelWrapWidth=None, labels=list(...), lineColor=None, markerColor=None, name='memotest_task_slider', opacity=None, ori=0.0, pos=array([ 0. , -0.3]), readOnly=False, self=UNKNOWN, size=array([0.8 , 0.05]), startValue=None, style='radio', styleTweaks=[], ticks=array([0, 1, 2, 3]), units='height', win=Window(...))
16.1820 	EXP 	window1: mouseVisible = True
16.1840 	EXP 	Created living_a_text = TextStim(__class__=<class 'psychopy.visual.text.TextStim'>, alignHoriz=method-wrapper(...), alignText='center', alignVert=method-wrapper(...), anchorHoriz='center', anchorVert='center', antialias=True, autoDraw=False, autoLog=True, bold=False, color=array([1., 1., 1.]), colorSpace='rgb', contrast=1.0, depth=0.0, draggable=False, flipHoriz=False, flipVert=False, font='Open Sans', fontFiles=[], height=0.05, italic=False, languageStyle='LTR', name='living_a_text', opacity=1.0, ori=0.0, pos=array([0., 0.]), rgb=UNKNOWN, text='Wohnzimmer', units='height', win=Window(...), wrapWidth=1)
16.1840 	EXP 	window1: mouseVisible = True
16.1873 	EXP 	Created living_a_text_2 = TextStim(__class__=<class 'psychopy.visual.text.TextStim'>, alignHoriz=method-wrapper(...), alignText='center', alignVert=method-wrapper(...), anchorHoriz='center', anchorVert='center', antialias=True, autoDraw=False, autoLog=True, bold=False, color=array([1., 1., 1.]), colorSpace='rgb', contrast=1.0, depth=-1.0, draggable=False, flipHoriz=False, flipVert=False, font='Open Sans', fontFiles=[], height=0.05, italic=False, languageStyle='LTR', name='living_a_text_2', opacity=1.0, ori=0.0, pos=array([ 0. , -0.2]), rgb=UNKNOWN, text=str(...), units='height', win=Window(...), wrapWidth=1)
16.1874 	EXP 	window1: mouseVisible = True
16.1882 	EXP 	Created living_a_block_no = TextStim(__class__=<class 'psychopy.visual.text.TextStim'>, alignHoriz=method-wrapper(...), alignText='center', alignVert=method-wrapper(...), anchorHoriz='center', anchorVert='center', antialias=True, autoDraw=False, autoLog=True, bold=False, color=array([1., 1., 1.]), colorSpace='rgb', contrast=1.0, depth=-3.0, draggable=False, flipHoriz=False, flipVert=False, font='Open Sans', fontFiles=[], height=0.05, italic=False, languageStyle='LTR', name='living_a_block_no', opacity=1.0, ori=0.0, pos=array([ 0. , -0.2]), rgb=UNKNOWN, text='', units='height', win=Window(...), wrapWidth=1)
16.1883 	EXP 	window1: mouseVisible = True
16.1936 	EXP 	Created living_random_isi_fix = ImageStim(__class__=<class 'psychopy.visual.image.ImageStim'>, anchor=('center', 'center'), autoLog=True, color=array([1., 1., 1.]), colorSpace='rgb', contrast=1.0, depth=0.0, draggable=False, flipHoriz=False, flipVert=False, image='fixationskreuz.png', interpolate=True, mask=None, maskParams=None, name='living_random_isi_fix', opacity=1.0, ori=0.0, pos=array([0., 0.]), size=array([0.1, 0.1]), texRes=128.0, units='height', win=Window(...))
16.1937 	EXP 	window1: mouseVisible = True
16.1957 	EXP 	Created living_random_isi_no = TextStim(__class__=<class 'psychopy.visual.text.TextStim'>, alignHoriz=method-wrapper(...), alignText='center', alignVert=method-wrapper(...), anchorHoriz='center', anchorVert='center', antialias=True, autoDraw=False, autoLog=True, bold=False, color=array([1., 1., 1.]), colorSpace='rgb', contrast=1.0, depth=-1.0, draggable=False, flipHoriz=False, flipVert=False, font='Open Sans', fontFiles=[], height=0.05, italic=False, languageStyle='LTR', name='living_random_isi_no', opacity=1.0, ori=0.0, pos=array([-0.3, -0.4]), rgb=UNKNOWN, text='f\n\nnein', units='height', win=Window(...), wrapWidth=1)
16.1958 	EXP 	window1: mouseVisible = True
16.1976 	EXP 	Created living_random_isi_yes = TextStim(__class__=<class 'psychopy.visual.text.TextStim'>, alignHoriz=method-wrapper(...), alignText='center', alignVert=method-wrapper(...), anchorHoriz='center', anchorVert='center', antialias=True, autoDraw=False, autoLog=True, bold=False, color=array([1., 1., 1.]), colorSpace='rgb', contrast=1.0, depth=-2.0, draggable=False, flipHoriz=False, flipVert=False, font='Open Sans', fontFiles=[], height=0.05, italic=False, languageStyle='LTR', name='living_random_isi_yes', opacity=1.0, ori=0.0, pos=array([ 0.3, -0.4]), rgb=UNKNOWN, text=' j\n\nja', units='height', win=Window(...), wrapWidth=1)
16.1977 	EXP 	window1: mouseVisible = True
16.1999 	EXP 	Created living_random_isi_question = TextStim(__class__=<class 'psychopy.visual.text.TextStim'>, alignHoriz=method-wrapper(...), alignText='center', alignVert=method-wrapper(...), anchorHoriz='center', anchorVert='center', antialias=True, autoDraw=False, autoLog=True, bold=False, color=array([1., 1., 1.]), colorSpace='rgb', contrast=1.0, depth=-4.0, draggable=False, flipHoriz=False, flipVert=False, font='Open Sans', fontFiles=[], height=0.05, italic=False, languageStyle='LTR', name='living_random_isi_question', opacity=1.0, ori=0.0, pos=array([0. , 0.4]), rgb=UNKNOWN, text='Ist dies ein Wohnzimmer?', units='height', win=Window(...), wrapWidth=1)
16.2000 	EXP 	window1: mouseVisible = True
16.2051 	EXP 	Created living_picture_fix = ImageStim(__class__=<class 'psychopy.visual.image.ImageStim'>, anchor=('center', 'center'), autoLog=True, color=array([1., 1., 1.]), colorSpace='rgb', contrast=1.0, depth=0.0, draggable=False, flipHoriz=False, flipVert=False, image='fixationskreuz.png', interpolate=True, mask=None, maskParams=None, name='living_picture_fix', opacity=1.0, ori=0.0, pos=array([0., 0.]), size=array([0.1, 0.1]), texRes=128.0, units='height', win=Window(...))
16.2052 	EXP 	window1: mouseVisible = True
16.2085 	EXP 	Created living_picture_image = ImageStim(__class__=<class 'psychopy.visual.image.ImageStim'>, anchor=('center', 'center'), autoLog=True, color=array([1., 1., 1.]), colorSpace='rgb', contrast=1.0, depth=-1.0, draggable=False, flipHoriz=False, flipVert=False, image='default.png', interpolate=True, mask=None, maskParams=None, name='living_picture_image', opacity=1.0, ori=0.0, pos=array([0., 0.]), size=array([0.55, 0.55]), texRes=128.0, units='height', win=Window(...))
16.2086 	EXP 	window1: mouseVisible = True
16.2107 	EXP 	Created living_picture_no = TextStim(__class__=<class 'psychopy.visual.text.TextStim'>, alignHoriz=method-wrapper(...), alignText='center', alignVert=method-wrapper(...), anchorHoriz='center', anchorVert='center', antialias=True, autoDraw=False, autoLog=True, bold=False, color=array([1., 1., 1.]), colorSpace='rgb', contrast=1.0, depth=-2.0, draggable=False, flipHoriz=False, flipVert=False, font='Open Sans', fontFiles=[], height=0.05, italic=False, languageStyle='LTR', name='living_picture_no', opacity=1.0, ori=0.0, pos=array([-0.3, -0.4]), rgb=UNKNOWN, text='f\n\nnein', units='height', win=Window(...), wrapWidth=1)
16.2108 	EXP 	window1: mouseVisible = True
16.2126 	EXP 	Created living_picture_yes = TextStim(__class__=<class 'psychopy.visual.text.TextStim'>, alignHoriz=method-wrapper(...), alignText='center', alignVert=method-wrapper(...), anchorHoriz='center', anchorVert='center', antialias=True, autoDraw=False, autoLog=True, bold=False, color=array([1., 1., 1.]), colorSpace='rgb', contrast=1.0, depth=-3.0, draggable=False, flipHoriz=False, flipVert=False, font='Open Sans', fontFiles=[], height=0.05, italic=False, languageStyle='LTR', name='living_picture_yes', opacity=1.0, ori=0.0, pos=array([ 0.3, -0.4]), rgb=UNKNOWN, text=' j\n\nja', units='height', win=Window(...), wrapWidth=1)
16.2127 	EXP 	window1: mouseVisible = True
16.2149 	EXP 	Created living_picture_question = TextStim(__class__=<class 'psychopy.visual.text.TextStim'>, alignHoriz=method-wrapper(...), alignText='center', alignVert=method-wrapper(...), anchorHoriz='center', anchorVert='center', antialias=True, autoDraw=False, autoLog=True, bold=False, color=array([1., 1., 1.]), colorSpace='rgb', contrast=1.0, depth=-5.0, draggable=False, flipHoriz=False, flipVert=False, font='Open Sans', fontFiles=[], height=0.05, italic=False, languageStyle='LTR', name='living_picture_question', opacity=1.0, ori=0.0, pos=array([0. , 0.4]), rgb=UNKNOWN, text='Ist dies ein Wohnzimmer?', units='height', win=Window(...), wrapWidth=1)
16.2150 	EXP 	window1: mouseVisible = True
16.2188 	EXP 	Created living_a_memo_instr_text = TextStim(__class__=<class 'psychopy.visual.text.TextStim'>, alignHoriz=method-wrapper(...), alignText='center', alignVert=method-wrapper(...), anchorHoriz='center', anchorVert='center', antialias=True, autoDraw=False, autoLog=True, bold=False, color=array([1., 1., 1.]), colorSpace='rgb', contrast=1.0, depth=0.0, draggable=False, flipHoriz=False, flipVert=False, font='Open Sans', fontFiles=[], height=0.05, italic=False, languageStyle='LTR', name='living_a_memo_instr_text', opacity=1.0, ori=0.0, pos=array([0., 0.]), rgb=UNKNOWN, text=str(...), units='height', win=Window(...), wrapWidth=1)
16.2189 	EXP 	window1: mouseVisible = True
16.2239 	EXP 	Created memo_fix_pic = ImageStim(__class__=<class 'psychopy.visual.image.ImageStim'>, anchor=('center', 'center'), autoLog=True, color=array([1., 1., 1.]), colorSpace='rgb', contrast=1.0, depth=-1.0, draggable=False, flipHoriz=False, flipVert=False, image='fixationskreuz.png', interpolate=True, mask=None, maskParams=None, name='memo_fix_pic', opacity=1.0, ori=0.0, pos=array([0., 0.]), size=array([0.1, 0.1]), texRes=128.0, units='height', win=Window(...))
16.2240 	EXP 	window1: mouseVisible = True
16.2271 	EXP 	Created memotest_task_stim = ImageStim(__class__=<class 'psychopy.visual.image.ImageStim'>, anchor=('center', 'center'), autoLog=True, color=array([1., 1., 1.]), colorSpace='rgb', contrast=1.0, depth=0.0, draggable=False, flipHoriz=False, flipVert=False, image='default.png', interpolate=True, mask=None, maskParams=None, name='memotest_task_stim', opacity=1.0, ori=0.0, pos=array([0., 0.]), size=array([0.55, 0.55]), texRes=128.0, units='height', win=Window(...))
16.2297 	EXP 	window1: mouseVisible = True
16.2301 	EXP 	window1: mouseVisible = True
16.2335 	EXP 	window1: mouseVisible = True
16.2337 	EXP 	window1: mouseVisible = True
16.2341 	EXP 	window1: mouseVisible = True
16.2345 	EXP 	window1: mouseVisible = True
16.2394 	EXP 	window1: mouseVisible = True
16.2395 	EXP 	window1: mouseVisible = True
16.2400 	EXP 	window1: mouseVisible = True
16.2404 	EXP 	window1: mouseVisible = True
16.2451 	EXP 	window1: mouseVisible = True
16.2452 	EXP 	window1: mouseVisible = True
16.2457 	EXP 	window1: mouseVisible = True
16.2461 	EXP 	window1: mouseVisible = True
16.2506 	EXP 	window1: mouseVisible = True
16.2507 	EXP 	window1: mouseVisible = True
16.2512 	EXP 	window1: mouseVisible = True
16.2516 	EXP 	window1: mouseVisible = True
16.2563 	EXP 	window1: mouseVisible = True
16.2564 	EXP 	window1: mouseVisible = True
16.2568 	EXP 	window1: mouseVisible = True
16.2573 	EXP 	window1: mouseVisible = True
16.2618 	EXP 	window1: mouseVisible = True
16.2619 	EXP 	window1: mouseVisible = True
16.2624 	EXP 	window1: mouseVisible = True
16.2628 	EXP 	window1: mouseVisible = True
16.2674 	EXP 	window1: mouseVisible = True
16.2675 	EXP 	window1: mouseVisible = True
16.2680 	EXP 	window1: mouseVisible = True
16.2684 	EXP 	window1: mouseVisible = True
16.2730 	EXP 	window1: mouseVisible = True
16.2731 	EXP 	window1: mouseVisible = True
16.2735 	EXP 	window1: mouseVisible = True
16.2739 	EXP 	window1: mouseVisible = True
16.2787 	EXP 	window1: mouseVisible = True
16.2800 	EXP 	window1: mouseVisible = True
16.3218 	EXP 	Created memotest_task_slider = Slider(__class__=<class 'psychopy.visual.slider.Slider'>, autoDraw=False, autoLog=True, borderColor=None, color=None, colorSpace='rgb', depth=-1, fillColor=None, flip=False, font='Open Sans', granularity=1.0, labelColor=None, labelHeight=0.04, labelWrapWidth=None, labels=list(...), lineColor=None, markerColor=None, name='memotest_task_slider', opacity=None, ori=0.0, pos=array([ 0. , -0.3]), readOnly=False, self=UNKNOWN, size=array([0.8 , 0.05]), startValue=None, style='radio', styleTweaks=[], ticks=array([0, 1, 2, 3]), units='height', win=Window(...))
16.3220 	EXP 	window1: mouseVisible = True
16.3239 	EXP 	Created living_b_text = TextStim(__class__=<class 'psychopy.visual.text.TextStim'>, alignHoriz=method-wrapper(...), alignText='center', alignVert=method-wrapper(...), anchorHoriz='center', anchorVert='center', antialias=True, autoDraw=False, autoLog=True, bold=False, color=array([1., 1., 1.]), colorSpace='rgb', contrast=1.0, depth=0.0, draggable=False, flipHoriz=False, flipVert=False, font='Open Sans', fontFiles=[], height=0.05, italic=False, languageStyle='LTR', name='living_b_text', opacity=1.0, ori=0.0, pos=array([0., 0.]), rgb=UNKNOWN, text='Wohnzimmer', units='height', win=Window(...), wrapWidth=1)
16.3240 	EXP 	window1: mouseVisible = True
16.3269 	EXP 	Created living_b_text_2 = TextStim(__class__=<class 'psychopy.visual.text.TextStim'>, alignHoriz=method-wrapper(...), alignText='center', alignVert=method-wrapper(...), anchorHoriz='center', anchorVert='center', antialias=True, autoDraw=False, autoLog=True, bold=False, color=array([1., 1., 1.]), colorSpace='rgb', contrast=1.0, depth=-1.0, draggable=False, flipHoriz=False, flipVert=False, font='Open Sans', fontFiles=[], height=0.05, italic=False, languageStyle='LTR', name='living_b_text_2', opacity=1.0, ori=0.0, pos=array([ 0. , -0.2]), rgb=UNKNOWN, text=str(...), units='height', win=Window(...), wrapWidth=1)
16.3270 	EXP 	window1: mouseVisible = True
16.3279 	EXP 	Created living_b_block_no = TextStim(__class__=<class 'psychopy.visual.text.TextStim'>, alignHoriz=method-wrapper(...), alignText='center', alignVert=method-wrapper(...), anchorHoriz='center', anchorVert='center', antialias=True, autoDraw=False, autoLog=True, bold=False, color=array([1., 1., 1.]), colorSpace='rgb', contrast=1.0, depth=-3.0, draggable=False, flipHoriz=False, flipVert=False, font='Open Sans', fontFiles=[], height=0.05, italic=False, languageStyle='LTR', name='living_b_block_no', opacity=1.0, ori=0.0, pos=array([ 0. , -0.2]), rgb=UNKNOWN, text='', units='height', win=Window(...), wrapWidth=1)
16.3279 	EXP 	window1: mouseVisible = True
16.3335 	EXP 	Created living_random_isi_fix = ImageStim(__class__=<class 'psychopy.visual.image.ImageStim'>, anchor=('center', 'center'), autoLog=True, color=array([1., 1., 1.]), colorSpace='rgb', contrast=1.0, depth=0.0, draggable=False, flipHoriz=False, flipVert=False, image='fixationskreuz.png', interpolate=True, mask=None, maskParams=None, name='living_random_isi_fix', opacity=1.0, ori=0.0, pos=array([0., 0.]), size=array([0.1, 0.1]), texRes=128.0, units='height', win=Window(...))
16.3336 	EXP 	window1: mouseVisible = True
16.3360 	EXP 	Created living_random_isi_no = TextStim(__class__=<class 'psychopy.visual.text.TextStim'>, alignHoriz=method-wrapper(...), alignText='center', alignVert=method-wrapper(...), anchorHoriz='center', anchorVert='center', antialias=True, autoDraw=False, autoLog=True, bold=False, color=array([1., 1., 1.]), colorSpace='rgb', contrast=1.0, depth=-1.0, draggable=False, flipHoriz=False, flipVert=False, font='Open Sans', fontFiles=[], height=0.05, italic=False, languageStyle='LTR', name='living_random_isi_no', opacity=1.0, ori=0.0, pos=array([-0.3, -0.4]), rgb=UNKNOWN, text='f\n\nnein', units='height', win=Window(...), wrapWidth=1)
16.3361 	EXP 	window1: mouseVisible = True
16.3379 	EXP 	Created living_random_isi_yes = TextStim(__class__=<class 'psychopy.visual.text.TextStim'>, alignHoriz=method-wrapper(...), alignText='center', alignVert=method-wrapper(...), anchorHoriz='center', anchorVert='center', antialias=True, autoDraw=False, autoLog=True, bold=False, color=array([1., 1., 1.]), colorSpace='rgb', contrast=1.0, depth=-2.0, draggable=False, flipHoriz=False, flipVert=False, font='Open Sans', fontFiles=[], height=0.05, italic=False, languageStyle='LTR', name='living_random_isi_yes', opacity=1.0, ori=0.0, pos=array([ 0.3, -0.4]), rgb=UNKNOWN, text=' j\n\nja', units='height', win=Window(...), wrapWidth=1)
16.3380 	EXP 	window1: mouseVisible = True
16.3403 	EXP 	Created living_random_isi_question = TextStim(__class__=<class 'psychopy.visual.text.TextStim'>, alignHoriz=method-wrapper(...), alignText='center', alignVert=method-wrapper(...), anchorHoriz='center', anchorVert='center', antialias=True, autoDraw=False, autoLog=True, bold=False, color=array([1., 1., 1.]), colorSpace='rgb', contrast=1.0, depth=-4.0, draggable=False, flipHoriz=False, flipVert=False, font='Open Sans', fontFiles=[], height=0.05, italic=False, languageStyle='LTR', name='living_random_isi_question', opacity=1.0, ori=0.0, pos=array([0. , 0.4]), rgb=UNKNOWN, text='Ist dies ein Wohnzimmer?', units='height', win=Window(...), wrapWidth=1)
16.3404 	EXP 	window1: mouseVisible = True
16.3455 	EXP 	Created living_picture_fix = ImageStim(__class__=<class 'psychopy.visual.image.ImageStim'>, anchor=('center', 'center'), autoLog=True, color=array([1., 1., 1.]), colorSpace='rgb', contrast=1.0, depth=0.0, draggable=False, flipHoriz=False, flipVert=False, image='fixationskreuz.png', interpolate=True, mask=None, maskParams=None, name='living_picture_fix', opacity=1.0, ori=0.0, pos=array([0., 0.]), size=array([0.1, 0.1]), texRes=128.0, units='height', win=Window(...))
16.3456 	EXP 	window1: mouseVisible = True
16.3487 	EXP 	Created living_picture_image = ImageStim(__class__=<class 'psychopy.visual.image.ImageStim'>, anchor=('center', 'center'), autoLog=True, color=array([1., 1., 1.]), colorSpace='rgb', contrast=1.0, depth=-1.0, draggable=False, flipHoriz=False, flipVert=False, image='default.png', interpolate=True, mask=None, maskParams=None, name='living_picture_image', opacity=1.0, ori=0.0, pos=array([0., 0.]), size=array([0.55, 0.55]), texRes=128.0, units='height', win=Window(...))
16.3488 	EXP 	window1: mouseVisible = True
16.3508 	EXP 	Created living_picture_no = TextStim(__class__=<class 'psychopy.visual.text.TextStim'>, alignHoriz=method-wrapper(...), alignText='center', alignVert=method-wrapper(...), anchorHoriz='center', anchorVert='center', antialias=True, autoDraw=False, autoLog=True, bold=False, color=array([1., 1., 1.]), colorSpace='rgb', contrast=1.0, depth=-2.0, draggable=False, flipHoriz=False, flipVert=False, font='Open Sans', fontFiles=[], height=0.05, italic=False, languageStyle='LTR', name='living_picture_no', opacity=1.0, ori=0.0, pos=array([-0.3, -0.4]), rgb=UNKNOWN, text='f\n\nnein', units='height', win=Window(...), wrapWidth=1)
16.3509 	EXP 	window1: mouseVisible = True
16.3528 	EXP 	Created living_picture_yes = TextStim(__class__=<class 'psychopy.visual.text.TextStim'>, alignHoriz=method-wrapper(...), alignText='center', alignVert=method-wrapper(...), anchorHoriz='center', anchorVert='center', antialias=True, autoDraw=False, autoLog=True, bold=False, color=array([1., 1., 1.]), colorSpace='rgb', contrast=1.0, depth=-3.0, draggable=False, flipHoriz=False, flipVert=False, font='Open Sans', fontFiles=[], height=0.05, italic=False, languageStyle='LTR', name='living_picture_yes', opacity=1.0, ori=0.0, pos=array([ 0.3, -0.4]), rgb=UNKNOWN, text=' j\n\nja', units='height', win=Window(...), wrapWidth=1)
16.3529 	EXP 	window1: mouseVisible = True
16.3552 	EXP 	Created living_picture_question = TextStim(__class__=<class 'psychopy.visual.text.TextStim'>, alignHoriz=method-wrapper(...), alignText='center', alignVert=method-wrapper(...), anchorHoriz='center', anchorVert='center', antialias=True, autoDraw=False, autoLog=True, bold=False, color=array([1., 1., 1.]), colorSpace='rgb', contrast=1.0, depth=-5.0, draggable=False, flipHoriz=False, flipVert=False, font='Open Sans', fontFiles=[], height=0.05, italic=False, languageStyle='LTR', name='living_picture_question', opacity=1.0, ori=0.0, pos=array([0. , 0.4]), rgb=UNKNOWN, text='Ist dies ein Wohnzimmer?', units='height', win=Window(...), wrapWidth=1)
16.3553 	EXP 	window1: mouseVisible = True
16.3590 	EXP 	Created living_b_memo_instr_text = TextStim(__class__=<class 'psychopy.visual.text.TextStim'>, alignHoriz=method-wrapper(...), alignText='center', alignVert=method-wrapper(...), anchorHoriz='center', anchorVert='center', antialias=True, autoDraw=False, autoLog=True, bold=False, color=array([1., 1., 1.]), colorSpace='rgb', contrast=1.0, depth=0.0, draggable=False, flipHoriz=False, flipVert=False, font='Open Sans', fontFiles=[], height=0.05, italic=False, languageStyle='LTR', name='living_b_memo_instr_text', opacity=1.0, ori=0.0, pos=array([0., 0.]), rgb=UNKNOWN, text=str(...), units='height', win=Window(...), wrapWidth=1)
16.3591 	EXP 	window1: mouseVisible = True
16.3642 	EXP 	Created memo_fix_pic = ImageStim(__class__=<class 'psychopy.visual.image.ImageStim'>, anchor=('center', 'center'), autoLog=True, color=array([1., 1., 1.]), colorSpace='rgb', contrast=1.0, depth=-1.0, draggable=False, flipHoriz=False, flipVert=False, image='fixationskreuz.png', interpolate=True, mask=None, maskParams=None, name='memo_fix_pic', opacity=1.0, ori=0.0, pos=array([0., 0.]), size=array([0.1, 0.1]), texRes=128.0, units='height', win=Window(...))
16.3643 	EXP 	window1: mouseVisible = True
16.3674 	EXP 	Created memotest_task_stim = ImageStim(__class__=<class 'psychopy.visual.image.ImageStim'>, anchor=('center', 'center'), autoLog=True, color=array([1., 1., 1.]), colorSpace='rgb', contrast=1.0, depth=0.0, draggable=False, flipHoriz=False, flipVert=False, image='default.png', interpolate=True, mask=None, maskParams=None, name='memotest_task_stim', opacity=1.0, ori=0.0, pos=array([0., 0.]), size=array([0.55, 0.55]), texRes=128.0, units='height', win=Window(...))
16.3701 	EXP 	window1: mouseVisible = True
16.3704 	EXP 	window1: mouseVisible = True
16.3738 	EXP 	window1: mouseVisible = True
16.3739 	EXP 	window1: mouseVisible = True
16.3744 	EXP 	window1: mouseVisible = True
16.3748 	EXP 	window1: mouseVisible = True
16.3799 	EXP 	window1: mouseVisible = True
16.3800 	EXP 	window1: mouseVisible = True
16.3804 	EXP 	window1: mouseVisible = True
16.3808 	EXP 	window1: mouseVisible = True
16.3855 	EXP 	window1: mouseVisible = True
16.3856 	EXP 	window1: mouseVisible = True
16.3861 	EXP 	window1: mouseVisible = True
16.3865 	EXP 	window1: mouseVisible = True
16.3910 	EXP 	window1: mouseVisible = True
16.3912 	EXP 	window1: mouseVisible = True
16.3916 	EXP 	window1: mouseVisible = True
16.3920 	EXP 	window1: mouseVisible = True
16.3967 	EXP 	window1: mouseVisible = True
16.3968 	EXP 	window1: mouseVisible = True
16.3973 	EXP 	window1: mouseVisible = True
16.3977 	EXP 	window1: mouseVisible = True
16.4022 	EXP 	window1: mouseVisible = True
16.4023 	EXP 	window1: mouseVisible = True
16.4028 	EXP 	window1: mouseVisible = True
16.4032 	EXP 	window1: mouseVisible = True
16.4078 	EXP 	window1: mouseVisible = True
16.4079 	EXP 	window1: mouseVisible = True
16.4083 	EXP 	window1: mouseVisible = True
16.4088 	EXP 	window1: mouseVisible = True
16.4134 	EXP 	window1: mouseVisible = True
16.4135 	EXP 	window1: mouseVisible = True
16.4139 	EXP 	window1: mouseVisible = True
16.4143 	EXP 	window1: mouseVisible = True
16.4191 	EXP 	window1: mouseVisible = True
16.4204 	EXP 	window1: mouseVisible = True
16.4622 	EXP 	Created memotest_task_slider = Slider(__class__=<class 'psychopy.visual.slider.Slider'>, autoDraw=False, autoLog=True, borderColor=None, color=None, colorSpace='rgb', depth=-1, fillColor=None, flip=False, font='Open Sans', granularity=1.0, labelColor=None, labelHeight=0.04, labelWrapWidth=None, labels=list(...), lineColor=None, markerColor=None, name='memotest_task_slider', opacity=None, ori=0.0, pos=array([ 0. , -0.3]), readOnly=False, self=UNKNOWN, size=array([0.8 , 0.05]), startValue=None, style='radio', styleTweaks=[], ticks=array([0, 1, 2, 3]), units='height', win=Window(...))
16.4624 	EXP 	window1: mouseVisible = True
16.4644 	EXP 	Created bed_a_text = TextStim(__class__=<class 'psychopy.visual.text.TextStim'>, alignHoriz=method-wrapper(...), alignText='center', alignVert=method-wrapper(...), anchorHoriz='center', anchorVert='center', antialias=True, autoDraw=False, autoLog=True, bold=False, color=array([1., 1., 1.]), colorSpace='rgb', contrast=1.0, depth=0.0, draggable=False, flipHoriz=False, flipVert=False, font='Open Sans', fontFiles=[], height=0.05, italic=False, languageStyle='LTR', name='bed_a_text', opacity=1.0, ori=0.0, pos=array([0., 0.]), rgb=UNKNOWN, text='Schlafzimmer', units='height', win=Window(...), wrapWidth=1)
16.4645 	EXP 	window1: mouseVisible = True
16.4686 	EXP 	Created bed_a_text_2 = TextStim(__class__=<class 'psychopy.visual.text.TextStim'>, alignHoriz=method-wrapper(...), alignText='center', alignVert=method-wrapper(...), anchorHoriz='center', anchorVert='center', antialias=True, autoDraw=False, autoLog=True, bold=False, color=array([1., 1., 1.]), colorSpace='rgb', contrast=1.0, depth=-1.0, draggable=False, flipHoriz=False, flipVert=False, font='Open Sans', fontFiles=[], height=0.05, italic=False, languageStyle='LTR', name='bed_a_text_2', opacity=1.0, ori=0.0, pos=array([ 0. , -0.2]), rgb=UNKNOWN, text=str(...), units='height', win=Window(...), wrapWidth=1)
16.4686 	EXP 	window1: mouseVisible = True
16.4695 	EXP 	Created bed_a_block_no = TextStim(__class__=<class 'psychopy.visual.text.TextStim'>, alignHoriz=method-wrapper(...), alignText='center', alignVert=method-wrapper(...), anchorHoriz='center', anchorVert='center', antialias=True, autoDraw=False, autoLog=True, bold=False, color=array([1., 1., 1.]), colorSpace='rgb', contrast=1.0, depth=-3.0, draggable=False, flipHoriz=False, flipVert=False, font='Open Sans', fontFiles=[], height=0.05, italic=False, languageStyle='LTR', name='bed_a_block_no', opacity=1.0, ori=0.0, pos=array([ 0. , -0.2]), rgb=UNKNOWN, text='', units='height', win=Window(...), wrapWidth=1)
16.4696 	EXP 	window1: mouseVisible = True
16.4749 	EXP 	Created bed_random_isi_fix = ImageStim(__class__=<class 'psychopy.visual.image.ImageStim'>, anchor=('center', 'center'), autoLog=True, color=array([1., 1., 1.]), colorSpace='rgb', contrast=1.0, depth=0.0, draggable=False, flipHoriz=False, flipVert=False, image='fixationskreuz.png', interpolate=True, mask=None, maskParams=None, name='bed_random_isi_fix', opacity=1.0, ori=0.0, pos=array([0., 0.]), size=array([0.1, 0.1]), texRes=128.0, units='height', win=Window(...))
16.4750 	EXP 	window1: mouseVisible = True
16.4770 	EXP 	Created bed_random_isi_no = TextStim(__class__=<class 'psychopy.visual.text.TextStim'>, alignHoriz=method-wrapper(...), alignText='center', alignVert=method-wrapper(...), anchorHoriz='center', anchorVert='center', antialias=True, autoDraw=False, autoLog=True, bold=False, color=array([1., 1., 1.]), colorSpace='rgb', contrast=1.0, depth=-1.0, draggable=False, flipHoriz=False, flipVert=False, font='Open Sans', fontFiles=[], height=0.05, italic=False, languageStyle='LTR', name='bed_random_isi_no', opacity=1.0, ori=0.0, pos=array([-0.3, -0.4]), rgb=UNKNOWN, text='f\n\nnein', units='height', win=Window(...), wrapWidth=1)
16.4771 	EXP 	window1: mouseVisible = True
16.4789 	EXP 	Created bed_random_isi_yes = TextStim(__class__=<class 'psychopy.visual.text.TextStim'>, alignHoriz=method-wrapper(...), alignText='center', alignVert=method-wrapper(...), anchorHoriz='center', anchorVert='center', antialias=True, autoDraw=False, autoLog=True, bold=False, color=array([1., 1., 1.]), colorSpace='rgb', contrast=1.0, depth=-2.0, draggable=False, flipHoriz=False, flipVert=False, font='Open Sans', fontFiles=[], height=0.05, italic=False, languageStyle='LTR', name='bed_random_isi_yes', opacity=1.0, ori=0.0, pos=array([ 0.3, -0.4]), rgb=UNKNOWN, text=' j\n\nja', units='height', win=Window(...), wrapWidth=1)
16.4789 	EXP 	window1: mouseVisible = True
16.4812 	EXP 	Created bed_random_isi_question = TextStim(__class__=<class 'psychopy.visual.text.TextStim'>, alignHoriz=method-wrapper(...), alignText='center', alignVert=method-wrapper(...), anchorHoriz='center', anchorVert='center', antialias=True, autoDraw=False, autoLog=True, bold=False, color=array([1., 1., 1.]), colorSpace='rgb', contrast=1.0, depth=-4.0, draggable=False, flipHoriz=False, flipVert=False, font='Open Sans', fontFiles=[], height=0.05, italic=False, languageStyle='LTR', name='bed_random_isi_question', opacity=1.0, ori=0.0, pos=array([0. , 0.4]), rgb=UNKNOWN, text='Ist dies ein Schlafzimmer?', units='height', win=Window(...), wrapWidth=1)
16.4813 	EXP 	window1: mouseVisible = True
16.4864 	EXP 	Created bed_picture_fix = ImageStim(__class__=<class 'psychopy.visual.image.ImageStim'>, anchor=('center', 'center'), autoLog=True, color=array([1., 1., 1.]), colorSpace='rgb', contrast=1.0, depth=0.0, draggable=False, flipHoriz=False, flipVert=False, image='fixationskreuz.png', interpolate=True, mask=None, maskParams=None, name='bed_picture_fix', opacity=1.0, ori=0.0, pos=array([0., 0.]), size=array([0.1, 0.1]), texRes=128.0, units='height', win=Window(...))
16.4865 	EXP 	window1: mouseVisible = True
16.5615 	EXP 	Created bed_picture_image = ImageStim(__class__=<class 'psychopy.visual.image.ImageStim'>, anchor=('center', 'center'), autoLog=True, color=array([1., 1., 1.]), colorSpace='rgb', contrast=1.0, depth=-1.0, draggable=False, flipHoriz=False, flipVert=False, image='default.png', interpolate=True, mask=None, maskParams=None, name='bed_picture_image', opacity=1.0, ori=0.0, pos=array([0., 0.]), size=array([0.55, 0.55]), texRes=128.0, units='height', win=Window(...))
16.5617 	EXP 	window1: mouseVisible = True
16.5639 	EXP 	Created bed_picture_no = TextStim(__class__=<class 'psychopy.visual.text.TextStim'>, alignHoriz=method-wrapper(...), alignText='center', alignVert=method-wrapper(...), anchorHoriz='center', anchorVert='center', antialias=True, autoDraw=False, autoLog=True, bold=False, color=array([1., 1., 1.]), colorSpace='rgb', contrast=1.0, depth=-2.0, draggable=False, flipHoriz=False, flipVert=False, font='Open Sans', fontFiles=[], height=0.05, italic=False, languageStyle='LTR', name='bed_picture_no', opacity=1.0, ori=0.0, pos=array([-0.3, -0.4]), rgb=UNKNOWN, text='f\n\nnein', units='height', win=Window(...), wrapWidth=1)
16.5640 	EXP 	window1: mouseVisible = True
16.5658 	EXP 	Created bed_picture_yes = TextStim(__class__=<class 'psychopy.visual.text.TextStim'>, alignHoriz=method-wrapper(...), alignText='center', alignVert=method-wrapper(...), anchorHoriz='center', anchorVert='center', antialias=True, autoDraw=False, autoLog=True, bold=False, color=array([1., 1., 1.]), colorSpace='rgb', contrast=1.0, depth=-3.0, draggable=False, flipHoriz=False, flipVert=False, font='Open Sans', fontFiles=[], height=0.05, italic=False, languageStyle='LTR', name='bed_picture_yes', opacity=1.0, ori=0.0, pos=array([ 0.3, -0.4]), rgb=UNKNOWN, text=' j\n\nja', units='height', win=Window(...), wrapWidth=1)
16.5659 	EXP 	window1: mouseVisible = True
16.5682 	EXP 	Created bed_picture_question = TextStim(__class__=<class 'psychopy.visual.text.TextStim'>, alignHoriz=method-wrapper(...), alignText='center', alignVert=method-wrapper(...), anchorHoriz='center', anchorVert='center', antialias=True, autoDraw=False, autoLog=True, bold=False, color=array([1., 1., 1.]), colorSpace='rgb', contrast=1.0, depth=-5.0, draggable=False, flipHoriz=False, flipVert=False, font='Open Sans', fontFiles=[], height=0.05, italic=False, languageStyle='LTR', name='bed_picture_question', opacity=1.0, ori=0.0, pos=array([0. , 0.4]), rgb=UNKNOWN, text='Ist dies ein Schlafzimmer?', units='height', win=Window(...), wrapWidth=1)
16.5683 	EXP 	window1: mouseVisible = True
16.5721 	EXP 	Created bed_a_memo_instr_text = TextStim(__class__=<class 'psychopy.visual.text.TextStim'>, alignHoriz=method-wrapper(...), alignText='center', alignVert=method-wrapper(...), anchorHoriz='center', anchorVert='center', antialias=True, autoDraw=False, autoLog=True, bold=False, color=array([1., 1., 1.]), colorSpace='rgb', contrast=1.0, depth=0.0, draggable=False, flipHoriz=False, flipVert=False, font='Open Sans', fontFiles=[], height=0.05, italic=False, languageStyle='LTR', name='bed_a_memo_instr_text', opacity=1.0, ori=0.0, pos=array([0., 0.]), rgb=UNKNOWN, text=str(...), units='height', win=Window(...), wrapWidth=1)
16.5722 	EXP 	window1: mouseVisible = True
16.5776 	EXP 	Created memo_fix_pic = ImageStim(__class__=<class 'psychopy.visual.image.ImageStim'>, anchor=('center', 'center'), autoLog=True, color=array([1., 1., 1.]), colorSpace='rgb', contrast=1.0, depth=-1.0, draggable=False, flipHoriz=False, flipVert=False, image='fixationskreuz.png', interpolate=True, mask=None, maskParams=None, name='memo_fix_pic', opacity=1.0, ori=0.0, pos=array([0., 0.]), size=array([0.1, 0.1]), texRes=128.0, units='height', win=Window(...))
16.5776 	EXP 	window1: mouseVisible = True
16.5808 	EXP 	Created memotest_task_stim = ImageStim(__class__=<class 'psychopy.visual.image.ImageStim'>, anchor=('center', 'center'), autoLog=True, color=array([1., 1., 1.]), colorSpace='rgb', contrast=1.0, depth=0.0, draggable=False, flipHoriz=False, flipVert=False, image='default.png', interpolate=True, mask=None, maskParams=None, name='memotest_task_stim', opacity=1.0, ori=0.0, pos=array([0., 0.]), size=array([0.55, 0.55]), texRes=128.0, units='height', win=Window(...))
16.5834 	EXP 	window1: mouseVisible = True
16.5838 	EXP 	window1: mouseVisible = True
16.5872 	EXP 	window1: mouseVisible = True
16.5873 	EXP 	window1: mouseVisible = True
16.5878 	EXP 	window1: mouseVisible = True
16.5882 	EXP 	window1: mouseVisible = True
16.5932 	EXP 	window1: mouseVisible = True
16.5933 	EXP 	window1: mouseVisible = True
16.5937 	EXP 	window1: mouseVisible = True
16.5942 	EXP 	window1: mouseVisible = True
16.5988 	EXP 	window1: mouseVisible = True
16.5989 	EXP 	window1: mouseVisible = True
16.5994 	EXP 	window1: mouseVisible = True
16.5998 	EXP 	window1: mouseVisible = True
16.6044 	EXP 	window1: mouseVisible = True
16.6045 	EXP 	window1: mouseVisible = True
16.6049 	EXP 	window1: mouseVisible = True
16.6053 	EXP 	window1: mouseVisible = True
16.6100 	EXP 	window1: mouseVisible = True
16.6101 	EXP 	window1: mouseVisible = True
16.6105 	EXP 	window1: mouseVisible = True
16.6110 	EXP 	window1: mouseVisible = True
16.6155 	EXP 	window1: mouseVisible = True
16.6156 	EXP 	window1: mouseVisible = True
16.6160 	EXP 	window1: mouseVisible = True
16.6165 	EXP 	window1: mouseVisible = True
16.6211 	EXP 	window1: mouseVisible = True
16.6212 	EXP 	window1: mouseVisible = True
16.6217 	EXP 	window1: mouseVisible = True
16.6221 	EXP 	window1: mouseVisible = True
16.6267 	EXP 	window1: mouseVisible = True
16.6268 	EXP 	window1: mouseVisible = True
16.6272 	EXP 	window1: mouseVisible = True
16.6276 	EXP 	window1: mouseVisible = True
16.6323 	EXP 	window1: mouseVisible = True
16.6336 	EXP 	window1: mouseVisible = True
16.6754 	EXP 	Created memotest_task_slider = Slider(__class__=<class 'psychopy.visual.slider.Slider'>, autoDraw=False, autoLog=True, borderColor=None, color=None, colorSpace='rgb', depth=-1, fillColor=None, flip=False, font='Open Sans', granularity=1.0, labelColor=None, labelHeight=0.04, labelWrapWidth=None, labels=list(...), lineColor=None, markerColor=None, name='memotest_task_slider', opacity=None, ori=0.0, pos=array([ 0. , -0.3]), readOnly=False, self=UNKNOWN, size=array([0.8 , 0.05]), startValue=None, style='radio', styleTweaks=[], ticks=array([0, 1, 2, 3]), units='height', win=Window(...))
16.6756 	EXP 	window1: mouseVisible = True
16.6778 	EXP 	Created bed_b_text = TextStim(__class__=<class 'psychopy.visual.text.TextStim'>, alignHoriz=method-wrapper(...), alignText='center', alignVert=method-wrapper(...), anchorHoriz='center', anchorVert='center', antialias=True, autoDraw=False, autoLog=True, bold=False, color=array([1., 1., 1.]), colorSpace='rgb', contrast=1.0, depth=0.0, draggable=False, flipHoriz=False, flipVert=False, font='Open Sans', fontFiles=[], height=0.05, italic=False, languageStyle='LTR', name='bed_b_text', opacity=1.0, ori=0.0, pos=array([0., 0.]), rgb=UNKNOWN, text='Schlafzimmer', units='height', win=Window(...), wrapWidth=1)
16.6779 	EXP 	window1: mouseVisible = True
16.6808 	EXP 	Created bed_b_text_2 = TextStim(__class__=<class 'psychopy.visual.text.TextStim'>, alignHoriz=method-wrapper(...), alignText='center', alignVert=method-wrapper(...), anchorHoriz='center', anchorVert='center', antialias=True, autoDraw=False, autoLog=True, bold=False, color=array([1., 1., 1.]), colorSpace='rgb', contrast=1.0, depth=-1.0, draggable=False, flipHoriz=False, flipVert=False, font='Open Sans', fontFiles=[], height=0.05, italic=False, languageStyle='LTR', name='bed_b_text_2', opacity=1.0, ori=0.0, pos=array([ 0. , -0.2]), rgb=UNKNOWN, text=str(...), units='height', win=Window(...), wrapWidth=1)
16.6809 	EXP 	window1: mouseVisible = True
16.6817 	EXP 	Created bed_b_block_no = TextStim(__class__=<class 'psychopy.visual.text.TextStim'>, alignHoriz=method-wrapper(...), alignText='center', alignVert=method-wrapper(...), anchorHoriz='center', anchorVert='center', antialias=True, autoDraw=False, autoLog=True, bold=False, color=array([1., 1., 1.]), colorSpace='rgb', contrast=1.0, depth=-3.0, draggable=False, flipHoriz=False, flipVert=False, font='Open Sans', fontFiles=[], height=0.05, italic=False, languageStyle='LTR', name='bed_b_block_no', opacity=1.0, ori=0.0, pos=array([ 0. , -0.2]), rgb=UNKNOWN, text='', units='height', win=Window(...), wrapWidth=1)
16.6818 	EXP 	window1: mouseVisible = True
16.6870 	EXP 	Created bed_random_isi_fix = ImageStim(__class__=<class 'psychopy.visual.image.ImageStim'>, anchor=('center', 'center'), autoLog=True, color=array([1., 1., 1.]), colorSpace='rgb', contrast=1.0, depth=0.0, draggable=False, flipHoriz=False, flipVert=False, image='fixationskreuz.png', interpolate=True, mask=None, maskParams=None, name='bed_random_isi_fix', opacity=1.0, ori=0.0, pos=array([0., 0.]), size=array([0.1, 0.1]), texRes=128.0, units='height', win=Window(...))
16.6871 	EXP 	window1: mouseVisible = True
16.6891 	EXP 	Created bed_random_isi_no = TextStim(__class__=<class 'psychopy.visual.text.TextStim'>, alignHoriz=method-wrapper(...), alignText='center', alignVert=method-wrapper(...), anchorHoriz='center', anchorVert='center', antialias=True, autoDraw=False, autoLog=True, bold=False, color=array([1., 1., 1.]), colorSpace='rgb', contrast=1.0, depth=-1.0, draggable=False, flipHoriz=False, flipVert=False, font='Open Sans', fontFiles=[], height=0.05, italic=False, languageStyle='LTR', name='bed_random_isi_no', opacity=1.0, ori=0.0, pos=array([-0.3, -0.4]), rgb=UNKNOWN, text='f\n\nnein', units='height', win=Window(...), wrapWidth=1)
16.6892 	EXP 	window1: mouseVisible = True
16.6910 	EXP 	Created bed_random_isi_yes = TextStim(__class__=<class 'psychopy.visual.text.TextStim'>, alignHoriz=method-wrapper(...), alignText='center', alignVert=method-wrapper(...), anchorHoriz='center', anchorVert='center', antialias=True, autoDraw=False, autoLog=True, bold=False, color=array([1., 1., 1.]), colorSpace='rgb', contrast=1.0, depth=-2.0, draggable=False, flipHoriz=False, flipVert=False, font='Open Sans', fontFiles=[], height=0.05, italic=False, languageStyle='LTR', name='bed_random_isi_yes', opacity=1.0, ori=0.0, pos=array([ 0.3, -0.4]), rgb=UNKNOWN, text=' j\n\nja', units='height', win=Window(...), wrapWidth=1)
16.6911 	EXP 	window1: mouseVisible = True
16.6934 	EXP 	Created bed_random_isi_question = TextStim(__class__=<class 'psychopy.visual.text.TextStim'>, alignHoriz=method-wrapper(...), alignText='center', alignVert=method-wrapper(...), anchorHoriz='center', anchorVert='center', antialias=True, autoDraw=False, autoLog=True, bold=False, color=array([1., 1., 1.]), colorSpace='rgb', contrast=1.0, depth=-4.0, draggable=False, flipHoriz=False, flipVert=False, font='Open Sans', fontFiles=[], height=0.05, italic=False, languageStyle='LTR', name='bed_random_isi_question', opacity=1.0, ori=0.0, pos=array([0. , 0.4]), rgb=UNKNOWN, text='Ist dies ein Schlafzimmer?', units='height', win=Window(...), wrapWidth=1)
16.6935 	EXP 	window1: mouseVisible = True
16.6986 	EXP 	Created bed_picture_fix = ImageStim(__class__=<class 'psychopy.visual.image.ImageStim'>, anchor=('center', 'center'), autoLog=True, color=array([1., 1., 1.]), colorSpace='rgb', contrast=1.0, depth=0.0, draggable=False, flipHoriz=False, flipVert=False, image='fixationskreuz.png', interpolate=True, mask=None, maskParams=None, name='bed_picture_fix', opacity=1.0, ori=0.0, pos=array([0., 0.]), size=array([0.1, 0.1]), texRes=128.0, units='height', win=Window(...))
16.6986 	EXP 	window1: mouseVisible = True
16.7018 	EXP 	Created bed_picture_image = ImageStim(__class__=<class 'psychopy.visual.image.ImageStim'>, anchor=('center', 'center'), autoLog=True, color=array([1., 1., 1.]), colorSpace='rgb', contrast=1.0, depth=-1.0, draggable=False, flipHoriz=False, flipVert=False, image='default.png', interpolate=True, mask=None, maskParams=None, name='bed_picture_image', opacity=1.0, ori=0.0, pos=array([0., 0.]), size=array([0.55, 0.55]), texRes=128.0, units='height', win=Window(...))
16.7019 	EXP 	window1: mouseVisible = True
16.7040 	EXP 	Created bed_picture_no = TextStim(__class__=<class 'psychopy.visual.text.TextStim'>, alignHoriz=method-wrapper(...), alignText='center', alignVert=method-wrapper(...), anchorHoriz='center', anchorVert='center', antialias=True, autoDraw=False, autoLog=True, bold=False, color=array([1., 1., 1.]), colorSpace='rgb', contrast=1.0, depth=-2.0, draggable=False, flipHoriz=False, flipVert=False, font='Open Sans', fontFiles=[], height=0.05, italic=False, languageStyle='LTR', name='bed_picture_no', opacity=1.0, ori=0.0, pos=array([-0.3, -0.4]), rgb=UNKNOWN, text='f\n\nnein', units='height', win=Window(...), wrapWidth=1)
16.7041 	EXP 	window1: mouseVisible = True
16.7060 	EXP 	Created bed_picture_yes = TextStim(__class__=<class 'psychopy.visual.text.TextStim'>, alignHoriz=method-wrapper(...), alignText='center', alignVert=method-wrapper(...), anchorHoriz='center', anchorVert='center', antialias=True, autoDraw=False, autoLog=True, bold=False, color=array([1., 1., 1.]), colorSpace='rgb', contrast=1.0, depth=-3.0, draggable=False, flipHoriz=False, flipVert=False, font='Open Sans', fontFiles=[], height=0.05, italic=False, languageStyle='LTR', name='bed_picture_yes', opacity=1.0, ori=0.0, pos=array([ 0.3, -0.4]), rgb=UNKNOWN, text=' j\n\nja', units='height', win=Window(...), wrapWidth=1)
16.7061 	EXP 	window1: mouseVisible = True
16.7086 	EXP 	Created bed_picture_question = TextStim(__class__=<class 'psychopy.visual.text.TextStim'>, alignHoriz=method-wrapper(...), alignText='center', alignVert=method-wrapper(...), anchorHoriz='center', anchorVert='center', antialias=True, autoDraw=False, autoLog=True, bold=False, color=array([1., 1., 1.]), colorSpace='rgb', contrast=1.0, depth=-5.0, draggable=False, flipHoriz=False, flipVert=False, font='Open Sans', fontFiles=[], height=0.05, italic=False, languageStyle='LTR', name='bed_picture_question', opacity=1.0, ori=0.0, pos=array([0. , 0.4]), rgb=UNKNOWN, text='Ist dies ein Schlafzimmer?', units='height', win=Window(...), wrapWidth=1)
16.7087 	EXP 	window1: mouseVisible = True
16.7126 	EXP 	Created bed_b_memo_instr_text = TextStim(__class__=<class 'psychopy.visual.text.TextStim'>, alignHoriz=method-wrapper(...), alignText='center', alignVert=method-wrapper(...), anchorHoriz='center', anchorVert='center', antialias=True, autoDraw=False, autoLog=True, bold=False, color=array([1., 1., 1.]), colorSpace='rgb', contrast=1.0, depth=0.0, draggable=False, flipHoriz=False, flipVert=False, font='Open Sans', fontFiles=[], height=0.05, italic=False, languageStyle='LTR', name='bed_b_memo_instr_text', opacity=1.0, ori=0.0, pos=array([0., 0.]), rgb=UNKNOWN, text=str(...), units='height', win=Window(...), wrapWidth=1)
16.7127 	EXP 	window1: mouseVisible = True
16.7183 	EXP 	Created memo_fix_pic = ImageStim(__class__=<class 'psychopy.visual.image.ImageStim'>, anchor=('center', 'center'), autoLog=True, color=array([1., 1., 1.]), colorSpace='rgb', contrast=1.0, depth=-1.0, draggable=False, flipHoriz=False, flipVert=False, image='fixationskreuz.png', interpolate=True, mask=None, maskParams=None, name='memo_fix_pic', opacity=1.0, ori=0.0, pos=array([0., 0.]), size=array([0.1, 0.1]), texRes=128.0, units='height', win=Window(...))
16.7184 	EXP 	window1: mouseVisible = True
16.7217 	EXP 	Created memotest_task_stim = ImageStim(__class__=<class 'psychopy.visual.image.ImageStim'>, anchor=('center', 'center'), autoLog=True, color=array([1., 1., 1.]), colorSpace='rgb', contrast=1.0, depth=0.0, draggable=False, flipHoriz=False, flipVert=False, image='default.png', interpolate=True, mask=None, maskParams=None, name='memotest_task_stim', opacity=1.0, ori=0.0, pos=array([0., 0.]), size=array([0.55, 0.55]), texRes=128.0, units='height', win=Window(...))
16.7244 	EXP 	window1: mouseVisible = True
16.7248 	EXP 	window1: mouseVisible = True
16.7285 	EXP 	window1: mouseVisible = True
16.7286 	EXP 	window1: mouseVisible = True
16.7291 	EXP 	window1: mouseVisible = True
16.7295 	EXP 	window1: mouseVisible = True
16.7346 	EXP 	window1: mouseVisible = True
16.7348 	EXP 	window1: mouseVisible = True
16.7352 	EXP 	window1: mouseVisible = True
16.7356 	EXP 	window1: mouseVisible = True
16.7405 	EXP 	window1: mouseVisible = True
16.7406 	EXP 	window1: mouseVisible = True
16.7411 	EXP 	window1: mouseVisible = True
16.7415 	EXP 	window1: mouseVisible = True
16.7461 	EXP 	window1: mouseVisible = True
16.7462 	EXP 	window1: mouseVisible = True
16.7466 	EXP 	window1: mouseVisible = True
16.7471 	EXP 	window1: mouseVisible = True
16.7517 	EXP 	window1: mouseVisible = True
16.7518 	EXP 	window1: mouseVisible = True
16.7523 	EXP 	window1: mouseVisible = True
16.7527 	EXP 	window1: mouseVisible = True
16.7574 	EXP 	window1: mouseVisible = True
16.7575 	EXP 	window1: mouseVisible = True
16.7579 	EXP 	window1: mouseVisible = True
16.7583 	EXP 	window1: mouseVisible = True
16.7630 	EXP 	window1: mouseVisible = True
16.7631 	EXP 	window1: mouseVisible = True
16.7635 	EXP 	window1: mouseVisible = True
16.7640 	EXP 	window1: mouseVisible = True
16.7685 	EXP 	window1: mouseVisible = True
16.7686 	EXP 	window1: mouseVisible = True
16.7691 	EXP 	window1: mouseVisible = True
16.7695 	EXP 	window1: mouseVisible = True
16.7743 	EXP 	window1: mouseVisible = True
16.7756 	EXP 	window1: mouseVisible = True
16.8177 	EXP 	Created memotest_task_slider = Slider(__class__=<class 'psychopy.visual.slider.Slider'>, autoDraw=False, autoLog=True, borderColor=None, color=None, colorSpace='rgb', depth=-1, fillColor=None, flip=False, font='Open Sans', granularity=1.0, labelColor=None, labelHeight=0.04, labelWrapWidth=None, labels=list(...), lineColor=None, markerColor=None, name='memotest_task_slider', opacity=None, ori=0.0, pos=array([ 0. , -0.3]), readOnly=False, self=UNKNOWN, size=array([0.8 , 0.05]), startValue=None, style='radio', styleTweaks=[], ticks=array([0, 1, 2, 3]), units='height', win=Window(...))
16.8179 	EXP 	window1: mouseVisible = True
16.8220 	EXP 	Created break_text = TextStim(__class__=<class 'psychopy.visual.text.TextStim'>, alignHoriz=method-wrapper(...), alignText='center', alignVert=method-wrapper(...), anchorHoriz='center', anchorVert='center', antialias=True, autoDraw=False, autoLog=True, bold=False, color=array([1., 1., 1.]), colorSpace='rgb', contrast=1.0, depth=0.0, draggable=False, flipHoriz=False, flipVert=False, font='Open Sans', fontFiles=[], height=0.05, italic=False, languageStyle='LTR', name='break_text', opacity=1.0, ori=0.0, pos=array([0., 0.]), rgb=UNKNOWN, text=str(...), units='height', win=Window(...), wrapWidth=1)
16.8220 	EXP 	window1: mouseVisible = True
16.8416 	EXP 	Created end_text = TextStim(__class__=<class 'psychopy.visual.text.TextStim'>, alignHoriz=method-wrapper(...), alignText='center', alignVert=method-wrapper(...), anchorHoriz='center', anchorVert='center', antialias=True, autoDraw=False, autoLog=True, bold=False, color=array([1., 1., 1.]), colorSpace='rgb', contrast=1.0, depth=-1.0, draggable=False, flipHoriz=False, flipVert=False, font='Open Sans', fontFiles=[], height=0.04, italic=False, languageStyle='LTR', name='end_text', opacity=1.0, ori=0.0, pos=array([0., 0.]), rgb=UNKNOWN, text=str(...), units='height', win=Window(...), wrapWidth=1)
16.8417 	EXP 	window1: mouseVisible = True
16.8426 	EXP 	Created vp_code_text = TextStim(__class__=<class 'psychopy.visual.text.TextStim'>, alignHoriz=method-wrapper(...), alignText='center', alignVert=method-wrapper(...), anchorHoriz='center', anchorVert='center', antialias=True, autoDraw=False, autoLog=True, bold=False, color=array([1., 1., 1.]), colorSpace='rgb', contrast=1.0, depth=-3.0, draggable=False, flipHoriz=False, flipVert=False, font='Open Sans', fontFiles=[], height=0.05, italic=False, languageStyle='LTR', name='vp_code_text', opacity=1.0, ori=0.0, pos=array([ 0. , -0.4]), rgb=UNKNOWN, text='', units='height', win=Window(...), wrapWidth=1)
0.0087 	EXP 	memo_training_slider: autoLog = True
0.0087 	EXP 	memo_training_slider: ticks = <class 'numpy.ndarray'>
0.0087 	EXP 	memo_training_slider: styleTweaks = []
0.0087 	EXP 	memo_training_slider: styleTweaks = []
0.0087 	EXP 	memo_training_slider: styleTweaks = []
0.0087 	EXP 	memo_training_slider: styleTweaks = []
0.0087 	EXP 	memo_training_slider: ticks = <class 'numpy.ndarray'>
0.0087 	EXP 	memo_training_slider: contrast = 1.0
0.0087 	EXP 	memo_training_slider: markerPos = None
0.0087 	EXP 	memo_training_slider: autoLog = True
0.0087 	EXP 	memotest_task_slider: autoLog = True
0.0087 	EXP 	memotest_task_slider: ticks = <class 'numpy.ndarray'>
0.0087 	EXP 	memotest_task_slider: styleTweaks = []
0.0087 	EXP 	memotest_task_slider: styleTweaks = []
0.0087 	EXP 	memotest_task_slider: styleTweaks = []
0.0087 	EXP 	memotest_task_slider: styleTweaks = []
0.0087 	EXP 	memotest_task_slider: ticks = <class 'numpy.ndarray'>
0.0087 	EXP 	memotest_task_slider: contrast = 1.0
0.0087 	EXP 	memotest_task_slider: markerPos = None
0.0087 	EXP 	memotest_task_slider: autoLog = True
0.0087 	EXP 	memotest_task_slider: autoLog = True
0.0087 	EXP 	memotest_task_slider: ticks = <class 'numpy.ndarray'>
0.0087 	EXP 	memotest_task_slider: styleTweaks = []
0.0087 	EXP 	memotest_task_slider: styleTweaks = []
0.0087 	EXP 	memotest_task_slider: styleTweaks = []
0.0087 	EXP 	memotest_task_slider: styleTweaks = []
0.0087 	EXP 	memotest_task_slider: ticks = <class 'numpy.ndarray'>
0.0087 	EXP 	memotest_task_slider: contrast = 1.0
0.0087 	EXP 	memotest_task_slider: markerPos = None
0.0087 	EXP 	memotest_task_slider: autoLog = True
0.0087 	EXP 	memotest_task_slider: autoLog = True
0.0087 	EXP 	memotest_task_slider: ticks = <class 'numpy.ndarray'>
0.0087 	EXP 	memotest_task_slider: styleTweaks = []
0.0087 	EXP 	memotest_task_slider: styleTweaks = []
0.0087 	EXP 	memotest_task_slider: styleTweaks = []
0.0087 	EXP 	memotest_task_slider: styleTweaks = []
0.0087 	EXP 	memotest_task_slider: ticks = <class 'numpy.ndarray'>
0.0087 	EXP 	memotest_task_slider: contrast = 1.0
0.0087 	EXP 	memotest_task_slider: markerPos = None
0.0087 	EXP 	memotest_task_slider: autoLog = True
0.0087 	EXP 	memotest_task_slider: autoLog = True
0.0087 	EXP 	memotest_task_slider: ticks = <class 'numpy.ndarray'>
0.0087 	EXP 	memotest_task_slider: styleTweaks = []
0.0087 	EXP 	memotest_task_slider: styleTweaks = []
0.0087 	EXP 	memotest_task_slider: styleTweaks = []
0.0087 	EXP 	memotest_task_slider: styleTweaks = []
0.0087 	EXP 	memotest_task_slider: ticks = <class 'numpy.ndarray'>
0.0087 	EXP 	memotest_task_slider: contrast = 1.0
0.0087 	EXP 	memotest_task_slider: markerPos = None
0.0087 	EXP 	memotest_task_slider: autoLog = True
0.0087 	EXP 	memotest_task_slider: autoLog = True
0.0087 	EXP 	memotest_task_slider: ticks = <class 'numpy.ndarray'>
0.0087 	EXP 	memotest_task_slider: styleTweaks = []
0.0087 	EXP 	memotest_task_slider: styleTweaks = []
0.0087 	EXP 	memotest_task_slider: styleTweaks = []
0.0087 	EXP 	memotest_task_slider: styleTweaks = []
0.0087 	EXP 	memotest_task_slider: ticks = <class 'numpy.ndarray'>
0.0087 	EXP 	memotest_task_slider: contrast = 1.0
0.0087 	EXP 	memotest_task_slider: markerPos = None
0.0087 	EXP 	memotest_task_slider: autoLog = True
0.0087 	EXP 	memotest_task_slider: autoLog = True
0.0087 	EXP 	memotest_task_slider: ticks = <class 'numpy.ndarray'>
0.0087 	EXP 	memotest_task_slider: styleTweaks = []
0.0087 	EXP 	memotest_task_slider: styleTweaks = []
0.0087 	EXP 	memotest_task_slider: styleTweaks = []
0.0087 	EXP 	memotest_task_slider: styleTweaks = []
0.0087 	EXP 	memotest_task_slider: ticks = <class 'numpy.ndarray'>
0.0087 	EXP 	memotest_task_slider: contrast = 1.0
0.0087 	EXP 	memotest_task_slider: markerPos = None
0.0087 	EXP 	memotest_task_slider: autoLog = True
0.0183 	EXP 	intro_text: autoDraw = True
0.9190 	DATA 	Keypress: space
0.9251 	WARNING 	t of last frame was 40.10ms (=1/24)
0.9251 	EXP 	intro_text: autoDraw = False
0.9251 	EXP 	consent_text: autoDraw = True
2.3405 	DATA 	Keypress: escape
2.3463 	WARNING 	t of last frame was 35.01ms (=1/28)
2.4458 	EXP 	SceneCat_2023_2_key_resp: status = STOPPED
2.4503 	EXP 	consent_text: autoDraw = False
2.4503 	EXP 	SceneCat_2023_2_key_resp: status = STOPPED
2.4941 	EXP 	window1: mouseVisible = True
