3.6830 	ERROR 	Plugin `psychopy-cedrus` entry point requires module `psychopy_cedrus`, but it cannot be imported.
11.5579 	WARNING 	User requested fullscreen with size [1920 1080], but screen is actually [1440, 900]. Using actual size
11.7310 	EXP 	Created window1 = Window(allowGUI=True, allowStencil=False, autoLog=True, backendConf=UNKNOWN, backgroundFit=<method-wrapper '__getattribute__' of attributeSetter object at 0x7f7b2c6b5ca0>, backgroundImage=<method-wrapper '__getattribute__' of attributeSetter object at 0x7f7b2c6b5c40>, bitsMode=UNKNOWN, blendMode='avg', bpc=(8, 8, 8), color=array([0, 0, 0]), colorSpace='rgb', depthBits=8, fullscr=<method-wrapper '__getattribute__' of attributeSetter object at 0x7f7b2c6b5730>, gamma=None, gammaErrorPolicy='raise', infoMsg=UNKNOWN, lms=UNKNOWN, monitor=<psychopy.monitors.calibTools.Monitor object at 0x7f7b1898e5e0>, multiSample=False, name='window1', numSamples=2, pos=[360.0, 225.0], screen=0, size=array([2880, 1800]), stencilBits=0, stereo=False, title='PsychoPy', units='height', useFBO=True, useRetina=True, viewOri=0.0, viewPos=None, viewScale=None, waitBlanking=True, winType='pyglet')
11.7311 	EXP 	window1: mouseVisible = True
11.7312 	EXP 	window1: backgroundImage = ''
11.7312 	EXP 	window1: backgroundFit = 'none'
11.7313 	EXP 	window1: mouseVisible = True
11.7315 	EXP 	window1: mouseVisible = True
11.7374 	EXP 	window1: mouseVisible = True
11.7379 	EXP 	window1: mouseVisible = True
11.7684 	EXP 	window1: mouseVisible = True
11.7685 	EXP 	window1: mouseVisible = True
11.7691 	EXP 	window1: mouseVisible = True
11.7695 	EXP 	window1: mouseVisible = True
11.7820 	EXP 	window1: Attempting to measure frame rate of screen (0) ...
11.7820 	EXP 	window1: recordFrameIntervals = False
11.9171 	EXP 	window1: recordFrameIntervals = True
12.7507 	WARNING 	Couldn't measure a consistent frame rate!
  - Is your graphics card set to sync to vertical blank?
  - Are you running other processes on your computer?

12.7528 	EXP 	window1: mouseVisible = False
14.6153 	EXP 	SceneCat_2023_2_key_resp: status = STARTED
14.6168 	EXP 	window1: mouseVisible = True
14.6850 	EXP 	Created intro_text = TextStim(__class__=<class 'psychopy.visual.text.TextStim'>, alignHoriz=method-wrapper(...), alignText='center', alignVert=method-wrapper(...), anchorHoriz='center', anchorVert='center', antialias=True, autoDraw=False, autoLog=True, bold=False, color=array([1., 1., 1.]), colorSpace='rgb', contrast=1.0, depth=0.0, draggable=False, flipHoriz=False, flipVert=False, font='Open Sans', fontFiles=[], height=0.05, italic=False, languageStyle='LTR', name='intro_text', opacity=1.0, ori=0.0, pos=array([0., 0.]), rgb=UNKNOWN, text=str(...), units='height', win=Window(...), wrapWidth=1)
14.6852 	EXP 	window1: mouseVisible = True
14.7234 	EXP 	Created consent_text = TextStim(__class__=<class 'psychopy.visual.text.TextStim'>, alignHoriz=method-wrapper(...), alignText='center', alignVert=method-wrapper(...), anchorHoriz='center', anchorVert='center', antialias=True, autoDraw=False, autoLog=True, bold=False, color=array([1., 1., 1.]), colorSpace='rgb', contrast=1.0, depth=0.0, draggable=False, flipHoriz=False, flipVert=False, font='Open Sans', fontFiles=[], height=0.028, italic=False, languageStyle='LTR', name='consent_text', opacity=1.0, ori=0.0, pos=array([0., 0.]), rgb=UNKNOWN, text=str(...), units='height', win=Window(...), wrapWidth=1)
14.7235 	EXP 	window1: mouseVisible = True
14.7505 	EXP 	Created consent_text_2 = TextStim(__class__=<class 'psychopy.visual.text.TextStim'>, alignHoriz=method-wrapper(...), alignText='center', alignVert=method-wrapper(...), anchorHoriz='center', anchorVert='center', antialias=True, autoDraw=False, autoLog=True, bold=False, color=array([1., 1., 1.]), colorSpace='rgb', contrast=1.0, depth=-1.0, draggable=False, flipHoriz=False, flipVert=False, font='Open Sans', fontFiles=[], height=0.028, italic=False, languageStyle='LTR', name='consent_text_2', opacity=1.0, ori=0.0, pos=array([0., 0.]), rgb=UNKNOWN, text=str(...), units='height', win=Window(...), wrapWidth=1)
14.7506 	EXP 	window1: mouseVisible = True
14.7892 	EXP 	Created data_safety_text_2 = TextStim(__class__=<class 'psychopy.visual.text.TextStim'>, alignHoriz=method-wrapper(...), alignText='center', alignVert=method-wrapper(...), anchorHoriz='center', anchorVert='center', antialias=True, autoDraw=False, autoLog=True, bold=False, color=array([1., 1., 1.]), colorSpace='rgb', contrast=1.0, depth=0.0, draggable=False, flipHoriz=False, flipVert=False, font='Open Sans', fontFiles=[], height=0.028, italic=False, languageStyle='LTR', name='data_safety_text_2', opacity=1.0, ori=0.0, pos=array([0., 0.]), rgb=UNKNOWN, text=str(...), units='height', win=Window(...), wrapWidth=1)
14.7893 	EXP 	window1: mouseVisible = True
14.8317 	EXP 	Created data_safety_2_text_2 = TextStim(__class__=<class 'psychopy.visual.text.TextStim'>, alignHoriz=method-wrapper(...), alignText='center', alignVert=method-wrapper(...), anchorHoriz='center', anchorVert='center', antialias=True, autoDraw=False, autoLog=True, bold=False, color=array([1., 1., 1.]), colorSpace='rgb', contrast=1.0, depth=0.0, draggable=False, flipHoriz=False, flipVert=False, font='Open Sans', fontFiles=[], height=0.028, italic=False, languageStyle='LTR', name='data_safety_2_text_2', opacity=1.0, ori=0.0, pos=array([0., 0.]), rgb=UNKNOWN, text=str(...), units='height', win=Window(...), wrapWidth=1)
14.8318 	EXP 	window1: mouseVisible = True
14.8810 	EXP 	Created instructions_cat_text_2 = TextStim(__class__=<class 'psychopy.visual.text.TextStim'>, alignHoriz=method-wrapper(...), alignText='center', alignVert=method-wrapper(...), anchorHoriz='center', anchorVert='center', antialias=True, autoDraw=False, autoLog=True, bold=False, color=array([1., 1., 1.]), colorSpace='rgb', contrast=1.0, depth=0.0, draggable=False, flipHoriz=False, flipVert=False, font='Open Sans', fontFiles=[], height=0.026, italic=False, languageStyle='LTR', name='instructions_cat_text_2', opacity=1.0, ori=0.0, pos=array([0., 0.]), rgb=UNKNOWN, text=str(...), units='height', win=Window(...), wrapWidth=1)
14.8811 	EXP 	window1: mouseVisible = True
14.8956 	EXP 	Created instructions_cat_2_text = TextStim(__class__=<class 'psychopy.visual.text.TextStim'>, alignHoriz=method-wrapper(...), alignText='center', alignVert=method-wrapper(...), anchorHoriz='center', anchorVert='center', antialias=True, autoDraw=False, autoLog=True, bold=False, color=array([1., 1., 1.]), colorSpace='rgb', contrast=1.0, depth=0.0, draggable=False, flipHoriz=False, flipVert=False, font='Open Sans', fontFiles=[], height=0.03, italic=False, languageStyle='LTR', name='instructions_cat_2_text', opacity=1.0, ori=0.0, pos=array([0., 0.]), rgb=UNKNOWN, text=str(...), units='height', win=Window(...), wrapWidth=1)
14.8956 	EXP 	window1: mouseVisible = True
14.8988 	EXP 	Created category_test_word = TextStim(__class__=<class 'psychopy.visual.text.TextStim'>, alignHoriz=method-wrapper(...), alignText='center', alignVert=method-wrapper(...), anchorHoriz='center', anchorVert='center', antialias=True, autoDraw=False, autoLog=True, bold=False, color=array([1., 1., 1.]), colorSpace='rgb', contrast=1.0, depth=0.0, draggable=False, flipHoriz=False, flipVert=False, font='Open Sans', fontFiles=[], height=0.05, italic=False, languageStyle='LTR', name='category_test_word', opacity=1.0, ori=0.0, pos=array([0., 0.]), rgb=UNKNOWN, text='Bahnhof', units='height', win=Window(...), wrapWidth=1)
14.8989 	EXP 	window1: mouseVisible = True
14.9045 	EXP 	Created fix_cat_training_question = TextStim(__class__=<class 'psychopy.visual.text.TextStim'>, alignHoriz=method-wrapper(...), alignText='center', alignVert=method-wrapper(...), anchorHoriz='center', anchorVert='center', antialias=True, autoDraw=False, autoLog=True, bold=False, color=array([1., 1., 1.]), colorSpace='rgb', contrast=1.0, depth=-1.0, draggable=False, flipHoriz=False, flipVert=False, font='Open Sans', fontFiles=[], height=0.05, italic=False, languageStyle='LTR', name='fix_cat_training_question', opacity=1.0, ori=0.0, pos=array([0. , 0.4]), rgb=UNKNOWN, text='Ist dies ein Bahnhof?', units='height', win=Window(...), wrapWidth=1)
14.9046 	EXP 	window1: mouseVisible = True
14.9072 	EXP 	Created fix_cat_training_no = TextStim(__class__=<class 'psychopy.visual.text.TextStim'>, alignHoriz=method-wrapper(...), alignText='center', alignVert=method-wrapper(...), anchorHoriz='center', anchorVert='center', antialias=True, autoDraw=False, autoLog=True, bold=False, color=array([1., 1., 1.]), colorSpace='rgb', contrast=1.0, depth=-2.0, draggable=False, flipHoriz=False, flipVert=False, font='Open Sans', fontFiles=[], height=0.05, italic=False, languageStyle='LTR', name='fix_cat_training_no', opacity=1.0, ori=0.0, pos=array([-0.6, -0.4]), rgb=UNKNOWN, text='f\n\nnein', units='height', win=Window(...), wrapWidth=1)
14.9073 	EXP 	window1: mouseVisible = True
14.9096 	EXP 	Created fix_cat_training_yes = TextStim(__class__=<class 'psychopy.visual.text.TextStim'>, alignHoriz=method-wrapper(...), alignText='center', alignVert=method-wrapper(...), anchorHoriz='center', anchorVert='center', antialias=True, autoDraw=False, autoLog=True, bold=False, color=array([1., 1., 1.]), colorSpace='rgb', contrast=1.0, depth=-3.0, draggable=False, flipHoriz=False, flipVert=False, font='Open Sans', fontFiles=[], height=0.05, italic=False, languageStyle='LTR', name='fix_cat_training_yes', opacity=1.0, ori=0.0, pos=array([ 0.6, -0.4]), rgb=UNKNOWN, text=' j\n\nja', units='height', win=Window(...), wrapWidth=1)
14.9097 	EXP 	window1: mouseVisible = True
14.9215 	EXP 	Created fix_cat_training_pic = ImageStim(__class__=<class 'psychopy.visual.image.ImageStim'>, anchor=('center', 'center'), autoLog=True, color=array([1., 1., 1.]), colorSpace='rgb', contrast=1.0, depth=-4.0, draggable=False, flipHoriz=False, flipVert=False, image='fixationskreuz.png', interpolate=True, mask=None, maskParams=None, name='fix_cat_training_pic', opacity=1.0, ori=0.0, pos=array([0., 0.]), size=array([0.1, 0.1]), texRes=128.0, units='height', win=Window(...))
14.9216 	EXP 	window1: mouseVisible = True
14.9267 	EXP 	Created cat_training_fix = ImageStim(__class__=<class 'psychopy.visual.image.ImageStim'>, anchor=('center', 'center'), autoLog=True, color=array([1., 1., 1.]), colorSpace='rgb', contrast=1.0, depth=0.0, draggable=False, flipHoriz=False, flipVert=False, image='fixationskreuz.png', interpolate=True, mask=None, maskParams=None, name='cat_training_fix', opacity=1.0, ori=0.0, pos=array([0., 0.]), size=array([0.1, 0.1]), texRes=128.0, units='height', win=Window(...))
14.9268 	EXP 	window1: mouseVisible = True
14.9308 	EXP 	Created cat_training_stim = ImageStim(__class__=<class 'psychopy.visual.image.ImageStim'>, anchor=('center', 'center'), autoLog=True, color=array([1., 1., 1.]), colorSpace='rgb', contrast=1.0, depth=-1.0, draggable=False, flipHoriz=False, flipVert=False, image='default.png', interpolate=True, mask=None, maskParams=None, name='cat_training_stim', opacity=1.0, ori=0.0, pos=array([0., 0.]), size=array([0.4, 0.4]), texRes=128.0, units='height', win=Window(...))
14.9309 	EXP 	window1: mouseVisible = True
14.9334 	EXP 	Created cat_training_question = TextStim(__class__=<class 'psychopy.visual.text.TextStim'>, alignHoriz=method-wrapper(...), alignText='center', alignVert=method-wrapper(...), anchorHoriz='center', anchorVert='center', antialias=True, autoDraw=False, autoLog=True, bold=False, color=array([1., 1., 1.]), colorSpace='rgb', contrast=1.0, depth=-3.0, draggable=False, flipHoriz=False, flipVert=False, font='Open Sans', fontFiles=[], height=0.05, italic=False, languageStyle='LTR', name='cat_training_question', opacity=1.0, ori=0.0, pos=array([0. , 0.4]), rgb=UNKNOWN, text='Ist dies ein Bahnhof?', units='height', win=Window(...), wrapWidth=1)
14.9335 	EXP 	window1: mouseVisible = True
14.9356 	EXP 	Created cat_training_no = TextStim(__class__=<class 'psychopy.visual.text.TextStim'>, alignHoriz=method-wrapper(...), alignText='center', alignVert=method-wrapper(...), anchorHoriz='center', anchorVert='center', antialias=True, autoDraw=False, autoLog=True, bold=False, color=array([1., 1., 1.]), colorSpace='rgb', contrast=1.0, depth=-4.0, draggable=False, flipHoriz=False, flipVert=False, font='Open Sans', fontFiles=[], height=0.05, italic=False, languageStyle='LTR', name='cat_training_no', opacity=1.0, ori=0.0, pos=array([-0.6, -0.4]), rgb=UNKNOWN, text='f\n\nnein', units='height', win=Window(...), wrapWidth=1)
14.9356 	EXP 	window1: mouseVisible = True
14.9375 	EXP 	Created cat_training_yes = TextStim(__class__=<class 'psychopy.visual.text.TextStim'>, alignHoriz=method-wrapper(...), alignText='center', alignVert=method-wrapper(...), anchorHoriz='center', anchorVert='center', antialias=True, autoDraw=False, autoLog=True, bold=False, color=array([1., 1., 1.]), colorSpace='rgb', contrast=1.0, depth=-5.0, draggable=False, flipHoriz=False, flipVert=False, font='Open Sans', fontFiles=[], height=0.05, italic=False, languageStyle='LTR', name='cat_training_yes', opacity=1.0, ori=0.0, pos=array([ 0.6, -0.4]), rgb=UNKNOWN, text=' j\n\nja', units='height', win=Window(...), wrapWidth=1)
14.9376 	EXP 	window1: mouseVisible = True
14.9384 	EXP 	Created cat_train_feedback_text = TextStim(__class__=<class 'psychopy.visual.text.TextStim'>, alignHoriz=method-wrapper(...), alignText='center', alignVert=method-wrapper(...), anchorHoriz='center', anchorVert='center', antialias=True, autoDraw=False, autoLog=True, bold=False, color=array([1., 1., 1.]), colorSpace='rgb', contrast=1.0, depth=-1.0, draggable=False, flipHoriz=False, flipVert=False, font='Open Sans', fontFiles=[], height=0.05, italic=False, languageStyle='LTR', name='cat_train_feedback_text', opacity=1.0, ori=0.0, pos=array([0., 0.]), rgb=UNKNOWN, text='', units='height', win=Window(...), wrapWidth=1)
14.9385 	EXP 	window1: mouseVisible = True
14.9404 	EXP 	Created cat_train_feedb_no = TextStim(__class__=<class 'psychopy.visual.text.TextStim'>, alignHoriz=method-wrapper(...), alignText='center', alignVert=method-wrapper(...), anchorHoriz='center', anchorVert='center', antialias=True, autoDraw=False, autoLog=True, bold=False, color=array([1., 1., 1.]), colorSpace='rgb', contrast=1.0, depth=-2.0, draggable=False, flipHoriz=False, flipVert=False, font='Open Sans', fontFiles=[], height=0.05, italic=False, languageStyle='LTR', name='cat_train_feedb_no', opacity=1.0, ori=0.0, pos=array([-0.6, -0.4]), rgb=UNKNOWN, text='f\n\nnein', units='height', win=Window(...), wrapWidth=1)
14.9405 	EXP 	window1: mouseVisible = True
14.9423 	EXP 	Created cat_train_feedb_yes = TextStim(__class__=<class 'psychopy.visual.text.TextStim'>, alignHoriz=method-wrapper(...), alignText='center', alignVert=method-wrapper(...), anchorHoriz='center', anchorVert='center', antialias=True, autoDraw=False, autoLog=True, bold=False, color=array([1., 1., 1.]), colorSpace='rgb', contrast=1.0, depth=-3.0, draggable=False, flipHoriz=False, flipVert=False, font='Open Sans', fontFiles=[], height=0.05, italic=False, languageStyle='LTR', name='cat_train_feedb_yes', opacity=1.0, ori=0.0, pos=array([ 0.6, -0.4]), rgb=UNKNOWN, text=' j\n\nja', units='height', win=Window(...), wrapWidth=1)
14.9424 	EXP 	window1: mouseVisible = True
14.9447 	EXP 	Created cat_train_feedb_question = TextStim(__class__=<class 'psychopy.visual.text.TextStim'>, alignHoriz=method-wrapper(...), alignText='center', alignVert=method-wrapper(...), anchorHoriz='center', anchorVert='center', antialias=True, autoDraw=False, autoLog=True, bold=False, color=array([1., 1., 1.]), colorSpace='rgb', contrast=1.0, depth=-4.0, draggable=False, flipHoriz=False, flipVert=False, font='Open Sans', fontFiles=[], height=0.05, italic=False, languageStyle='LTR', name='cat_train_feedb_question', opacity=1.0, ori=0.0, pos=array([0. , 0.4]), rgb=UNKNOWN, text='Ist dies ein Bahnhof?', units='height', win=Window(...), wrapWidth=1)
14.9447 	EXP 	window1: mouseVisible = True
14.9673 	EXP 	Created instructions_memo_text = TextStim(__class__=<class 'psychopy.visual.text.TextStim'>, alignHoriz=method-wrapper(...), alignText='center', alignVert=method-wrapper(...), anchorHoriz='center', anchorVert='center', antialias=True, autoDraw=False, autoLog=True, bold=False, color=array([1., 1., 1.]), colorSpace='rgb', contrast=1.0, depth=0.0, draggable=False, flipHoriz=False, flipVert=False, font='Open Sans', fontFiles=[], height=0.035, italic=False, languageStyle='LTR', name='instructions_memo_text', opacity=1.0, ori=0.0, pos=array([0., 0.]), rgb=UNKNOWN, text=str(...), units='height', win=Window(...), wrapWidth=1)
14.9674 	EXP 	window1: mouseVisible = True
14.9735 	EXP 	Created memo_fix_pic = ImageStim(__class__=<class 'psychopy.visual.image.ImageStim'>, anchor=('center', 'center'), autoLog=True, color=array([1., 1., 1.]), colorSpace='rgb', contrast=1.0, depth=-1.0, draggable=False, flipHoriz=False, flipVert=False, image='fixationskreuz.png', interpolate=True, mask=None, maskParams=None, name='memo_fix_pic', opacity=1.0, ori=0.0, pos=array([0., 0.]), size=array([0.1, 0.1]), texRes=128.0, units='height', win=Window(...))
14.9735 	EXP 	window1: mouseVisible = True
14.9746 	EXP 	Created memo_training_fix = ImageStim(__class__=<class 'psychopy.visual.image.ImageStim'>, anchor=('center', 'center'), autoLog=True, color=array([1., 1., 1.]), colorSpace='rgb', contrast=1.0, depth=0.0, draggable=False, flipHoriz=False, flipVert=False, image=None, interpolate=True, mask=None, maskParams=None, name='memo_training_fix', opacity=1.0, ori=0.0, pos=array([0., 0.]), size=array([0.1, 0.1]), texRes=128.0, units='height', win=Window(...))
14.9746 	EXP 	window1: mouseVisible = True
14.9778 	EXP 	Created memo_training_stim = ImageStim(__class__=<class 'psychopy.visual.image.ImageStim'>, anchor=('center', 'center'), autoLog=True, color=array([1., 1., 1.]), colorSpace='rgb', contrast=1.0, depth=-1.0, draggable=False, flipHoriz=False, flipVert=False, image='default.png', interpolate=True, mask=None, maskParams=None, name='memo_training_stim', opacity=1.0, ori=0.0, pos=array([0., 0.]), size=array([0.4, 0.4]), texRes=128.0, units='height', win=Window(...))
14.9911 	EXP 	window1: mouseVisible = True
14.9915 	EXP 	window1: mouseVisible = True
14.9954 	EXP 	window1: mouseVisible = True
14.9955 	EXP 	window1: mouseVisible = True
14.9960 	EXP 	window1: mouseVisible = True
14.9965 	EXP 	window1: mouseVisible = True
15.0144 	EXP 	window1: mouseVisible = True
15.0146 	EXP 	window1: mouseVisible = True
15.0150 	EXP 	window1: mouseVisible = True
15.0154 	EXP 	window1: mouseVisible = True
15.0265 	EXP 	window1: mouseVisible = True
15.0266 	EXP 	window1: mouseVisible = True
15.0270 	EXP 	window1: mouseVisible = True
15.0275 	EXP 	window1: mouseVisible = True
15.0355 	EXP 	window1: mouseVisible = True
15.0356 	EXP 	window1: mouseVisible = True
15.0360 	EXP 	window1: mouseVisible = True
15.0365 	EXP 	window1: mouseVisible = True
15.0412 	EXP 	window1: mouseVisible = True
15.0414 	EXP 	window1: mouseVisible = True
15.0418 	EXP 	window1: mouseVisible = True
15.0422 	EXP 	window1: mouseVisible = True
15.0516 	EXP 	window1: mouseVisible = True
15.0517 	EXP 	window1: mouseVisible = True
15.0522 	EXP 	window1: mouseVisible = True
15.0526 	EXP 	window1: mouseVisible = True
15.0575 	EXP 	window1: mouseVisible = True
15.0576 	EXP 	window1: mouseVisible = True
15.0580 	EXP 	window1: mouseVisible = True
15.0584 	EXP 	window1: mouseVisible = True
15.0663 	EXP 	window1: mouseVisible = True
15.0664 	EXP 	window1: mouseVisible = True
15.0668 	EXP 	window1: mouseVisible = True
15.0672 	EXP 	window1: mouseVisible = True
15.0721 	EXP 	window1: mouseVisible = True
15.0739 	EXP 	window1: mouseVisible = True
15.1167 	EXP 	Created memo_training_slider = Slider(__class__=<class 'psychopy.visual.slider.Slider'>, autoDraw=False, autoLog=True, borderColor=None, color=None, colorSpace='rgb', depth=-2, fillColor=None, flip=False, font='Open Sans', granularity=1.0, labelColor=None, labelHeight=0.04, labelWrapWidth=None, labels=list(...), lineColor=None, markerColor=None, name='memo_training_slider', opacity=None, ori=0.0, pos=array([ 0. , -0.3]), readOnly=False, self=UNKNOWN, size=array([0.8 , 0.05]), startValue=None, style='radio', styleTweaks=[], ticks=array([0, 1, 2, 3]), units='height', win=Window(...))
15.1168 	EXP 	window1: mouseVisible = True
15.1176 	EXP 	Created memo_train_feedb_text = TextStim(__class__=<class 'psychopy.visual.text.TextStim'>, alignHoriz=method-wrapper(...), alignText='center', alignVert=method-wrapper(...), anchorHoriz='center', anchorVert='center', antialias=True, autoDraw=False, autoLog=True, bold=False, color=array([1., 1., 1.]), colorSpace='rgb', contrast=1.0, depth=-1.0, draggable=False, flipHoriz=False, flipVert=False, font='Open Sans', fontFiles=[], height=0.05, italic=False, languageStyle='LTR', name='memo_train_feedb_text', opacity=1.0, ori=0.0, pos=array([0., 0.]), rgb=UNKNOWN, text='', units='height', win=Window(...), wrapWidth=1)
15.1177 	EXP 	window1: mouseVisible = True
15.1290 	EXP 	Created start_cat_text = TextStim(__class__=<class 'psychopy.visual.text.TextStim'>, alignHoriz=method-wrapper(...), alignText='center', alignVert=method-wrapper(...), anchorHoriz='center', anchorVert='center', antialias=True, autoDraw=False, autoLog=True, bold=False, color=array([1., 1., 1.]), colorSpace='rgb', contrast=1.0, depth=0.0, draggable=False, flipHoriz=False, flipVert=False, font='Open Sans', fontFiles=[], height=0.05, italic=False, languageStyle='LTR', name='start_cat_text', opacity=1.0, ori=0.0, pos=array([0., 0.]), rgb=UNKNOWN, text=str(...), units='height', win=Window(...), wrapWidth=1)
15.1291 	EXP 	window1: mouseVisible = True
15.1312 	EXP 	Created kitchen_a_text = TextStim(__class__=<class 'psychopy.visual.text.TextStim'>, alignHoriz=method-wrapper(...), alignText='center', alignVert=method-wrapper(...), anchorHoriz='center', anchorVert='center', antialias=True, autoDraw=False, autoLog=True, bold=False, color=array([1., 1., 1.]), colorSpace='rgb', contrast=1.0, depth=0.0, draggable=False, flipHoriz=False, flipVert=False, font='Open Sans', fontFiles=[], height=0.05, italic=False, languageStyle='LTR', name='kitchen_a_text', opacity=1.0, ori=0.0, pos=array([0., 0.]), rgb=UNKNOWN, text='Küche', units='height', win=Window(...), wrapWidth=1)
15.1313 	EXP 	window1: mouseVisible = True
15.1348 	EXP 	Created kitchen_a_text_2 = TextStim(__class__=<class 'psychopy.visual.text.TextStim'>, alignHoriz=method-wrapper(...), alignText='center', alignVert=method-wrapper(...), anchorHoriz='center', anchorVert='center', antialias=True, autoDraw=False, autoLog=True, bold=False, color=array([1., 1., 1.]), colorSpace='rgb', contrast=1.0, depth=-1.0, draggable=False, flipHoriz=False, flipVert=False, font='Open Sans', fontFiles=[], height=0.05, italic=False, languageStyle='LTR', name='kitchen_a_text_2', opacity=1.0, ori=0.0, pos=array([ 0. , -0.2]), rgb=UNKNOWN, text=str(...), units='height', win=Window(...), wrapWidth=1)
15.1349 	EXP 	window1: mouseVisible = True
15.1358 	EXP 	Created kitchen_a_block_no = TextStim(__class__=<class 'psychopy.visual.text.TextStim'>, alignHoriz=method-wrapper(...), alignText='center', alignVert=method-wrapper(...), anchorHoriz='center', anchorVert='center', antialias=True, autoDraw=False, autoLog=True, bold=False, color=array([1., 1., 1.]), colorSpace='rgb', contrast=1.0, depth=-3.0, draggable=False, flipHoriz=False, flipVert=False, font='Open Sans', fontFiles=[], height=0.05, italic=False, languageStyle='LTR', name='kitchen_a_block_no', opacity=1.0, ori=0.0, pos=array([ 0. , -0.2]), rgb=UNKNOWN, text='', units='height', win=Window(...), wrapWidth=1)
15.1359 	EXP 	window1: mouseVisible = True
15.1413 	EXP 	Created random_isi_kitchen_fix = ImageStim(__class__=<class 'psychopy.visual.image.ImageStim'>, anchor=('center', 'center'), autoLog=True, color=array([1., 1., 1.]), colorSpace='rgb', contrast=1.0, depth=0.0, draggable=False, flipHoriz=False, flipVert=False, image='fixationskreuz.png', interpolate=True, mask=None, maskParams=None, name='random_isi_kitchen_fix', opacity=1.0, ori=0.0, pos=array([0., 0.]), size=array([0.1, 0.1]), texRes=128.0, units='height', win=Window(...))
15.1414 	EXP 	window1: mouseVisible = True
15.1434 	EXP 	Created random_isi_kitchen_no = TextStim(__class__=<class 'psychopy.visual.text.TextStim'>, alignHoriz=method-wrapper(...), alignText='center', alignVert=method-wrapper(...), anchorHoriz='center', anchorVert='center', antialias=True, autoDraw=False, autoLog=True, bold=False, color=array([1., 1., 1.]), colorSpace='rgb', contrast=1.0, depth=-2.0, draggable=False, flipHoriz=False, flipVert=False, font='Open Sans', fontFiles=[], height=0.05, italic=False, languageStyle='LTR', name='random_isi_kitchen_no', opacity=1.0, ori=0.0, pos=array([-0.6, -0.4]), rgb=UNKNOWN, text='f\n\nnein', units='height', win=Window(...), wrapWidth=1)
15.1435 	EXP 	window1: mouseVisible = True
15.1454 	EXP 	Created random_isi_kitchen_yes = TextStim(__class__=<class 'psychopy.visual.text.TextStim'>, alignHoriz=method-wrapper(...), alignText='center', alignVert=method-wrapper(...), anchorHoriz='center', anchorVert='center', antialias=True, autoDraw=False, autoLog=True, bold=False, color=array([1., 1., 1.]), colorSpace='rgb', contrast=1.0, depth=-3.0, draggable=False, flipHoriz=False, flipVert=False, font='Open Sans', fontFiles=[], height=0.05, italic=False, languageStyle='LTR', name='random_isi_kitchen_yes', opacity=1.0, ori=0.0, pos=array([ 0.6, -0.4]), rgb=UNKNOWN, text=' j\n\nja', units='height', win=Window(...), wrapWidth=1)
15.1454 	EXP 	window1: mouseVisible = True
15.1477 	EXP 	Created random_isi_kitchen_question = TextStim(__class__=<class 'psychopy.visual.text.TextStim'>, alignHoriz=method-wrapper(...), alignText='center', alignVert=method-wrapper(...), anchorHoriz='center', anchorVert='center', antialias=True, autoDraw=False, autoLog=True, bold=False, color=array([1., 1., 1.]), colorSpace='rgb', contrast=1.0, depth=-4.0, draggable=False, flipHoriz=False, flipVert=False, font='Open Sans', fontFiles=[], height=0.05, italic=False, languageStyle='LTR', name='random_isi_kitchen_question', opacity=1.0, ori=0.0, pos=array([0. , 0.4]), rgb=UNKNOWN, text='Ist dies eine Küche?', units='height', win=Window(...), wrapWidth=1)
15.1478 	EXP 	window1: mouseVisible = True
15.1528 	EXP 	Created kitchen_fix = ImageStim(__class__=<class 'psychopy.visual.image.ImageStim'>, anchor=('center', 'center'), autoLog=True, color=array([1., 1., 1.]), colorSpace='rgb', contrast=1.0, depth=0.0, draggable=False, flipHoriz=False, flipVert=False, image='fixationskreuz.png', interpolate=True, mask=None, maskParams=None, name='kitchen_fix', opacity=1.0, ori=0.0, pos=array([0., 0.]), size=array([0.1, 0.1]), texRes=128.0, units='height', win=Window(...))
15.1529 	EXP 	window1: mouseVisible = True
15.1561 	EXP 	Created kitchen_image = ImageStim(__class__=<class 'psychopy.visual.image.ImageStim'>, anchor=('center', 'center'), autoLog=True, color=array([1., 1., 1.]), colorSpace='rgb', contrast=1.0, depth=-1.0, draggable=False, flipHoriz=False, flipVert=False, image='default.png', interpolate=True, mask=None, maskParams=None, name='kitchen_image', opacity=1.0, ori=0.0, pos=array([0., 0.]), size=array([0.4, 0.4]), texRes=128.0, units='height', win=Window(...))
15.1562 	EXP 	window1: mouseVisible = True
15.1582 	EXP 	Created kitchen_picture_no = TextStim(__class__=<class 'psychopy.visual.text.TextStim'>, alignHoriz=method-wrapper(...), alignText='center', alignVert=method-wrapper(...), anchorHoriz='center', anchorVert='center', antialias=True, autoDraw=False, autoLog=True, bold=False, color=array([1., 1., 1.]), colorSpace='rgb', contrast=1.0, depth=-2.0, draggable=False, flipHoriz=False, flipVert=False, font='Open Sans', fontFiles=[], height=0.05, italic=False, languageStyle='LTR', name='kitchen_picture_no', opacity=1.0, ori=0.0, pos=array([-0.6, -0.4]), rgb=UNKNOWN, text='f\n\nnein', units='height', win=Window(...), wrapWidth=1)
15.1583 	EXP 	window1: mouseVisible = True
15.1601 	EXP 	Created kitchen_picture_yes = TextStim(__class__=<class 'psychopy.visual.text.TextStim'>, alignHoriz=method-wrapper(...), alignText='center', alignVert=method-wrapper(...), anchorHoriz='center', anchorVert='center', antialias=True, autoDraw=False, autoLog=True, bold=False, color=array([1., 1., 1.]), colorSpace='rgb', contrast=1.0, depth=-3.0, draggable=False, flipHoriz=False, flipVert=False, font='Open Sans', fontFiles=[], height=0.05, italic=False, languageStyle='LTR', name='kitchen_picture_yes', opacity=1.0, ori=0.0, pos=array([ 0.6, -0.4]), rgb=UNKNOWN, text=' j\n\nja', units='height', win=Window(...), wrapWidth=1)
15.1602 	EXP 	window1: mouseVisible = True
15.1624 	EXP 	Created kitchen_picture_question = TextStim(__class__=<class 'psychopy.visual.text.TextStim'>, alignHoriz=method-wrapper(...), alignText='center', alignVert=method-wrapper(...), anchorHoriz='center', anchorVert='center', antialias=True, autoDraw=False, autoLog=True, bold=False, color=array([1., 1., 1.]), colorSpace='rgb', contrast=1.0, depth=-4.0, draggable=False, flipHoriz=False, flipVert=False, font='Open Sans', fontFiles=[], height=0.05, italic=False, languageStyle='LTR', name='kitchen_picture_question', opacity=1.0, ori=0.0, pos=array([0. , 0.4]), rgb=UNKNOWN, text='Ist dies eine Küche?', units='height', win=Window(...), wrapWidth=1)
15.1625 	EXP 	window1: mouseVisible = True
15.1671 	EXP 	Created kitchen_a_memo_instr_text = TextStim(__class__=<class 'psychopy.visual.text.TextStim'>, alignHoriz=method-wrapper(...), alignText='center', alignVert=method-wrapper(...), anchorHoriz='center', anchorVert='center', antialias=True, autoDraw=False, autoLog=True, bold=False, color=array([1., 1., 1.]), colorSpace='rgb', contrast=1.0, depth=0.0, draggable=False, flipHoriz=False, flipVert=False, font='Open Sans', fontFiles=[], height=0.05, italic=False, languageStyle='LTR', name='kitchen_a_memo_instr_text', opacity=1.0, ori=0.0, pos=array([0., 0.]), rgb=UNKNOWN, text=str(...), units='height', win=Window(...), wrapWidth=1)
15.1672 	EXP 	window1: mouseVisible = True
15.1726 	EXP 	Created memo_fix_pic = ImageStim(__class__=<class 'psychopy.visual.image.ImageStim'>, anchor=('center', 'center'), autoLog=True, color=array([1., 1., 1.]), colorSpace='rgb', contrast=1.0, depth=-1.0, draggable=False, flipHoriz=False, flipVert=False, image='fixationskreuz.png', interpolate=True, mask=None, maskParams=None, name='memo_fix_pic', opacity=1.0, ori=0.0, pos=array([0., 0.]), size=array([0.1, 0.1]), texRes=128.0, units='height', win=Window(...))
15.1727 	EXP 	window1: mouseVisible = True
15.1758 	EXP 	Created memotest_task_stim = ImageStim(__class__=<class 'psychopy.visual.image.ImageStim'>, anchor=('center', 'center'), autoLog=True, color=array([1., 1., 1.]), colorSpace='rgb', contrast=1.0, depth=0.0, draggable=False, flipHoriz=False, flipVert=False, image='default.png', interpolate=True, mask=None, maskParams=None, name='memotest_task_stim', opacity=1.0, ori=0.0, pos=array([0., 0.]), size=array([0.4, 0.4]), texRes=128.0, units='height', win=Window(...))
15.1785 	EXP 	window1: mouseVisible = True
15.1788 	EXP 	window1: mouseVisible = True
15.1823 	EXP 	window1: mouseVisible = True
15.1824 	EXP 	window1: mouseVisible = True
15.1829 	EXP 	window1: mouseVisible = True
15.1834 	EXP 	window1: mouseVisible = True
15.1883 	EXP 	window1: mouseVisible = True
15.1884 	EXP 	window1: mouseVisible = True
15.1888 	EXP 	window1: mouseVisible = True
15.1892 	EXP 	window1: mouseVisible = True
15.1940 	EXP 	window1: mouseVisible = True
15.1941 	EXP 	window1: mouseVisible = True
15.1945 	EXP 	window1: mouseVisible = True
15.1949 	EXP 	window1: mouseVisible = True
15.1995 	EXP 	window1: mouseVisible = True
15.1996 	EXP 	window1: mouseVisible = True
15.2000 	EXP 	window1: mouseVisible = True
15.2005 	EXP 	window1: mouseVisible = True
15.2059 	EXP 	window1: mouseVisible = True
15.2060 	EXP 	window1: mouseVisible = True
15.2065 	EXP 	window1: mouseVisible = True
15.2070 	EXP 	window1: mouseVisible = True
15.2125 	EXP 	window1: mouseVisible = True
15.2126 	EXP 	window1: mouseVisible = True
15.2131 	EXP 	window1: mouseVisible = True
15.2136 	EXP 	window1: mouseVisible = True
15.2194 	EXP 	window1: mouseVisible = True
15.2195 	EXP 	window1: mouseVisible = True
15.2200 	EXP 	window1: mouseVisible = True
15.2205 	EXP 	window1: mouseVisible = True
15.2261 	EXP 	window1: mouseVisible = True
15.2263 	EXP 	window1: mouseVisible = True
15.2268 	EXP 	window1: mouseVisible = True
15.2272 	EXP 	window1: mouseVisible = True
15.2328 	EXP 	window1: mouseVisible = True
15.2342 	EXP 	window1: mouseVisible = True
15.2767 	EXP 	Created memotest_task_slider = Slider(__class__=<class 'psychopy.visual.slider.Slider'>, autoDraw=False, autoLog=True, borderColor=None, color=None, colorSpace='rgb', depth=-1, fillColor=None, flip=False, font='Open Sans', granularity=1.0, labelColor=None, labelHeight=0.04, labelWrapWidth=None, labels=list(...), lineColor=None, markerColor=None, name='memotest_task_slider', opacity=None, ori=0.0, pos=array([ 0. , -0.3]), readOnly=False, self=UNKNOWN, size=array([0.8 , 0.05]), startValue=None, style='radio', styleTweaks=[], ticks=array([0, 1, 2, 3]), units='height', win=Window(...))
15.2768 	EXP 	window1: mouseVisible = True
15.2787 	EXP 	Created kitchen_b_text = TextStim(__class__=<class 'psychopy.visual.text.TextStim'>, alignHoriz=method-wrapper(...), alignText='center', alignVert=method-wrapper(...), anchorHoriz='center', anchorVert='center', antialias=True, autoDraw=False, autoLog=True, bold=False, color=array([1., 1., 1.]), colorSpace='rgb', contrast=1.0, depth=0.0, draggable=False, flipHoriz=False, flipVert=False, font='Open Sans', fontFiles=[], height=0.05, italic=False, languageStyle='LTR', name='kitchen_b_text', opacity=1.0, ori=0.0, pos=array([0., 0.]), rgb=UNKNOWN, text='Küche', units='height', win=Window(...), wrapWidth=1)
15.2788 	EXP 	window1: mouseVisible = True
15.2821 	EXP 	Created kitchen_b_text_2 = TextStim(__class__=<class 'psychopy.visual.text.TextStim'>, alignHoriz=method-wrapper(...), alignText='center', alignVert=method-wrapper(...), anchorHoriz='center', anchorVert='center', antialias=True, autoDraw=False, autoLog=True, bold=False, color=array([1., 1., 1.]), colorSpace='rgb', contrast=1.0, depth=-1.0, draggable=False, flipHoriz=False, flipVert=False, font='Open Sans', fontFiles=[], height=0.05, italic=False, languageStyle='LTR', name='kitchen_b_text_2', opacity=1.0, ori=0.0, pos=array([ 0. , -0.2]), rgb=UNKNOWN, text=str(...), units='height', win=Window(...), wrapWidth=1)
15.2822 	EXP 	window1: mouseVisible = True
15.2831 	EXP 	Created kitchen_b_block_no = TextStim(__class__=<class 'psychopy.visual.text.TextStim'>, alignHoriz=method-wrapper(...), alignText='center', alignVert=method-wrapper(...), anchorHoriz='center', anchorVert='center', antialias=True, autoDraw=False, autoLog=True, bold=False, color=array([1., 1., 1.]), colorSpace='rgb', contrast=1.0, depth=-3.0, draggable=False, flipHoriz=False, flipVert=False, font='Open Sans', fontFiles=[], height=0.05, italic=False, languageStyle='LTR', name='kitchen_b_block_no', opacity=1.0, ori=0.0, pos=array([ 0. , -0.2]), rgb=UNKNOWN, text='', units='height', win=Window(...), wrapWidth=1)
15.2831 	EXP 	window1: mouseVisible = True
15.2893 	EXP 	Created random_isi_kitchen_fix = ImageStim(__class__=<class 'psychopy.visual.image.ImageStim'>, anchor=('center', 'center'), autoLog=True, color=array([1., 1., 1.]), colorSpace='rgb', contrast=1.0, depth=0.0, draggable=False, flipHoriz=False, flipVert=False, image='fixationskreuz.png', interpolate=True, mask=None, maskParams=None, name='random_isi_kitchen_fix', opacity=1.0, ori=0.0, pos=array([0., 0.]), size=array([0.1, 0.1]), texRes=128.0, units='height', win=Window(...))
15.2894 	EXP 	window1: mouseVisible = True
15.2914 	EXP 	Created random_isi_kitchen_no = TextStim(__class__=<class 'psychopy.visual.text.TextStim'>, alignHoriz=method-wrapper(...), alignText='center', alignVert=method-wrapper(...), anchorHoriz='center', anchorVert='center', antialias=True, autoDraw=False, autoLog=True, bold=False, color=array([1., 1., 1.]), colorSpace='rgb', contrast=1.0, depth=-2.0, draggable=False, flipHoriz=False, flipVert=False, font='Open Sans', fontFiles=[], height=0.05, italic=False, languageStyle='LTR', name='random_isi_kitchen_no', opacity=1.0, ori=0.0, pos=array([-0.6, -0.4]), rgb=UNKNOWN, text='f\n\nnein', units='height', win=Window(...), wrapWidth=1)
15.2915 	EXP 	window1: mouseVisible = True
15.2933 	EXP 	Created random_isi_kitchen_yes = TextStim(__class__=<class 'psychopy.visual.text.TextStim'>, alignHoriz=method-wrapper(...), alignText='center', alignVert=method-wrapper(...), anchorHoriz='center', anchorVert='center', antialias=True, autoDraw=False, autoLog=True, bold=False, color=array([1., 1., 1.]), colorSpace='rgb', contrast=1.0, depth=-3.0, draggable=False, flipHoriz=False, flipVert=False, font='Open Sans', fontFiles=[], height=0.05, italic=False, languageStyle='LTR', name='random_isi_kitchen_yes', opacity=1.0, ori=0.0, pos=array([ 0.6, -0.4]), rgb=UNKNOWN, text=' j\n\nja', units='height', win=Window(...), wrapWidth=1)
15.2934 	EXP 	window1: mouseVisible = True
15.2957 	EXP 	Created random_isi_kitchen_question = TextStim(__class__=<class 'psychopy.visual.text.TextStim'>, alignHoriz=method-wrapper(...), alignText='center', alignVert=method-wrapper(...), anchorHoriz='center', anchorVert='center', antialias=True, autoDraw=False, autoLog=True, bold=False, color=array([1., 1., 1.]), colorSpace='rgb', contrast=1.0, depth=-4.0, draggable=False, flipHoriz=False, flipVert=False, font='Open Sans', fontFiles=[], height=0.05, italic=False, languageStyle='LTR', name='random_isi_kitchen_question', opacity=1.0, ori=0.0, pos=array([0. , 0.4]), rgb=UNKNOWN, text='Ist dies eine Küche?', units='height', win=Window(...), wrapWidth=1)
15.2958 	EXP 	window1: mouseVisible = True
15.3009 	EXP 	Created kitchen_fix = ImageStim(__class__=<class 'psychopy.visual.image.ImageStim'>, anchor=('center', 'center'), autoLog=True, color=array([1., 1., 1.]), colorSpace='rgb', contrast=1.0, depth=0.0, draggable=False, flipHoriz=False, flipVert=False, image='fixationskreuz.png', interpolate=True, mask=None, maskParams=None, name='kitchen_fix', opacity=1.0, ori=0.0, pos=array([0., 0.]), size=array([0.1, 0.1]), texRes=128.0, units='height', win=Window(...))
15.3009 	EXP 	window1: mouseVisible = True
15.3042 	EXP 	Created kitchen_image = ImageStim(__class__=<class 'psychopy.visual.image.ImageStim'>, anchor=('center', 'center'), autoLog=True, color=array([1., 1., 1.]), colorSpace='rgb', contrast=1.0, depth=-1.0, draggable=False, flipHoriz=False, flipVert=False, image='default.png', interpolate=True, mask=None, maskParams=None, name='kitchen_image', opacity=1.0, ori=0.0, pos=array([0., 0.]), size=array([0.4, 0.4]), texRes=128.0, units='height', win=Window(...))
15.3043 	EXP 	window1: mouseVisible = True
15.3063 	EXP 	Created kitchen_picture_no = TextStim(__class__=<class 'psychopy.visual.text.TextStim'>, alignHoriz=method-wrapper(...), alignText='center', alignVert=method-wrapper(...), anchorHoriz='center', anchorVert='center', antialias=True, autoDraw=False, autoLog=True, bold=False, color=array([1., 1., 1.]), colorSpace='rgb', contrast=1.0, depth=-2.0, draggable=False, flipHoriz=False, flipVert=False, font='Open Sans', fontFiles=[], height=0.05, italic=False, languageStyle='LTR', name='kitchen_picture_no', opacity=1.0, ori=0.0, pos=array([-0.6, -0.4]), rgb=UNKNOWN, text='f\n\nnein', units='height', win=Window(...), wrapWidth=1)
15.3065 	EXP 	window1: mouseVisible = True
15.3083 	EXP 	Created kitchen_picture_yes = TextStim(__class__=<class 'psychopy.visual.text.TextStim'>, alignHoriz=method-wrapper(...), alignText='center', alignVert=method-wrapper(...), anchorHoriz='center', anchorVert='center', antialias=True, autoDraw=False, autoLog=True, bold=False, color=array([1., 1., 1.]), colorSpace='rgb', contrast=1.0, depth=-3.0, draggable=False, flipHoriz=False, flipVert=False, font='Open Sans', fontFiles=[], height=0.05, italic=False, languageStyle='LTR', name='kitchen_picture_yes', opacity=1.0, ori=0.0, pos=array([ 0.6, -0.4]), rgb=UNKNOWN, text=' j\n\nja', units='height', win=Window(...), wrapWidth=1)
15.3084 	EXP 	window1: mouseVisible = True
15.3106 	EXP 	Created kitchen_picture_question = TextStim(__class__=<class 'psychopy.visual.text.TextStim'>, alignHoriz=method-wrapper(...), alignText='center', alignVert=method-wrapper(...), anchorHoriz='center', anchorVert='center', antialias=True, autoDraw=False, autoLog=True, bold=False, color=array([1., 1., 1.]), colorSpace='rgb', contrast=1.0, depth=-4.0, draggable=False, flipHoriz=False, flipVert=False, font='Open Sans', fontFiles=[], height=0.05, italic=False, languageStyle='LTR', name='kitchen_picture_question', opacity=1.0, ori=0.0, pos=array([0. , 0.4]), rgb=UNKNOWN, text='Ist dies eine Küche?', units='height', win=Window(...), wrapWidth=1)
15.3107 	EXP 	window1: mouseVisible = True
15.3143 	EXP 	Created kitchen_b_memo_instr_text = TextStim(__class__=<class 'psychopy.visual.text.TextStim'>, alignHoriz=method-wrapper(...), alignText='center', alignVert=method-wrapper(...), anchorHoriz='center', anchorVert='center', antialias=True, autoDraw=False, autoLog=True, bold=False, color=array([1., 1., 1.]), colorSpace='rgb', contrast=1.0, depth=0.0, draggable=False, flipHoriz=False, flipVert=False, font='Open Sans', fontFiles=[], height=0.05, italic=False, languageStyle='LTR', name='kitchen_b_memo_instr_text', opacity=1.0, ori=0.0, pos=array([0., 0.]), rgb=UNKNOWN, text=str(...), units='height', win=Window(...), wrapWidth=1)
15.3144 	EXP 	window1: mouseVisible = True
15.3196 	EXP 	Created memo_fix_pic = ImageStim(__class__=<class 'psychopy.visual.image.ImageStim'>, anchor=('center', 'center'), autoLog=True, color=array([1., 1., 1.]), colorSpace='rgb', contrast=1.0, depth=-1.0, draggable=False, flipHoriz=False, flipVert=False, image='fixationskreuz.png', interpolate=True, mask=None, maskParams=None, name='memo_fix_pic', opacity=1.0, ori=0.0, pos=array([0., 0.]), size=array([0.1, 0.1]), texRes=128.0, units='height', win=Window(...))
15.3197 	EXP 	window1: mouseVisible = True
15.3230 	EXP 	Created memotest_task_stim = ImageStim(__class__=<class 'psychopy.visual.image.ImageStim'>, anchor=('center', 'center'), autoLog=True, color=array([1., 1., 1.]), colorSpace='rgb', contrast=1.0, depth=0.0, draggable=False, flipHoriz=False, flipVert=False, image='default.png', interpolate=True, mask=None, maskParams=None, name='memotest_task_stim', opacity=1.0, ori=0.0, pos=array([0., 0.]), size=array([0.4, 0.4]), texRes=128.0, units='height', win=Window(...))
15.3257 	EXP 	window1: mouseVisible = True
15.3260 	EXP 	window1: mouseVisible = True
15.3295 	EXP 	window1: mouseVisible = True
15.3296 	EXP 	window1: mouseVisible = True
15.3300 	EXP 	window1: mouseVisible = True
15.3305 	EXP 	window1: mouseVisible = True
15.3354 	EXP 	window1: mouseVisible = True
15.3355 	EXP 	window1: mouseVisible = True
15.3359 	EXP 	window1: mouseVisible = True
15.3364 	EXP 	window1: mouseVisible = True
15.3411 	EXP 	window1: mouseVisible = True
15.3412 	EXP 	window1: mouseVisible = True
15.3416 	EXP 	window1: mouseVisible = True
15.3421 	EXP 	window1: mouseVisible = True
15.3476 	EXP 	window1: mouseVisible = True
15.3477 	EXP 	window1: mouseVisible = True
15.3482 	EXP 	window1: mouseVisible = True
15.3486 	EXP 	window1: mouseVisible = True
15.3534 	EXP 	window1: mouseVisible = True
15.3535 	EXP 	window1: mouseVisible = True
15.3539 	EXP 	window1: mouseVisible = True
15.3543 	EXP 	window1: mouseVisible = True
15.3589 	EXP 	window1: mouseVisible = True
15.3590 	EXP 	window1: mouseVisible = True
15.3594 	EXP 	window1: mouseVisible = True
15.3599 	EXP 	window1: mouseVisible = True
15.3645 	EXP 	window1: mouseVisible = True
15.3646 	EXP 	window1: mouseVisible = True
15.3651 	EXP 	window1: mouseVisible = True
15.3655 	EXP 	window1: mouseVisible = True
15.3701 	EXP 	window1: mouseVisible = True
15.3702 	EXP 	window1: mouseVisible = True
15.3707 	EXP 	window1: mouseVisible = True
15.3711 	EXP 	window1: mouseVisible = True
15.3758 	EXP 	window1: mouseVisible = True
15.3771 	EXP 	window1: mouseVisible = True
15.4191 	EXP 	Created memotest_task_slider = Slider(__class__=<class 'psychopy.visual.slider.Slider'>, autoDraw=False, autoLog=True, borderColor=None, color=None, colorSpace='rgb', depth=-1, fillColor=None, flip=False, font='Open Sans', granularity=1.0, labelColor=None, labelHeight=0.04, labelWrapWidth=None, labels=list(...), lineColor=None, markerColor=None, name='memotest_task_slider', opacity=None, ori=0.0, pos=array([ 0. , -0.3]), readOnly=False, self=UNKNOWN, size=array([0.8 , 0.05]), startValue=None, style='radio', styleTweaks=[], ticks=array([0, 1, 2, 3]), units='height', win=Window(...))
15.4193 	EXP 	window1: mouseVisible = True
15.4213 	EXP 	Created living_a_text = TextStim(__class__=<class 'psychopy.visual.text.TextStim'>, alignHoriz=method-wrapper(...), alignText='center', alignVert=method-wrapper(...), anchorHoriz='center', anchorVert='center', antialias=True, autoDraw=False, autoLog=True, bold=False, color=array([1., 1., 1.]), colorSpace='rgb', contrast=1.0, depth=0.0, draggable=False, flipHoriz=False, flipVert=False, font='Open Sans', fontFiles=[], height=0.05, italic=False, languageStyle='LTR', name='living_a_text', opacity=1.0, ori=0.0, pos=array([0., 0.]), rgb=UNKNOWN, text='Wohnzimmer', units='height', win=Window(...), wrapWidth=1)
15.4213 	EXP 	window1: mouseVisible = True
15.4246 	EXP 	Created living_a_text_2 = TextStim(__class__=<class 'psychopy.visual.text.TextStim'>, alignHoriz=method-wrapper(...), alignText='center', alignVert=method-wrapper(...), anchorHoriz='center', anchorVert='center', antialias=True, autoDraw=False, autoLog=True, bold=False, color=array([1., 1., 1.]), colorSpace='rgb', contrast=1.0, depth=-1.0, draggable=False, flipHoriz=False, flipVert=False, font='Open Sans', fontFiles=[], height=0.05, italic=False, languageStyle='LTR', name='living_a_text_2', opacity=1.0, ori=0.0, pos=array([ 0. , -0.2]), rgb=UNKNOWN, text=str(...), units='height', win=Window(...), wrapWidth=1)
15.4247 	EXP 	window1: mouseVisible = True
15.4256 	EXP 	Created living_a_block_no = TextStim(__class__=<class 'psychopy.visual.text.TextStim'>, alignHoriz=method-wrapper(...), alignText='center', alignVert=method-wrapper(...), anchorHoriz='center', anchorVert='center', antialias=True, autoDraw=False, autoLog=True, bold=False, color=array([1., 1., 1.]), colorSpace='rgb', contrast=1.0, depth=-3.0, draggable=False, flipHoriz=False, flipVert=False, font='Open Sans', fontFiles=[], height=0.05, italic=False, languageStyle='LTR', name='living_a_block_no', opacity=1.0, ori=0.0, pos=array([ 0. , -0.2]), rgb=UNKNOWN, text='', units='height', win=Window(...), wrapWidth=1)
15.4257 	EXP 	window1: mouseVisible = True
15.4308 	EXP 	Created living_random_isi_fix = ImageStim(__class__=<class 'psychopy.visual.image.ImageStim'>, anchor=('center', 'center'), autoLog=True, color=array([1., 1., 1.]), colorSpace='rgb', contrast=1.0, depth=0.0, draggable=False, flipHoriz=False, flipVert=False, image='fixationskreuz.png', interpolate=True, mask=None, maskParams=None, name='living_random_isi_fix', opacity=1.0, ori=0.0, pos=array([0., 0.]), size=array([0.1, 0.1]), texRes=128.0, units='height', win=Window(...))
15.4309 	EXP 	window1: mouseVisible = True
15.4330 	EXP 	Created living_random_isi_no = TextStim(__class__=<class 'psychopy.visual.text.TextStim'>, alignHoriz=method-wrapper(...), alignText='center', alignVert=method-wrapper(...), anchorHoriz='center', anchorVert='center', antialias=True, autoDraw=False, autoLog=True, bold=False, color=array([1., 1., 1.]), colorSpace='rgb', contrast=1.0, depth=-1.0, draggable=False, flipHoriz=False, flipVert=False, font='Open Sans', fontFiles=[], height=0.05, italic=False, languageStyle='LTR', name='living_random_isi_no', opacity=1.0, ori=0.0, pos=array([-0.6, -0.4]), rgb=UNKNOWN, text='f\n\nnein', units='height', win=Window(...), wrapWidth=1)
15.4330 	EXP 	window1: mouseVisible = True
15.4349 	EXP 	Created living_random_isi_yes = TextStim(__class__=<class 'psychopy.visual.text.TextStim'>, alignHoriz=method-wrapper(...), alignText='center', alignVert=method-wrapper(...), anchorHoriz='center', anchorVert='center', antialias=True, autoDraw=False, autoLog=True, bold=False, color=array([1., 1., 1.]), colorSpace='rgb', contrast=1.0, depth=-2.0, draggable=False, flipHoriz=False, flipVert=False, font='Open Sans', fontFiles=[], height=0.05, italic=False, languageStyle='LTR', name='living_random_isi_yes', opacity=1.0, ori=0.0, pos=array([ 0.6, -0.4]), rgb=UNKNOWN, text=' j\n\nja', units='height', win=Window(...), wrapWidth=1)
15.4349 	EXP 	window1: mouseVisible = True
15.4372 	EXP 	Created living_random_isi_question = TextStim(__class__=<class 'psychopy.visual.text.TextStim'>, alignHoriz=method-wrapper(...), alignText='center', alignVert=method-wrapper(...), anchorHoriz='center', anchorVert='center', antialias=True, autoDraw=False, autoLog=True, bold=False, color=array([1., 1., 1.]), colorSpace='rgb', contrast=1.0, depth=-4.0, draggable=False, flipHoriz=False, flipVert=False, font='Open Sans', fontFiles=[], height=0.05, italic=False, languageStyle='LTR', name='living_random_isi_question', opacity=1.0, ori=0.0, pos=array([0. , 0.4]), rgb=UNKNOWN, text='Ist dies ein Wohnzimmer?', units='height', win=Window(...), wrapWidth=1)
15.4373 	EXP 	window1: mouseVisible = True
15.4423 	EXP 	Created living_picture_fix = ImageStim(__class__=<class 'psychopy.visual.image.ImageStim'>, anchor=('center', 'center'), autoLog=True, color=array([1., 1., 1.]), colorSpace='rgb', contrast=1.0, depth=0.0, draggable=False, flipHoriz=False, flipVert=False, image='fixationskreuz.png', interpolate=True, mask=None, maskParams=None, name='living_picture_fix', opacity=1.0, ori=0.0, pos=array([0., 0.]), size=array([0.1, 0.1]), texRes=128.0, units='height', win=Window(...))
15.4424 	EXP 	window1: mouseVisible = True
15.4456 	EXP 	Created living_picture_image = ImageStim(__class__=<class 'psychopy.visual.image.ImageStim'>, anchor=('center', 'center'), autoLog=True, color=array([1., 1., 1.]), colorSpace='rgb', contrast=1.0, depth=-1.0, draggable=False, flipHoriz=False, flipVert=False, image='default.png', interpolate=True, mask=None, maskParams=None, name='living_picture_image', opacity=1.0, ori=0.0, pos=array([0., 0.]), size=array([0.4, 0.4]), texRes=128.0, units='height', win=Window(...))
15.4457 	EXP 	window1: mouseVisible = True
15.4476 	EXP 	Created living_picture_no = TextStim(__class__=<class 'psychopy.visual.text.TextStim'>, alignHoriz=method-wrapper(...), alignText='center', alignVert=method-wrapper(...), anchorHoriz='center', anchorVert='center', antialias=True, autoDraw=False, autoLog=True, bold=False, color=array([1., 1., 1.]), colorSpace='rgb', contrast=1.0, depth=-2.0, draggable=False, flipHoriz=False, flipVert=False, font='Open Sans', fontFiles=[], height=0.05, italic=False, languageStyle='LTR', name='living_picture_no', opacity=1.0, ori=0.0, pos=array([-0.6, -0.4]), rgb=UNKNOWN, text='f\n\nnein', units='height', win=Window(...), wrapWidth=1)
15.4477 	EXP 	window1: mouseVisible = True
15.4495 	EXP 	Created living_picture_yes = TextStim(__class__=<class 'psychopy.visual.text.TextStim'>, alignHoriz=method-wrapper(...), alignText='center', alignVert=method-wrapper(...), anchorHoriz='center', anchorVert='center', antialias=True, autoDraw=False, autoLog=True, bold=False, color=array([1., 1., 1.]), colorSpace='rgb', contrast=1.0, depth=-3.0, draggable=False, flipHoriz=False, flipVert=False, font='Open Sans', fontFiles=[], height=0.05, italic=False, languageStyle='LTR', name='living_picture_yes', opacity=1.0, ori=0.0, pos=array([ 0.6, -0.4]), rgb=UNKNOWN, text=' j\n\nja', units='height', win=Window(...), wrapWidth=1)
15.4496 	EXP 	window1: mouseVisible = True
15.4519 	EXP 	Created living_picture_question = TextStim(__class__=<class 'psychopy.visual.text.TextStim'>, alignHoriz=method-wrapper(...), alignText='center', alignVert=method-wrapper(...), anchorHoriz='center', anchorVert='center', antialias=True, autoDraw=False, autoLog=True, bold=False, color=array([1., 1., 1.]), colorSpace='rgb', contrast=1.0, depth=-5.0, draggable=False, flipHoriz=False, flipVert=False, font='Open Sans', fontFiles=[], height=0.05, italic=False, languageStyle='LTR', name='living_picture_question', opacity=1.0, ori=0.0, pos=array([0. , 0.4]), rgb=UNKNOWN, text='Ist dies ein Wohnzimmer?', units='height', win=Window(...), wrapWidth=1)
15.4519 	EXP 	window1: mouseVisible = True
15.4558 	EXP 	Created living_a_memo_instr_text = TextStim(__class__=<class 'psychopy.visual.text.TextStim'>, alignHoriz=method-wrapper(...), alignText='center', alignVert=method-wrapper(...), anchorHoriz='center', anchorVert='center', antialias=True, autoDraw=False, autoLog=True, bold=False, color=array([1., 1., 1.]), colorSpace='rgb', contrast=1.0, depth=0.0, draggable=False, flipHoriz=False, flipVert=False, font='Open Sans', fontFiles=[], height=0.05, italic=False, languageStyle='LTR', name='living_a_memo_instr_text', opacity=1.0, ori=0.0, pos=array([0., 0.]), rgb=UNKNOWN, text=str(...), units='height', win=Window(...), wrapWidth=1)
15.4558 	EXP 	window1: mouseVisible = True
15.4608 	EXP 	Created memo_fix_pic = ImageStim(__class__=<class 'psychopy.visual.image.ImageStim'>, anchor=('center', 'center'), autoLog=True, color=array([1., 1., 1.]), colorSpace='rgb', contrast=1.0, depth=-1.0, draggable=False, flipHoriz=False, flipVert=False, image='fixationskreuz.png', interpolate=True, mask=None, maskParams=None, name='memo_fix_pic', opacity=1.0, ori=0.0, pos=array([0., 0.]), size=array([0.1, 0.1]), texRes=128.0, units='height', win=Window(...))
15.4609 	EXP 	window1: mouseVisible = True
15.4640 	EXP 	Created memotest_task_stim = ImageStim(__class__=<class 'psychopy.visual.image.ImageStim'>, anchor=('center', 'center'), autoLog=True, color=array([1., 1., 1.]), colorSpace='rgb', contrast=1.0, depth=0.0, draggable=False, flipHoriz=False, flipVert=False, image='default.png', interpolate=True, mask=None, maskParams=None, name='memotest_task_stim', opacity=1.0, ori=0.0, pos=array([0., 0.]), size=array([0.4, 0.4]), texRes=128.0, units='height', win=Window(...))
15.4667 	EXP 	window1: mouseVisible = True
15.4670 	EXP 	window1: mouseVisible = True
15.4705 	EXP 	window1: mouseVisible = True
15.4706 	EXP 	window1: mouseVisible = True
15.4710 	EXP 	window1: mouseVisible = True
15.4714 	EXP 	window1: mouseVisible = True
15.4763 	EXP 	window1: mouseVisible = True
15.4764 	EXP 	window1: mouseVisible = True
15.4769 	EXP 	window1: mouseVisible = True
15.4773 	EXP 	window1: mouseVisible = True
15.4821 	EXP 	window1: mouseVisible = True
15.4822 	EXP 	window1: mouseVisible = True
15.4827 	EXP 	window1: mouseVisible = True
15.4831 	EXP 	window1: mouseVisible = True
15.4877 	EXP 	window1: mouseVisible = True
15.4878 	EXP 	window1: mouseVisible = True
15.4883 	EXP 	window1: mouseVisible = True
15.4887 	EXP 	window1: mouseVisible = True
15.4935 	EXP 	window1: mouseVisible = True
15.4936 	EXP 	window1: mouseVisible = True
15.4941 	EXP 	window1: mouseVisible = True
15.4945 	EXP 	window1: mouseVisible = True
15.4991 	EXP 	window1: mouseVisible = True
15.4992 	EXP 	window1: mouseVisible = True
15.4996 	EXP 	window1: mouseVisible = True
15.5000 	EXP 	window1: mouseVisible = True
15.5047 	EXP 	window1: mouseVisible = True
15.5048 	EXP 	window1: mouseVisible = True
15.5052 	EXP 	window1: mouseVisible = True
15.5056 	EXP 	window1: mouseVisible = True
15.5102 	EXP 	window1: mouseVisible = True
15.5103 	EXP 	window1: mouseVisible = True
15.5107 	EXP 	window1: mouseVisible = True
15.5111 	EXP 	window1: mouseVisible = True
15.5159 	EXP 	window1: mouseVisible = True
15.5172 	EXP 	window1: mouseVisible = True
15.5590 	EXP 	Created memotest_task_slider = Slider(__class__=<class 'psychopy.visual.slider.Slider'>, autoDraw=False, autoLog=True, borderColor=None, color=None, colorSpace='rgb', depth=-1, fillColor=None, flip=False, font='Open Sans', granularity=1.0, labelColor=None, labelHeight=0.04, labelWrapWidth=None, labels=list(...), lineColor=None, markerColor=None, name='memotest_task_slider', opacity=None, ori=0.0, pos=array([ 0. , -0.3]), readOnly=False, self=UNKNOWN, size=array([0.8 , 0.05]), startValue=None, style='radio', styleTweaks=[], ticks=array([0, 1, 2, 3]), units='height', win=Window(...))
15.5592 	EXP 	window1: mouseVisible = True
15.5612 	EXP 	Created living_b_text = TextStim(__class__=<class 'psychopy.visual.text.TextStim'>, alignHoriz=method-wrapper(...), alignText='center', alignVert=method-wrapper(...), anchorHoriz='center', anchorVert='center', antialias=True, autoDraw=False, autoLog=True, bold=False, color=array([1., 1., 1.]), colorSpace='rgb', contrast=1.0, depth=0.0, draggable=False, flipHoriz=False, flipVert=False, font='Open Sans', fontFiles=[], height=0.05, italic=False, languageStyle='LTR', name='living_b_text', opacity=1.0, ori=0.0, pos=array([0., 0.]), rgb=UNKNOWN, text='Wohnzimmer', units='height', win=Window(...), wrapWidth=1)
15.5612 	EXP 	window1: mouseVisible = True
15.5642 	EXP 	Created living_b_text_2 = TextStim(__class__=<class 'psychopy.visual.text.TextStim'>, alignHoriz=method-wrapper(...), alignText='center', alignVert=method-wrapper(...), anchorHoriz='center', anchorVert='center', antialias=True, autoDraw=False, autoLog=True, bold=False, color=array([1., 1., 1.]), colorSpace='rgb', contrast=1.0, depth=-1.0, draggable=False, flipHoriz=False, flipVert=False, font='Open Sans', fontFiles=[], height=0.05, italic=False, languageStyle='LTR', name='living_b_text_2', opacity=1.0, ori=0.0, pos=array([ 0. , -0.2]), rgb=UNKNOWN, text=str(...), units='height', win=Window(...), wrapWidth=1)
15.5642 	EXP 	window1: mouseVisible = True
15.5651 	EXP 	Created living_b_block_no = TextStim(__class__=<class 'psychopy.visual.text.TextStim'>, alignHoriz=method-wrapper(...), alignText='center', alignVert=method-wrapper(...), anchorHoriz='center', anchorVert='center', antialias=True, autoDraw=False, autoLog=True, bold=False, color=array([1., 1., 1.]), colorSpace='rgb', contrast=1.0, depth=-3.0, draggable=False, flipHoriz=False, flipVert=False, font='Open Sans', fontFiles=[], height=0.05, italic=False, languageStyle='LTR', name='living_b_block_no', opacity=1.0, ori=0.0, pos=array([ 0. , -0.2]), rgb=UNKNOWN, text='', units='height', win=Window(...), wrapWidth=1)
15.5652 	EXP 	window1: mouseVisible = True
15.5707 	EXP 	Created living_random_isi_fix = ImageStim(__class__=<class 'psychopy.visual.image.ImageStim'>, anchor=('center', 'center'), autoLog=True, color=array([1., 1., 1.]), colorSpace='rgb', contrast=1.0, depth=0.0, draggable=False, flipHoriz=False, flipVert=False, image='fixationskreuz.png', interpolate=True, mask=None, maskParams=None, name='living_random_isi_fix', opacity=1.0, ori=0.0, pos=array([0., 0.]), size=array([0.1, 0.1]), texRes=128.0, units='height', win=Window(...))
15.5708 	EXP 	window1: mouseVisible = True
15.5732 	EXP 	Created living_random_isi_no = TextStim(__class__=<class 'psychopy.visual.text.TextStim'>, alignHoriz=method-wrapper(...), alignText='center', alignVert=method-wrapper(...), anchorHoriz='center', anchorVert='center', antialias=True, autoDraw=False, autoLog=True, bold=False, color=array([1., 1., 1.]), colorSpace='rgb', contrast=1.0, depth=-1.0, draggable=False, flipHoriz=False, flipVert=False, font='Open Sans', fontFiles=[], height=0.05, italic=False, languageStyle='LTR', name='living_random_isi_no', opacity=1.0, ori=0.0, pos=array([-0.6, -0.4]), rgb=UNKNOWN, text='f\n\nnein', units='height', win=Window(...), wrapWidth=1)
15.5733 	EXP 	window1: mouseVisible = True
15.5752 	EXP 	Created living_random_isi_yes = TextStim(__class__=<class 'psychopy.visual.text.TextStim'>, alignHoriz=method-wrapper(...), alignText='center', alignVert=method-wrapper(...), anchorHoriz='center', anchorVert='center', antialias=True, autoDraw=False, autoLog=True, bold=False, color=array([1., 1., 1.]), colorSpace='rgb', contrast=1.0, depth=-2.0, draggable=False, flipHoriz=False, flipVert=False, font='Open Sans', fontFiles=[], height=0.05, italic=False, languageStyle='LTR', name='living_random_isi_yes', opacity=1.0, ori=0.0, pos=array([ 0.6, -0.4]), rgb=UNKNOWN, text=' j\n\nja', units='height', win=Window(...), wrapWidth=1)
15.5753 	EXP 	window1: mouseVisible = True
15.5775 	EXP 	Created living_random_isi_question = TextStim(__class__=<class 'psychopy.visual.text.TextStim'>, alignHoriz=method-wrapper(...), alignText='center', alignVert=method-wrapper(...), anchorHoriz='center', anchorVert='center', antialias=True, autoDraw=False, autoLog=True, bold=False, color=array([1., 1., 1.]), colorSpace='rgb', contrast=1.0, depth=-4.0, draggable=False, flipHoriz=False, flipVert=False, font='Open Sans', fontFiles=[], height=0.05, italic=False, languageStyle='LTR', name='living_random_isi_question', opacity=1.0, ori=0.0, pos=array([0. , 0.4]), rgb=UNKNOWN, text='Ist dies ein Wohnzimmer?', units='height', win=Window(...), wrapWidth=1)
15.5776 	EXP 	window1: mouseVisible = True
15.5827 	EXP 	Created living_picture_fix = ImageStim(__class__=<class 'psychopy.visual.image.ImageStim'>, anchor=('center', 'center'), autoLog=True, color=array([1., 1., 1.]), colorSpace='rgb', contrast=1.0, depth=0.0, draggable=False, flipHoriz=False, flipVert=False, image='fixationskreuz.png', interpolate=True, mask=None, maskParams=None, name='living_picture_fix', opacity=1.0, ori=0.0, pos=array([0., 0.]), size=array([0.1, 0.1]), texRes=128.0, units='height', win=Window(...))
15.5828 	EXP 	window1: mouseVisible = True
15.5859 	EXP 	Created living_picture_image = ImageStim(__class__=<class 'psychopy.visual.image.ImageStim'>, anchor=('center', 'center'), autoLog=True, color=array([1., 1., 1.]), colorSpace='rgb', contrast=1.0, depth=-1.0, draggable=False, flipHoriz=False, flipVert=False, image='default.png', interpolate=True, mask=None, maskParams=None, name='living_picture_image', opacity=1.0, ori=0.0, pos=array([0., 0.]), size=array([0.4, 0.4]), texRes=128.0, units='height', win=Window(...))
15.5860 	EXP 	window1: mouseVisible = True
15.5880 	EXP 	Created living_picture_no = TextStim(__class__=<class 'psychopy.visual.text.TextStim'>, alignHoriz=method-wrapper(...), alignText='center', alignVert=method-wrapper(...), anchorHoriz='center', anchorVert='center', antialias=True, autoDraw=False, autoLog=True, bold=False, color=array([1., 1., 1.]), colorSpace='rgb', contrast=1.0, depth=-2.0, draggable=False, flipHoriz=False, flipVert=False, font='Open Sans', fontFiles=[], height=0.05, italic=False, languageStyle='LTR', name='living_picture_no', opacity=1.0, ori=0.0, pos=array([-0.6, -0.4]), rgb=UNKNOWN, text='f\n\nnein', units='height', win=Window(...), wrapWidth=1)
15.5881 	EXP 	window1: mouseVisible = True
15.5899 	EXP 	Created living_picture_yes = TextStim(__class__=<class 'psychopy.visual.text.TextStim'>, alignHoriz=method-wrapper(...), alignText='center', alignVert=method-wrapper(...), anchorHoriz='center', anchorVert='center', antialias=True, autoDraw=False, autoLog=True, bold=False, color=array([1., 1., 1.]), colorSpace='rgb', contrast=1.0, depth=-3.0, draggable=False, flipHoriz=False, flipVert=False, font='Open Sans', fontFiles=[], height=0.05, italic=False, languageStyle='LTR', name='living_picture_yes', opacity=1.0, ori=0.0, pos=array([ 0.6, -0.4]), rgb=UNKNOWN, text=' j\n\nja', units='height', win=Window(...), wrapWidth=1)
15.5900 	EXP 	window1: mouseVisible = True
15.5923 	EXP 	Created living_picture_question = TextStim(__class__=<class 'psychopy.visual.text.TextStim'>, alignHoriz=method-wrapper(...), alignText='center', alignVert=method-wrapper(...), anchorHoriz='center', anchorVert='center', antialias=True, autoDraw=False, autoLog=True, bold=False, color=array([1., 1., 1.]), colorSpace='rgb', contrast=1.0, depth=-5.0, draggable=False, flipHoriz=False, flipVert=False, font='Open Sans', fontFiles=[], height=0.05, italic=False, languageStyle='LTR', name='living_picture_question', opacity=1.0, ori=0.0, pos=array([0. , 0.4]), rgb=UNKNOWN, text='Ist dies ein Wohnzimmer?', units='height', win=Window(...), wrapWidth=1)
15.5924 	EXP 	window1: mouseVisible = True
15.5962 	EXP 	Created living_b_memo_instr_text = TextStim(__class__=<class 'psychopy.visual.text.TextStim'>, alignHoriz=method-wrapper(...), alignText='center', alignVert=method-wrapper(...), anchorHoriz='center', anchorVert='center', antialias=True, autoDraw=False, autoLog=True, bold=False, color=array([1., 1., 1.]), colorSpace='rgb', contrast=1.0, depth=0.0, draggable=False, flipHoriz=False, flipVert=False, font='Open Sans', fontFiles=[], height=0.05, italic=False, languageStyle='LTR', name='living_b_memo_instr_text', opacity=1.0, ori=0.0, pos=array([0., 0.]), rgb=UNKNOWN, text=str(...), units='height', win=Window(...), wrapWidth=1)
15.5963 	EXP 	window1: mouseVisible = True
15.6012 	EXP 	Created memo_fix_pic = ImageStim(__class__=<class 'psychopy.visual.image.ImageStim'>, anchor=('center', 'center'), autoLog=True, color=array([1., 1., 1.]), colorSpace='rgb', contrast=1.0, depth=-1.0, draggable=False, flipHoriz=False, flipVert=False, image='fixationskreuz.png', interpolate=True, mask=None, maskParams=None, name='memo_fix_pic', opacity=1.0, ori=0.0, pos=array([0., 0.]), size=array([0.1, 0.1]), texRes=128.0, units='height', win=Window(...))
15.6013 	EXP 	window1: mouseVisible = True
15.6045 	EXP 	Created memotest_task_stim = ImageStim(__class__=<class 'psychopy.visual.image.ImageStim'>, anchor=('center', 'center'), autoLog=True, color=array([1., 1., 1.]), colorSpace='rgb', contrast=1.0, depth=0.0, draggable=False, flipHoriz=False, flipVert=False, image='default.png', interpolate=True, mask=None, maskParams=None, name='memotest_task_stim', opacity=1.0, ori=0.0, pos=array([0., 0.]), size=array([0.4, 0.4]), texRes=128.0, units='height', win=Window(...))
15.6071 	EXP 	window1: mouseVisible = True
15.6074 	EXP 	window1: mouseVisible = True
15.6109 	EXP 	window1: mouseVisible = True
15.6110 	EXP 	window1: mouseVisible = True
15.6114 	EXP 	window1: mouseVisible = True
15.6118 	EXP 	window1: mouseVisible = True
15.6169 	EXP 	window1: mouseVisible = True
15.6170 	EXP 	window1: mouseVisible = True
15.6174 	EXP 	window1: mouseVisible = True
15.6178 	EXP 	window1: mouseVisible = True
15.6226 	EXP 	window1: mouseVisible = True
15.6227 	EXP 	window1: mouseVisible = True
15.6231 	EXP 	window1: mouseVisible = True
15.6235 	EXP 	window1: mouseVisible = True
15.6281 	EXP 	window1: mouseVisible = True
15.6282 	EXP 	window1: mouseVisible = True
15.6286 	EXP 	window1: mouseVisible = True
15.6290 	EXP 	window1: mouseVisible = True
15.6338 	EXP 	window1: mouseVisible = True
15.6339 	EXP 	window1: mouseVisible = True
15.6343 	EXP 	window1: mouseVisible = True
15.6348 	EXP 	window1: mouseVisible = True
15.6393 	EXP 	window1: mouseVisible = True
15.6394 	EXP 	window1: mouseVisible = True
15.6399 	EXP 	window1: mouseVisible = True
15.6403 	EXP 	window1: mouseVisible = True
15.6450 	EXP 	window1: mouseVisible = True
15.6451 	EXP 	window1: mouseVisible = True
15.6455 	EXP 	window1: mouseVisible = True
15.6460 	EXP 	window1: mouseVisible = True
15.6506 	EXP 	window1: mouseVisible = True
15.6507 	EXP 	window1: mouseVisible = True
15.6511 	EXP 	window1: mouseVisible = True
15.6515 	EXP 	window1: mouseVisible = True
15.6562 	EXP 	window1: mouseVisible = True
15.6575 	EXP 	window1: mouseVisible = True
15.6993 	EXP 	Created memotest_task_slider = Slider(__class__=<class 'psychopy.visual.slider.Slider'>, autoDraw=False, autoLog=True, borderColor=None, color=None, colorSpace='rgb', depth=-1, fillColor=None, flip=False, font='Open Sans', granularity=1.0, labelColor=None, labelHeight=0.04, labelWrapWidth=None, labels=list(...), lineColor=None, markerColor=None, name='memotest_task_slider', opacity=None, ori=0.0, pos=array([ 0. , -0.3]), readOnly=False, self=UNKNOWN, size=array([0.8 , 0.05]), startValue=None, style='radio', styleTweaks=[], ticks=array([0, 1, 2, 3]), units='height', win=Window(...))
15.6995 	EXP 	window1: mouseVisible = True
15.7015 	EXP 	Created bed_a_text = TextStim(__class__=<class 'psychopy.visual.text.TextStim'>, alignHoriz=method-wrapper(...), alignText='center', alignVert=method-wrapper(...), anchorHoriz='center', anchorVert='center', antialias=True, autoDraw=False, autoLog=True, bold=False, color=array([1., 1., 1.]), colorSpace='rgb', contrast=1.0, depth=0.0, draggable=False, flipHoriz=False, flipVert=False, font='Open Sans', fontFiles=[], height=0.05, italic=False, languageStyle='LTR', name='bed_a_text', opacity=1.0, ori=0.0, pos=array([0., 0.]), rgb=UNKNOWN, text='Schlafzimmer', units='height', win=Window(...), wrapWidth=1)
15.7016 	EXP 	window1: mouseVisible = True
15.7057 	EXP 	Created bed_a_text_2 = TextStim(__class__=<class 'psychopy.visual.text.TextStim'>, alignHoriz=method-wrapper(...), alignText='center', alignVert=method-wrapper(...), anchorHoriz='center', anchorVert='center', antialias=True, autoDraw=False, autoLog=True, bold=False, color=array([1., 1., 1.]), colorSpace='rgb', contrast=1.0, depth=-1.0, draggable=False, flipHoriz=False, flipVert=False, font='Open Sans', fontFiles=[], height=0.05, italic=False, languageStyle='LTR', name='bed_a_text_2', opacity=1.0, ori=0.0, pos=array([ 0. , -0.2]), rgb=UNKNOWN, text=str(...), units='height', win=Window(...), wrapWidth=1)
15.7058 	EXP 	window1: mouseVisible = True
15.7066 	EXP 	Created bed_a_block_no = TextStim(__class__=<class 'psychopy.visual.text.TextStim'>, alignHoriz=method-wrapper(...), alignText='center', alignVert=method-wrapper(...), anchorHoriz='center', anchorVert='center', antialias=True, autoDraw=False, autoLog=True, bold=False, color=array([1., 1., 1.]), colorSpace='rgb', contrast=1.0, depth=-3.0, draggable=False, flipHoriz=False, flipVert=False, font='Open Sans', fontFiles=[], height=0.05, italic=False, languageStyle='LTR', name='bed_a_block_no', opacity=1.0, ori=0.0, pos=array([ 0. , -0.2]), rgb=UNKNOWN, text='', units='height', win=Window(...), wrapWidth=1)
15.7067 	EXP 	window1: mouseVisible = True
15.7123 	EXP 	Created bed_random_isi_fix = ImageStim(__class__=<class 'psychopy.visual.image.ImageStim'>, anchor=('center', 'center'), autoLog=True, color=array([1., 1., 1.]), colorSpace='rgb', contrast=1.0, depth=0.0, draggable=False, flipHoriz=False, flipVert=False, image='fixationskreuz.png', interpolate=True, mask=None, maskParams=None, name='bed_random_isi_fix', opacity=1.0, ori=0.0, pos=array([0., 0.]), size=array([0.1, 0.1]), texRes=128.0, units='height', win=Window(...))
15.7124 	EXP 	window1: mouseVisible = True
15.7144 	EXP 	Created bed_random_isi_no = TextStim(__class__=<class 'psychopy.visual.text.TextStim'>, alignHoriz=method-wrapper(...), alignText='center', alignVert=method-wrapper(...), anchorHoriz='center', anchorVert='center', antialias=True, autoDraw=False, autoLog=True, bold=False, color=array([1., 1., 1.]), colorSpace='rgb', contrast=1.0, depth=-1.0, draggable=False, flipHoriz=False, flipVert=False, font='Open Sans', fontFiles=[], height=0.05, italic=False, languageStyle='LTR', name='bed_random_isi_no', opacity=1.0, ori=0.0, pos=array([-0.6, -0.4]), rgb=UNKNOWN, text='f\n\nnein', units='height', win=Window(...), wrapWidth=1)
15.7145 	EXP 	window1: mouseVisible = True
15.7163 	EXP 	Created bed_random_isi_yes = TextStim(__class__=<class 'psychopy.visual.text.TextStim'>, alignHoriz=method-wrapper(...), alignText='center', alignVert=method-wrapper(...), anchorHoriz='center', anchorVert='center', antialias=True, autoDraw=False, autoLog=True, bold=False, color=array([1., 1., 1.]), colorSpace='rgb', contrast=1.0, depth=-2.0, draggable=False, flipHoriz=False, flipVert=False, font='Open Sans', fontFiles=[], height=0.05, italic=False, languageStyle='LTR', name='bed_random_isi_yes', opacity=1.0, ori=0.0, pos=array([ 0.6, -0.4]), rgb=UNKNOWN, text=' j\n\nja', units='height', win=Window(...), wrapWidth=1)
15.7164 	EXP 	window1: mouseVisible = True
15.7187 	EXP 	Created bed_random_isi_question = TextStim(__class__=<class 'psychopy.visual.text.TextStim'>, alignHoriz=method-wrapper(...), alignText='center', alignVert=method-wrapper(...), anchorHoriz='center', anchorVert='center', antialias=True, autoDraw=False, autoLog=True, bold=False, color=array([1., 1., 1.]), colorSpace='rgb', contrast=1.0, depth=-4.0, draggable=False, flipHoriz=False, flipVert=False, font='Open Sans', fontFiles=[], height=0.05, italic=False, languageStyle='LTR', name='bed_random_isi_question', opacity=1.0, ori=0.0, pos=array([0. , 0.4]), rgb=UNKNOWN, text='Ist dies ein Schlafzimmer?', units='height', win=Window(...), wrapWidth=1)
15.7188 	EXP 	window1: mouseVisible = True
15.7239 	EXP 	Created bed_picture_fix = ImageStim(__class__=<class 'psychopy.visual.image.ImageStim'>, anchor=('center', 'center'), autoLog=True, color=array([1., 1., 1.]), colorSpace='rgb', contrast=1.0, depth=0.0, draggable=False, flipHoriz=False, flipVert=False, image='fixationskreuz.png', interpolate=True, mask=None, maskParams=None, name='bed_picture_fix', opacity=1.0, ori=0.0, pos=array([0., 0.]), size=array([0.1, 0.1]), texRes=128.0, units='height', win=Window(...))
15.7239 	EXP 	window1: mouseVisible = True
15.8041 	EXP 	Created bed_picture_image = ImageStim(__class__=<class 'psychopy.visual.image.ImageStim'>, anchor=('center', 'center'), autoLog=True, color=array([1., 1., 1.]), colorSpace='rgb', contrast=1.0, depth=-1.0, draggable=False, flipHoriz=False, flipVert=False, image='default.png', interpolate=True, mask=None, maskParams=None, name='bed_picture_image', opacity=1.0, ori=0.0, pos=array([0., 0.]), size=array([0.4, 0.4]), texRes=128.0, units='height', win=Window(...))
15.8043 	EXP 	window1: mouseVisible = True
15.8065 	EXP 	Created bed_picture_no = TextStim(__class__=<class 'psychopy.visual.text.TextStim'>, alignHoriz=method-wrapper(...), alignText='center', alignVert=method-wrapper(...), anchorHoriz='center', anchorVert='center', antialias=True, autoDraw=False, autoLog=True, bold=False, color=array([1., 1., 1.]), colorSpace='rgb', contrast=1.0, depth=-2.0, draggable=False, flipHoriz=False, flipVert=False, font='Open Sans', fontFiles=[], height=0.05, italic=False, languageStyle='LTR', name='bed_picture_no', opacity=1.0, ori=0.0, pos=array([-0.6, -0.4]), rgb=UNKNOWN, text='f\n\nnein', units='height', win=Window(...), wrapWidth=1)
15.8066 	EXP 	window1: mouseVisible = True
15.8084 	EXP 	Created bed_picture_yes = TextStim(__class__=<class 'psychopy.visual.text.TextStim'>, alignHoriz=method-wrapper(...), alignText='center', alignVert=method-wrapper(...), anchorHoriz='center', anchorVert='center', antialias=True, autoDraw=False, autoLog=True, bold=False, color=array([1., 1., 1.]), colorSpace='rgb', contrast=1.0, depth=-3.0, draggable=False, flipHoriz=False, flipVert=False, font='Open Sans', fontFiles=[], height=0.05, italic=False, languageStyle='LTR', name='bed_picture_yes', opacity=1.0, ori=0.0, pos=array([ 0.6, -0.4]), rgb=UNKNOWN, text=' j\n\nja', units='height', win=Window(...), wrapWidth=1)
15.8085 	EXP 	window1: mouseVisible = True
15.8109 	EXP 	Created bed_picture_question = TextStim(__class__=<class 'psychopy.visual.text.TextStim'>, alignHoriz=method-wrapper(...), alignText='center', alignVert=method-wrapper(...), anchorHoriz='center', anchorVert='center', antialias=True, autoDraw=False, autoLog=True, bold=False, color=array([1., 1., 1.]), colorSpace='rgb', contrast=1.0, depth=-5.0, draggable=False, flipHoriz=False, flipVert=False, font='Open Sans', fontFiles=[], height=0.05, italic=False, languageStyle='LTR', name='bed_picture_question', opacity=1.0, ori=0.0, pos=array([0. , 0.4]), rgb=UNKNOWN, text='Ist dies ein Schlafzimmer?', units='height', win=Window(...), wrapWidth=1)
15.8109 	EXP 	window1: mouseVisible = True
15.8147 	EXP 	Created bed_a_memo_instr_text = TextStim(__class__=<class 'psychopy.visual.text.TextStim'>, alignHoriz=method-wrapper(...), alignText='center', alignVert=method-wrapper(...), anchorHoriz='center', anchorVert='center', antialias=True, autoDraw=False, autoLog=True, bold=False, color=array([1., 1., 1.]), colorSpace='rgb', contrast=1.0, depth=0.0, draggable=False, flipHoriz=False, flipVert=False, font='Open Sans', fontFiles=[], height=0.05, italic=False, languageStyle='LTR', name='bed_a_memo_instr_text', opacity=1.0, ori=0.0, pos=array([0., 0.]), rgb=UNKNOWN, text=str(...), units='height', win=Window(...), wrapWidth=1)
15.8148 	EXP 	window1: mouseVisible = True
15.8202 	EXP 	Created memo_fix_pic = ImageStim(__class__=<class 'psychopy.visual.image.ImageStim'>, anchor=('center', 'center'), autoLog=True, color=array([1., 1., 1.]), colorSpace='rgb', contrast=1.0, depth=-1.0, draggable=False, flipHoriz=False, flipVert=False, image='fixationskreuz.png', interpolate=True, mask=None, maskParams=None, name='memo_fix_pic', opacity=1.0, ori=0.0, pos=array([0., 0.]), size=array([0.1, 0.1]), texRes=128.0, units='height', win=Window(...))
15.8203 	EXP 	window1: mouseVisible = True
15.8234 	EXP 	Created memotest_task_stim = ImageStim(__class__=<class 'psychopy.visual.image.ImageStim'>, anchor=('center', 'center'), autoLog=True, color=array([1., 1., 1.]), colorSpace='rgb', contrast=1.0, depth=0.0, draggable=False, flipHoriz=False, flipVert=False, image='default.png', interpolate=True, mask=None, maskParams=None, name='memotest_task_stim', opacity=1.0, ori=0.0, pos=array([0., 0.]), size=array([0.4, 0.4]), texRes=128.0, units='height', win=Window(...))
15.8261 	EXP 	window1: mouseVisible = True
15.8264 	EXP 	window1: mouseVisible = True
15.8299 	EXP 	window1: mouseVisible = True
15.8300 	EXP 	window1: mouseVisible = True
15.8304 	EXP 	window1: mouseVisible = True
15.8308 	EXP 	window1: mouseVisible = True
15.8358 	EXP 	window1: mouseVisible = True
15.8359 	EXP 	window1: mouseVisible = True
15.8364 	EXP 	window1: mouseVisible = True
15.8368 	EXP 	window1: mouseVisible = True
15.8415 	EXP 	window1: mouseVisible = True
15.8416 	EXP 	window1: mouseVisible = True
15.8420 	EXP 	window1: mouseVisible = True
15.8425 	EXP 	window1: mouseVisible = True
15.8471 	EXP 	window1: mouseVisible = True
15.8472 	EXP 	window1: mouseVisible = True
15.8476 	EXP 	window1: mouseVisible = True
15.8480 	EXP 	window1: mouseVisible = True
15.8526 	EXP 	window1: mouseVisible = True
15.8527 	EXP 	window1: mouseVisible = True
15.8532 	EXP 	window1: mouseVisible = True
15.8536 	EXP 	window1: mouseVisible = True
15.8582 	EXP 	window1: mouseVisible = True
15.8583 	EXP 	window1: mouseVisible = True
15.8587 	EXP 	window1: mouseVisible = True
15.8591 	EXP 	window1: mouseVisible = True
15.8638 	EXP 	window1: mouseVisible = True
15.8639 	EXP 	window1: mouseVisible = True
15.8644 	EXP 	window1: mouseVisible = True
15.8648 	EXP 	window1: mouseVisible = True
15.8694 	EXP 	window1: mouseVisible = True
15.8695 	EXP 	window1: mouseVisible = True
15.8699 	EXP 	window1: mouseVisible = True
15.8703 	EXP 	window1: mouseVisible = True
15.8751 	EXP 	window1: mouseVisible = True
15.8764 	EXP 	window1: mouseVisible = True
15.9181 	EXP 	Created memotest_task_slider = Slider(__class__=<class 'psychopy.visual.slider.Slider'>, autoDraw=False, autoLog=True, borderColor=None, color=None, colorSpace='rgb', depth=-1, fillColor=None, flip=False, font='Open Sans', granularity=1.0, labelColor=None, labelHeight=0.04, labelWrapWidth=None, labels=list(...), lineColor=None, markerColor=None, name='memotest_task_slider', opacity=None, ori=0.0, pos=array([ 0. , -0.3]), readOnly=False, self=UNKNOWN, size=array([0.8 , 0.05]), startValue=None, style='radio', styleTweaks=[], ticks=array([0, 1, 2, 3]), units='height', win=Window(...))
15.9183 	EXP 	window1: mouseVisible = True
15.9207 	EXP 	Created bed_b_text = TextStim(__class__=<class 'psychopy.visual.text.TextStim'>, alignHoriz=method-wrapper(...), alignText='center', alignVert=method-wrapper(...), anchorHoriz='center', anchorVert='center', antialias=True, autoDraw=False, autoLog=True, bold=False, color=array([1., 1., 1.]), colorSpace='rgb', contrast=1.0, depth=0.0, draggable=False, flipHoriz=False, flipVert=False, font='Open Sans', fontFiles=[], height=0.05, italic=False, languageStyle='LTR', name='bed_b_text', opacity=1.0, ori=0.0, pos=array([0., 0.]), rgb=UNKNOWN, text='Schlafzimmer', units='height', win=Window(...), wrapWidth=1)
15.9207 	EXP 	window1: mouseVisible = True
15.9237 	EXP 	Created bed_b_text_2 = TextStim(__class__=<class 'psychopy.visual.text.TextStim'>, alignHoriz=method-wrapper(...), alignText='center', alignVert=method-wrapper(...), anchorHoriz='center', anchorVert='center', antialias=True, autoDraw=False, autoLog=True, bold=False, color=array([1., 1., 1.]), colorSpace='rgb', contrast=1.0, depth=-1.0, draggable=False, flipHoriz=False, flipVert=False, font='Open Sans', fontFiles=[], height=0.05, italic=False, languageStyle='LTR', name='bed_b_text_2', opacity=1.0, ori=0.0, pos=array([ 0. , -0.2]), rgb=UNKNOWN, text=str(...), units='height', win=Window(...), wrapWidth=1)
15.9237 	EXP 	window1: mouseVisible = True
15.9246 	EXP 	Created bed_b_block_no = TextStim(__class__=<class 'psychopy.visual.text.TextStim'>, alignHoriz=method-wrapper(...), alignText='center', alignVert=method-wrapper(...), anchorHoriz='center', anchorVert='center', antialias=True, autoDraw=False, autoLog=True, bold=False, color=array([1., 1., 1.]), colorSpace='rgb', contrast=1.0, depth=-3.0, draggable=False, flipHoriz=False, flipVert=False, font='Open Sans', fontFiles=[], height=0.05, italic=False, languageStyle='LTR', name='bed_b_block_no', opacity=1.0, ori=0.0, pos=array([ 0. , -0.2]), rgb=UNKNOWN, text='', units='height', win=Window(...), wrapWidth=1)
15.9246 	EXP 	window1: mouseVisible = True
15.9298 	EXP 	Created bed_random_isi_fix = ImageStim(__class__=<class 'psychopy.visual.image.ImageStim'>, anchor=('center', 'center'), autoLog=True, color=array([1., 1., 1.]), colorSpace='rgb', contrast=1.0, depth=0.0, draggable=False, flipHoriz=False, flipVert=False, image='fixationskreuz.png', interpolate=True, mask=None, maskParams=None, name='bed_random_isi_fix', opacity=1.0, ori=0.0, pos=array([0., 0.]), size=array([0.1, 0.1]), texRes=128.0, units='height', win=Window(...))
15.9299 	EXP 	window1: mouseVisible = True
15.9319 	EXP 	Created bed_random_isi_no = TextStim(__class__=<class 'psychopy.visual.text.TextStim'>, alignHoriz=method-wrapper(...), alignText='center', alignVert=method-wrapper(...), anchorHoriz='center', anchorVert='center', antialias=True, autoDraw=False, autoLog=True, bold=False, color=array([1., 1., 1.]), colorSpace='rgb', contrast=1.0, depth=-1.0, draggable=False, flipHoriz=False, flipVert=False, font='Open Sans', fontFiles=[], height=0.05, italic=False, languageStyle='LTR', name='bed_random_isi_no', opacity=1.0, ori=0.0, pos=array([-0.6, -0.4]), rgb=UNKNOWN, text='f\n\nnein', units='height', win=Window(...), wrapWidth=1)
15.9320 	EXP 	window1: mouseVisible = True
15.9338 	EXP 	Created bed_random_isi_yes = TextStim(__class__=<class 'psychopy.visual.text.TextStim'>, alignHoriz=method-wrapper(...), alignText='center', alignVert=method-wrapper(...), anchorHoriz='center', anchorVert='center', antialias=True, autoDraw=False, autoLog=True, bold=False, color=array([1., 1., 1.]), colorSpace='rgb', contrast=1.0, depth=-2.0, draggable=False, flipHoriz=False, flipVert=False, font='Open Sans', fontFiles=[], height=0.05, italic=False, languageStyle='LTR', name='bed_random_isi_yes', opacity=1.0, ori=0.0, pos=array([ 0.6, -0.4]), rgb=UNKNOWN, text=' j\n\nja', units='height', win=Window(...), wrapWidth=1)
15.9339 	EXP 	window1: mouseVisible = True
15.9362 	EXP 	Created bed_random_isi_question = TextStim(__class__=<class 'psychopy.visual.text.TextStim'>, alignHoriz=method-wrapper(...), alignText='center', alignVert=method-wrapper(...), anchorHoriz='center', anchorVert='center', antialias=True, autoDraw=False, autoLog=True, bold=False, color=array([1., 1., 1.]), colorSpace='rgb', contrast=1.0, depth=-4.0, draggable=False, flipHoriz=False, flipVert=False, font='Open Sans', fontFiles=[], height=0.05, italic=False, languageStyle='LTR', name='bed_random_isi_question', opacity=1.0, ori=0.0, pos=array([0. , 0.4]), rgb=UNKNOWN, text='Ist dies ein Schlafzimmer?', units='height', win=Window(...), wrapWidth=1)
15.9363 	EXP 	window1: mouseVisible = True
15.9414 	EXP 	Created bed_picture_fix = ImageStim(__class__=<class 'psychopy.visual.image.ImageStim'>, anchor=('center', 'center'), autoLog=True, color=array([1., 1., 1.]), colorSpace='rgb', contrast=1.0, depth=0.0, draggable=False, flipHoriz=False, flipVert=False, image='fixationskreuz.png', interpolate=True, mask=None, maskParams=None, name='bed_picture_fix', opacity=1.0, ori=0.0, pos=array([0., 0.]), size=array([0.1, 0.1]), texRes=128.0, units='height', win=Window(...))
15.9415 	EXP 	window1: mouseVisible = True
15.9446 	EXP 	Created bed_picture_image = ImageStim(__class__=<class 'psychopy.visual.image.ImageStim'>, anchor=('center', 'center'), autoLog=True, color=array([1., 1., 1.]), colorSpace='rgb', contrast=1.0, depth=-1.0, draggable=False, flipHoriz=False, flipVert=False, image='default.png', interpolate=True, mask=None, maskParams=None, name='bed_picture_image', opacity=1.0, ori=0.0, pos=array([0., 0.]), size=array([0.4, 0.4]), texRes=128.0, units='height', win=Window(...))
15.9447 	EXP 	window1: mouseVisible = True
15.9467 	EXP 	Created bed_picture_no = TextStim(__class__=<class 'psychopy.visual.text.TextStim'>, alignHoriz=method-wrapper(...), alignText='center', alignVert=method-wrapper(...), anchorHoriz='center', anchorVert='center', antialias=True, autoDraw=False, autoLog=True, bold=False, color=array([1., 1., 1.]), colorSpace='rgb', contrast=1.0, depth=-2.0, draggable=False, flipHoriz=False, flipVert=False, font='Open Sans', fontFiles=[], height=0.05, italic=False, languageStyle='LTR', name='bed_picture_no', opacity=1.0, ori=0.0, pos=array([-0.6, -0.4]), rgb=UNKNOWN, text='f\n\nnein', units='height', win=Window(...), wrapWidth=1)
15.9468 	EXP 	window1: mouseVisible = True
15.9487 	EXP 	Created bed_picture_yes = TextStim(__class__=<class 'psychopy.visual.text.TextStim'>, alignHoriz=method-wrapper(...), alignText='center', alignVert=method-wrapper(...), anchorHoriz='center', anchorVert='center', antialias=True, autoDraw=False, autoLog=True, bold=False, color=array([1., 1., 1.]), colorSpace='rgb', contrast=1.0, depth=-3.0, draggable=False, flipHoriz=False, flipVert=False, font='Open Sans', fontFiles=[], height=0.05, italic=False, languageStyle='LTR', name='bed_picture_yes', opacity=1.0, ori=0.0, pos=array([ 0.6, -0.4]), rgb=UNKNOWN, text=' j\n\nja', units='height', win=Window(...), wrapWidth=1)
15.9488 	EXP 	window1: mouseVisible = True
15.9512 	EXP 	Created bed_picture_question = TextStim(__class__=<class 'psychopy.visual.text.TextStim'>, alignHoriz=method-wrapper(...), alignText='center', alignVert=method-wrapper(...), anchorHoriz='center', anchorVert='center', antialias=True, autoDraw=False, autoLog=True, bold=False, color=array([1., 1., 1.]), colorSpace='rgb', contrast=1.0, depth=-5.0, draggable=False, flipHoriz=False, flipVert=False, font='Open Sans', fontFiles=[], height=0.05, italic=False, languageStyle='LTR', name='bed_picture_question', opacity=1.0, ori=0.0, pos=array([0. , 0.4]), rgb=UNKNOWN, text='Ist dies ein Schlafzimmer?', units='height', win=Window(...), wrapWidth=1)
15.9513 	EXP 	window1: mouseVisible = True
15.9551 	EXP 	Created bed_b_memo_instr_text = TextStim(__class__=<class 'psychopy.visual.text.TextStim'>, alignHoriz=method-wrapper(...), alignText='center', alignVert=method-wrapper(...), anchorHoriz='center', anchorVert='center', antialias=True, autoDraw=False, autoLog=True, bold=False, color=array([1., 1., 1.]), colorSpace='rgb', contrast=1.0, depth=0.0, draggable=False, flipHoriz=False, flipVert=False, font='Open Sans', fontFiles=[], height=0.05, italic=False, languageStyle='LTR', name='bed_b_memo_instr_text', opacity=1.0, ori=0.0, pos=array([0., 0.]), rgb=UNKNOWN, text=str(...), units='height', win=Window(...), wrapWidth=1)
15.9552 	EXP 	window1: mouseVisible = True
15.9602 	EXP 	Created memo_fix_pic = ImageStim(__class__=<class 'psychopy.visual.image.ImageStim'>, anchor=('center', 'center'), autoLog=True, color=array([1., 1., 1.]), colorSpace='rgb', contrast=1.0, depth=-1.0, draggable=False, flipHoriz=False, flipVert=False, image='fixationskreuz.png', interpolate=True, mask=None, maskParams=None, name='memo_fix_pic', opacity=1.0, ori=0.0, pos=array([0., 0.]), size=array([0.1, 0.1]), texRes=128.0, units='height', win=Window(...))
15.9603 	EXP 	window1: mouseVisible = True
15.9634 	EXP 	Created memotest_task_stim = ImageStim(__class__=<class 'psychopy.visual.image.ImageStim'>, anchor=('center', 'center'), autoLog=True, color=array([1., 1., 1.]), colorSpace='rgb', contrast=1.0, depth=0.0, draggable=False, flipHoriz=False, flipVert=False, image='default.png', interpolate=True, mask=None, maskParams=None, name='memotest_task_stim', opacity=1.0, ori=0.0, pos=array([0., 0.]), size=array([0.4, 0.4]), texRes=128.0, units='height', win=Window(...))
15.9660 	EXP 	window1: mouseVisible = True
15.9664 	EXP 	window1: mouseVisible = True
15.9698 	EXP 	window1: mouseVisible = True
15.9699 	EXP 	window1: mouseVisible = True
15.9704 	EXP 	window1: mouseVisible = True
15.9708 	EXP 	window1: mouseVisible = True
15.9758 	EXP 	window1: mouseVisible = True
15.9759 	EXP 	window1: mouseVisible = True
15.9763 	EXP 	window1: mouseVisible = True
15.9767 	EXP 	window1: mouseVisible = True
15.9816 	EXP 	window1: mouseVisible = True
15.9817 	EXP 	window1: mouseVisible = True
15.9821 	EXP 	window1: mouseVisible = True
15.9825 	EXP 	window1: mouseVisible = True
15.9871 	EXP 	window1: mouseVisible = True
15.9872 	EXP 	window1: mouseVisible = True
15.9876 	EXP 	window1: mouseVisible = True
15.9880 	EXP 	window1: mouseVisible = True
15.9927 	EXP 	window1: mouseVisible = True
15.9928 	EXP 	window1: mouseVisible = True
15.9933 	EXP 	window1: mouseVisible = True
15.9937 	EXP 	window1: mouseVisible = True
15.9983 	EXP 	window1: mouseVisible = True
15.9984 	EXP 	window1: mouseVisible = True
15.9988 	EXP 	window1: mouseVisible = True
15.9993 	EXP 	window1: mouseVisible = True
16.0039 	EXP 	window1: mouseVisible = True
16.0040 	EXP 	window1: mouseVisible = True
16.0044 	EXP 	window1: mouseVisible = True
16.0048 	EXP 	window1: mouseVisible = True
16.0094 	EXP 	window1: mouseVisible = True
16.0095 	EXP 	window1: mouseVisible = True
16.0100 	EXP 	window1: mouseVisible = True
16.0104 	EXP 	window1: mouseVisible = True
16.0152 	EXP 	window1: mouseVisible = True
16.0164 	EXP 	window1: mouseVisible = True
16.0582 	EXP 	Created memotest_task_slider = Slider(__class__=<class 'psychopy.visual.slider.Slider'>, autoDraw=False, autoLog=True, borderColor=None, color=None, colorSpace='rgb', depth=-1, fillColor=None, flip=False, font='Open Sans', granularity=1.0, labelColor=None, labelHeight=0.04, labelWrapWidth=None, labels=list(...), lineColor=None, markerColor=None, name='memotest_task_slider', opacity=None, ori=0.0, pos=array([ 0. , -0.3]), readOnly=False, self=UNKNOWN, size=array([0.8 , 0.05]), startValue=None, style='radio', styleTweaks=[], ticks=array([0, 1, 2, 3]), units='height', win=Window(...))
16.0583 	EXP 	window1: mouseVisible = True
16.0624 	EXP 	Created break_text = TextStim(__class__=<class 'psychopy.visual.text.TextStim'>, alignHoriz=method-wrapper(...), alignText='center', alignVert=method-wrapper(...), anchorHoriz='center', anchorVert='center', antialias=True, autoDraw=False, autoLog=True, bold=False, color=array([1., 1., 1.]), colorSpace='rgb', contrast=1.0, depth=0.0, draggable=False, flipHoriz=False, flipVert=False, font='Open Sans', fontFiles=[], height=0.05, italic=False, languageStyle='LTR', name='break_text', opacity=1.0, ori=0.0, pos=array([0., 0.]), rgb=UNKNOWN, text=str(...), units='height', win=Window(...), wrapWidth=1)
16.0625 	EXP 	window1: mouseVisible = True
16.0824 	EXP 	Created end_text = TextStim(__class__=<class 'psychopy.visual.text.TextStim'>, alignHoriz=method-wrapper(...), alignText='center', alignVert=method-wrapper(...), anchorHoriz='center', anchorVert='center', antialias=True, autoDraw=False, autoLog=True, bold=False, color=array([1., 1., 1.]), colorSpace='rgb', contrast=1.0, depth=-1.0, draggable=False, flipHoriz=False, flipVert=False, font='Open Sans', fontFiles=[], height=0.04, italic=False, languageStyle='LTR', name='end_text', opacity=1.0, ori=0.0, pos=array([0., 0.]), rgb=UNKNOWN, text=str(...), units='height', win=Window(...), wrapWidth=1)
16.0825 	EXP 	window1: mouseVisible = True
16.0833 	EXP 	Created vp_code_text = TextStim(__class__=<class 'psychopy.visual.text.TextStim'>, alignHoriz=method-wrapper(...), alignText='center', alignVert=method-wrapper(...), anchorHoriz='center', anchorVert='center', antialias=True, autoDraw=False, autoLog=True, bold=False, color=array([1., 1., 1.]), colorSpace='rgb', contrast=1.0, depth=-3.0, draggable=False, flipHoriz=False, flipVert=False, font='Open Sans', fontFiles=[], height=0.05, italic=False, languageStyle='LTR', name='vp_code_text', opacity=1.0, ori=0.0, pos=array([ 0. , -0.4]), rgb=UNKNOWN, text='', units='height', win=Window(...), wrapWidth=1)
0.0081 	EXP 	memo_training_slider: autoLog = True
0.0081 	EXP 	memo_training_slider: ticks = <class 'numpy.ndarray'>
0.0081 	EXP 	memo_training_slider: styleTweaks = []
0.0081 	EXP 	memo_training_slider: styleTweaks = []
0.0081 	EXP 	memo_training_slider: styleTweaks = []
0.0081 	EXP 	memo_training_slider: styleTweaks = []
0.0081 	EXP 	memo_training_slider: ticks = <class 'numpy.ndarray'>
0.0081 	EXP 	memo_training_slider: contrast = 1.0
0.0081 	EXP 	memo_training_slider: markerPos = None
0.0081 	EXP 	memo_training_slider: autoLog = True
0.0081 	EXP 	memotest_task_slider: autoLog = True
0.0081 	EXP 	memotest_task_slider: ticks = <class 'numpy.ndarray'>
0.0081 	EXP 	memotest_task_slider: styleTweaks = []
0.0081 	EXP 	memotest_task_slider: styleTweaks = []
0.0081 	EXP 	memotest_task_slider: styleTweaks = []
0.0081 	EXP 	memotest_task_slider: styleTweaks = []
0.0081 	EXP 	memotest_task_slider: ticks = <class 'numpy.ndarray'>
0.0081 	EXP 	memotest_task_slider: contrast = 1.0
0.0081 	EXP 	memotest_task_slider: markerPos = None
0.0081 	EXP 	memotest_task_slider: autoLog = True
0.0081 	EXP 	memotest_task_slider: autoLog = True
0.0081 	EXP 	memotest_task_slider: ticks = <class 'numpy.ndarray'>
0.0081 	EXP 	memotest_task_slider: styleTweaks = []
0.0081 	EXP 	memotest_task_slider: styleTweaks = []
0.0081 	EXP 	memotest_task_slider: styleTweaks = []
0.0081 	EXP 	memotest_task_slider: styleTweaks = []
0.0081 	EXP 	memotest_task_slider: ticks = <class 'numpy.ndarray'>
0.0081 	EXP 	memotest_task_slider: contrast = 1.0
0.0081 	EXP 	memotest_task_slider: markerPos = None
0.0081 	EXP 	memotest_task_slider: autoLog = True
0.0081 	EXP 	memotest_task_slider: autoLog = True
0.0081 	EXP 	memotest_task_slider: ticks = <class 'numpy.ndarray'>
0.0081 	EXP 	memotest_task_slider: styleTweaks = []
0.0081 	EXP 	memotest_task_slider: styleTweaks = []
0.0081 	EXP 	memotest_task_slider: styleTweaks = []
0.0081 	EXP 	memotest_task_slider: styleTweaks = []
0.0081 	EXP 	memotest_task_slider: ticks = <class 'numpy.ndarray'>
0.0081 	EXP 	memotest_task_slider: contrast = 1.0
0.0081 	EXP 	memotest_task_slider: markerPos = None
0.0081 	EXP 	memotest_task_slider: autoLog = True
0.0081 	EXP 	memotest_task_slider: autoLog = True
0.0081 	EXP 	memotest_task_slider: ticks = <class 'numpy.ndarray'>
0.0081 	EXP 	memotest_task_slider: styleTweaks = []
0.0081 	EXP 	memotest_task_slider: styleTweaks = []
0.0081 	EXP 	memotest_task_slider: styleTweaks = []
0.0081 	EXP 	memotest_task_slider: styleTweaks = []
0.0081 	EXP 	memotest_task_slider: ticks = <class 'numpy.ndarray'>
0.0081 	EXP 	memotest_task_slider: contrast = 1.0
0.0081 	EXP 	memotest_task_slider: markerPos = None
0.0081 	EXP 	memotest_task_slider: autoLog = True
0.0081 	EXP 	memotest_task_slider: autoLog = True
0.0081 	EXP 	memotest_task_slider: ticks = <class 'numpy.ndarray'>
0.0081 	EXP 	memotest_task_slider: styleTweaks = []
0.0081 	EXP 	memotest_task_slider: styleTweaks = []
0.0081 	EXP 	memotest_task_slider: styleTweaks = []
0.0081 	EXP 	memotest_task_slider: styleTweaks = []
0.0081 	EXP 	memotest_task_slider: ticks = <class 'numpy.ndarray'>
0.0081 	EXP 	memotest_task_slider: contrast = 1.0
0.0081 	EXP 	memotest_task_slider: markerPos = None
0.0081 	EXP 	memotest_task_slider: autoLog = True
0.0081 	EXP 	memotest_task_slider: autoLog = True
0.0081 	EXP 	memotest_task_slider: ticks = <class 'numpy.ndarray'>
0.0081 	EXP 	memotest_task_slider: styleTweaks = []
0.0081 	EXP 	memotest_task_slider: styleTweaks = []
0.0081 	EXP 	memotest_task_slider: styleTweaks = []
0.0081 	EXP 	memotest_task_slider: styleTweaks = []
0.0081 	EXP 	memotest_task_slider: ticks = <class 'numpy.ndarray'>
0.0081 	EXP 	memotest_task_slider: contrast = 1.0
0.0081 	EXP 	memotest_task_slider: markerPos = None
0.0081 	EXP 	memotest_task_slider: autoLog = True
0.0151 	EXP 	intro_text: autoDraw = True
0.7001 	DATA 	Keypress: space
0.7058 	WARNING 	t of last frame was 38.40ms (=1/26)
0.7058 	EXP 	intro_text: autoDraw = False
1.1929 	EXP 	consent_text: autoDraw = True
10.6849 	WARNING 	t of last frame was 22.81ms (=1/43)
25.6923 	EXP 	consent_text: autoDraw = False
25.6923 	EXP 	consent_text_2: autoDraw = True
26.7058 	DATA 	Keypress: space
26.7116 	EXP 	consent_text: autoDraw = False
26.7116 	EXP 	consent_text_2: autoDraw = False
26.7116 	EXP 	data_safety_text_2: autoDraw = True
27.3579 	DATA 	Keypress: space
27.3640 	EXP 	data_safety_text_2: autoDraw = False
27.3640 	EXP 	data_safety_2_text_2: autoDraw = True
28.0652 	DATA 	Keypress: space
28.0721 	EXP 	data_safety_2_text_2: autoDraw = False
28.0721 	EXP 	instructions_cat_text_2: autoDraw = True
28.6728 	DATA 	Keypress: space
28.6893 	EXP 	instructions_cat_text_2: autoDraw = False
28.6893 	EXP 	instructions_cat_2_text: autoDraw = True
29.5802 	DATA 	Keypress: space
29.5917 	EXP 	instructions_cat_2_text: autoDraw = False
30.0856 	EXP 	category_test_word: autoDraw = True
32.0844 	EXP 	Imported conditions_cat_training.xlsx as conditions, 16 conditions, 2 params
32.0857 	EXP 	Created sequence: random, trialTypes=16, nReps=1, seed=None
32.0861 	EXP 	New trial (rep=0, index=0): {'stimulus': 'stimuli/train_13.jpg', 'correct_answer': 'f'}
32.0982 	WARNING 	t of last frame was 29.07ms (=1/34)
32.0982 	EXP 	category_test_word: autoDraw = False
32.0982 	EXP 	category_test_word: autoDraw = False
32.0982 	EXP 	fix_cat_training_question: autoDraw = True
32.0982 	EXP 	fix_cat_training_no: autoDraw = True
32.0982 	EXP 	fix_cat_training_yes: autoDraw = True
32.0982 	EXP 	fix_cat_training_pic: autoDraw = True
33.2570 	EXP 	fix_cat_training_question: autoDraw = False
33.2570 	EXP 	fix_cat_training_no: autoDraw = False
33.2570 	EXP 	fix_cat_training_yes: autoDraw = False
33.2570 	EXP 	fix_cat_training_pic: autoDraw = False
33.2570 	EXP 	fix_cat_training_question: autoDraw = False
33.2570 	EXP 	fix_cat_training_no: autoDraw = False
33.2570 	EXP 	fix_cat_training_yes: autoDraw = False
33.2570 	EXP 	fix_cat_training_pic: autoDraw = False
33.2570 	EXP 	cat_training_stim: image = 'stimuli/train_13.jpg'
33.2570 	EXP 	cat_training_stim: autoDraw = True
33.2570 	EXP 	cat_training_question: autoDraw = True
33.2570 	EXP 	cat_training_no: autoDraw = True
33.2570 	EXP 	cat_training_yes: autoDraw = True
33.9850 	EXP 	cat_training_fix: autoDraw = True
34.0021 	EXP 	cat_training_stim: autoDraw = False
38.1364 	DATA 	Keypress: escape
38.1411 	WARNING 	t of last frame was 22.21ms (=1/45)
38.1866 	EXP 	SceneCat_2023_2_key_resp: status = STOPPED
38.1907 	EXP 	cat_training_fix: autoDraw = False
38.1907 	EXP 	cat_training_question: autoDraw = False
38.1907 	EXP 	cat_training_no: autoDraw = False
38.1907 	EXP 	cat_training_yes: autoDraw = False
38.1908 	EXP 	SceneCat_2023_2_key_resp: status = STOPPED
38.2263 	EXP 	window1: mouseVisible = True
