3.5831 	ERROR 	Plugin `psychopy-cedrus` entry point requires module `psychopy_cedrus`, but it cannot be imported.
5.9921 	WARNING 	User requested fullscreen with size [1920 1080], but screen is actually [1440, 900]. Using actual size
6.1684 	EXP 	Created window1 = Window(allowGUI=True, allowStencil=False, autoLog=True, backendConf=UNKNOWN, backgroundFit=<method-wrapper '__getattribute__' of attributeSetter object at 0x7f7db8ff2700>, backgroundImage=<method-wrapper '__getattribute__' of attributeSetter object at 0x7f7db8ff26a0>, bitsMode=UNKNOWN, blendMode='avg', bpc=(8, 8, 8), color=array([0, 0, 0]), colorSpace='rgb', depthBits=8, fullscr=<method-wrapper '__getattribute__' of attributeSetter object at 0x7f7db8ff2190>, gamma=None, gammaErrorPolicy='raise', infoMsg=UNKNOWN, lms=UNKNOWN, monitor=<psychopy.monitors.calibTools.Monitor object at 0x7f7d8a7d9040>, multiSample=False, name='window1', numSamples=2, pos=[360.0, 225.0], screen=0, size=array([2880, 1800]), stencilBits=0, stereo=False, title='PsychoPy', units='height', useFBO=True, useRetina=True, viewOri=0.0, viewPos=None, viewScale=None, waitBlanking=True, winType='pyglet')
6.1685 	EXP 	window1: mouseVisible = True
6.1685 	EXP 	window1: backgroundImage = ''
6.1685 	EXP 	window1: backgroundFit = 'none'
6.1687 	EXP 	window1: mouseVisible = True
6.1689 	EXP 	window1: mouseVisible = True
6.1741 	EXP 	window1: mouseVisible = True
6.1746 	EXP 	window1: mouseVisible = True
6.2064 	EXP 	window1: mouseVisible = True
6.2065 	EXP 	window1: mouseVisible = True
6.2070 	EXP 	window1: mouseVisible = True
6.2075 	EXP 	window1: mouseVisible = True
6.2200 	EXP 	window1: Attempting to measure frame rate of screen (0) ...
6.2200 	EXP 	window1: recordFrameIntervals = False
6.3645 	EXP 	window1: recordFrameIntervals = True
7.1971 	WARNING 	Couldn't measure a consistent frame rate!
  - Is your graphics card set to sync to vertical blank?
  - Are you running other processes on your computer?

7.2000 	EXP 	window1: mouseVisible = False
8.8545 	EXP 	SceneCat_2023_2_key_resp: status = STARTED
8.8559 	EXP 	window1: mouseVisible = True
8.9158 	EXP 	Created intro_text = TextStim(__class__=<class 'psychopy.visual.text.TextStim'>, alignHoriz=method-wrapper(...), alignText='center', alignVert=method-wrapper(...), anchorHoriz='center', anchorVert='center', antialias=True, autoDraw=False, autoLog=True, bold=False, color=array([1., 1., 1.]), colorSpace='rgb', contrast=1.0, depth=0.0, draggable=False, flipHoriz=False, flipVert=False, font='Open Sans', fontFiles=[], height=0.05, italic=False, languageStyle='LTR', name='intro_text', opacity=1.0, ori=0.0, pos=array([0., 0.]), rgb=UNKNOWN, text=str(...), units='height', win=Window(...), wrapWidth=1)
8.9160 	EXP 	window1: mouseVisible = True
8.9547 	EXP 	Created consent_text = TextStim(__class__=<class 'psychopy.visual.text.TextStim'>, alignHoriz=method-wrapper(...), alignText='center', alignVert=method-wrapper(...), anchorHoriz='center', anchorVert='center', antialias=True, autoDraw=False, autoLog=True, bold=False, color=array([1., 1., 1.]), colorSpace='rgb', contrast=1.0, depth=0.0, draggable=False, flipHoriz=False, flipVert=False, font='Open Sans', fontFiles=[], height=0.028, italic=False, languageStyle='LTR', name='consent_text', opacity=1.0, ori=0.0, pos=array([0., 0.]), rgb=UNKNOWN, text=str(...), units='height', win=Window(...), wrapWidth=1)
8.9548 	EXP 	window1: mouseVisible = True
8.9818 	EXP 	Created consent_text_2 = TextStim(__class__=<class 'psychopy.visual.text.TextStim'>, alignHoriz=method-wrapper(...), alignText='center', alignVert=method-wrapper(...), anchorHoriz='center', anchorVert='center', antialias=True, autoDraw=False, autoLog=True, bold=False, color=array([1., 1., 1.]), colorSpace='rgb', contrast=1.0, depth=-1.0, draggable=False, flipHoriz=False, flipVert=False, font='Open Sans', fontFiles=[], height=0.028, italic=False, languageStyle='LTR', name='consent_text_2', opacity=1.0, ori=0.0, pos=array([0., 0.]), rgb=UNKNOWN, text=str(...), units='height', win=Window(...), wrapWidth=1)
8.9819 	EXP 	window1: mouseVisible = True
9.0199 	EXP 	Created data_safety_text = TextStim(__class__=<class 'psychopy.visual.text.TextStim'>, alignHoriz=method-wrapper(...), alignText='center', alignVert=method-wrapper(...), anchorHoriz='center', anchorVert='center', antialias=True, autoDraw=False, autoLog=True, bold=False, color=array([1., 1., 1.]), colorSpace='rgb', contrast=1.0, depth=0.0, draggable=False, flipHoriz=False, flipVert=False, font='Open Sans', fontFiles=[], height=0.028, italic=False, languageStyle='LTR', name='data_safety_text', opacity=1.0, ori=0.0, pos=array([0., 0.]), rgb=UNKNOWN, text=str(...), units='height', win=Window(...), wrapWidth=1)
9.0200 	EXP 	window1: mouseVisible = True
9.0559 	EXP 	Created data_safety_text_2 = TextStim(__class__=<class 'psychopy.visual.text.TextStim'>, alignHoriz=method-wrapper(...), alignText='center', alignVert=method-wrapper(...), anchorHoriz='center', anchorVert='center', antialias=True, autoDraw=False, autoLog=True, bold=False, color=array([1., 1., 1.]), colorSpace='rgb', contrast=1.0, depth=-1.0, draggable=False, flipHoriz=False, flipVert=False, font='Open Sans', fontFiles=[], height=0.028, italic=False, languageStyle='LTR', name='data_safety_text_2', opacity=1.0, ori=0.0, pos=array([0., 0.]), rgb=UNKNOWN, text=str(...), units='height', win=Window(...), wrapWidth=1)
9.0559 	EXP 	window1: mouseVisible = True
9.0965 	EXP 	Created data_safety_2_text_ = TextStim(__class__=<class 'psychopy.visual.text.TextStim'>, alignHoriz=method-wrapper(...), alignText='center', alignVert=method-wrapper(...), anchorHoriz='center', anchorVert='center', antialias=True, autoDraw=False, autoLog=True, bold=False, color=array([1., 1., 1.]), colorSpace='rgb', contrast=1.0, depth=0.0, draggable=False, flipHoriz=False, flipVert=False, font='Open Sans', fontFiles=[], height=0.028, italic=False, languageStyle='LTR', name='data_safety_2_text_', opacity=1.0, ori=0.0, pos=array([0., 0.]), rgb=UNKNOWN, text=str(...), units='height', win=Window(...), wrapWidth=1)
9.0966 	EXP 	window1: mouseVisible = True
9.1352 	EXP 	Created data_safety_2_text_2 = TextStim(__class__=<class 'psychopy.visual.text.TextStim'>, alignHoriz=method-wrapper(...), alignText='center', alignVert=method-wrapper(...), anchorHoriz='center', anchorVert='center', antialias=True, autoDraw=False, autoLog=True, bold=False, color=array([1., 1., 1.]), colorSpace='rgb', contrast=1.0, depth=-1.0, draggable=False, flipHoriz=False, flipVert=False, font='Open Sans', fontFiles=[], height=0.028, italic=False, languageStyle='LTR', name='data_safety_2_text_2', opacity=1.0, ori=0.0, pos=array([0., 0.]), rgb=UNKNOWN, text=str(...), units='height', win=Window(...), wrapWidth=1)
9.1353 	EXP 	window1: mouseVisible = True
9.1861 	EXP 	Created instructions_cat_text = TextStim(__class__=<class 'psychopy.visual.text.TextStim'>, alignHoriz=method-wrapper(...), alignText='center', alignVert=method-wrapper(...), anchorHoriz='center', anchorVert='center', antialias=True, autoDraw=False, autoLog=True, bold=False, color=array([1., 1., 1.]), colorSpace='rgb', contrast=1.0, depth=0.0, draggable=False, flipHoriz=False, flipVert=False, font='Open Sans', fontFiles=[], height=0.026, italic=False, languageStyle='LTR', name='instructions_cat_text', opacity=1.0, ori=0.0, pos=array([0., 0.]), rgb=UNKNOWN, text=str(...), units='height', win=Window(...), wrapWidth=1)
9.1862 	EXP 	window1: mouseVisible = True
9.2185 	EXP 	Created instructions_cat_text_2 = TextStim(__class__=<class 'psychopy.visual.text.TextStim'>, alignHoriz=method-wrapper(...), alignText='center', alignVert=method-wrapper(...), anchorHoriz='center', anchorVert='center', antialias=True, autoDraw=False, autoLog=True, bold=False, color=array([1., 1., 1.]), colorSpace='rgb', contrast=1.0, depth=-1.0, draggable=False, flipHoriz=False, flipVert=False, font='Open Sans', fontFiles=[], height=0.026, italic=False, languageStyle='LTR', name='instructions_cat_text_2', opacity=1.0, ori=0.0, pos=array([0., 0.]), rgb=UNKNOWN, text=str(...), units='height', win=Window(...), wrapWidth=1)
9.2186 	EXP 	window1: mouseVisible = True
9.2331 	EXP 	Created instructions_cat_2_text = TextStim(__class__=<class 'psychopy.visual.text.TextStim'>, alignHoriz=method-wrapper(...), alignText='center', alignVert=method-wrapper(...), anchorHoriz='center', anchorVert='center', antialias=True, autoDraw=False, autoLog=True, bold=False, color=array([1., 1., 1.]), colorSpace='rgb', contrast=1.0, depth=0.0, draggable=False, flipHoriz=False, flipVert=False, font='Open Sans', fontFiles=[], height=0.03, italic=False, languageStyle='LTR', name='instructions_cat_2_text', opacity=1.0, ori=0.0, pos=array([0., 0.]), rgb=UNKNOWN, text=str(...), units='height', win=Window(...), wrapWidth=1)
9.2332 	EXP 	window1: mouseVisible = True
9.2364 	EXP 	Created category_test_word = TextStim(__class__=<class 'psychopy.visual.text.TextStim'>, alignHoriz=method-wrapper(...), alignText='center', alignVert=method-wrapper(...), anchorHoriz='center', anchorVert='center', antialias=True, autoDraw=False, autoLog=True, bold=False, color=array([1., 1., 1.]), colorSpace='rgb', contrast=1.0, depth=0.0, draggable=False, flipHoriz=False, flipVert=False, font='Open Sans', fontFiles=[], height=0.05, italic=False, languageStyle='LTR', name='category_test_word', opacity=1.0, ori=0.0, pos=array([0., 0.]), rgb=UNKNOWN, text='Bahnhof', units='height', win=Window(...), wrapWidth=1)
9.2365 	EXP 	window1: mouseVisible = True
9.2421 	EXP 	Created fix_cat_training_question = TextStim(__class__=<class 'psychopy.visual.text.TextStim'>, alignHoriz=method-wrapper(...), alignText='center', alignVert=method-wrapper(...), anchorHoriz='center', anchorVert='center', antialias=True, autoDraw=False, autoLog=True, bold=False, color=array([1., 1., 1.]), colorSpace='rgb', contrast=1.0, depth=-1.0, draggable=False, flipHoriz=False, flipVert=False, font='Open Sans', fontFiles=[], height=0.05, italic=False, languageStyle='LTR', name='fix_cat_training_question', opacity=1.0, ori=0.0, pos=array([0. , 0.4]), rgb=UNKNOWN, text='Ist dies ein Bahnhof?', units='height', win=Window(...), wrapWidth=1)
9.2422 	EXP 	window1: mouseVisible = True
9.2448 	EXP 	Created fix_cat_training_no = TextStim(__class__=<class 'psychopy.visual.text.TextStim'>, alignHoriz=method-wrapper(...), alignText='center', alignVert=method-wrapper(...), anchorHoriz='center', anchorVert='center', antialias=True, autoDraw=False, autoLog=True, bold=False, color=array([1., 1., 1.]), colorSpace='rgb', contrast=1.0, depth=-2.0, draggable=False, flipHoriz=False, flipVert=False, font='Open Sans', fontFiles=[], height=0.05, italic=False, languageStyle='LTR', name='fix_cat_training_no', opacity=1.0, ori=0.0, pos=array([-0.6, -0.4]), rgb=UNKNOWN, text='f\n\nnein', units='height', win=Window(...), wrapWidth=1)
9.2448 	EXP 	window1: mouseVisible = True
9.2471 	EXP 	Created fix_cat_training_yes = TextStim(__class__=<class 'psychopy.visual.text.TextStim'>, alignHoriz=method-wrapper(...), alignText='center', alignVert=method-wrapper(...), anchorHoriz='center', anchorVert='center', antialias=True, autoDraw=False, autoLog=True, bold=False, color=array([1., 1., 1.]), colorSpace='rgb', contrast=1.0, depth=-3.0, draggable=False, flipHoriz=False, flipVert=False, font='Open Sans', fontFiles=[], height=0.05, italic=False, languageStyle='LTR', name='fix_cat_training_yes', opacity=1.0, ori=0.0, pos=array([ 0.6, -0.4]), rgb=UNKNOWN, text=' j\n\nja', units='height', win=Window(...), wrapWidth=1)
9.2472 	EXP 	window1: mouseVisible = True
9.2566 	EXP 	Created fix_cat_training_pic = ImageStim(__class__=<class 'psychopy.visual.image.ImageStim'>, anchor=('center', 'center'), autoLog=True, color=array([1., 1., 1.]), colorSpace='rgb', contrast=1.0, depth=-4.0, draggable=False, flipHoriz=False, flipVert=False, image='fixationskreuz.png', interpolate=True, mask=None, maskParams=None, name='fix_cat_training_pic', opacity=1.0, ori=0.0, pos=array([0., 0.]), size=array([0.1, 0.1]), texRes=128.0, units='height', win=Window(...))
9.2567 	EXP 	window1: mouseVisible = True
9.2618 	EXP 	Created cat_training_fix = ImageStim(__class__=<class 'psychopy.visual.image.ImageStim'>, anchor=('center', 'center'), autoLog=True, color=array([1., 1., 1.]), colorSpace='rgb', contrast=1.0, depth=0.0, draggable=False, flipHoriz=False, flipVert=False, image='fixationskreuz.png', interpolate=True, mask=None, maskParams=None, name='cat_training_fix', opacity=1.0, ori=0.0, pos=array([0., 0.]), size=array([0.1, 0.1]), texRes=128.0, units='height', win=Window(...))
9.2619 	EXP 	window1: mouseVisible = True
9.2651 	EXP 	Created cat_training_stim = ImageStim(__class__=<class 'psychopy.visual.image.ImageStim'>, anchor=('center', 'center'), autoLog=True, color=array([1., 1., 1.]), colorSpace='rgb', contrast=1.0, depth=-1.0, draggable=False, flipHoriz=False, flipVert=False, image='default.png', interpolate=True, mask=None, maskParams=None, name='cat_training_stim', opacity=1.0, ori=0.0, pos=array([0., 0.]), size=array([0.4, 0.4]), texRes=128.0, units='height', win=Window(...))
9.2652 	EXP 	window1: mouseVisible = True
9.2677 	EXP 	Created cat_training_question = TextStim(__class__=<class 'psychopy.visual.text.TextStim'>, alignHoriz=method-wrapper(...), alignText='center', alignVert=method-wrapper(...), anchorHoriz='center', anchorVert='center', antialias=True, autoDraw=False, autoLog=True, bold=False, color=array([1., 1., 1.]), colorSpace='rgb', contrast=1.0, depth=-3.0, draggable=False, flipHoriz=False, flipVert=False, font='Open Sans', fontFiles=[], height=0.05, italic=False, languageStyle='LTR', name='cat_training_question', opacity=1.0, ori=0.0, pos=array([0. , 0.4]), rgb=UNKNOWN, text='Ist dies ein Bahnhof?', units='height', win=Window(...), wrapWidth=1)
9.2678 	EXP 	window1: mouseVisible = True
9.2698 	EXP 	Created cat_training_no = TextStim(__class__=<class 'psychopy.visual.text.TextStim'>, alignHoriz=method-wrapper(...), alignText='center', alignVert=method-wrapper(...), anchorHoriz='center', anchorVert='center', antialias=True, autoDraw=False, autoLog=True, bold=False, color=array([1., 1., 1.]), colorSpace='rgb', contrast=1.0, depth=-4.0, draggable=False, flipHoriz=False, flipVert=False, font='Open Sans', fontFiles=[], height=0.05, italic=False, languageStyle='LTR', name='cat_training_no', opacity=1.0, ori=0.0, pos=array([-0.6, -0.4]), rgb=UNKNOWN, text='f\n\nnein', units='height', win=Window(...), wrapWidth=1)
9.2699 	EXP 	window1: mouseVisible = True
9.2717 	EXP 	Created cat_training_yes = TextStim(__class__=<class 'psychopy.visual.text.TextStim'>, alignHoriz=method-wrapper(...), alignText='center', alignVert=method-wrapper(...), anchorHoriz='center', anchorVert='center', antialias=True, autoDraw=False, autoLog=True, bold=False, color=array([1., 1., 1.]), colorSpace='rgb', contrast=1.0, depth=-5.0, draggable=False, flipHoriz=False, flipVert=False, font='Open Sans', fontFiles=[], height=0.05, italic=False, languageStyle='LTR', name='cat_training_yes', opacity=1.0, ori=0.0, pos=array([ 0.6, -0.4]), rgb=UNKNOWN, text=' j\n\nja', units='height', win=Window(...), wrapWidth=1)
9.2717 	EXP 	window1: mouseVisible = True
9.2726 	EXP 	Created cat_train_feedback_text = TextStim(__class__=<class 'psychopy.visual.text.TextStim'>, alignHoriz=method-wrapper(...), alignText='center', alignVert=method-wrapper(...), anchorHoriz='center', anchorVert='center', antialias=True, autoDraw=False, autoLog=True, bold=False, color=array([1., 1., 1.]), colorSpace='rgb', contrast=1.0, depth=-1.0, draggable=False, flipHoriz=False, flipVert=False, font='Open Sans', fontFiles=[], height=0.05, italic=False, languageStyle='LTR', name='cat_train_feedback_text', opacity=1.0, ori=0.0, pos=array([0., 0.]), rgb=UNKNOWN, text='', units='height', win=Window(...), wrapWidth=1)
9.2727 	EXP 	window1: mouseVisible = True
9.2746 	EXP 	Created cat_train_feedb_no = TextStim(__class__=<class 'psychopy.visual.text.TextStim'>, alignHoriz=method-wrapper(...), alignText='center', alignVert=method-wrapper(...), anchorHoriz='center', anchorVert='center', antialias=True, autoDraw=False, autoLog=True, bold=False, color=array([1., 1., 1.]), colorSpace='rgb', contrast=1.0, depth=-2.0, draggable=False, flipHoriz=False, flipVert=False, font='Open Sans', fontFiles=[], height=0.05, italic=False, languageStyle='LTR', name='cat_train_feedb_no', opacity=1.0, ori=0.0, pos=array([-0.6, -0.4]), rgb=UNKNOWN, text='f\n\nnein', units='height', win=Window(...), wrapWidth=1)
9.2746 	EXP 	window1: mouseVisible = True
9.2764 	EXP 	Created cat_train_feedb_yes = TextStim(__class__=<class 'psychopy.visual.text.TextStim'>, alignHoriz=method-wrapper(...), alignText='center', alignVert=method-wrapper(...), anchorHoriz='center', anchorVert='center', antialias=True, autoDraw=False, autoLog=True, bold=False, color=array([1., 1., 1.]), colorSpace='rgb', contrast=1.0, depth=-3.0, draggable=False, flipHoriz=False, flipVert=False, font='Open Sans', fontFiles=[], height=0.05, italic=False, languageStyle='LTR', name='cat_train_feedb_yes', opacity=1.0, ori=0.0, pos=array([ 0.6, -0.4]), rgb=UNKNOWN, text=' j\n\nja', units='height', win=Window(...), wrapWidth=1)
9.2765 	EXP 	window1: mouseVisible = True
9.2788 	EXP 	Created cat_train_feedb_question = TextStim(__class__=<class 'psychopy.visual.text.TextStim'>, alignHoriz=method-wrapper(...), alignText='center', alignVert=method-wrapper(...), anchorHoriz='center', anchorVert='center', antialias=True, autoDraw=False, autoLog=True, bold=False, color=array([1., 1., 1.]), colorSpace='rgb', contrast=1.0, depth=-4.0, draggable=False, flipHoriz=False, flipVert=False, font='Open Sans', fontFiles=[], height=0.05, italic=False, languageStyle='LTR', name='cat_train_feedb_question', opacity=1.0, ori=0.0, pos=array([0. , 0.4]), rgb=UNKNOWN, text='Ist dies ein Bahnhof?', units='height', win=Window(...), wrapWidth=1)
9.2789 	EXP 	window1: mouseVisible = True
9.3014 	EXP 	Created instructions_memo_text = TextStim(__class__=<class 'psychopy.visual.text.TextStim'>, alignHoriz=method-wrapper(...), alignText='center', alignVert=method-wrapper(...), anchorHoriz='center', anchorVert='center', antialias=True, autoDraw=False, autoLog=True, bold=False, color=array([1., 1., 1.]), colorSpace='rgb', contrast=1.0, depth=0.0, draggable=False, flipHoriz=False, flipVert=False, font='Open Sans', fontFiles=[], height=0.035, italic=False, languageStyle='LTR', name='instructions_memo_text', opacity=1.0, ori=0.0, pos=array([0., 0.]), rgb=UNKNOWN, text=str(...), units='height', win=Window(...), wrapWidth=1)
9.3015 	EXP 	window1: mouseVisible = True
9.3078 	EXP 	Created memo_fix_pic = ImageStim(__class__=<class 'psychopy.visual.image.ImageStim'>, anchor=('center', 'center'), autoLog=True, color=array([1., 1., 1.]), colorSpace='rgb', contrast=1.0, depth=-1.0, draggable=False, flipHoriz=False, flipVert=False, image='fixationskreuz.png', interpolate=True, mask=None, maskParams=None, name='memo_fix_pic', opacity=1.0, ori=0.0, pos=array([0., 0.]), size=array([0.1, 0.1]), texRes=128.0, units='height', win=Window(...))
9.3079 	EXP 	window1: mouseVisible = True
9.3089 	EXP 	Created memo_training_fix = ImageStim(__class__=<class 'psychopy.visual.image.ImageStim'>, anchor=('center', 'center'), autoLog=True, color=array([1., 1., 1.]), colorSpace='rgb', contrast=1.0, depth=0.0, draggable=False, flipHoriz=False, flipVert=False, image=None, interpolate=True, mask=None, maskParams=None, name='memo_training_fix', opacity=1.0, ori=0.0, pos=array([0., 0.]), size=array([0.1, 0.1]), texRes=128.0, units='height', win=Window(...))
9.3090 	EXP 	window1: mouseVisible = True
9.3127 	EXP 	Created memo_training_stim = ImageStim(__class__=<class 'psychopy.visual.image.ImageStim'>, anchor=('center', 'center'), autoLog=True, color=array([1., 1., 1.]), colorSpace='rgb', contrast=1.0, depth=-1.0, draggable=False, flipHoriz=False, flipVert=False, image='default.png', interpolate=True, mask=None, maskParams=None, name='memo_training_stim', opacity=1.0, ori=0.0, pos=array([0., 0.]), size=array([0.4, 0.4]), texRes=128.0, units='height', win=Window(...))
9.3265 	EXP 	window1: mouseVisible = True
9.3269 	EXP 	window1: mouseVisible = True
9.3314 	EXP 	window1: mouseVisible = True
9.3315 	EXP 	window1: mouseVisible = True
9.3320 	EXP 	window1: mouseVisible = True
9.3325 	EXP 	window1: mouseVisible = True
9.3504 	EXP 	window1: mouseVisible = True
9.3506 	EXP 	window1: mouseVisible = True
9.3510 	EXP 	window1: mouseVisible = True
9.3515 	EXP 	window1: mouseVisible = True
9.3627 	EXP 	window1: mouseVisible = True
9.3628 	EXP 	window1: mouseVisible = True
9.3633 	EXP 	window1: mouseVisible = True
9.3637 	EXP 	window1: mouseVisible = True
9.3718 	EXP 	window1: mouseVisible = True
9.3719 	EXP 	window1: mouseVisible = True
9.3724 	EXP 	window1: mouseVisible = True
9.3728 	EXP 	window1: mouseVisible = True
9.3776 	EXP 	window1: mouseVisible = True
9.3777 	EXP 	window1: mouseVisible = True
9.3782 	EXP 	window1: mouseVisible = True
9.3786 	EXP 	window1: mouseVisible = True
9.3880 	EXP 	window1: mouseVisible = True
9.3881 	EXP 	window1: mouseVisible = True
9.3886 	EXP 	window1: mouseVisible = True
9.3890 	EXP 	window1: mouseVisible = True
9.3939 	EXP 	window1: mouseVisible = True
9.3940 	EXP 	window1: mouseVisible = True
9.3945 	EXP 	window1: mouseVisible = True
9.3949 	EXP 	window1: mouseVisible = True
9.4029 	EXP 	window1: mouseVisible = True
9.4030 	EXP 	window1: mouseVisible = True
9.4035 	EXP 	window1: mouseVisible = True
9.4039 	EXP 	window1: mouseVisible = True
9.4088 	EXP 	window1: mouseVisible = True
9.4108 	EXP 	window1: mouseVisible = True
9.4539 	EXP 	Created memo_training_slider = Slider(__class__=<class 'psychopy.visual.slider.Slider'>, autoDraw=False, autoLog=True, borderColor=None, color=None, colorSpace='rgb', depth=-2, fillColor=None, flip=False, font='Open Sans', granularity=1.0, labelColor=None, labelHeight=0.04, labelWrapWidth=None, labels=list(...), lineColor=None, markerColor=None, name='memo_training_slider', opacity=None, ori=0.0, pos=array([ 0. , -0.3]), readOnly=False, self=UNKNOWN, size=array([0.8 , 0.05]), startValue=None, style='radio', styleTweaks=[], ticks=array([0, 1, 2, 3]), units='height', win=Window(...))
9.4540 	EXP 	window1: mouseVisible = True
9.4549 	EXP 	Created memo_train_feedb_text = TextStim(__class__=<class 'psychopy.visual.text.TextStim'>, alignHoriz=method-wrapper(...), alignText='center', alignVert=method-wrapper(...), anchorHoriz='center', anchorVert='center', antialias=True, autoDraw=False, autoLog=True, bold=False, color=array([1., 1., 1.]), colorSpace='rgb', contrast=1.0, depth=-1.0, draggable=False, flipHoriz=False, flipVert=False, font='Open Sans', fontFiles=[], height=0.05, italic=False, languageStyle='LTR', name='memo_train_feedb_text', opacity=1.0, ori=0.0, pos=array([0., 0.]), rgb=UNKNOWN, text='', units='height', win=Window(...), wrapWidth=1)
9.4549 	EXP 	window1: mouseVisible = True
9.4663 	EXP 	Created start_cat_text = TextStim(__class__=<class 'psychopy.visual.text.TextStim'>, alignHoriz=method-wrapper(...), alignText='center', alignVert=method-wrapper(...), anchorHoriz='center', anchorVert='center', antialias=True, autoDraw=False, autoLog=True, bold=False, color=array([1., 1., 1.]), colorSpace='rgb', contrast=1.0, depth=0.0, draggable=False, flipHoriz=False, flipVert=False, font='Open Sans', fontFiles=[], height=0.05, italic=False, languageStyle='LTR', name='start_cat_text', opacity=1.0, ori=0.0, pos=array([0., 0.]), rgb=UNKNOWN, text=str(...), units='height', win=Window(...), wrapWidth=1)
9.4664 	EXP 	window1: mouseVisible = True
9.4686 	EXP 	Created kitchen_a_text = TextStim(__class__=<class 'psychopy.visual.text.TextStim'>, alignHoriz=method-wrapper(...), alignText='center', alignVert=method-wrapper(...), anchorHoriz='center', anchorVert='center', antialias=True, autoDraw=False, autoLog=True, bold=False, color=array([1., 1., 1.]), colorSpace='rgb', contrast=1.0, depth=0.0, draggable=False, flipHoriz=False, flipVert=False, font='Open Sans', fontFiles=[], height=0.05, italic=False, languageStyle='LTR', name='kitchen_a_text', opacity=1.0, ori=0.0, pos=array([0., 0.]), rgb=UNKNOWN, text='Küche', units='height', win=Window(...), wrapWidth=1)
9.4687 	EXP 	window1: mouseVisible = True
9.4722 	EXP 	Created kitchen_a_text_2 = TextStim(__class__=<class 'psychopy.visual.text.TextStim'>, alignHoriz=method-wrapper(...), alignText='center', alignVert=method-wrapper(...), anchorHoriz='center', anchorVert='center', antialias=True, autoDraw=False, autoLog=True, bold=False, color=array([1., 1., 1.]), colorSpace='rgb', contrast=1.0, depth=-1.0, draggable=False, flipHoriz=False, flipVert=False, font='Open Sans', fontFiles=[], height=0.05, italic=False, languageStyle='LTR', name='kitchen_a_text_2', opacity=1.0, ori=0.0, pos=array([ 0. , -0.2]), rgb=UNKNOWN, text=str(...), units='height', win=Window(...), wrapWidth=1)
9.4723 	EXP 	window1: mouseVisible = True
9.4731 	EXP 	Created kitchen_a_block_no = TextStim(__class__=<class 'psychopy.visual.text.TextStim'>, alignHoriz=method-wrapper(...), alignText='center', alignVert=method-wrapper(...), anchorHoriz='center', anchorVert='center', antialias=True, autoDraw=False, autoLog=True, bold=False, color=array([1., 1., 1.]), colorSpace='rgb', contrast=1.0, depth=-3.0, draggable=False, flipHoriz=False, flipVert=False, font='Open Sans', fontFiles=[], height=0.05, italic=False, languageStyle='LTR', name='kitchen_a_block_no', opacity=1.0, ori=0.0, pos=array([ 0. , -0.2]), rgb=UNKNOWN, text='', units='height', win=Window(...), wrapWidth=1)
9.4732 	EXP 	window1: mouseVisible = True
9.4793 	EXP 	Created random_isi_kitchen_fix = ImageStim(__class__=<class 'psychopy.visual.image.ImageStim'>, anchor=('center', 'center'), autoLog=True, color=array([1., 1., 1.]), colorSpace='rgb', contrast=1.0, depth=0.0, draggable=False, flipHoriz=False, flipVert=False, image='fixationskreuz.png', interpolate=True, mask=None, maskParams=None, name='random_isi_kitchen_fix', opacity=1.0, ori=0.0, pos=array([0., 0.]), size=array([0.1, 0.1]), texRes=128.0, units='height', win=Window(...))
9.4794 	EXP 	window1: mouseVisible = True
9.4814 	EXP 	Created random_isi_kitchen_no = TextStim(__class__=<class 'psychopy.visual.text.TextStim'>, alignHoriz=method-wrapper(...), alignText='center', alignVert=method-wrapper(...), anchorHoriz='center', anchorVert='center', antialias=True, autoDraw=False, autoLog=True, bold=False, color=array([1., 1., 1.]), colorSpace='rgb', contrast=1.0, depth=-2.0, draggable=False, flipHoriz=False, flipVert=False, font='Open Sans', fontFiles=[], height=0.05, italic=False, languageStyle='LTR', name='random_isi_kitchen_no', opacity=1.0, ori=0.0, pos=array([-0.6, -0.4]), rgb=UNKNOWN, text='f\n\nnein', units='height', win=Window(...), wrapWidth=1)
9.4815 	EXP 	window1: mouseVisible = True
9.4834 	EXP 	Created random_isi_kitchen_yes = TextStim(__class__=<class 'psychopy.visual.text.TextStim'>, alignHoriz=method-wrapper(...), alignText='center', alignVert=method-wrapper(...), anchorHoriz='center', anchorVert='center', antialias=True, autoDraw=False, autoLog=True, bold=False, color=array([1., 1., 1.]), colorSpace='rgb', contrast=1.0, depth=-3.0, draggable=False, flipHoriz=False, flipVert=False, font='Open Sans', fontFiles=[], height=0.05, italic=False, languageStyle='LTR', name='random_isi_kitchen_yes', opacity=1.0, ori=0.0, pos=array([ 0.6, -0.4]), rgb=UNKNOWN, text=' j\n\nja', units='height', win=Window(...), wrapWidth=1)
9.4835 	EXP 	window1: mouseVisible = True
9.4857 	EXP 	Created random_isi_kitchen_question = TextStim(__class__=<class 'psychopy.visual.text.TextStim'>, alignHoriz=method-wrapper(...), alignText='center', alignVert=method-wrapper(...), anchorHoriz='center', anchorVert='center', antialias=True, autoDraw=False, autoLog=True, bold=False, color=array([1., 1., 1.]), colorSpace='rgb', contrast=1.0, depth=-4.0, draggable=False, flipHoriz=False, flipVert=False, font='Open Sans', fontFiles=[], height=0.05, italic=False, languageStyle='LTR', name='random_isi_kitchen_question', opacity=1.0, ori=0.0, pos=array([0. , 0.4]), rgb=UNKNOWN, text='Ist dies eine Küche?', units='height', win=Window(...), wrapWidth=1)
9.4858 	EXP 	window1: mouseVisible = True
9.4910 	EXP 	Created kitchen_fix = ImageStim(__class__=<class 'psychopy.visual.image.ImageStim'>, anchor=('center', 'center'), autoLog=True, color=array([1., 1., 1.]), colorSpace='rgb', contrast=1.0, depth=0.0, draggable=False, flipHoriz=False, flipVert=False, image='fixationskreuz.png', interpolate=True, mask=None, maskParams=None, name='kitchen_fix', opacity=1.0, ori=0.0, pos=array([0., 0.]), size=array([0.1, 0.1]), texRes=128.0, units='height', win=Window(...))
9.4910 	EXP 	window1: mouseVisible = True
9.4942 	EXP 	Created kitchen_image = ImageStim(__class__=<class 'psychopy.visual.image.ImageStim'>, anchor=('center', 'center'), autoLog=True, color=array([1., 1., 1.]), colorSpace='rgb', contrast=1.0, depth=-1.0, draggable=False, flipHoriz=False, flipVert=False, image='default.png', interpolate=True, mask=None, maskParams=None, name='kitchen_image', opacity=1.0, ori=0.0, pos=array([0., 0.]), size=array([0.4, 0.4]), texRes=128.0, units='height', win=Window(...))
9.4943 	EXP 	window1: mouseVisible = True
9.4963 	EXP 	Created kitchen_picture_no = TextStim(__class__=<class 'psychopy.visual.text.TextStim'>, alignHoriz=method-wrapper(...), alignText='center', alignVert=method-wrapper(...), anchorHoriz='center', anchorVert='center', antialias=True, autoDraw=False, autoLog=True, bold=False, color=array([1., 1., 1.]), colorSpace='rgb', contrast=1.0, depth=-2.0, draggable=False, flipHoriz=False, flipVert=False, font='Open Sans', fontFiles=[], height=0.05, italic=False, languageStyle='LTR', name='kitchen_picture_no', opacity=1.0, ori=0.0, pos=array([-0.6, -0.4]), rgb=UNKNOWN, text='f\n\nnein', units='height', win=Window(...), wrapWidth=1)
9.4964 	EXP 	window1: mouseVisible = True
9.4983 	EXP 	Created kitchen_picture_yes = TextStim(__class__=<class 'psychopy.visual.text.TextStim'>, alignHoriz=method-wrapper(...), alignText='center', alignVert=method-wrapper(...), anchorHoriz='center', anchorVert='center', antialias=True, autoDraw=False, autoLog=True, bold=False, color=array([1., 1., 1.]), colorSpace='rgb', contrast=1.0, depth=-3.0, draggable=False, flipHoriz=False, flipVert=False, font='Open Sans', fontFiles=[], height=0.05, italic=False, languageStyle='LTR', name='kitchen_picture_yes', opacity=1.0, ori=0.0, pos=array([ 0.6, -0.4]), rgb=UNKNOWN, text=' j\n\nja', units='height', win=Window(...), wrapWidth=1)
9.4984 	EXP 	window1: mouseVisible = True
9.5006 	EXP 	Created kitchen_picture_question = TextStim(__class__=<class 'psychopy.visual.text.TextStim'>, alignHoriz=method-wrapper(...), alignText='center', alignVert=method-wrapper(...), anchorHoriz='center', anchorVert='center', antialias=True, autoDraw=False, autoLog=True, bold=False, color=array([1., 1., 1.]), colorSpace='rgb', contrast=1.0, depth=-4.0, draggable=False, flipHoriz=False, flipVert=False, font='Open Sans', fontFiles=[], height=0.05, italic=False, languageStyle='LTR', name='kitchen_picture_question', opacity=1.0, ori=0.0, pos=array([0. , 0.4]), rgb=UNKNOWN, text='Ist dies eine Küche?', units='height', win=Window(...), wrapWidth=1)
9.5007 	EXP 	window1: mouseVisible = True
9.5055 	EXP 	Created kitchen_a_memo_instr_text = TextStim(__class__=<class 'psychopy.visual.text.TextStim'>, alignHoriz=method-wrapper(...), alignText='center', alignVert=method-wrapper(...), anchorHoriz='center', anchorVert='center', antialias=True, autoDraw=False, autoLog=True, bold=False, color=array([1., 1., 1.]), colorSpace='rgb', contrast=1.0, depth=0.0, draggable=False, flipHoriz=False, flipVert=False, font='Open Sans', fontFiles=[], height=0.05, italic=False, languageStyle='LTR', name='kitchen_a_memo_instr_text', opacity=1.0, ori=0.0, pos=array([0., 0.]), rgb=UNKNOWN, text=str(...), units='height', win=Window(...), wrapWidth=1)
9.5056 	EXP 	window1: mouseVisible = True
9.5110 	EXP 	Created memo_fix_pic = ImageStim(__class__=<class 'psychopy.visual.image.ImageStim'>, anchor=('center', 'center'), autoLog=True, color=array([1., 1., 1.]), colorSpace='rgb', contrast=1.0, depth=-1.0, draggable=False, flipHoriz=False, flipVert=False, image='fixationskreuz.png', interpolate=True, mask=None, maskParams=None, name='memo_fix_pic', opacity=1.0, ori=0.0, pos=array([0., 0.]), size=array([0.1, 0.1]), texRes=128.0, units='height', win=Window(...))
9.5111 	EXP 	window1: mouseVisible = True
9.5143 	EXP 	Created memotest_task_stim = ImageStim(__class__=<class 'psychopy.visual.image.ImageStim'>, anchor=('center', 'center'), autoLog=True, color=array([1., 1., 1.]), colorSpace='rgb', contrast=1.0, depth=0.0, draggable=False, flipHoriz=False, flipVert=False, image='default.png', interpolate=True, mask=None, maskParams=None, name='memotest_task_stim', opacity=1.0, ori=0.0, pos=array([0., 0.]), size=array([0.4, 0.4]), texRes=128.0, units='height', win=Window(...))
9.5170 	EXP 	window1: mouseVisible = True
9.5173 	EXP 	window1: mouseVisible = True
9.5208 	EXP 	window1: mouseVisible = True
9.5209 	EXP 	window1: mouseVisible = True
9.5215 	EXP 	window1: mouseVisible = True
9.5219 	EXP 	window1: mouseVisible = True
9.5269 	EXP 	window1: mouseVisible = True
9.5270 	EXP 	window1: mouseVisible = True
9.5274 	EXP 	window1: mouseVisible = True
9.5279 	EXP 	window1: mouseVisible = True
9.5327 	EXP 	window1: mouseVisible = True
9.5328 	EXP 	window1: mouseVisible = True
9.5332 	EXP 	window1: mouseVisible = True
9.5336 	EXP 	window1: mouseVisible = True
9.5383 	EXP 	window1: mouseVisible = True
9.5384 	EXP 	window1: mouseVisible = True
9.5388 	EXP 	window1: mouseVisible = True
9.5392 	EXP 	window1: mouseVisible = True
9.5440 	EXP 	window1: mouseVisible = True
9.5441 	EXP 	window1: mouseVisible = True
9.5446 	EXP 	window1: mouseVisible = True
9.5450 	EXP 	window1: mouseVisible = True
9.5496 	EXP 	window1: mouseVisible = True
9.5497 	EXP 	window1: mouseVisible = True
9.5502 	EXP 	window1: mouseVisible = True
9.5506 	EXP 	window1: mouseVisible = True
9.5553 	EXP 	window1: mouseVisible = True
9.5554 	EXP 	window1: mouseVisible = True
9.5558 	EXP 	window1: mouseVisible = True
9.5562 	EXP 	window1: mouseVisible = True
9.5610 	EXP 	window1: mouseVisible = True
9.5611 	EXP 	window1: mouseVisible = True
9.5615 	EXP 	window1: mouseVisible = True
9.5619 	EXP 	window1: mouseVisible = True
9.5667 	EXP 	window1: mouseVisible = True
9.5681 	EXP 	window1: mouseVisible = True
9.6108 	EXP 	Created memotest_task_slider = Slider(__class__=<class 'psychopy.visual.slider.Slider'>, autoDraw=False, autoLog=True, borderColor=None, color=None, colorSpace='rgb', depth=-1, fillColor=None, flip=False, font='Open Sans', granularity=1.0, labelColor=None, labelHeight=0.04, labelWrapWidth=None, labels=list(...), lineColor=None, markerColor=None, name='memotest_task_slider', opacity=None, ori=0.0, pos=array([ 0. , -0.3]), readOnly=False, self=UNKNOWN, size=array([0.8 , 0.05]), startValue=None, style='radio', styleTweaks=[], ticks=array([0, 1, 2, 3]), units='height', win=Window(...))
9.6110 	EXP 	window1: mouseVisible = True
9.6129 	EXP 	Created kitchen_b_text = TextStim(__class__=<class 'psychopy.visual.text.TextStim'>, alignHoriz=method-wrapper(...), alignText='center', alignVert=method-wrapper(...), anchorHoriz='center', anchorVert='center', antialias=True, autoDraw=False, autoLog=True, bold=False, color=array([1., 1., 1.]), colorSpace='rgb', contrast=1.0, depth=0.0, draggable=False, flipHoriz=False, flipVert=False, font='Open Sans', fontFiles=[], height=0.05, italic=False, languageStyle='LTR', name='kitchen_b_text', opacity=1.0, ori=0.0, pos=array([0., 0.]), rgb=UNKNOWN, text='Küche', units='height', win=Window(...), wrapWidth=1)
9.6130 	EXP 	window1: mouseVisible = True
9.6163 	EXP 	Created kitchen_b_text_2 = TextStim(__class__=<class 'psychopy.visual.text.TextStim'>, alignHoriz=method-wrapper(...), alignText='center', alignVert=method-wrapper(...), anchorHoriz='center', anchorVert='center', antialias=True, autoDraw=False, autoLog=True, bold=False, color=array([1., 1., 1.]), colorSpace='rgb', contrast=1.0, depth=-1.0, draggable=False, flipHoriz=False, flipVert=False, font='Open Sans', fontFiles=[], height=0.05, italic=False, languageStyle='LTR', name='kitchen_b_text_2', opacity=1.0, ori=0.0, pos=array([ 0. , -0.2]), rgb=UNKNOWN, text=str(...), units='height', win=Window(...), wrapWidth=1)
9.6164 	EXP 	window1: mouseVisible = True
9.6172 	EXP 	Created kitchen_b_block_no = TextStim(__class__=<class 'psychopy.visual.text.TextStim'>, alignHoriz=method-wrapper(...), alignText='center', alignVert=method-wrapper(...), anchorHoriz='center', anchorVert='center', antialias=True, autoDraw=False, autoLog=True, bold=False, color=array([1., 1., 1.]), colorSpace='rgb', contrast=1.0, depth=-3.0, draggable=False, flipHoriz=False, flipVert=False, font='Open Sans', fontFiles=[], height=0.05, italic=False, languageStyle='LTR', name='kitchen_b_block_no', opacity=1.0, ori=0.0, pos=array([ 0. , -0.2]), rgb=UNKNOWN, text='', units='height', win=Window(...), wrapWidth=1)
9.6173 	EXP 	window1: mouseVisible = True
9.6226 	EXP 	Created random_isi_kitchen_fix = ImageStim(__class__=<class 'psychopy.visual.image.ImageStim'>, anchor=('center', 'center'), autoLog=True, color=array([1., 1., 1.]), colorSpace='rgb', contrast=1.0, depth=0.0, draggable=False, flipHoriz=False, flipVert=False, image='fixationskreuz.png', interpolate=True, mask=None, maskParams=None, name='random_isi_kitchen_fix', opacity=1.0, ori=0.0, pos=array([0., 0.]), size=array([0.1, 0.1]), texRes=128.0, units='height', win=Window(...))
9.6227 	EXP 	window1: mouseVisible = True
9.6247 	EXP 	Created random_isi_kitchen_no = TextStim(__class__=<class 'psychopy.visual.text.TextStim'>, alignHoriz=method-wrapper(...), alignText='center', alignVert=method-wrapper(...), anchorHoriz='center', anchorVert='center', antialias=True, autoDraw=False, autoLog=True, bold=False, color=array([1., 1., 1.]), colorSpace='rgb', contrast=1.0, depth=-2.0, draggable=False, flipHoriz=False, flipVert=False, font='Open Sans', fontFiles=[], height=0.05, italic=False, languageStyle='LTR', name='random_isi_kitchen_no', opacity=1.0, ori=0.0, pos=array([-0.6, -0.4]), rgb=UNKNOWN, text='f\n\nnein', units='height', win=Window(...), wrapWidth=1)
9.6248 	EXP 	window1: mouseVisible = True
9.6267 	EXP 	Created random_isi_kitchen_yes = TextStim(__class__=<class 'psychopy.visual.text.TextStim'>, alignHoriz=method-wrapper(...), alignText='center', alignVert=method-wrapper(...), anchorHoriz='center', anchorVert='center', antialias=True, autoDraw=False, autoLog=True, bold=False, color=array([1., 1., 1.]), colorSpace='rgb', contrast=1.0, depth=-3.0, draggable=False, flipHoriz=False, flipVert=False, font='Open Sans', fontFiles=[], height=0.05, italic=False, languageStyle='LTR', name='random_isi_kitchen_yes', opacity=1.0, ori=0.0, pos=array([ 0.6, -0.4]), rgb=UNKNOWN, text=' j\n\nja', units='height', win=Window(...), wrapWidth=1)
9.6268 	EXP 	window1: mouseVisible = True
9.6290 	EXP 	Created random_isi_kitchen_question = TextStim(__class__=<class 'psychopy.visual.text.TextStim'>, alignHoriz=method-wrapper(...), alignText='center', alignVert=method-wrapper(...), anchorHoriz='center', anchorVert='center', antialias=True, autoDraw=False, autoLog=True, bold=False, color=array([1., 1., 1.]), colorSpace='rgb', contrast=1.0, depth=-4.0, draggable=False, flipHoriz=False, flipVert=False, font='Open Sans', fontFiles=[], height=0.05, italic=False, languageStyle='LTR', name='random_isi_kitchen_question', opacity=1.0, ori=0.0, pos=array([0. , 0.4]), rgb=UNKNOWN, text='Ist dies eine Küche?', units='height', win=Window(...), wrapWidth=1)
9.6291 	EXP 	window1: mouseVisible = True
9.6343 	EXP 	Created kitchen_fix = ImageStim(__class__=<class 'psychopy.visual.image.ImageStim'>, anchor=('center', 'center'), autoLog=True, color=array([1., 1., 1.]), colorSpace='rgb', contrast=1.0, depth=0.0, draggable=False, flipHoriz=False, flipVert=False, image='fixationskreuz.png', interpolate=True, mask=None, maskParams=None, name='kitchen_fix', opacity=1.0, ori=0.0, pos=array([0., 0.]), size=array([0.1, 0.1]), texRes=128.0, units='height', win=Window(...))
9.6344 	EXP 	window1: mouseVisible = True
9.6377 	EXP 	Created kitchen_image = ImageStim(__class__=<class 'psychopy.visual.image.ImageStim'>, anchor=('center', 'center'), autoLog=True, color=array([1., 1., 1.]), colorSpace='rgb', contrast=1.0, depth=-1.0, draggable=False, flipHoriz=False, flipVert=False, image='default.png', interpolate=True, mask=None, maskParams=None, name='kitchen_image', opacity=1.0, ori=0.0, pos=array([0., 0.]), size=array([0.4, 0.4]), texRes=128.0, units='height', win=Window(...))
9.6378 	EXP 	window1: mouseVisible = True
9.6398 	EXP 	Created kitchen_picture_no = TextStim(__class__=<class 'psychopy.visual.text.TextStim'>, alignHoriz=method-wrapper(...), alignText='center', alignVert=method-wrapper(...), anchorHoriz='center', anchorVert='center', antialias=True, autoDraw=False, autoLog=True, bold=False, color=array([1., 1., 1.]), colorSpace='rgb', contrast=1.0, depth=-2.0, draggable=False, flipHoriz=False, flipVert=False, font='Open Sans', fontFiles=[], height=0.05, italic=False, languageStyle='LTR', name='kitchen_picture_no', opacity=1.0, ori=0.0, pos=array([-0.6, -0.4]), rgb=UNKNOWN, text='f\n\nnein', units='height', win=Window(...), wrapWidth=1)
9.6399 	EXP 	window1: mouseVisible = True
9.6417 	EXP 	Created kitchen_picture_yes = TextStim(__class__=<class 'psychopy.visual.text.TextStim'>, alignHoriz=method-wrapper(...), alignText='center', alignVert=method-wrapper(...), anchorHoriz='center', anchorVert='center', antialias=True, autoDraw=False, autoLog=True, bold=False, color=array([1., 1., 1.]), colorSpace='rgb', contrast=1.0, depth=-3.0, draggable=False, flipHoriz=False, flipVert=False, font='Open Sans', fontFiles=[], height=0.05, italic=False, languageStyle='LTR', name='kitchen_picture_yes', opacity=1.0, ori=0.0, pos=array([ 0.6, -0.4]), rgb=UNKNOWN, text=' j\n\nja', units='height', win=Window(...), wrapWidth=1)
9.6418 	EXP 	window1: mouseVisible = True
9.6440 	EXP 	Created kitchen_picture_question = TextStim(__class__=<class 'psychopy.visual.text.TextStim'>, alignHoriz=method-wrapper(...), alignText='center', alignVert=method-wrapper(...), anchorHoriz='center', anchorVert='center', antialias=True, autoDraw=False, autoLog=True, bold=False, color=array([1., 1., 1.]), colorSpace='rgb', contrast=1.0, depth=-4.0, draggable=False, flipHoriz=False, flipVert=False, font='Open Sans', fontFiles=[], height=0.05, italic=False, languageStyle='LTR', name='kitchen_picture_question', opacity=1.0, ori=0.0, pos=array([0. , 0.4]), rgb=UNKNOWN, text='Ist dies eine Küche?', units='height', win=Window(...), wrapWidth=1)
9.6441 	EXP 	window1: mouseVisible = True
9.6478 	EXP 	Created kitchen_b_memo_instr_text = TextStim(__class__=<class 'psychopy.visual.text.TextStim'>, alignHoriz=method-wrapper(...), alignText='center', alignVert=method-wrapper(...), anchorHoriz='center', anchorVert='center', antialias=True, autoDraw=False, autoLog=True, bold=False, color=array([1., 1., 1.]), colorSpace='rgb', contrast=1.0, depth=0.0, draggable=False, flipHoriz=False, flipVert=False, font='Open Sans', fontFiles=[], height=0.05, italic=False, languageStyle='LTR', name='kitchen_b_memo_instr_text', opacity=1.0, ori=0.0, pos=array([0., 0.]), rgb=UNKNOWN, text=str(...), units='height', win=Window(...), wrapWidth=1)
9.6479 	EXP 	window1: mouseVisible = True
9.6532 	EXP 	Created memo_fix_pic = ImageStim(__class__=<class 'psychopy.visual.image.ImageStim'>, anchor=('center', 'center'), autoLog=True, color=array([1., 1., 1.]), colorSpace='rgb', contrast=1.0, depth=-1.0, draggable=False, flipHoriz=False, flipVert=False, image='fixationskreuz.png', interpolate=True, mask=None, maskParams=None, name='memo_fix_pic', opacity=1.0, ori=0.0, pos=array([0., 0.]), size=array([0.1, 0.1]), texRes=128.0, units='height', win=Window(...))
9.6533 	EXP 	window1: mouseVisible = True
9.6573 	EXP 	Created memotest_task_stim = ImageStim(__class__=<class 'psychopy.visual.image.ImageStim'>, anchor=('center', 'center'), autoLog=True, color=array([1., 1., 1.]), colorSpace='rgb', contrast=1.0, depth=0.0, draggable=False, flipHoriz=False, flipVert=False, image='default.png', interpolate=True, mask=None, maskParams=None, name='memotest_task_stim', opacity=1.0, ori=0.0, pos=array([0., 0.]), size=array([0.4, 0.4]), texRes=128.0, units='height', win=Window(...))
9.6600 	EXP 	window1: mouseVisible = True
9.6603 	EXP 	window1: mouseVisible = True
9.6639 	EXP 	window1: mouseVisible = True
9.6640 	EXP 	window1: mouseVisible = True
9.6644 	EXP 	window1: mouseVisible = True
9.6649 	EXP 	window1: mouseVisible = True
9.6698 	EXP 	window1: mouseVisible = True
9.6699 	EXP 	window1: mouseVisible = True
9.6704 	EXP 	window1: mouseVisible = True
9.6708 	EXP 	window1: mouseVisible = True
9.6756 	EXP 	window1: mouseVisible = True
9.6757 	EXP 	window1: mouseVisible = True
9.6761 	EXP 	window1: mouseVisible = True
9.6765 	EXP 	window1: mouseVisible = True
9.6813 	EXP 	window1: mouseVisible = True
9.6814 	EXP 	window1: mouseVisible = True
9.6818 	EXP 	window1: mouseVisible = True
9.6822 	EXP 	window1: mouseVisible = True
9.6870 	EXP 	window1: mouseVisible = True
9.6871 	EXP 	window1: mouseVisible = True
9.6875 	EXP 	window1: mouseVisible = True
9.6880 	EXP 	window1: mouseVisible = True
9.6926 	EXP 	window1: mouseVisible = True
9.6927 	EXP 	window1: mouseVisible = True
9.6931 	EXP 	window1: mouseVisible = True
9.6936 	EXP 	window1: mouseVisible = True
9.6984 	EXP 	window1: mouseVisible = True
9.6985 	EXP 	window1: mouseVisible = True
9.6989 	EXP 	window1: mouseVisible = True
9.6993 	EXP 	window1: mouseVisible = True
9.7040 	EXP 	window1: mouseVisible = True
9.7041 	EXP 	window1: mouseVisible = True
9.7045 	EXP 	window1: mouseVisible = True
9.7050 	EXP 	window1: mouseVisible = True
9.7098 	EXP 	window1: mouseVisible = True
9.7111 	EXP 	window1: mouseVisible = True
9.7539 	EXP 	Created memotest_task_slider = Slider(__class__=<class 'psychopy.visual.slider.Slider'>, autoDraw=False, autoLog=True, borderColor=None, color=None, colorSpace='rgb', depth=-1, fillColor=None, flip=False, font='Open Sans', granularity=1.0, labelColor=None, labelHeight=0.04, labelWrapWidth=None, labels=list(...), lineColor=None, markerColor=None, name='memotest_task_slider', opacity=None, ori=0.0, pos=array([ 0. , -0.3]), readOnly=False, self=UNKNOWN, size=array([0.8 , 0.05]), startValue=None, style='radio', styleTweaks=[], ticks=array([0, 1, 2, 3]), units='height', win=Window(...))
9.7541 	EXP 	window1: mouseVisible = True
9.7565 	EXP 	Created living_a_text = TextStim(__class__=<class 'psychopy.visual.text.TextStim'>, alignHoriz=method-wrapper(...), alignText='center', alignVert=method-wrapper(...), anchorHoriz='center', anchorVert='center', antialias=True, autoDraw=False, autoLog=True, bold=False, color=array([1., 1., 1.]), colorSpace='rgb', contrast=1.0, depth=0.0, draggable=False, flipHoriz=False, flipVert=False, font='Open Sans', fontFiles=[], height=0.05, italic=False, languageStyle='LTR', name='living_a_text', opacity=1.0, ori=0.0, pos=array([0., 0.]), rgb=UNKNOWN, text='Wohnzimmer', units='height', win=Window(...), wrapWidth=1)
9.7566 	EXP 	window1: mouseVisible = True
9.7595 	EXP 	Created living_a_text_2 = TextStim(__class__=<class 'psychopy.visual.text.TextStim'>, alignHoriz=method-wrapper(...), alignText='center', alignVert=method-wrapper(...), anchorHoriz='center', anchorVert='center', antialias=True, autoDraw=False, autoLog=True, bold=False, color=array([1., 1., 1.]), colorSpace='rgb', contrast=1.0, depth=-1.0, draggable=False, flipHoriz=False, flipVert=False, font='Open Sans', fontFiles=[], height=0.05, italic=False, languageStyle='LTR', name='living_a_text_2', opacity=1.0, ori=0.0, pos=array([ 0. , -0.2]), rgb=UNKNOWN, text=str(...), units='height', win=Window(...), wrapWidth=1)
9.7596 	EXP 	window1: mouseVisible = True
9.7605 	EXP 	Created living_a_block_no = TextStim(__class__=<class 'psychopy.visual.text.TextStim'>, alignHoriz=method-wrapper(...), alignText='center', alignVert=method-wrapper(...), anchorHoriz='center', anchorVert='center', antialias=True, autoDraw=False, autoLog=True, bold=False, color=array([1., 1., 1.]), colorSpace='rgb', contrast=1.0, depth=-3.0, draggable=False, flipHoriz=False, flipVert=False, font='Open Sans', fontFiles=[], height=0.05, italic=False, languageStyle='LTR', name='living_a_block_no', opacity=1.0, ori=0.0, pos=array([ 0. , -0.2]), rgb=UNKNOWN, text='', units='height', win=Window(...), wrapWidth=1)
9.7605 	EXP 	window1: mouseVisible = True
9.7659 	EXP 	Created living_random_isi_fix = ImageStim(__class__=<class 'psychopy.visual.image.ImageStim'>, anchor=('center', 'center'), autoLog=True, color=array([1., 1., 1.]), colorSpace='rgb', contrast=1.0, depth=0.0, draggable=False, flipHoriz=False, flipVert=False, image='fixationskreuz.png', interpolate=True, mask=None, maskParams=None, name='living_random_isi_fix', opacity=1.0, ori=0.0, pos=array([0., 0.]), size=array([0.1, 0.1]), texRes=128.0, units='height', win=Window(...))
9.7660 	EXP 	window1: mouseVisible = True
9.7681 	EXP 	Created living_random_isi_no = TextStim(__class__=<class 'psychopy.visual.text.TextStim'>, alignHoriz=method-wrapper(...), alignText='center', alignVert=method-wrapper(...), anchorHoriz='center', anchorVert='center', antialias=True, autoDraw=False, autoLog=True, bold=False, color=array([1., 1., 1.]), colorSpace='rgb', contrast=1.0, depth=-1.0, draggable=False, flipHoriz=False, flipVert=False, font='Open Sans', fontFiles=[], height=0.05, italic=False, languageStyle='LTR', name='living_random_isi_no', opacity=1.0, ori=0.0, pos=array([-0.6, -0.4]), rgb=UNKNOWN, text='f\n\nnein', units='height', win=Window(...), wrapWidth=1)
9.7681 	EXP 	window1: mouseVisible = True
9.7700 	EXP 	Created living_random_isi_yes = TextStim(__class__=<class 'psychopy.visual.text.TextStim'>, alignHoriz=method-wrapper(...), alignText='center', alignVert=method-wrapper(...), anchorHoriz='center', anchorVert='center', antialias=True, autoDraw=False, autoLog=True, bold=False, color=array([1., 1., 1.]), colorSpace='rgb', contrast=1.0, depth=-2.0, draggable=False, flipHoriz=False, flipVert=False, font='Open Sans', fontFiles=[], height=0.05, italic=False, languageStyle='LTR', name='living_random_isi_yes', opacity=1.0, ori=0.0, pos=array([ 0.6, -0.4]), rgb=UNKNOWN, text=' j\n\nja', units='height', win=Window(...), wrapWidth=1)
9.7701 	EXP 	window1: mouseVisible = True
9.7724 	EXP 	Created living_random_isi_question = TextStim(__class__=<class 'psychopy.visual.text.TextStim'>, alignHoriz=method-wrapper(...), alignText='center', alignVert=method-wrapper(...), anchorHoriz='center', anchorVert='center', antialias=True, autoDraw=False, autoLog=True, bold=False, color=array([1., 1., 1.]), colorSpace='rgb', contrast=1.0, depth=-4.0, draggable=False, flipHoriz=False, flipVert=False, font='Open Sans', fontFiles=[], height=0.05, italic=False, languageStyle='LTR', name='living_random_isi_question', opacity=1.0, ori=0.0, pos=array([0. , 0.4]), rgb=UNKNOWN, text='Ist dies ein Wohnzimmer?', units='height', win=Window(...), wrapWidth=1)
9.7725 	EXP 	window1: mouseVisible = True
9.7778 	EXP 	Created living_picture_fix = ImageStim(__class__=<class 'psychopy.visual.image.ImageStim'>, anchor=('center', 'center'), autoLog=True, color=array([1., 1., 1.]), colorSpace='rgb', contrast=1.0, depth=0.0, draggable=False, flipHoriz=False, flipVert=False, image='fixationskreuz.png', interpolate=True, mask=None, maskParams=None, name='living_picture_fix', opacity=1.0, ori=0.0, pos=array([0., 0.]), size=array([0.1, 0.1]), texRes=128.0, units='height', win=Window(...))
9.7779 	EXP 	window1: mouseVisible = True
9.7813 	EXP 	Created living_picture_image = ImageStim(__class__=<class 'psychopy.visual.image.ImageStim'>, anchor=('center', 'center'), autoLog=True, color=array([1., 1., 1.]), colorSpace='rgb', contrast=1.0, depth=-1.0, draggable=False, flipHoriz=False, flipVert=False, image='default.png', interpolate=True, mask=None, maskParams=None, name='living_picture_image', opacity=1.0, ori=0.0, pos=array([0., 0.]), size=array([0.4, 0.4]), texRes=128.0, units='height', win=Window(...))
9.7814 	EXP 	window1: mouseVisible = True
9.7834 	EXP 	Created living_picture_no = TextStim(__class__=<class 'psychopy.visual.text.TextStim'>, alignHoriz=method-wrapper(...), alignText='center', alignVert=method-wrapper(...), anchorHoriz='center', anchorVert='center', antialias=True, autoDraw=False, autoLog=True, bold=False, color=array([1., 1., 1.]), colorSpace='rgb', contrast=1.0, depth=-2.0, draggable=False, flipHoriz=False, flipVert=False, font='Open Sans', fontFiles=[], height=0.05, italic=False, languageStyle='LTR', name='living_picture_no', opacity=1.0, ori=0.0, pos=array([-0.6, -0.4]), rgb=UNKNOWN, text='f\n\nnein', units='height', win=Window(...), wrapWidth=1)
9.7835 	EXP 	window1: mouseVisible = True
9.7853 	EXP 	Created living_picture_yes = TextStim(__class__=<class 'psychopy.visual.text.TextStim'>, alignHoriz=method-wrapper(...), alignText='center', alignVert=method-wrapper(...), anchorHoriz='center', anchorVert='center', antialias=True, autoDraw=False, autoLog=True, bold=False, color=array([1., 1., 1.]), colorSpace='rgb', contrast=1.0, depth=-3.0, draggable=False, flipHoriz=False, flipVert=False, font='Open Sans', fontFiles=[], height=0.05, italic=False, languageStyle='LTR', name='living_picture_yes', opacity=1.0, ori=0.0, pos=array([ 0.6, -0.4]), rgb=UNKNOWN, text=' j\n\nja', units='height', win=Window(...), wrapWidth=1)
9.7854 	EXP 	window1: mouseVisible = True
9.7878 	EXP 	Created living_picture_question = TextStim(__class__=<class 'psychopy.visual.text.TextStim'>, alignHoriz=method-wrapper(...), alignText='center', alignVert=method-wrapper(...), anchorHoriz='center', anchorVert='center', antialias=True, autoDraw=False, autoLog=True, bold=False, color=array([1., 1., 1.]), colorSpace='rgb', contrast=1.0, depth=-5.0, draggable=False, flipHoriz=False, flipVert=False, font='Open Sans', fontFiles=[], height=0.05, italic=False, languageStyle='LTR', name='living_picture_question', opacity=1.0, ori=0.0, pos=array([0. , 0.4]), rgb=UNKNOWN, text='Ist dies ein Wohnzimmer?', units='height', win=Window(...), wrapWidth=1)
9.7878 	EXP 	window1: mouseVisible = True
9.7920 	EXP 	Created living_a_memo_instr_text = TextStim(__class__=<class 'psychopy.visual.text.TextStim'>, alignHoriz=method-wrapper(...), alignText='center', alignVert=method-wrapper(...), anchorHoriz='center', anchorVert='center', antialias=True, autoDraw=False, autoLog=True, bold=False, color=array([1., 1., 1.]), colorSpace='rgb', contrast=1.0, depth=0.0, draggable=False, flipHoriz=False, flipVert=False, font='Open Sans', fontFiles=[], height=0.05, italic=False, languageStyle='LTR', name='living_a_memo_instr_text', opacity=1.0, ori=0.0, pos=array([0., 0.]), rgb=UNKNOWN, text=str(...), units='height', win=Window(...), wrapWidth=1)
9.7922 	EXP 	window1: mouseVisible = True
9.7986 	EXP 	Created memo_fix_pic = ImageStim(__class__=<class 'psychopy.visual.image.ImageStim'>, anchor=('center', 'center'), autoLog=True, color=array([1., 1., 1.]), colorSpace='rgb', contrast=1.0, depth=-1.0, draggable=False, flipHoriz=False, flipVert=False, image='fixationskreuz.png', interpolate=True, mask=None, maskParams=None, name='memo_fix_pic', opacity=1.0, ori=0.0, pos=array([0., 0.]), size=array([0.1, 0.1]), texRes=128.0, units='height', win=Window(...))
9.7988 	EXP 	window1: mouseVisible = True
9.8021 	EXP 	Created memotest_task_stim = ImageStim(__class__=<class 'psychopy.visual.image.ImageStim'>, anchor=('center', 'center'), autoLog=True, color=array([1., 1., 1.]), colorSpace='rgb', contrast=1.0, depth=0.0, draggable=False, flipHoriz=False, flipVert=False, image='default.png', interpolate=True, mask=None, maskParams=None, name='memotest_task_stim', opacity=1.0, ori=0.0, pos=array([0., 0.]), size=array([0.4, 0.4]), texRes=128.0, units='height', win=Window(...))
9.8048 	EXP 	window1: mouseVisible = True
9.8051 	EXP 	window1: mouseVisible = True
9.8085 	EXP 	window1: mouseVisible = True
9.8086 	EXP 	window1: mouseVisible = True
9.8091 	EXP 	window1: mouseVisible = True
9.8095 	EXP 	window1: mouseVisible = True
9.8145 	EXP 	window1: mouseVisible = True
9.8146 	EXP 	window1: mouseVisible = True
9.8150 	EXP 	window1: mouseVisible = True
9.8155 	EXP 	window1: mouseVisible = True
9.8202 	EXP 	window1: mouseVisible = True
9.8204 	EXP 	window1: mouseVisible = True
9.8208 	EXP 	window1: mouseVisible = True
9.8212 	EXP 	window1: mouseVisible = True
9.8259 	EXP 	window1: mouseVisible = True
9.8260 	EXP 	window1: mouseVisible = True
9.8264 	EXP 	window1: mouseVisible = True
9.8268 	EXP 	window1: mouseVisible = True
9.8316 	EXP 	window1: mouseVisible = True
9.8317 	EXP 	window1: mouseVisible = True
9.8322 	EXP 	window1: mouseVisible = True
9.8326 	EXP 	window1: mouseVisible = True
9.8372 	EXP 	window1: mouseVisible = True
9.8373 	EXP 	window1: mouseVisible = True
9.8378 	EXP 	window1: mouseVisible = True
9.8382 	EXP 	window1: mouseVisible = True
9.8429 	EXP 	window1: mouseVisible = True
9.8430 	EXP 	window1: mouseVisible = True
9.8435 	EXP 	window1: mouseVisible = True
9.8439 	EXP 	window1: mouseVisible = True
9.8486 	EXP 	window1: mouseVisible = True
9.8487 	EXP 	window1: mouseVisible = True
9.8492 	EXP 	window1: mouseVisible = True
9.8496 	EXP 	window1: mouseVisible = True
9.8543 	EXP 	window1: mouseVisible = True
9.8557 	EXP 	window1: mouseVisible = True
9.8987 	EXP 	Created memotest_task_slider = Slider(__class__=<class 'psychopy.visual.slider.Slider'>, autoDraw=False, autoLog=True, borderColor=None, color=None, colorSpace='rgb', depth=-1, fillColor=None, flip=False, font='Open Sans', granularity=1.0, labelColor=None, labelHeight=0.04, labelWrapWidth=None, labels=list(...), lineColor=None, markerColor=None, name='memotest_task_slider', opacity=None, ori=0.0, pos=array([ 0. , -0.3]), readOnly=False, self=UNKNOWN, size=array([0.8 , 0.05]), startValue=None, style='radio', styleTweaks=[], ticks=array([0, 1, 2, 3]), units='height', win=Window(...))
9.8990 	EXP 	window1: mouseVisible = True
9.9011 	EXP 	Created living_b_text = TextStim(__class__=<class 'psychopy.visual.text.TextStim'>, alignHoriz=method-wrapper(...), alignText='center', alignVert=method-wrapper(...), anchorHoriz='center', anchorVert='center', antialias=True, autoDraw=False, autoLog=True, bold=False, color=array([1., 1., 1.]), colorSpace='rgb', contrast=1.0, depth=0.0, draggable=False, flipHoriz=False, flipVert=False, font='Open Sans', fontFiles=[], height=0.05, italic=False, languageStyle='LTR', name='living_b_text', opacity=1.0, ori=0.0, pos=array([0., 0.]), rgb=UNKNOWN, text='Wohnzimmer', units='height', win=Window(...), wrapWidth=1)
9.9012 	EXP 	window1: mouseVisible = True
9.9045 	EXP 	Created living_b_text_2 = TextStim(__class__=<class 'psychopy.visual.text.TextStim'>, alignHoriz=method-wrapper(...), alignText='center', alignVert=method-wrapper(...), anchorHoriz='center', anchorVert='center', antialias=True, autoDraw=False, autoLog=True, bold=False, color=array([1., 1., 1.]), colorSpace='rgb', contrast=1.0, depth=-1.0, draggable=False, flipHoriz=False, flipVert=False, font='Open Sans', fontFiles=[], height=0.05, italic=False, languageStyle='LTR', name='living_b_text_2', opacity=1.0, ori=0.0, pos=array([ 0. , -0.2]), rgb=UNKNOWN, text=str(...), units='height', win=Window(...), wrapWidth=1)
9.9046 	EXP 	window1: mouseVisible = True
9.9055 	EXP 	Created living_b_block_no = TextStim(__class__=<class 'psychopy.visual.text.TextStim'>, alignHoriz=method-wrapper(...), alignText='center', alignVert=method-wrapper(...), anchorHoriz='center', anchorVert='center', antialias=True, autoDraw=False, autoLog=True, bold=False, color=array([1., 1., 1.]), colorSpace='rgb', contrast=1.0, depth=-3.0, draggable=False, flipHoriz=False, flipVert=False, font='Open Sans', fontFiles=[], height=0.05, italic=False, languageStyle='LTR', name='living_b_block_no', opacity=1.0, ori=0.0, pos=array([ 0. , -0.2]), rgb=UNKNOWN, text='', units='height', win=Window(...), wrapWidth=1)
9.9055 	EXP 	window1: mouseVisible = True
9.9110 	EXP 	Created living_random_isi_fix = ImageStim(__class__=<class 'psychopy.visual.image.ImageStim'>, anchor=('center', 'center'), autoLog=True, color=array([1., 1., 1.]), colorSpace='rgb', contrast=1.0, depth=0.0, draggable=False, flipHoriz=False, flipVert=False, image='fixationskreuz.png', interpolate=True, mask=None, maskParams=None, name='living_random_isi_fix', opacity=1.0, ori=0.0, pos=array([0., 0.]), size=array([0.1, 0.1]), texRes=128.0, units='height', win=Window(...))
9.9111 	EXP 	window1: mouseVisible = True
9.9131 	EXP 	Created living_random_isi_no = TextStim(__class__=<class 'psychopy.visual.text.TextStim'>, alignHoriz=method-wrapper(...), alignText='center', alignVert=method-wrapper(...), anchorHoriz='center', anchorVert='center', antialias=True, autoDraw=False, autoLog=True, bold=False, color=array([1., 1., 1.]), colorSpace='rgb', contrast=1.0, depth=-1.0, draggable=False, flipHoriz=False, flipVert=False, font='Open Sans', fontFiles=[], height=0.05, italic=False, languageStyle='LTR', name='living_random_isi_no', opacity=1.0, ori=0.0, pos=array([-0.6, -0.4]), rgb=UNKNOWN, text='f\n\nnein', units='height', win=Window(...), wrapWidth=1)
9.9133 	EXP 	window1: mouseVisible = True
9.9151 	EXP 	Created living_random_isi_yes = TextStim(__class__=<class 'psychopy.visual.text.TextStim'>, alignHoriz=method-wrapper(...), alignText='center', alignVert=method-wrapper(...), anchorHoriz='center', anchorVert='center', antialias=True, autoDraw=False, autoLog=True, bold=False, color=array([1., 1., 1.]), colorSpace='rgb', contrast=1.0, depth=-2.0, draggable=False, flipHoriz=False, flipVert=False, font='Open Sans', fontFiles=[], height=0.05, italic=False, languageStyle='LTR', name='living_random_isi_yes', opacity=1.0, ori=0.0, pos=array([ 0.6, -0.4]), rgb=UNKNOWN, text=' j\n\nja', units='height', win=Window(...), wrapWidth=1)
9.9152 	EXP 	window1: mouseVisible = True
9.9175 	EXP 	Created living_random_isi_question = TextStim(__class__=<class 'psychopy.visual.text.TextStim'>, alignHoriz=method-wrapper(...), alignText='center', alignVert=method-wrapper(...), anchorHoriz='center', anchorVert='center', antialias=True, autoDraw=False, autoLog=True, bold=False, color=array([1., 1., 1.]), colorSpace='rgb', contrast=1.0, depth=-4.0, draggable=False, flipHoriz=False, flipVert=False, font='Open Sans', fontFiles=[], height=0.05, italic=False, languageStyle='LTR', name='living_random_isi_question', opacity=1.0, ori=0.0, pos=array([0. , 0.4]), rgb=UNKNOWN, text='Ist dies ein Wohnzimmer?', units='height', win=Window(...), wrapWidth=1)
9.9176 	EXP 	window1: mouseVisible = True
9.9227 	EXP 	Created living_picture_fix = ImageStim(__class__=<class 'psychopy.visual.image.ImageStim'>, anchor=('center', 'center'), autoLog=True, color=array([1., 1., 1.]), colorSpace='rgb', contrast=1.0, depth=0.0, draggable=False, flipHoriz=False, flipVert=False, image='fixationskreuz.png', interpolate=True, mask=None, maskParams=None, name='living_picture_fix', opacity=1.0, ori=0.0, pos=array([0., 0.]), size=array([0.1, 0.1]), texRes=128.0, units='height', win=Window(...))
9.9228 	EXP 	window1: mouseVisible = True
9.9260 	EXP 	Created living_picture_image = ImageStim(__class__=<class 'psychopy.visual.image.ImageStim'>, anchor=('center', 'center'), autoLog=True, color=array([1., 1., 1.]), colorSpace='rgb', contrast=1.0, depth=-1.0, draggable=False, flipHoriz=False, flipVert=False, image='default.png', interpolate=True, mask=None, maskParams=None, name='living_picture_image', opacity=1.0, ori=0.0, pos=array([0., 0.]), size=array([0.4, 0.4]), texRes=128.0, units='height', win=Window(...))
9.9261 	EXP 	window1: mouseVisible = True
9.9281 	EXP 	Created living_picture_no = TextStim(__class__=<class 'psychopy.visual.text.TextStim'>, alignHoriz=method-wrapper(...), alignText='center', alignVert=method-wrapper(...), anchorHoriz='center', anchorVert='center', antialias=True, autoDraw=False, autoLog=True, bold=False, color=array([1., 1., 1.]), colorSpace='rgb', contrast=1.0, depth=-2.0, draggable=False, flipHoriz=False, flipVert=False, font='Open Sans', fontFiles=[], height=0.05, italic=False, languageStyle='LTR', name='living_picture_no', opacity=1.0, ori=0.0, pos=array([-0.6, -0.4]), rgb=UNKNOWN, text='f\n\nnein', units='height', win=Window(...), wrapWidth=1)
9.9282 	EXP 	window1: mouseVisible = True
9.9301 	EXP 	Created living_picture_yes = TextStim(__class__=<class 'psychopy.visual.text.TextStim'>, alignHoriz=method-wrapper(...), alignText='center', alignVert=method-wrapper(...), anchorHoriz='center', anchorVert='center', antialias=True, autoDraw=False, autoLog=True, bold=False, color=array([1., 1., 1.]), colorSpace='rgb', contrast=1.0, depth=-3.0, draggable=False, flipHoriz=False, flipVert=False, font='Open Sans', fontFiles=[], height=0.05, italic=False, languageStyle='LTR', name='living_picture_yes', opacity=1.0, ori=0.0, pos=array([ 0.6, -0.4]), rgb=UNKNOWN, text=' j\n\nja', units='height', win=Window(...), wrapWidth=1)
9.9302 	EXP 	window1: mouseVisible = True
9.9325 	EXP 	Created living_picture_question = TextStim(__class__=<class 'psychopy.visual.text.TextStim'>, alignHoriz=method-wrapper(...), alignText='center', alignVert=method-wrapper(...), anchorHoriz='center', anchorVert='center', antialias=True, autoDraw=False, autoLog=True, bold=False, color=array([1., 1., 1.]), colorSpace='rgb', contrast=1.0, depth=-5.0, draggable=False, flipHoriz=False, flipVert=False, font='Open Sans', fontFiles=[], height=0.05, italic=False, languageStyle='LTR', name='living_picture_question', opacity=1.0, ori=0.0, pos=array([0. , 0.4]), rgb=UNKNOWN, text='Ist dies ein Wohnzimmer?', units='height', win=Window(...), wrapWidth=1)
9.9326 	EXP 	window1: mouseVisible = True
9.9364 	EXP 	Created living_b_memo_instr_text = TextStim(__class__=<class 'psychopy.visual.text.TextStim'>, alignHoriz=method-wrapper(...), alignText='center', alignVert=method-wrapper(...), anchorHoriz='center', anchorVert='center', antialias=True, autoDraw=False, autoLog=True, bold=False, color=array([1., 1., 1.]), colorSpace='rgb', contrast=1.0, depth=0.0, draggable=False, flipHoriz=False, flipVert=False, font='Open Sans', fontFiles=[], height=0.05, italic=False, languageStyle='LTR', name='living_b_memo_instr_text', opacity=1.0, ori=0.0, pos=array([0., 0.]), rgb=UNKNOWN, text=str(...), units='height', win=Window(...), wrapWidth=1)
9.9365 	EXP 	window1: mouseVisible = True
9.9417 	EXP 	Created memo_fix_pic = ImageStim(__class__=<class 'psychopy.visual.image.ImageStim'>, anchor=('center', 'center'), autoLog=True, color=array([1., 1., 1.]), colorSpace='rgb', contrast=1.0, depth=-1.0, draggable=False, flipHoriz=False, flipVert=False, image='fixationskreuz.png', interpolate=True, mask=None, maskParams=None, name='memo_fix_pic', opacity=1.0, ori=0.0, pos=array([0., 0.]), size=array([0.1, 0.1]), texRes=128.0, units='height', win=Window(...))
9.9418 	EXP 	window1: mouseVisible = True
9.9450 	EXP 	Created memotest_task_stim = ImageStim(__class__=<class 'psychopy.visual.image.ImageStim'>, anchor=('center', 'center'), autoLog=True, color=array([1., 1., 1.]), colorSpace='rgb', contrast=1.0, depth=0.0, draggable=False, flipHoriz=False, flipVert=False, image='default.png', interpolate=True, mask=None, maskParams=None, name='memotest_task_stim', opacity=1.0, ori=0.0, pos=array([0., 0.]), size=array([0.4, 0.4]), texRes=128.0, units='height', win=Window(...))
9.9477 	EXP 	window1: mouseVisible = True
9.9481 	EXP 	window1: mouseVisible = True
9.9517 	EXP 	window1: mouseVisible = True
9.9518 	EXP 	window1: mouseVisible = True
9.9522 	EXP 	window1: mouseVisible = True
9.9527 	EXP 	window1: mouseVisible = True
9.9576 	EXP 	window1: mouseVisible = True
9.9577 	EXP 	window1: mouseVisible = True
9.9581 	EXP 	window1: mouseVisible = True
9.9585 	EXP 	window1: mouseVisible = True
9.9633 	EXP 	window1: mouseVisible = True
9.9634 	EXP 	window1: mouseVisible = True
9.9638 	EXP 	window1: mouseVisible = True
9.9643 	EXP 	window1: mouseVisible = True
9.9690 	EXP 	window1: mouseVisible = True
9.9691 	EXP 	window1: mouseVisible = True
9.9695 	EXP 	window1: mouseVisible = True
9.9700 	EXP 	window1: mouseVisible = True
9.9747 	EXP 	window1: mouseVisible = True
9.9748 	EXP 	window1: mouseVisible = True
9.9753 	EXP 	window1: mouseVisible = True
9.9757 	EXP 	window1: mouseVisible = True
9.9804 	EXP 	window1: mouseVisible = True
9.9805 	EXP 	window1: mouseVisible = True
9.9809 	EXP 	window1: mouseVisible = True
9.9813 	EXP 	window1: mouseVisible = True
9.9870 	EXP 	window1: mouseVisible = True
9.9871 	EXP 	window1: mouseVisible = True
9.9875 	EXP 	window1: mouseVisible = True
9.9880 	EXP 	window1: mouseVisible = True
9.9926 	EXP 	window1: mouseVisible = True
9.9927 	EXP 	window1: mouseVisible = True
9.9932 	EXP 	window1: mouseVisible = True
9.9936 	EXP 	window1: mouseVisible = True
9.9984 	EXP 	window1: mouseVisible = True
9.9997 	EXP 	window1: mouseVisible = True
10.0426 	EXP 	Created memotest_task_slider = Slider(__class__=<class 'psychopy.visual.slider.Slider'>, autoDraw=False, autoLog=True, borderColor=None, color=None, colorSpace='rgb', depth=-1, fillColor=None, flip=False, font='Open Sans', granularity=1.0, labelColor=None, labelHeight=0.04, labelWrapWidth=None, labels=list(...), lineColor=None, markerColor=None, name='memotest_task_slider', opacity=None, ori=0.0, pos=array([ 0. , -0.3]), readOnly=False, self=UNKNOWN, size=array([0.8 , 0.05]), startValue=None, style='radio', styleTweaks=[], ticks=array([0, 1, 2, 3]), units='height', win=Window(...))
10.0428 	EXP 	window1: mouseVisible = True
10.0448 	EXP 	Created bed_a_text = TextStim(__class__=<class 'psychopy.visual.text.TextStim'>, alignHoriz=method-wrapper(...), alignText='center', alignVert=method-wrapper(...), anchorHoriz='center', anchorVert='center', antialias=True, autoDraw=False, autoLog=True, bold=False, color=array([1., 1., 1.]), colorSpace='rgb', contrast=1.0, depth=0.0, draggable=False, flipHoriz=False, flipVert=False, font='Open Sans', fontFiles=[], height=0.05, italic=False, languageStyle='LTR', name='bed_a_text', opacity=1.0, ori=0.0, pos=array([0., 0.]), rgb=UNKNOWN, text='Schlafzimmer', units='height', win=Window(...), wrapWidth=1)
10.0449 	EXP 	window1: mouseVisible = True
10.1193 	EXP 	Created bed_a_text_2 = TextStim(__class__=<class 'psychopy.visual.text.TextStim'>, alignHoriz=method-wrapper(...), alignText='center', alignVert=method-wrapper(...), anchorHoriz='center', anchorVert='center', antialias=True, autoDraw=False, autoLog=True, bold=False, color=array([1., 1., 1.]), colorSpace='rgb', contrast=1.0, depth=-1.0, draggable=False, flipHoriz=False, flipVert=False, font='Open Sans', fontFiles=[], height=0.05, italic=False, languageStyle='LTR', name='bed_a_text_2', opacity=1.0, ori=0.0, pos=array([ 0. , -0.2]), rgb=UNKNOWN, text=str(...), units='height', win=Window(...), wrapWidth=1)
10.1194 	EXP 	window1: mouseVisible = True
10.1203 	EXP 	Created bed_a_block_no = TextStim(__class__=<class 'psychopy.visual.text.TextStim'>, alignHoriz=method-wrapper(...), alignText='center', alignVert=method-wrapper(...), anchorHoriz='center', anchorVert='center', antialias=True, autoDraw=False, autoLog=True, bold=False, color=array([1., 1., 1.]), colorSpace='rgb', contrast=1.0, depth=-3.0, draggable=False, flipHoriz=False, flipVert=False, font='Open Sans', fontFiles=[], height=0.05, italic=False, languageStyle='LTR', name='bed_a_block_no', opacity=1.0, ori=0.0, pos=array([ 0. , -0.2]), rgb=UNKNOWN, text='', units='height', win=Window(...), wrapWidth=1)
10.1204 	EXP 	window1: mouseVisible = True
10.1258 	EXP 	Created bed_random_isi_fix = ImageStim(__class__=<class 'psychopy.visual.image.ImageStim'>, anchor=('center', 'center'), autoLog=True, color=array([1., 1., 1.]), colorSpace='rgb', contrast=1.0, depth=0.0, draggable=False, flipHoriz=False, flipVert=False, image='fixationskreuz.png', interpolate=True, mask=None, maskParams=None, name='bed_random_isi_fix', opacity=1.0, ori=0.0, pos=array([0., 0.]), size=array([0.1, 0.1]), texRes=128.0, units='height', win=Window(...))
10.1259 	EXP 	window1: mouseVisible = True
10.1279 	EXP 	Created bed_random_isi_no = TextStim(__class__=<class 'psychopy.visual.text.TextStim'>, alignHoriz=method-wrapper(...), alignText='center', alignVert=method-wrapper(...), anchorHoriz='center', anchorVert='center', antialias=True, autoDraw=False, autoLog=True, bold=False, color=array([1., 1., 1.]), colorSpace='rgb', contrast=1.0, depth=-1.0, draggable=False, flipHoriz=False, flipVert=False, font='Open Sans', fontFiles=[], height=0.05, italic=False, languageStyle='LTR', name='bed_random_isi_no', opacity=1.0, ori=0.0, pos=array([-0.6, -0.4]), rgb=UNKNOWN, text='f\n\nnein', units='height', win=Window(...), wrapWidth=1)
10.1280 	EXP 	window1: mouseVisible = True
10.1299 	EXP 	Created bed_random_isi_yes = TextStim(__class__=<class 'psychopy.visual.text.TextStim'>, alignHoriz=method-wrapper(...), alignText='center', alignVert=method-wrapper(...), anchorHoriz='center', anchorVert='center', antialias=True, autoDraw=False, autoLog=True, bold=False, color=array([1., 1., 1.]), colorSpace='rgb', contrast=1.0, depth=-2.0, draggable=False, flipHoriz=False, flipVert=False, font='Open Sans', fontFiles=[], height=0.05, italic=False, languageStyle='LTR', name='bed_random_isi_yes', opacity=1.0, ori=0.0, pos=array([ 0.6, -0.4]), rgb=UNKNOWN, text=' j\n\nja', units='height', win=Window(...), wrapWidth=1)
10.1299 	EXP 	window1: mouseVisible = True
10.1322 	EXP 	Created bed_random_isi_question = TextStim(__class__=<class 'psychopy.visual.text.TextStim'>, alignHoriz=method-wrapper(...), alignText='center', alignVert=method-wrapper(...), anchorHoriz='center', anchorVert='center', antialias=True, autoDraw=False, autoLog=True, bold=False, color=array([1., 1., 1.]), colorSpace='rgb', contrast=1.0, depth=-4.0, draggable=False, flipHoriz=False, flipVert=False, font='Open Sans', fontFiles=[], height=0.05, italic=False, languageStyle='LTR', name='bed_random_isi_question', opacity=1.0, ori=0.0, pos=array([0. , 0.4]), rgb=UNKNOWN, text='Ist dies ein Schlafzimmer?', units='height', win=Window(...), wrapWidth=1)
10.1323 	EXP 	window1: mouseVisible = True
10.1374 	EXP 	Created bed_picture_fix = ImageStim(__class__=<class 'psychopy.visual.image.ImageStim'>, anchor=('center', 'center'), autoLog=True, color=array([1., 1., 1.]), colorSpace='rgb', contrast=1.0, depth=0.0, draggable=False, flipHoriz=False, flipVert=False, image='fixationskreuz.png', interpolate=True, mask=None, maskParams=None, name='bed_picture_fix', opacity=1.0, ori=0.0, pos=array([0., 0.]), size=array([0.1, 0.1]), texRes=128.0, units='height', win=Window(...))
10.1375 	EXP 	window1: mouseVisible = True
10.1408 	EXP 	Created bed_picture_image = ImageStim(__class__=<class 'psychopy.visual.image.ImageStim'>, anchor=('center', 'center'), autoLog=True, color=array([1., 1., 1.]), colorSpace='rgb', contrast=1.0, depth=-1.0, draggable=False, flipHoriz=False, flipVert=False, image='default.png', interpolate=True, mask=None, maskParams=None, name='bed_picture_image', opacity=1.0, ori=0.0, pos=array([0., 0.]), size=array([0.4, 0.4]), texRes=128.0, units='height', win=Window(...))
10.1409 	EXP 	window1: mouseVisible = True
10.1429 	EXP 	Created bed_picture_no = TextStim(__class__=<class 'psychopy.visual.text.TextStim'>, alignHoriz=method-wrapper(...), alignText='center', alignVert=method-wrapper(...), anchorHoriz='center', anchorVert='center', antialias=True, autoDraw=False, autoLog=True, bold=False, color=array([1., 1., 1.]), colorSpace='rgb', contrast=1.0, depth=-2.0, draggable=False, flipHoriz=False, flipVert=False, font='Open Sans', fontFiles=[], height=0.05, italic=False, languageStyle='LTR', name='bed_picture_no', opacity=1.0, ori=0.0, pos=array([-0.6, -0.4]), rgb=UNKNOWN, text='f\n\nnein', units='height', win=Window(...), wrapWidth=1)
10.1430 	EXP 	window1: mouseVisible = True
10.1449 	EXP 	Created bed_picture_yes = TextStim(__class__=<class 'psychopy.visual.text.TextStim'>, alignHoriz=method-wrapper(...), alignText='center', alignVert=method-wrapper(...), anchorHoriz='center', anchorVert='center', antialias=True, autoDraw=False, autoLog=True, bold=False, color=array([1., 1., 1.]), colorSpace='rgb', contrast=1.0, depth=-3.0, draggable=False, flipHoriz=False, flipVert=False, font='Open Sans', fontFiles=[], height=0.05, italic=False, languageStyle='LTR', name='bed_picture_yes', opacity=1.0, ori=0.0, pos=array([ 0.6, -0.4]), rgb=UNKNOWN, text=' j\n\nja', units='height', win=Window(...), wrapWidth=1)
10.1449 	EXP 	window1: mouseVisible = True
10.1472 	EXP 	Created bed_picture_question = TextStim(__class__=<class 'psychopy.visual.text.TextStim'>, alignHoriz=method-wrapper(...), alignText='center', alignVert=method-wrapper(...), anchorHoriz='center', anchorVert='center', antialias=True, autoDraw=False, autoLog=True, bold=False, color=array([1., 1., 1.]), colorSpace='rgb', contrast=1.0, depth=-5.0, draggable=False, flipHoriz=False, flipVert=False, font='Open Sans', fontFiles=[], height=0.05, italic=False, languageStyle='LTR', name='bed_picture_question', opacity=1.0, ori=0.0, pos=array([0. , 0.4]), rgb=UNKNOWN, text='Ist dies ein Schlafzimmer?', units='height', win=Window(...), wrapWidth=1)
10.1473 	EXP 	window1: mouseVisible = True
10.1511 	EXP 	Created bed_a_memo_instr_text = TextStim(__class__=<class 'psychopy.visual.text.TextStim'>, alignHoriz=method-wrapper(...), alignText='center', alignVert=method-wrapper(...), anchorHoriz='center', anchorVert='center', antialias=True, autoDraw=False, autoLog=True, bold=False, color=array([1., 1., 1.]), colorSpace='rgb', contrast=1.0, depth=0.0, draggable=False, flipHoriz=False, flipVert=False, font='Open Sans', fontFiles=[], height=0.05, italic=False, languageStyle='LTR', name='bed_a_memo_instr_text', opacity=1.0, ori=0.0, pos=array([0., 0.]), rgb=UNKNOWN, text=str(...), units='height', win=Window(...), wrapWidth=1)
10.1512 	EXP 	window1: mouseVisible = True
10.1563 	EXP 	Created memo_fix_pic = ImageStim(__class__=<class 'psychopy.visual.image.ImageStim'>, anchor=('center', 'center'), autoLog=True, color=array([1., 1., 1.]), colorSpace='rgb', contrast=1.0, depth=-1.0, draggable=False, flipHoriz=False, flipVert=False, image='fixationskreuz.png', interpolate=True, mask=None, maskParams=None, name='memo_fix_pic', opacity=1.0, ori=0.0, pos=array([0., 0.]), size=array([0.1, 0.1]), texRes=128.0, units='height', win=Window(...))
10.1564 	EXP 	window1: mouseVisible = True
10.1596 	EXP 	Created memotest_task_stim = ImageStim(__class__=<class 'psychopy.visual.image.ImageStim'>, anchor=('center', 'center'), autoLog=True, color=array([1., 1., 1.]), colorSpace='rgb', contrast=1.0, depth=0.0, draggable=False, flipHoriz=False, flipVert=False, image='default.png', interpolate=True, mask=None, maskParams=None, name='memotest_task_stim', opacity=1.0, ori=0.0, pos=array([0., 0.]), size=array([0.4, 0.4]), texRes=128.0, units='height', win=Window(...))
10.1622 	EXP 	window1: mouseVisible = True
10.1625 	EXP 	window1: mouseVisible = True
10.1661 	EXP 	window1: mouseVisible = True
10.1662 	EXP 	window1: mouseVisible = True
10.1666 	EXP 	window1: mouseVisible = True
10.1670 	EXP 	window1: mouseVisible = True
10.1720 	EXP 	window1: mouseVisible = True
10.1721 	EXP 	window1: mouseVisible = True
10.1726 	EXP 	window1: mouseVisible = True
10.1730 	EXP 	window1: mouseVisible = True
10.1777 	EXP 	window1: mouseVisible = True
10.1778 	EXP 	window1: mouseVisible = True
10.1783 	EXP 	window1: mouseVisible = True
10.1787 	EXP 	window1: mouseVisible = True
10.1833 	EXP 	window1: mouseVisible = True
10.1834 	EXP 	window1: mouseVisible = True
10.1838 	EXP 	window1: mouseVisible = True
10.1842 	EXP 	window1: mouseVisible = True
10.1889 	EXP 	window1: mouseVisible = True
10.1890 	EXP 	window1: mouseVisible = True
10.1895 	EXP 	window1: mouseVisible = True
10.1899 	EXP 	window1: mouseVisible = True
10.1945 	EXP 	window1: mouseVisible = True
10.1946 	EXP 	window1: mouseVisible = True
10.1950 	EXP 	window1: mouseVisible = True
10.1955 	EXP 	window1: mouseVisible = True
10.2001 	EXP 	window1: mouseVisible = True
10.2002 	EXP 	window1: mouseVisible = True
10.2006 	EXP 	window1: mouseVisible = True
10.2011 	EXP 	window1: mouseVisible = True
10.2056 	EXP 	window1: mouseVisible = True
10.2057 	EXP 	window1: mouseVisible = True
10.2062 	EXP 	window1: mouseVisible = True
10.2066 	EXP 	window1: mouseVisible = True
10.2114 	EXP 	window1: mouseVisible = True
10.2127 	EXP 	window1: mouseVisible = True
10.2545 	EXP 	Created memotest_task_slider = Slider(__class__=<class 'psychopy.visual.slider.Slider'>, autoDraw=False, autoLog=True, borderColor=None, color=None, colorSpace='rgb', depth=-1, fillColor=None, flip=False, font='Open Sans', granularity=1.0, labelColor=None, labelHeight=0.04, labelWrapWidth=None, labels=list(...), lineColor=None, markerColor=None, name='memotest_task_slider', opacity=None, ori=0.0, pos=array([ 0. , -0.3]), readOnly=False, self=UNKNOWN, size=array([0.8 , 0.05]), startValue=None, style='radio', styleTweaks=[], ticks=array([0, 1, 2, 3]), units='height', win=Window(...))
10.2547 	EXP 	window1: mouseVisible = True
10.2567 	EXP 	Created bed_b_text = TextStim(__class__=<class 'psychopy.visual.text.TextStim'>, alignHoriz=method-wrapper(...), alignText='center', alignVert=method-wrapper(...), anchorHoriz='center', anchorVert='center', antialias=True, autoDraw=False, autoLog=True, bold=False, color=array([1., 1., 1.]), colorSpace='rgb', contrast=1.0, depth=0.0, draggable=False, flipHoriz=False, flipVert=False, font='Open Sans', fontFiles=[], height=0.05, italic=False, languageStyle='LTR', name='bed_b_text', opacity=1.0, ori=0.0, pos=array([0., 0.]), rgb=UNKNOWN, text='Schlafzimmer', units='height', win=Window(...), wrapWidth=1)
10.2568 	EXP 	window1: mouseVisible = True
10.2597 	EXP 	Created bed_b_text_2 = TextStim(__class__=<class 'psychopy.visual.text.TextStim'>, alignHoriz=method-wrapper(...), alignText='center', alignVert=method-wrapper(...), anchorHoriz='center', anchorVert='center', antialias=True, autoDraw=False, autoLog=True, bold=False, color=array([1., 1., 1.]), colorSpace='rgb', contrast=1.0, depth=-1.0, draggable=False, flipHoriz=False, flipVert=False, font='Open Sans', fontFiles=[], height=0.05, italic=False, languageStyle='LTR', name='bed_b_text_2', opacity=1.0, ori=0.0, pos=array([ 0. , -0.2]), rgb=UNKNOWN, text=str(...), units='height', win=Window(...), wrapWidth=1)
10.2598 	EXP 	window1: mouseVisible = True
10.2607 	EXP 	Created bed_b_block_no = TextStim(__class__=<class 'psychopy.visual.text.TextStim'>, alignHoriz=method-wrapper(...), alignText='center', alignVert=method-wrapper(...), anchorHoriz='center', anchorVert='center', antialias=True, autoDraw=False, autoLog=True, bold=False, color=array([1., 1., 1.]), colorSpace='rgb', contrast=1.0, depth=-3.0, draggable=False, flipHoriz=False, flipVert=False, font='Open Sans', fontFiles=[], height=0.05, italic=False, languageStyle='LTR', name='bed_b_block_no', opacity=1.0, ori=0.0, pos=array([ 0. , -0.2]), rgb=UNKNOWN, text='', units='height', win=Window(...), wrapWidth=1)
10.2607 	EXP 	window1: mouseVisible = True
10.2659 	EXP 	Created bed_random_isi_fix = ImageStim(__class__=<class 'psychopy.visual.image.ImageStim'>, anchor=('center', 'center'), autoLog=True, color=array([1., 1., 1.]), colorSpace='rgb', contrast=1.0, depth=0.0, draggable=False, flipHoriz=False, flipVert=False, image='fixationskreuz.png', interpolate=True, mask=None, maskParams=None, name='bed_random_isi_fix', opacity=1.0, ori=0.0, pos=array([0., 0.]), size=array([0.1, 0.1]), texRes=128.0, units='height', win=Window(...))
10.2660 	EXP 	window1: mouseVisible = True
10.2683 	EXP 	Created bed_random_isi_no = TextStim(__class__=<class 'psychopy.visual.text.TextStim'>, alignHoriz=method-wrapper(...), alignText='center', alignVert=method-wrapper(...), anchorHoriz='center', anchorVert='center', antialias=True, autoDraw=False, autoLog=True, bold=False, color=array([1., 1., 1.]), colorSpace='rgb', contrast=1.0, depth=-1.0, draggable=False, flipHoriz=False, flipVert=False, font='Open Sans', fontFiles=[], height=0.05, italic=False, languageStyle='LTR', name='bed_random_isi_no', opacity=1.0, ori=0.0, pos=array([-0.6, -0.4]), rgb=UNKNOWN, text='f\n\nnein', units='height', win=Window(...), wrapWidth=1)
10.2684 	EXP 	window1: mouseVisible = True
10.2703 	EXP 	Created bed_random_isi_yes = TextStim(__class__=<class 'psychopy.visual.text.TextStim'>, alignHoriz=method-wrapper(...), alignText='center', alignVert=method-wrapper(...), anchorHoriz='center', anchorVert='center', antialias=True, autoDraw=False, autoLog=True, bold=False, color=array([1., 1., 1.]), colorSpace='rgb', contrast=1.0, depth=-2.0, draggable=False, flipHoriz=False, flipVert=False, font='Open Sans', fontFiles=[], height=0.05, italic=False, languageStyle='LTR', name='bed_random_isi_yes', opacity=1.0, ori=0.0, pos=array([ 0.6, -0.4]), rgb=UNKNOWN, text=' j\n\nja', units='height', win=Window(...), wrapWidth=1)
10.2704 	EXP 	window1: mouseVisible = True
10.2727 	EXP 	Created bed_random_isi_question = TextStim(__class__=<class 'psychopy.visual.text.TextStim'>, alignHoriz=method-wrapper(...), alignText='center', alignVert=method-wrapper(...), anchorHoriz='center', anchorVert='center', antialias=True, autoDraw=False, autoLog=True, bold=False, color=array([1., 1., 1.]), colorSpace='rgb', contrast=1.0, depth=-4.0, draggable=False, flipHoriz=False, flipVert=False, font='Open Sans', fontFiles=[], height=0.05, italic=False, languageStyle='LTR', name='bed_random_isi_question', opacity=1.0, ori=0.0, pos=array([0. , 0.4]), rgb=UNKNOWN, text='Ist dies ein Schlafzimmer?', units='height', win=Window(...), wrapWidth=1)
10.2728 	EXP 	window1: mouseVisible = True
10.2779 	EXP 	Created bed_picture_fix = ImageStim(__class__=<class 'psychopy.visual.image.ImageStim'>, anchor=('center', 'center'), autoLog=True, color=array([1., 1., 1.]), colorSpace='rgb', contrast=1.0, depth=0.0, draggable=False, flipHoriz=False, flipVert=False, image='fixationskreuz.png', interpolate=True, mask=None, maskParams=None, name='bed_picture_fix', opacity=1.0, ori=0.0, pos=array([0., 0.]), size=array([0.1, 0.1]), texRes=128.0, units='height', win=Window(...))
10.2780 	EXP 	window1: mouseVisible = True
10.2812 	EXP 	Created bed_picture_image = ImageStim(__class__=<class 'psychopy.visual.image.ImageStim'>, anchor=('center', 'center'), autoLog=True, color=array([1., 1., 1.]), colorSpace='rgb', contrast=1.0, depth=-1.0, draggable=False, flipHoriz=False, flipVert=False, image='default.png', interpolate=True, mask=None, maskParams=None, name='bed_picture_image', opacity=1.0, ori=0.0, pos=array([0., 0.]), size=array([0.4, 0.4]), texRes=128.0, units='height', win=Window(...))
10.2812 	EXP 	window1: mouseVisible = True
10.2833 	EXP 	Created bed_picture_no = TextStim(__class__=<class 'psychopy.visual.text.TextStim'>, alignHoriz=method-wrapper(...), alignText='center', alignVert=method-wrapper(...), anchorHoriz='center', anchorVert='center', antialias=True, autoDraw=False, autoLog=True, bold=False, color=array([1., 1., 1.]), colorSpace='rgb', contrast=1.0, depth=-2.0, draggable=False, flipHoriz=False, flipVert=False, font='Open Sans', fontFiles=[], height=0.05, italic=False, languageStyle='LTR', name='bed_picture_no', opacity=1.0, ori=0.0, pos=array([-0.6, -0.4]), rgb=UNKNOWN, text='f\n\nnein', units='height', win=Window(...), wrapWidth=1)
10.2834 	EXP 	window1: mouseVisible = True
10.2852 	EXP 	Created bed_picture_yes = TextStim(__class__=<class 'psychopy.visual.text.TextStim'>, alignHoriz=method-wrapper(...), alignText='center', alignVert=method-wrapper(...), anchorHoriz='center', anchorVert='center', antialias=True, autoDraw=False, autoLog=True, bold=False, color=array([1., 1., 1.]), colorSpace='rgb', contrast=1.0, depth=-3.0, draggable=False, flipHoriz=False, flipVert=False, font='Open Sans', fontFiles=[], height=0.05, italic=False, languageStyle='LTR', name='bed_picture_yes', opacity=1.0, ori=0.0, pos=array([ 0.6, -0.4]), rgb=UNKNOWN, text=' j\n\nja', units='height', win=Window(...), wrapWidth=1)
10.2853 	EXP 	window1: mouseVisible = True
10.2876 	EXP 	Created bed_picture_question = TextStim(__class__=<class 'psychopy.visual.text.TextStim'>, alignHoriz=method-wrapper(...), alignText='center', alignVert=method-wrapper(...), anchorHoriz='center', anchorVert='center', antialias=True, autoDraw=False, autoLog=True, bold=False, color=array([1., 1., 1.]), colorSpace='rgb', contrast=1.0, depth=-5.0, draggable=False, flipHoriz=False, flipVert=False, font='Open Sans', fontFiles=[], height=0.05, italic=False, languageStyle='LTR', name='bed_picture_question', opacity=1.0, ori=0.0, pos=array([0. , 0.4]), rgb=UNKNOWN, text='Ist dies ein Schlafzimmer?', units='height', win=Window(...), wrapWidth=1)
10.2877 	EXP 	window1: mouseVisible = True
10.2915 	EXP 	Created bed_b_memo_instr_text = TextStim(__class__=<class 'psychopy.visual.text.TextStim'>, alignHoriz=method-wrapper(...), alignText='center', alignVert=method-wrapper(...), anchorHoriz='center', anchorVert='center', antialias=True, autoDraw=False, autoLog=True, bold=False, color=array([1., 1., 1.]), colorSpace='rgb', contrast=1.0, depth=0.0, draggable=False, flipHoriz=False, flipVert=False, font='Open Sans', fontFiles=[], height=0.05, italic=False, languageStyle='LTR', name='bed_b_memo_instr_text', opacity=1.0, ori=0.0, pos=array([0., 0.]), rgb=UNKNOWN, text=str(...), units='height', win=Window(...), wrapWidth=1)
10.2916 	EXP 	window1: mouseVisible = True
10.2966 	EXP 	Created memo_fix_pic = ImageStim(__class__=<class 'psychopy.visual.image.ImageStim'>, anchor=('center', 'center'), autoLog=True, color=array([1., 1., 1.]), colorSpace='rgb', contrast=1.0, depth=-1.0, draggable=False, flipHoriz=False, flipVert=False, image='fixationskreuz.png', interpolate=True, mask=None, maskParams=None, name='memo_fix_pic', opacity=1.0, ori=0.0, pos=array([0., 0.]), size=array([0.1, 0.1]), texRes=128.0, units='height', win=Window(...))
10.2967 	EXP 	window1: mouseVisible = True
10.2999 	EXP 	Created memotest_task_stim = ImageStim(__class__=<class 'psychopy.visual.image.ImageStim'>, anchor=('center', 'center'), autoLog=True, color=array([1., 1., 1.]), colorSpace='rgb', contrast=1.0, depth=0.0, draggable=False, flipHoriz=False, flipVert=False, image='default.png', interpolate=True, mask=None, maskParams=None, name='memotest_task_stim', opacity=1.0, ori=0.0, pos=array([0., 0.]), size=array([0.4, 0.4]), texRes=128.0, units='height', win=Window(...))
10.3025 	EXP 	window1: mouseVisible = True
10.3028 	EXP 	window1: mouseVisible = True
10.3063 	EXP 	window1: mouseVisible = True
10.3064 	EXP 	window1: mouseVisible = True
10.3069 	EXP 	window1: mouseVisible = True
10.3073 	EXP 	window1: mouseVisible = True
10.3124 	EXP 	window1: mouseVisible = True
10.3125 	EXP 	window1: mouseVisible = True
10.3129 	EXP 	window1: mouseVisible = True
10.3133 	EXP 	window1: mouseVisible = True
10.3180 	EXP 	window1: mouseVisible = True
10.3181 	EXP 	window1: mouseVisible = True
10.3186 	EXP 	window1: mouseVisible = True
10.3190 	EXP 	window1: mouseVisible = True
10.3236 	EXP 	window1: mouseVisible = True
10.3237 	EXP 	window1: mouseVisible = True
10.3241 	EXP 	window1: mouseVisible = True
10.3246 	EXP 	window1: mouseVisible = True
10.3293 	EXP 	window1: mouseVisible = True
10.3294 	EXP 	window1: mouseVisible = True
10.3299 	EXP 	window1: mouseVisible = True
10.3303 	EXP 	window1: mouseVisible = True
10.3349 	EXP 	window1: mouseVisible = True
10.3350 	EXP 	window1: mouseVisible = True
10.3354 	EXP 	window1: mouseVisible = True
10.3359 	EXP 	window1: mouseVisible = True
10.3406 	EXP 	window1: mouseVisible = True
10.3407 	EXP 	window1: mouseVisible = True
10.3411 	EXP 	window1: mouseVisible = True
10.3415 	EXP 	window1: mouseVisible = True
10.3462 	EXP 	window1: mouseVisible = True
10.3463 	EXP 	window1: mouseVisible = True
10.3468 	EXP 	window1: mouseVisible = True
10.3472 	EXP 	window1: mouseVisible = True
10.3520 	EXP 	window1: mouseVisible = True
10.3533 	EXP 	window1: mouseVisible = True
10.3956 	EXP 	Created memotest_task_slider = Slider(__class__=<class 'psychopy.visual.slider.Slider'>, autoDraw=False, autoLog=True, borderColor=None, color=None, colorSpace='rgb', depth=-1, fillColor=None, flip=False, font='Open Sans', granularity=1.0, labelColor=None, labelHeight=0.04, labelWrapWidth=None, labels=list(...), lineColor=None, markerColor=None, name='memotest_task_slider', opacity=None, ori=0.0, pos=array([ 0. , -0.3]), readOnly=False, self=UNKNOWN, size=array([0.8 , 0.05]), startValue=None, style='radio', styleTweaks=[], ticks=array([0, 1, 2, 3]), units='height', win=Window(...))
10.3958 	EXP 	window1: mouseVisible = True
10.3999 	EXP 	Created break_text = TextStim(__class__=<class 'psychopy.visual.text.TextStim'>, alignHoriz=method-wrapper(...), alignText='center', alignVert=method-wrapper(...), anchorHoriz='center', anchorVert='center', antialias=True, autoDraw=False, autoLog=True, bold=False, color=array([1., 1., 1.]), colorSpace='rgb', contrast=1.0, depth=0.0, draggable=False, flipHoriz=False, flipVert=False, font='Open Sans', fontFiles=[], height=0.05, italic=False, languageStyle='LTR', name='break_text', opacity=1.0, ori=0.0, pos=array([0., 0.]), rgb=UNKNOWN, text=str(...), units='height', win=Window(...), wrapWidth=1)
10.3999 	EXP 	window1: mouseVisible = True
10.4230 	EXP 	Created end_text = TextStim(__class__=<class 'psychopy.visual.text.TextStim'>, alignHoriz=method-wrapper(...), alignText='center', alignVert=method-wrapper(...), anchorHoriz='center', anchorVert='center', antialias=True, autoDraw=False, autoLog=True, bold=False, color=array([1., 1., 1.]), colorSpace='rgb', contrast=1.0, depth=-1.0, draggable=False, flipHoriz=False, flipVert=False, font='Open Sans', fontFiles=[], height=0.04, italic=False, languageStyle='LTR', name='end_text', opacity=1.0, ori=0.0, pos=array([0., 0.]), rgb=UNKNOWN, text=str(...), units='height', win=Window(...), wrapWidth=1)
10.4231 	EXP 	window1: mouseVisible = True
10.4241 	EXP 	Created vp_code_text = TextStim(__class__=<class 'psychopy.visual.text.TextStim'>, alignHoriz=method-wrapper(...), alignText='center', alignVert=method-wrapper(...), anchorHoriz='center', anchorVert='center', antialias=True, autoDraw=False, autoLog=True, bold=False, color=array([1., 1., 1.]), colorSpace='rgb', contrast=1.0, depth=-3.0, draggable=False, flipHoriz=False, flipVert=False, font='Open Sans', fontFiles=[], height=0.05, italic=False, languageStyle='LTR', name='vp_code_text', opacity=1.0, ori=0.0, pos=array([ 0. , -0.4]), rgb=UNKNOWN, text='', units='height', win=Window(...), wrapWidth=1)
0.0090 	EXP 	memo_training_slider: autoLog = True
0.0090 	EXP 	memo_training_slider: ticks = <class 'numpy.ndarray'>
0.0090 	EXP 	memo_training_slider: styleTweaks = []
0.0090 	EXP 	memo_training_slider: styleTweaks = []
0.0090 	EXP 	memo_training_slider: styleTweaks = []
0.0090 	EXP 	memo_training_slider: styleTweaks = []
0.0090 	EXP 	memo_training_slider: ticks = <class 'numpy.ndarray'>
0.0090 	EXP 	memo_training_slider: contrast = 1.0
0.0090 	EXP 	memo_training_slider: markerPos = None
0.0090 	EXP 	memo_training_slider: autoLog = True
0.0090 	EXP 	memotest_task_slider: autoLog = True
0.0090 	EXP 	memotest_task_slider: ticks = <class 'numpy.ndarray'>
0.0090 	EXP 	memotest_task_slider: styleTweaks = []
0.0090 	EXP 	memotest_task_slider: styleTweaks = []
0.0090 	EXP 	memotest_task_slider: styleTweaks = []
0.0090 	EXP 	memotest_task_slider: styleTweaks = []
0.0090 	EXP 	memotest_task_slider: ticks = <class 'numpy.ndarray'>
0.0090 	EXP 	memotest_task_slider: contrast = 1.0
0.0090 	EXP 	memotest_task_slider: markerPos = None
0.0090 	EXP 	memotest_task_slider: autoLog = True
0.0090 	EXP 	memotest_task_slider: autoLog = True
0.0090 	EXP 	memotest_task_slider: ticks = <class 'numpy.ndarray'>
0.0090 	EXP 	memotest_task_slider: styleTweaks = []
0.0090 	EXP 	memotest_task_slider: styleTweaks = []
0.0090 	EXP 	memotest_task_slider: styleTweaks = []
0.0090 	EXP 	memotest_task_slider: styleTweaks = []
0.0090 	EXP 	memotest_task_slider: ticks = <class 'numpy.ndarray'>
0.0090 	EXP 	memotest_task_slider: contrast = 1.0
0.0090 	EXP 	memotest_task_slider: markerPos = None
0.0090 	EXP 	memotest_task_slider: autoLog = True
0.0090 	EXP 	memotest_task_slider: autoLog = True
0.0090 	EXP 	memotest_task_slider: ticks = <class 'numpy.ndarray'>
0.0090 	EXP 	memotest_task_slider: styleTweaks = []
0.0090 	EXP 	memotest_task_slider: styleTweaks = []
0.0090 	EXP 	memotest_task_slider: styleTweaks = []
0.0090 	EXP 	memotest_task_slider: styleTweaks = []
0.0090 	EXP 	memotest_task_slider: ticks = <class 'numpy.ndarray'>
0.0090 	EXP 	memotest_task_slider: contrast = 1.0
0.0090 	EXP 	memotest_task_slider: markerPos = None
0.0090 	EXP 	memotest_task_slider: autoLog = True
0.0090 	EXP 	memotest_task_slider: autoLog = True
0.0090 	EXP 	memotest_task_slider: ticks = <class 'numpy.ndarray'>
0.0090 	EXP 	memotest_task_slider: styleTweaks = []
0.0090 	EXP 	memotest_task_slider: styleTweaks = []
0.0090 	EXP 	memotest_task_slider: styleTweaks = []
0.0090 	EXP 	memotest_task_slider: styleTweaks = []
0.0090 	EXP 	memotest_task_slider: ticks = <class 'numpy.ndarray'>
0.0090 	EXP 	memotest_task_slider: contrast = 1.0
0.0090 	EXP 	memotest_task_slider: markerPos = None
0.0090 	EXP 	memotest_task_slider: autoLog = True
0.0090 	EXP 	memotest_task_slider: autoLog = True
0.0090 	EXP 	memotest_task_slider: ticks = <class 'numpy.ndarray'>
0.0090 	EXP 	memotest_task_slider: styleTweaks = []
0.0090 	EXP 	memotest_task_slider: styleTweaks = []
0.0090 	EXP 	memotest_task_slider: styleTweaks = []
0.0090 	EXP 	memotest_task_slider: styleTweaks = []
0.0090 	EXP 	memotest_task_slider: ticks = <class 'numpy.ndarray'>
0.0090 	EXP 	memotest_task_slider: contrast = 1.0
0.0090 	EXP 	memotest_task_slider: markerPos = None
0.0090 	EXP 	memotest_task_slider: autoLog = True
0.0090 	EXP 	memotest_task_slider: autoLog = True
0.0090 	EXP 	memotest_task_slider: ticks = <class 'numpy.ndarray'>
0.0090 	EXP 	memotest_task_slider: styleTweaks = []
0.0090 	EXP 	memotest_task_slider: styleTweaks = []
0.0090 	EXP 	memotest_task_slider: styleTweaks = []
0.0090 	EXP 	memotest_task_slider: styleTweaks = []
0.0090 	EXP 	memotest_task_slider: ticks = <class 'numpy.ndarray'>
0.0090 	EXP 	memotest_task_slider: contrast = 1.0
0.0090 	EXP 	memotest_task_slider: markerPos = None
0.0090 	EXP 	memotest_task_slider: autoLog = True
0.0171 	EXP 	intro_text: autoDraw = True
1.0419 	DATA 	Keypress: escape
1.0473 	WARNING 	t of last frame was 50.16ms (=1/19)
1.0640 	EXP 	SceneCat_2023_2_key_resp: status = STOPPED
1.0739 	EXP 	intro_text: autoDraw = False
1.0740 	EXP 	SceneCat_2023_2_key_resp: status = STOPPED
1.1167 	EXP 	window1: mouseVisible = True
