4.0112 	ERROR 	Plugin `psychopy-cedrus` entry point requires module `psychopy_cedrus`, but it cannot be imported.
8.0969 	WARNING 	User requested fullscreen with size [1920 1080], but screen is actually [1440, 900]. Using actual size
8.2778 	EXP 	Created window1 = Window(allowGUI=True, allowStencil=False, autoLog=True, backendConf=UNKNOWN, backgroundFit=<method-wrapper '__getattribute__' of attributeSetter object at 0x7fecd1d6aa60>, backgroundImage=<method-wrapper '__getattribute__' of attributeSetter object at 0x7fecd1d6aa00>, bitsMode=UNKNOWN, blendMode='avg', bpc=(8, 8, 8), color=array([0, 0, 0]), colorSpace='rgb', depthBits=8, fullscr=<method-wrapper '__getattribute__' of attributeSetter object at 0x7fecd1d6a4f0>, gamma=None, gammaErrorPolicy='raise', infoMsg=UNKNOWN, lms=UNKNOWN, monitor=<psychopy.monitors.calibTools.Monitor object at 0x7fecc2b0f3a0>, multiSample=False, name='window1', numSamples=2, pos=[360.0, 225.0], screen=0, size=array([2880, 1800]), stencilBits=0, stereo=False, title='PsychoPy', units='height', useFBO=True, useRetina=True, viewOri=0.0, viewPos=None, viewScale=None, waitBlanking=True, winType='pyglet')
8.2779 	EXP 	window1: mouseVisible = True
8.2779 	EXP 	window1: backgroundImage = ''
8.2779 	EXP 	window1: backgroundFit = 'none'
8.2781 	EXP 	window1: mouseVisible = True
8.2783 	EXP 	window1: mouseVisible = True
8.2838 	EXP 	window1: mouseVisible = True
8.2843 	EXP 	window1: mouseVisible = True
8.3161 	EXP 	window1: mouseVisible = True
8.3162 	EXP 	window1: mouseVisible = True
8.3167 	EXP 	window1: mouseVisible = True
8.3172 	EXP 	window1: mouseVisible = True
8.3297 	EXP 	window1: Attempting to measure frame rate of screen (0) ...
8.3298 	EXP 	window1: recordFrameIntervals = False
8.4697 	EXP 	window1: recordFrameIntervals = True
9.3035 	WARNING 	Couldn't measure a consistent frame rate!
  - Is your graphics card set to sync to vertical blank?
  - Are you running other processes on your computer?

9.3072 	EXP 	window1: mouseVisible = False
11.1808 	EXP 	SceneCat_2023_2_key_resp: status = STARTED
11.1822 	EXP 	window1: mouseVisible = True
11.2468 	EXP 	Created intro_text = TextStim(__class__=<class 'psychopy.visual.text.TextStim'>, alignHoriz=method-wrapper(...), alignText='center', alignVert=method-wrapper(...), anchorHoriz='center', anchorVert='center', antialias=True, autoDraw=False, autoLog=True, bold=False, color=array([1., 1., 1.]), colorSpace='rgb', contrast=1.0, depth=0.0, draggable=False, flipHoriz=False, flipVert=False, font='Open Sans', fontFiles=[], height=0.05, italic=False, languageStyle='LTR', name='intro_text', opacity=1.0, ori=0.0, pos=array([0., 0.]), rgb=UNKNOWN, text=str(...), units='height', win=Window(...), wrapWidth=1)
11.2469 	EXP 	window1: mouseVisible = True
11.2857 	EXP 	Created consent_text = TextStim(__class__=<class 'psychopy.visual.text.TextStim'>, alignHoriz=method-wrapper(...), alignText='center', alignVert=method-wrapper(...), anchorHoriz='center', anchorVert='center', antialias=True, autoDraw=False, autoLog=True, bold=False, color=array([1., 1., 1.]), colorSpace='rgb', contrast=1.0, depth=0.0, draggable=False, flipHoriz=False, flipVert=False, font='Open Sans', fontFiles=[], height=0.028, italic=False, languageStyle='LTR', name='consent_text', opacity=1.0, ori=0.0, pos=array([0., 0.]), rgb=UNKNOWN, text=str(...), units='height', win=Window(...), wrapWidth=1)
11.2858 	EXP 	window1: mouseVisible = True
11.3136 	EXP 	Created consent_text_2 = TextStim(__class__=<class 'psychopy.visual.text.TextStim'>, alignHoriz=method-wrapper(...), alignText='center', alignVert=method-wrapper(...), anchorHoriz='center', anchorVert='center', antialias=True, autoDraw=False, autoLog=True, bold=False, color=array([1., 1., 1.]), colorSpace='rgb', contrast=1.0, depth=-1.0, draggable=False, flipHoriz=False, flipVert=False, font='Open Sans', fontFiles=[], height=0.028, italic=False, languageStyle='LTR', name='consent_text_2', opacity=1.0, ori=0.0, pos=array([0., 0.]), rgb=UNKNOWN, text=str(...), units='height', win=Window(...), wrapWidth=1)
11.3137 	EXP 	window1: mouseVisible = True
11.3531 	EXP 	Created data_safety_text = TextStim(__class__=<class 'psychopy.visual.text.TextStim'>, alignHoriz=method-wrapper(...), alignText='center', alignVert=method-wrapper(...), anchorHoriz='center', anchorVert='center', antialias=True, autoDraw=False, autoLog=True, bold=False, color=array([1., 1., 1.]), colorSpace='rgb', contrast=1.0, depth=0.0, draggable=False, flipHoriz=False, flipVert=False, font='Open Sans', fontFiles=[], height=0.028, italic=False, languageStyle='LTR', name='data_safety_text', opacity=1.0, ori=0.0, pos=array([0., 0.]), rgb=UNKNOWN, text=str(...), units='height', win=Window(...), wrapWidth=1)
11.3531 	EXP 	window1: mouseVisible = True
11.3890 	EXP 	Created data_safety_text_2 = TextStim(__class__=<class 'psychopy.visual.text.TextStim'>, alignHoriz=method-wrapper(...), alignText='center', alignVert=method-wrapper(...), anchorHoriz='center', anchorVert='center', antialias=True, autoDraw=False, autoLog=True, bold=False, color=array([1., 1., 1.]), colorSpace='rgb', contrast=1.0, depth=-1.0, draggable=False, flipHoriz=False, flipVert=False, font='Open Sans', fontFiles=[], height=0.028, italic=False, languageStyle='LTR', name='data_safety_text_2', opacity=1.0, ori=0.0, pos=array([0., 0.]), rgb=UNKNOWN, text=str(...), units='height', win=Window(...), wrapWidth=1)
11.3891 	EXP 	window1: mouseVisible = True
11.4305 	EXP 	Created data_safety_2_text_ = TextStim(__class__=<class 'psychopy.visual.text.TextStim'>, alignHoriz=method-wrapper(...), alignText='center', alignVert=method-wrapper(...), anchorHoriz='center', anchorVert='center', antialias=True, autoDraw=False, autoLog=True, bold=False, color=array([1., 1., 1.]), colorSpace='rgb', contrast=1.0, depth=0.0, draggable=False, flipHoriz=False, flipVert=False, font='Open Sans', fontFiles=[], height=0.028, italic=False, languageStyle='LTR', name='data_safety_2_text_', opacity=1.0, ori=0.0, pos=array([0., 0.]), rgb=UNKNOWN, text=str(...), units='height', win=Window(...), wrapWidth=1)
11.4306 	EXP 	window1: mouseVisible = True
11.4701 	EXP 	Created data_safety_2_text_2 = TextStim(__class__=<class 'psychopy.visual.text.TextStim'>, alignHoriz=method-wrapper(...), alignText='center', alignVert=method-wrapper(...), anchorHoriz='center', anchorVert='center', antialias=True, autoDraw=False, autoLog=True, bold=False, color=array([1., 1., 1.]), colorSpace='rgb', contrast=1.0, depth=-1.0, draggable=False, flipHoriz=False, flipVert=False, font='Open Sans', fontFiles=[], height=0.028, italic=False, languageStyle='LTR', name='data_safety_2_text_2', opacity=1.0, ori=0.0, pos=array([0., 0.]), rgb=UNKNOWN, text=str(...), units='height', win=Window(...), wrapWidth=1)
11.4701 	EXP 	window1: mouseVisible = True
11.5201 	EXP 	Created instructions_cat_text = TextStim(__class__=<class 'psychopy.visual.text.TextStim'>, alignHoriz=method-wrapper(...), alignText='center', alignVert=method-wrapper(...), anchorHoriz='center', anchorVert='center', antialias=True, autoDraw=False, autoLog=True, bold=False, color=array([1., 1., 1.]), colorSpace='rgb', contrast=1.0, depth=0.0, draggable=False, flipHoriz=False, flipVert=False, font='Open Sans', fontFiles=[], height=0.026, italic=False, languageStyle='LTR', name='instructions_cat_text', opacity=1.0, ori=0.0, pos=array([0., 0.]), rgb=UNKNOWN, text=str(...), units='height', win=Window(...), wrapWidth=1)
11.5202 	EXP 	window1: mouseVisible = True
11.5535 	EXP 	Created instructions_cat_text_2 = TextStim(__class__=<class 'psychopy.visual.text.TextStim'>, alignHoriz=method-wrapper(...), alignText='center', alignVert=method-wrapper(...), anchorHoriz='center', anchorVert='center', antialias=True, autoDraw=False, autoLog=True, bold=False, color=array([1., 1., 1.]), colorSpace='rgb', contrast=1.0, depth=-1.0, draggable=False, flipHoriz=False, flipVert=False, font='Open Sans', fontFiles=[], height=0.026, italic=False, languageStyle='LTR', name='instructions_cat_text_2', opacity=1.0, ori=0.0, pos=array([0., 0.]), rgb=UNKNOWN, text=str(...), units='height', win=Window(...), wrapWidth=1)
11.5535 	EXP 	window1: mouseVisible = True
11.5682 	EXP 	Created instructions_cat_2_text = TextStim(__class__=<class 'psychopy.visual.text.TextStim'>, alignHoriz=method-wrapper(...), alignText='center', alignVert=method-wrapper(...), anchorHoriz='center', anchorVert='center', antialias=True, autoDraw=False, autoLog=True, bold=False, color=array([1., 1., 1.]), colorSpace='rgb', contrast=1.0, depth=0.0, draggable=False, flipHoriz=False, flipVert=False, font='Open Sans', fontFiles=[], height=0.03, italic=False, languageStyle='LTR', name='instructions_cat_2_text', opacity=1.0, ori=0.0, pos=array([0., 0.]), rgb=UNKNOWN, text=str(...), units='height', win=Window(...), wrapWidth=1)
11.5683 	EXP 	window1: mouseVisible = True
11.5714 	EXP 	Created category_test_word = TextStim(__class__=<class 'psychopy.visual.text.TextStim'>, alignHoriz=method-wrapper(...), alignText='center', alignVert=method-wrapper(...), anchorHoriz='center', anchorVert='center', antialias=True, autoDraw=False, autoLog=True, bold=False, color=array([1., 1., 1.]), colorSpace='rgb', contrast=1.0, depth=0.0, draggable=False, flipHoriz=False, flipVert=False, font='Open Sans', fontFiles=[], height=0.05, italic=False, languageStyle='LTR', name='category_test_word', opacity=1.0, ori=0.0, pos=array([0., 0.]), rgb=UNKNOWN, text='Bahnhof', units='height', win=Window(...), wrapWidth=1)
11.5715 	EXP 	window1: mouseVisible = True
11.5771 	EXP 	Created fix_cat_training_question = TextStim(__class__=<class 'psychopy.visual.text.TextStim'>, alignHoriz=method-wrapper(...), alignText='center', alignVert=method-wrapper(...), anchorHoriz='center', anchorVert='center', antialias=True, autoDraw=False, autoLog=True, bold=False, color=array([1., 1., 1.]), colorSpace='rgb', contrast=1.0, depth=-1.0, draggable=False, flipHoriz=False, flipVert=False, font='Open Sans', fontFiles=[], height=0.05, italic=False, languageStyle='LTR', name='fix_cat_training_question', opacity=1.0, ori=0.0, pos=array([0. , 0.4]), rgb=UNKNOWN, text='Ist dies ein Bahnhof?', units='height', win=Window(...), wrapWidth=1)
11.5772 	EXP 	window1: mouseVisible = True
11.5798 	EXP 	Created fix_cat_training_no = TextStim(__class__=<class 'psychopy.visual.text.TextStim'>, alignHoriz=method-wrapper(...), alignText='center', alignVert=method-wrapper(...), anchorHoriz='center', anchorVert='center', antialias=True, autoDraw=False, autoLog=True, bold=False, color=array([1., 1., 1.]), colorSpace='rgb', contrast=1.0, depth=-2.0, draggable=False, flipHoriz=False, flipVert=False, font='Open Sans', fontFiles=[], height=0.05, italic=False, languageStyle='LTR', name='fix_cat_training_no', opacity=1.0, ori=0.0, pos=array([-0.6, -0.4]), rgb=UNKNOWN, text='f\n\nnein', units='height', win=Window(...), wrapWidth=1)
11.5798 	EXP 	window1: mouseVisible = True
11.5821 	EXP 	Created fix_cat_training_yes = TextStim(__class__=<class 'psychopy.visual.text.TextStim'>, alignHoriz=method-wrapper(...), alignText='center', alignVert=method-wrapper(...), anchorHoriz='center', anchorVert='center', antialias=True, autoDraw=False, autoLog=True, bold=False, color=array([1., 1., 1.]), colorSpace='rgb', contrast=1.0, depth=-3.0, draggable=False, flipHoriz=False, flipVert=False, font='Open Sans', fontFiles=[], height=0.05, italic=False, languageStyle='LTR', name='fix_cat_training_yes', opacity=1.0, ori=0.0, pos=array([ 0.6, -0.4]), rgb=UNKNOWN, text=' j\n\nja', units='height', win=Window(...), wrapWidth=1)
11.5822 	EXP 	window1: mouseVisible = True
11.5942 	EXP 	Created fix_cat_training_pic = ImageStim(__class__=<class 'psychopy.visual.image.ImageStim'>, anchor=('center', 'center'), autoLog=True, color=array([1., 1., 1.]), colorSpace='rgb', contrast=1.0, depth=-4.0, draggable=False, flipHoriz=False, flipVert=False, image='fixationskreuz.png', interpolate=True, mask=None, maskParams=None, name='fix_cat_training_pic', opacity=1.0, ori=0.0, pos=array([0., 0.]), size=array([0.1, 0.1]), texRes=128.0, units='height', win=Window(...))
11.5943 	EXP 	window1: mouseVisible = True
11.5996 	EXP 	Created cat_training_fix = ImageStim(__class__=<class 'psychopy.visual.image.ImageStim'>, anchor=('center', 'center'), autoLog=True, color=array([1., 1., 1.]), colorSpace='rgb', contrast=1.0, depth=0.0, draggable=False, flipHoriz=False, flipVert=False, image='fixationskreuz.png', interpolate=True, mask=None, maskParams=None, name='cat_training_fix', opacity=1.0, ori=0.0, pos=array([0., 0.]), size=array([0.1, 0.1]), texRes=128.0, units='height', win=Window(...))
11.5996 	EXP 	window1: mouseVisible = True
11.6037 	EXP 	Created cat_training_stim = ImageStim(__class__=<class 'psychopy.visual.image.ImageStim'>, anchor=('center', 'center'), autoLog=True, color=array([1., 1., 1.]), colorSpace='rgb', contrast=1.0, depth=-1.0, draggable=False, flipHoriz=False, flipVert=False, image='default.png', interpolate=True, mask=None, maskParams=None, name='cat_training_stim', opacity=1.0, ori=0.0, pos=array([0., 0.]), size=array([0.4, 0.4]), texRes=128.0, units='height', win=Window(...))
11.6038 	EXP 	window1: mouseVisible = True
11.6062 	EXP 	Created cat_training_question = TextStim(__class__=<class 'psychopy.visual.text.TextStim'>, alignHoriz=method-wrapper(...), alignText='center', alignVert=method-wrapper(...), anchorHoriz='center', anchorVert='center', antialias=True, autoDraw=False, autoLog=True, bold=False, color=array([1., 1., 1.]), colorSpace='rgb', contrast=1.0, depth=-3.0, draggable=False, flipHoriz=False, flipVert=False, font='Open Sans', fontFiles=[], height=0.05, italic=False, languageStyle='LTR', name='cat_training_question', opacity=1.0, ori=0.0, pos=array([0. , 0.4]), rgb=UNKNOWN, text='Ist dies ein Bahnhof?', units='height', win=Window(...), wrapWidth=1)
11.6063 	EXP 	window1: mouseVisible = True
11.6083 	EXP 	Created cat_training_no = TextStim(__class__=<class 'psychopy.visual.text.TextStim'>, alignHoriz=method-wrapper(...), alignText='center', alignVert=method-wrapper(...), anchorHoriz='center', anchorVert='center', antialias=True, autoDraw=False, autoLog=True, bold=False, color=array([1., 1., 1.]), colorSpace='rgb', contrast=1.0, depth=-4.0, draggable=False, flipHoriz=False, flipVert=False, font='Open Sans', fontFiles=[], height=0.05, italic=False, languageStyle='LTR', name='cat_training_no', opacity=1.0, ori=0.0, pos=array([-0.6, -0.4]), rgb=UNKNOWN, text='f\n\nnein', units='height', win=Window(...), wrapWidth=1)
11.6084 	EXP 	window1: mouseVisible = True
11.6103 	EXP 	Created cat_training_yes = TextStim(__class__=<class 'psychopy.visual.text.TextStim'>, alignHoriz=method-wrapper(...), alignText='center', alignVert=method-wrapper(...), anchorHoriz='center', anchorVert='center', antialias=True, autoDraw=False, autoLog=True, bold=False, color=array([1., 1., 1.]), colorSpace='rgb', contrast=1.0, depth=-5.0, draggable=False, flipHoriz=False, flipVert=False, font='Open Sans', fontFiles=[], height=0.05, italic=False, languageStyle='LTR', name='cat_training_yes', opacity=1.0, ori=0.0, pos=array([ 0.6, -0.4]), rgb=UNKNOWN, text=' j\n\nja', units='height', win=Window(...), wrapWidth=1)
11.6103 	EXP 	window1: mouseVisible = True
11.6112 	EXP 	Created cat_train_feedback_text = TextStim(__class__=<class 'psychopy.visual.text.TextStim'>, alignHoriz=method-wrapper(...), alignText='center', alignVert=method-wrapper(...), anchorHoriz='center', anchorVert='center', antialias=True, autoDraw=False, autoLog=True, bold=False, color=array([1., 1., 1.]), colorSpace='rgb', contrast=1.0, depth=-1.0, draggable=False, flipHoriz=False, flipVert=False, font='Open Sans', fontFiles=[], height=0.05, italic=False, languageStyle='LTR', name='cat_train_feedback_text', opacity=1.0, ori=0.0, pos=array([0., 0.]), rgb=UNKNOWN, text='', units='height', win=Window(...), wrapWidth=1)
11.6112 	EXP 	window1: mouseVisible = True
11.6132 	EXP 	Created cat_train_feedb_no = TextStim(__class__=<class 'psychopy.visual.text.TextStim'>, alignHoriz=method-wrapper(...), alignText='center', alignVert=method-wrapper(...), anchorHoriz='center', anchorVert='center', antialias=True, autoDraw=False, autoLog=True, bold=False, color=array([1., 1., 1.]), colorSpace='rgb', contrast=1.0, depth=-2.0, draggable=False, flipHoriz=False, flipVert=False, font='Open Sans', fontFiles=[], height=0.05, italic=False, languageStyle='LTR', name='cat_train_feedb_no', opacity=1.0, ori=0.0, pos=array([-0.6, -0.4]), rgb=UNKNOWN, text='f\n\nnein', units='height', win=Window(...), wrapWidth=1)
11.6133 	EXP 	window1: mouseVisible = True
11.6151 	EXP 	Created cat_train_feedb_yes = TextStim(__class__=<class 'psychopy.visual.text.TextStim'>, alignHoriz=method-wrapper(...), alignText='center', alignVert=method-wrapper(...), anchorHoriz='center', anchorVert='center', antialias=True, autoDraw=False, autoLog=True, bold=False, color=array([1., 1., 1.]), colorSpace='rgb', contrast=1.0, depth=-3.0, draggable=False, flipHoriz=False, flipVert=False, font='Open Sans', fontFiles=[], height=0.05, italic=False, languageStyle='LTR', name='cat_train_feedb_yes', opacity=1.0, ori=0.0, pos=array([ 0.6, -0.4]), rgb=UNKNOWN, text=' j\n\nja', units='height', win=Window(...), wrapWidth=1)
11.6152 	EXP 	window1: mouseVisible = True
11.6175 	EXP 	Created cat_train_feedb_question = TextStim(__class__=<class 'psychopy.visual.text.TextStim'>, alignHoriz=method-wrapper(...), alignText='center', alignVert=method-wrapper(...), anchorHoriz='center', anchorVert='center', antialias=True, autoDraw=False, autoLog=True, bold=False, color=array([1., 1., 1.]), colorSpace='rgb', contrast=1.0, depth=-4.0, draggable=False, flipHoriz=False, flipVert=False, font='Open Sans', fontFiles=[], height=0.05, italic=False, languageStyle='LTR', name='cat_train_feedb_question', opacity=1.0, ori=0.0, pos=array([0. , 0.4]), rgb=UNKNOWN, text='Ist dies ein Bahnhof?', units='height', win=Window(...), wrapWidth=1)
11.6176 	EXP 	window1: mouseVisible = True
11.6405 	EXP 	Created instructions_memo_text = TextStim(__class__=<class 'psychopy.visual.text.TextStim'>, alignHoriz=method-wrapper(...), alignText='center', alignVert=method-wrapper(...), anchorHoriz='center', anchorVert='center', antialias=True, autoDraw=False, autoLog=True, bold=False, color=array([1., 1., 1.]), colorSpace='rgb', contrast=1.0, depth=0.0, draggable=False, flipHoriz=False, flipVert=False, font='Open Sans', fontFiles=[], height=0.035, italic=False, languageStyle='LTR', name='instructions_memo_text', opacity=1.0, ori=0.0, pos=array([0., 0.]), rgb=UNKNOWN, text=str(...), units='height', win=Window(...), wrapWidth=1)
11.6405 	EXP 	window1: mouseVisible = True
11.6467 	EXP 	Created memo_fix_pic = ImageStim(__class__=<class 'psychopy.visual.image.ImageStim'>, anchor=('center', 'center'), autoLog=True, color=array([1., 1., 1.]), colorSpace='rgb', contrast=1.0, depth=-1.0, draggable=False, flipHoriz=False, flipVert=False, image='fixationskreuz.png', interpolate=True, mask=None, maskParams=None, name='memo_fix_pic', opacity=1.0, ori=0.0, pos=array([0., 0.]), size=array([0.1, 0.1]), texRes=128.0, units='height', win=Window(...))
11.6467 	EXP 	window1: mouseVisible = True
11.6478 	EXP 	Created memo_training_fix = ImageStim(__class__=<class 'psychopy.visual.image.ImageStim'>, anchor=('center', 'center'), autoLog=True, color=array([1., 1., 1.]), colorSpace='rgb', contrast=1.0, depth=0.0, draggable=False, flipHoriz=False, flipVert=False, image=None, interpolate=True, mask=None, maskParams=None, name='memo_training_fix', opacity=1.0, ori=0.0, pos=array([0., 0.]), size=array([0.1, 0.1]), texRes=128.0, units='height', win=Window(...))
11.6478 	EXP 	window1: mouseVisible = True
11.6511 	EXP 	Created memo_training_stim = ImageStim(__class__=<class 'psychopy.visual.image.ImageStim'>, anchor=('center', 'center'), autoLog=True, color=array([1., 1., 1.]), colorSpace='rgb', contrast=1.0, depth=-1.0, draggable=False, flipHoriz=False, flipVert=False, image='default.png', interpolate=True, mask=None, maskParams=None, name='memo_training_stim', opacity=1.0, ori=0.0, pos=array([0., 0.]), size=array([0.4, 0.4]), texRes=128.0, units='height', win=Window(...))
11.6649 	EXP 	window1: mouseVisible = True
11.6652 	EXP 	window1: mouseVisible = True
11.6693 	EXP 	window1: mouseVisible = True
11.6694 	EXP 	window1: mouseVisible = True
11.6699 	EXP 	window1: mouseVisible = True
11.6704 	EXP 	window1: mouseVisible = True
11.6879 	EXP 	window1: mouseVisible = True
11.6880 	EXP 	window1: mouseVisible = True
11.6885 	EXP 	window1: mouseVisible = True
11.6889 	EXP 	window1: mouseVisible = True
11.7001 	EXP 	window1: mouseVisible = True
11.7002 	EXP 	window1: mouseVisible = True
11.7007 	EXP 	window1: mouseVisible = True
11.7011 	EXP 	window1: mouseVisible = True
11.7091 	EXP 	window1: mouseVisible = True
11.7092 	EXP 	window1: mouseVisible = True
11.7097 	EXP 	window1: mouseVisible = True
11.7101 	EXP 	window1: mouseVisible = True
11.7149 	EXP 	window1: mouseVisible = True
11.7150 	EXP 	window1: mouseVisible = True
11.7154 	EXP 	window1: mouseVisible = True
11.7159 	EXP 	window1: mouseVisible = True
11.7253 	EXP 	window1: mouseVisible = True
11.7254 	EXP 	window1: mouseVisible = True
11.7259 	EXP 	window1: mouseVisible = True
11.7263 	EXP 	window1: mouseVisible = True
11.7313 	EXP 	window1: mouseVisible = True
11.7314 	EXP 	window1: mouseVisible = True
11.7319 	EXP 	window1: mouseVisible = True
11.7323 	EXP 	window1: mouseVisible = True
11.7403 	EXP 	window1: mouseVisible = True
11.7404 	EXP 	window1: mouseVisible = True
11.7409 	EXP 	window1: mouseVisible = True
11.7413 	EXP 	window1: mouseVisible = True
11.7463 	EXP 	window1: mouseVisible = True
11.7482 	EXP 	window1: mouseVisible = True
11.7920 	EXP 	Created memo_training_slider = Slider(__class__=<class 'psychopy.visual.slider.Slider'>, autoDraw=False, autoLog=True, borderColor=None, color=None, colorSpace='rgb', depth=-2, fillColor=None, flip=False, font='Open Sans', granularity=1.0, labelColor=None, labelHeight=0.04, labelWrapWidth=None, labels=list(...), lineColor=None, markerColor=None, name='memo_training_slider', opacity=None, ori=0.0, pos=array([ 0. , -0.3]), readOnly=False, self=UNKNOWN, size=array([0.8 , 0.05]), startValue=None, style='radio', styleTweaks=[], ticks=array([0, 1, 2, 3]), units='height', win=Window(...))
11.7921 	EXP 	window1: mouseVisible = True
11.7930 	EXP 	Created memo_train_feedb_text = TextStim(__class__=<class 'psychopy.visual.text.TextStim'>, alignHoriz=method-wrapper(...), alignText='center', alignVert=method-wrapper(...), anchorHoriz='center', anchorVert='center', antialias=True, autoDraw=False, autoLog=True, bold=False, color=array([1., 1., 1.]), colorSpace='rgb', contrast=1.0, depth=-1.0, draggable=False, flipHoriz=False, flipVert=False, font='Open Sans', fontFiles=[], height=0.05, italic=False, languageStyle='LTR', name='memo_train_feedb_text', opacity=1.0, ori=0.0, pos=array([0., 0.]), rgb=UNKNOWN, text='', units='height', win=Window(...), wrapWidth=1)
11.7931 	EXP 	window1: mouseVisible = True
11.8046 	EXP 	Created start_cat_text = TextStim(__class__=<class 'psychopy.visual.text.TextStim'>, alignHoriz=method-wrapper(...), alignText='center', alignVert=method-wrapper(...), anchorHoriz='center', anchorVert='center', antialias=True, autoDraw=False, autoLog=True, bold=False, color=array([1., 1., 1.]), colorSpace='rgb', contrast=1.0, depth=0.0, draggable=False, flipHoriz=False, flipVert=False, font='Open Sans', fontFiles=[], height=0.05, italic=False, languageStyle='LTR', name='start_cat_text', opacity=1.0, ori=0.0, pos=array([0., 0.]), rgb=UNKNOWN, text=str(...), units='height', win=Window(...), wrapWidth=1)
11.8047 	EXP 	window1: mouseVisible = True
11.8070 	EXP 	Created kitchen_a_text = TextStim(__class__=<class 'psychopy.visual.text.TextStim'>, alignHoriz=method-wrapper(...), alignText='center', alignVert=method-wrapper(...), anchorHoriz='center', anchorVert='center', antialias=True, autoDraw=False, autoLog=True, bold=False, color=array([1., 1., 1.]), colorSpace='rgb', contrast=1.0, depth=0.0, draggable=False, flipHoriz=False, flipVert=False, font='Open Sans', fontFiles=[], height=0.05, italic=False, languageStyle='LTR', name='kitchen_a_text', opacity=1.0, ori=0.0, pos=array([0., 0.]), rgb=UNKNOWN, text='Küche', units='height', win=Window(...), wrapWidth=1)
11.8071 	EXP 	window1: mouseVisible = True
11.8107 	EXP 	Created kitchen_a_text_2 = TextStim(__class__=<class 'psychopy.visual.text.TextStim'>, alignHoriz=method-wrapper(...), alignText='center', alignVert=method-wrapper(...), anchorHoriz='center', anchorVert='center', antialias=True, autoDraw=False, autoLog=True, bold=False, color=array([1., 1., 1.]), colorSpace='rgb', contrast=1.0, depth=-1.0, draggable=False, flipHoriz=False, flipVert=False, font='Open Sans', fontFiles=[], height=0.05, italic=False, languageStyle='LTR', name='kitchen_a_text_2', opacity=1.0, ori=0.0, pos=array([ 0. , -0.2]), rgb=UNKNOWN, text=str(...), units='height', win=Window(...), wrapWidth=1)
11.8108 	EXP 	window1: mouseVisible = True
11.8116 	EXP 	Created kitchen_a_block_no = TextStim(__class__=<class 'psychopy.visual.text.TextStim'>, alignHoriz=method-wrapper(...), alignText='center', alignVert=method-wrapper(...), anchorHoriz='center', anchorVert='center', antialias=True, autoDraw=False, autoLog=True, bold=False, color=array([1., 1., 1.]), colorSpace='rgb', contrast=1.0, depth=-3.0, draggable=False, flipHoriz=False, flipVert=False, font='Open Sans', fontFiles=[], height=0.05, italic=False, languageStyle='LTR', name='kitchen_a_block_no', opacity=1.0, ori=0.0, pos=array([ 0. , -0.2]), rgb=UNKNOWN, text='', units='height', win=Window(...), wrapWidth=1)
11.8117 	EXP 	window1: mouseVisible = True
11.8171 	EXP 	Created random_isi_kitchen_fix = ImageStim(__class__=<class 'psychopy.visual.image.ImageStim'>, anchor=('center', 'center'), autoLog=True, color=array([1., 1., 1.]), colorSpace='rgb', contrast=1.0, depth=0.0, draggable=False, flipHoriz=False, flipVert=False, image='fixationskreuz.png', interpolate=True, mask=None, maskParams=None, name='random_isi_kitchen_fix', opacity=1.0, ori=0.0, pos=array([0., 0.]), size=array([0.1, 0.1]), texRes=128.0, units='height', win=Window(...))
11.8172 	EXP 	window1: mouseVisible = True
11.8192 	EXP 	Created random_isi_kitchen_no = TextStim(__class__=<class 'psychopy.visual.text.TextStim'>, alignHoriz=method-wrapper(...), alignText='center', alignVert=method-wrapper(...), anchorHoriz='center', anchorVert='center', antialias=True, autoDraw=False, autoLog=True, bold=False, color=array([1., 1., 1.]), colorSpace='rgb', contrast=1.0, depth=-2.0, draggable=False, flipHoriz=False, flipVert=False, font='Open Sans', fontFiles=[], height=0.05, italic=False, languageStyle='LTR', name='random_isi_kitchen_no', opacity=1.0, ori=0.0, pos=array([-0.6, -0.4]), rgb=UNKNOWN, text='f\n\nnein', units='height', win=Window(...), wrapWidth=1)
11.8193 	EXP 	window1: mouseVisible = True
11.8212 	EXP 	Created random_isi_kitchen_yes = TextStim(__class__=<class 'psychopy.visual.text.TextStim'>, alignHoriz=method-wrapper(...), alignText='center', alignVert=method-wrapper(...), anchorHoriz='center', anchorVert='center', antialias=True, autoDraw=False, autoLog=True, bold=False, color=array([1., 1., 1.]), colorSpace='rgb', contrast=1.0, depth=-3.0, draggable=False, flipHoriz=False, flipVert=False, font='Open Sans', fontFiles=[], height=0.05, italic=False, languageStyle='LTR', name='random_isi_kitchen_yes', opacity=1.0, ori=0.0, pos=array([ 0.6, -0.4]), rgb=UNKNOWN, text=' j\n\nja', units='height', win=Window(...), wrapWidth=1)
11.8213 	EXP 	window1: mouseVisible = True
11.8236 	EXP 	Created random_isi_kitchen_question = TextStim(__class__=<class 'psychopy.visual.text.TextStim'>, alignHoriz=method-wrapper(...), alignText='center', alignVert=method-wrapper(...), anchorHoriz='center', anchorVert='center', antialias=True, autoDraw=False, autoLog=True, bold=False, color=array([1., 1., 1.]), colorSpace='rgb', contrast=1.0, depth=-4.0, draggable=False, flipHoriz=False, flipVert=False, font='Open Sans', fontFiles=[], height=0.05, italic=False, languageStyle='LTR', name='random_isi_kitchen_question', opacity=1.0, ori=0.0, pos=array([0. , 0.4]), rgb=UNKNOWN, text='Ist dies eine Küche?', units='height', win=Window(...), wrapWidth=1)
11.8236 	EXP 	window1: mouseVisible = True
11.8287 	EXP 	Created kitchen_fix = ImageStim(__class__=<class 'psychopy.visual.image.ImageStim'>, anchor=('center', 'center'), autoLog=True, color=array([1., 1., 1.]), colorSpace='rgb', contrast=1.0, depth=0.0, draggable=False, flipHoriz=False, flipVert=False, image='fixationskreuz.png', interpolate=True, mask=None, maskParams=None, name='kitchen_fix', opacity=1.0, ori=0.0, pos=array([0., 0.]), size=array([0.1, 0.1]), texRes=128.0, units='height', win=Window(...))
11.8288 	EXP 	window1: mouseVisible = True
11.8319 	EXP 	Created kitchen_image = ImageStim(__class__=<class 'psychopy.visual.image.ImageStim'>, anchor=('center', 'center'), autoLog=True, color=array([1., 1., 1.]), colorSpace='rgb', contrast=1.0, depth=-1.0, draggable=False, flipHoriz=False, flipVert=False, image='default.png', interpolate=True, mask=None, maskParams=None, name='kitchen_image', opacity=1.0, ori=0.0, pos=array([0., 0.]), size=array([0.4, 0.4]), texRes=128.0, units='height', win=Window(...))
11.8320 	EXP 	window1: mouseVisible = True
11.8341 	EXP 	Created kitchen_picture_no = TextStim(__class__=<class 'psychopy.visual.text.TextStim'>, alignHoriz=method-wrapper(...), alignText='center', alignVert=method-wrapper(...), anchorHoriz='center', anchorVert='center', antialias=True, autoDraw=False, autoLog=True, bold=False, color=array([1., 1., 1.]), colorSpace='rgb', contrast=1.0, depth=-2.0, draggable=False, flipHoriz=False, flipVert=False, font='Open Sans', fontFiles=[], height=0.05, italic=False, languageStyle='LTR', name='kitchen_picture_no', opacity=1.0, ori=0.0, pos=array([-0.6, -0.4]), rgb=UNKNOWN, text='f\n\nnein', units='height', win=Window(...), wrapWidth=1)
11.8342 	EXP 	window1: mouseVisible = True
11.8361 	EXP 	Created kitchen_picture_yes = TextStim(__class__=<class 'psychopy.visual.text.TextStim'>, alignHoriz=method-wrapper(...), alignText='center', alignVert=method-wrapper(...), anchorHoriz='center', anchorVert='center', antialias=True, autoDraw=False, autoLog=True, bold=False, color=array([1., 1., 1.]), colorSpace='rgb', contrast=1.0, depth=-3.0, draggable=False, flipHoriz=False, flipVert=False, font='Open Sans', fontFiles=[], height=0.05, italic=False, languageStyle='LTR', name='kitchen_picture_yes', opacity=1.0, ori=0.0, pos=array([ 0.6, -0.4]), rgb=UNKNOWN, text=' j\n\nja', units='height', win=Window(...), wrapWidth=1)
11.8361 	EXP 	window1: mouseVisible = True
11.8384 	EXP 	Created kitchen_picture_question = TextStim(__class__=<class 'psychopy.visual.text.TextStim'>, alignHoriz=method-wrapper(...), alignText='center', alignVert=method-wrapper(...), anchorHoriz='center', anchorVert='center', antialias=True, autoDraw=False, autoLog=True, bold=False, color=array([1., 1., 1.]), colorSpace='rgb', contrast=1.0, depth=-4.0, draggable=False, flipHoriz=False, flipVert=False, font='Open Sans', fontFiles=[], height=0.05, italic=False, languageStyle='LTR', name='kitchen_picture_question', opacity=1.0, ori=0.0, pos=array([0. , 0.4]), rgb=UNKNOWN, text='Ist dies eine Küche?', units='height', win=Window(...), wrapWidth=1)
11.8384 	EXP 	window1: mouseVisible = True
11.8432 	EXP 	Created kitchen_a_memo_instr_text = TextStim(__class__=<class 'psychopy.visual.text.TextStim'>, alignHoriz=method-wrapper(...), alignText='center', alignVert=method-wrapper(...), anchorHoriz='center', anchorVert='center', antialias=True, autoDraw=False, autoLog=True, bold=False, color=array([1., 1., 1.]), colorSpace='rgb', contrast=1.0, depth=0.0, draggable=False, flipHoriz=False, flipVert=False, font='Open Sans', fontFiles=[], height=0.05, italic=False, languageStyle='LTR', name='kitchen_a_memo_instr_text', opacity=1.0, ori=0.0, pos=array([0., 0.]), rgb=UNKNOWN, text=str(...), units='height', win=Window(...), wrapWidth=1)
11.8433 	EXP 	window1: mouseVisible = True
11.8484 	EXP 	Created memo_fix_pic = ImageStim(__class__=<class 'psychopy.visual.image.ImageStim'>, anchor=('center', 'center'), autoLog=True, color=array([1., 1., 1.]), colorSpace='rgb', contrast=1.0, depth=-1.0, draggable=False, flipHoriz=False, flipVert=False, image='fixationskreuz.png', interpolate=True, mask=None, maskParams=None, name='memo_fix_pic', opacity=1.0, ori=0.0, pos=array([0., 0.]), size=array([0.1, 0.1]), texRes=128.0, units='height', win=Window(...))
11.8485 	EXP 	window1: mouseVisible = True
11.8517 	EXP 	Created memotest_task_stim = ImageStim(__class__=<class 'psychopy.visual.image.ImageStim'>, anchor=('center', 'center'), autoLog=True, color=array([1., 1., 1.]), colorSpace='rgb', contrast=1.0, depth=0.0, draggable=False, flipHoriz=False, flipVert=False, image='default.png', interpolate=True, mask=None, maskParams=None, name='memotest_task_stim', opacity=1.0, ori=0.0, pos=array([0., 0.]), size=array([0.4, 0.4]), texRes=128.0, units='height', win=Window(...))
11.8544 	EXP 	window1: mouseVisible = True
11.8547 	EXP 	window1: mouseVisible = True
11.8583 	EXP 	window1: mouseVisible = True
11.8584 	EXP 	window1: mouseVisible = True
11.8589 	EXP 	window1: mouseVisible = True
11.8594 	EXP 	window1: mouseVisible = True
11.8643 	EXP 	window1: mouseVisible = True
11.8644 	EXP 	window1: mouseVisible = True
11.8648 	EXP 	window1: mouseVisible = True
11.8652 	EXP 	window1: mouseVisible = True
11.8701 	EXP 	window1: mouseVisible = True
11.8702 	EXP 	window1: mouseVisible = True
11.8706 	EXP 	window1: mouseVisible = True
11.8710 	EXP 	window1: mouseVisible = True
11.8757 	EXP 	window1: mouseVisible = True
11.8758 	EXP 	window1: mouseVisible = True
11.8762 	EXP 	window1: mouseVisible = True
11.8767 	EXP 	window1: mouseVisible = True
11.8815 	EXP 	window1: mouseVisible = True
11.8816 	EXP 	window1: mouseVisible = True
11.8820 	EXP 	window1: mouseVisible = True
11.8824 	EXP 	window1: mouseVisible = True
11.8871 	EXP 	window1: mouseVisible = True
11.8872 	EXP 	window1: mouseVisible = True
11.8876 	EXP 	window1: mouseVisible = True
11.8881 	EXP 	window1: mouseVisible = True
11.8928 	EXP 	window1: mouseVisible = True
11.8929 	EXP 	window1: mouseVisible = True
11.8933 	EXP 	window1: mouseVisible = True
11.8938 	EXP 	window1: mouseVisible = True
11.8984 	EXP 	window1: mouseVisible = True
11.8985 	EXP 	window1: mouseVisible = True
11.8990 	EXP 	window1: mouseVisible = True
11.8994 	EXP 	window1: mouseVisible = True
11.9042 	EXP 	window1: mouseVisible = True
11.9056 	EXP 	window1: mouseVisible = True
11.9480 	EXP 	Created memotest_task_slider = Slider(__class__=<class 'psychopy.visual.slider.Slider'>, autoDraw=False, autoLog=True, borderColor=None, color=None, colorSpace='rgb', depth=-1, fillColor=None, flip=False, font='Open Sans', granularity=1.0, labelColor=None, labelHeight=0.04, labelWrapWidth=None, labels=list(...), lineColor=None, markerColor=None, name='memotest_task_slider', opacity=None, ori=0.0, pos=array([ 0. , -0.3]), readOnly=False, self=UNKNOWN, size=array([0.8 , 0.05]), startValue=None, style='radio', styleTweaks=[], ticks=array([0, 1, 2, 3]), units='height', win=Window(...))
11.9481 	EXP 	window1: mouseVisible = True
11.9500 	EXP 	Created kitchen_b_text = TextStim(__class__=<class 'psychopy.visual.text.TextStim'>, alignHoriz=method-wrapper(...), alignText='center', alignVert=method-wrapper(...), anchorHoriz='center', anchorVert='center', antialias=True, autoDraw=False, autoLog=True, bold=False, color=array([1., 1., 1.]), colorSpace='rgb', contrast=1.0, depth=0.0, draggable=False, flipHoriz=False, flipVert=False, font='Open Sans', fontFiles=[], height=0.05, italic=False, languageStyle='LTR', name='kitchen_b_text', opacity=1.0, ori=0.0, pos=array([0., 0.]), rgb=UNKNOWN, text='Küche', units='height', win=Window(...), wrapWidth=1)
11.9501 	EXP 	window1: mouseVisible = True
11.9534 	EXP 	Created kitchen_b_text_2 = TextStim(__class__=<class 'psychopy.visual.text.TextStim'>, alignHoriz=method-wrapper(...), alignText='center', alignVert=method-wrapper(...), anchorHoriz='center', anchorVert='center', antialias=True, autoDraw=False, autoLog=True, bold=False, color=array([1., 1., 1.]), colorSpace='rgb', contrast=1.0, depth=-1.0, draggable=False, flipHoriz=False, flipVert=False, font='Open Sans', fontFiles=[], height=0.05, italic=False, languageStyle='LTR', name='kitchen_b_text_2', opacity=1.0, ori=0.0, pos=array([ 0. , -0.2]), rgb=UNKNOWN, text=str(...), units='height', win=Window(...), wrapWidth=1)
11.9535 	EXP 	window1: mouseVisible = True
11.9544 	EXP 	Created kitchen_b_block_no = TextStim(__class__=<class 'psychopy.visual.text.TextStim'>, alignHoriz=method-wrapper(...), alignText='center', alignVert=method-wrapper(...), anchorHoriz='center', anchorVert='center', antialias=True, autoDraw=False, autoLog=True, bold=False, color=array([1., 1., 1.]), colorSpace='rgb', contrast=1.0, depth=-3.0, draggable=False, flipHoriz=False, flipVert=False, font='Open Sans', fontFiles=[], height=0.05, italic=False, languageStyle='LTR', name='kitchen_b_block_no', opacity=1.0, ori=0.0, pos=array([ 0. , -0.2]), rgb=UNKNOWN, text='', units='height', win=Window(...), wrapWidth=1)
11.9544 	EXP 	window1: mouseVisible = True
11.9599 	EXP 	Created random_isi_kitchen_fix = ImageStim(__class__=<class 'psychopy.visual.image.ImageStim'>, anchor=('center', 'center'), autoLog=True, color=array([1., 1., 1.]), colorSpace='rgb', contrast=1.0, depth=0.0, draggable=False, flipHoriz=False, flipVert=False, image='fixationskreuz.png', interpolate=True, mask=None, maskParams=None, name='random_isi_kitchen_fix', opacity=1.0, ori=0.0, pos=array([0., 0.]), size=array([0.1, 0.1]), texRes=128.0, units='height', win=Window(...))
11.9599 	EXP 	window1: mouseVisible = True
11.9620 	EXP 	Created random_isi_kitchen_no = TextStim(__class__=<class 'psychopy.visual.text.TextStim'>, alignHoriz=method-wrapper(...), alignText='center', alignVert=method-wrapper(...), anchorHoriz='center', anchorVert='center', antialias=True, autoDraw=False, autoLog=True, bold=False, color=array([1., 1., 1.]), colorSpace='rgb', contrast=1.0, depth=-2.0, draggable=False, flipHoriz=False, flipVert=False, font='Open Sans', fontFiles=[], height=0.05, italic=False, languageStyle='LTR', name='random_isi_kitchen_no', opacity=1.0, ori=0.0, pos=array([-0.6, -0.4]), rgb=UNKNOWN, text='f\n\nnein', units='height', win=Window(...), wrapWidth=1)
11.9621 	EXP 	window1: mouseVisible = True
11.9640 	EXP 	Created random_isi_kitchen_yes = TextStim(__class__=<class 'psychopy.visual.text.TextStim'>, alignHoriz=method-wrapper(...), alignText='center', alignVert=method-wrapper(...), anchorHoriz='center', anchorVert='center', antialias=True, autoDraw=False, autoLog=True, bold=False, color=array([1., 1., 1.]), colorSpace='rgb', contrast=1.0, depth=-3.0, draggable=False, flipHoriz=False, flipVert=False, font='Open Sans', fontFiles=[], height=0.05, italic=False, languageStyle='LTR', name='random_isi_kitchen_yes', opacity=1.0, ori=0.0, pos=array([ 0.6, -0.4]), rgb=UNKNOWN, text=' j\n\nja', units='height', win=Window(...), wrapWidth=1)
11.9641 	EXP 	window1: mouseVisible = True
11.9664 	EXP 	Created random_isi_kitchen_question = TextStim(__class__=<class 'psychopy.visual.text.TextStim'>, alignHoriz=method-wrapper(...), alignText='center', alignVert=method-wrapper(...), anchorHoriz='center', anchorVert='center', antialias=True, autoDraw=False, autoLog=True, bold=False, color=array([1., 1., 1.]), colorSpace='rgb', contrast=1.0, depth=-4.0, draggable=False, flipHoriz=False, flipVert=False, font='Open Sans', fontFiles=[], height=0.05, italic=False, languageStyle='LTR', name='random_isi_kitchen_question', opacity=1.0, ori=0.0, pos=array([0. , 0.4]), rgb=UNKNOWN, text='Ist dies eine Küche?', units='height', win=Window(...), wrapWidth=1)
11.9665 	EXP 	window1: mouseVisible = True
11.9716 	EXP 	Created kitchen_fix = ImageStim(__class__=<class 'psychopy.visual.image.ImageStim'>, anchor=('center', 'center'), autoLog=True, color=array([1., 1., 1.]), colorSpace='rgb', contrast=1.0, depth=0.0, draggable=False, flipHoriz=False, flipVert=False, image='fixationskreuz.png', interpolate=True, mask=None, maskParams=None, name='kitchen_fix', opacity=1.0, ori=0.0, pos=array([0., 0.]), size=array([0.1, 0.1]), texRes=128.0, units='height', win=Window(...))
11.9716 	EXP 	window1: mouseVisible = True
11.9749 	EXP 	Created kitchen_image = ImageStim(__class__=<class 'psychopy.visual.image.ImageStim'>, anchor=('center', 'center'), autoLog=True, color=array([1., 1., 1.]), colorSpace='rgb', contrast=1.0, depth=-1.0, draggable=False, flipHoriz=False, flipVert=False, image='default.png', interpolate=True, mask=None, maskParams=None, name='kitchen_image', opacity=1.0, ori=0.0, pos=array([0., 0.]), size=array([0.4, 0.4]), texRes=128.0, units='height', win=Window(...))
11.9750 	EXP 	window1: mouseVisible = True
11.9771 	EXP 	Created kitchen_picture_no = TextStim(__class__=<class 'psychopy.visual.text.TextStim'>, alignHoriz=method-wrapper(...), alignText='center', alignVert=method-wrapper(...), anchorHoriz='center', anchorVert='center', antialias=True, autoDraw=False, autoLog=True, bold=False, color=array([1., 1., 1.]), colorSpace='rgb', contrast=1.0, depth=-2.0, draggable=False, flipHoriz=False, flipVert=False, font='Open Sans', fontFiles=[], height=0.05, italic=False, languageStyle='LTR', name='kitchen_picture_no', opacity=1.0, ori=0.0, pos=array([-0.6, -0.4]), rgb=UNKNOWN, text='f\n\nnein', units='height', win=Window(...), wrapWidth=1)
11.9772 	EXP 	window1: mouseVisible = True
11.9790 	EXP 	Created kitchen_picture_yes = TextStim(__class__=<class 'psychopy.visual.text.TextStim'>, alignHoriz=method-wrapper(...), alignText='center', alignVert=method-wrapper(...), anchorHoriz='center', anchorVert='center', antialias=True, autoDraw=False, autoLog=True, bold=False, color=array([1., 1., 1.]), colorSpace='rgb', contrast=1.0, depth=-3.0, draggable=False, flipHoriz=False, flipVert=False, font='Open Sans', fontFiles=[], height=0.05, italic=False, languageStyle='LTR', name='kitchen_picture_yes', opacity=1.0, ori=0.0, pos=array([ 0.6, -0.4]), rgb=UNKNOWN, text=' j\n\nja', units='height', win=Window(...), wrapWidth=1)
11.9791 	EXP 	window1: mouseVisible = True
11.9814 	EXP 	Created kitchen_picture_question = TextStim(__class__=<class 'psychopy.visual.text.TextStim'>, alignHoriz=method-wrapper(...), alignText='center', alignVert=method-wrapper(...), anchorHoriz='center', anchorVert='center', antialias=True, autoDraw=False, autoLog=True, bold=False, color=array([1., 1., 1.]), colorSpace='rgb', contrast=1.0, depth=-4.0, draggable=False, flipHoriz=False, flipVert=False, font='Open Sans', fontFiles=[], height=0.05, italic=False, languageStyle='LTR', name='kitchen_picture_question', opacity=1.0, ori=0.0, pos=array([0. , 0.4]), rgb=UNKNOWN, text='Ist dies eine Küche?', units='height', win=Window(...), wrapWidth=1)
11.9815 	EXP 	window1: mouseVisible = True
11.9852 	EXP 	Created kitchen_b_memo_instr_text = TextStim(__class__=<class 'psychopy.visual.text.TextStim'>, alignHoriz=method-wrapper(...), alignText='center', alignVert=method-wrapper(...), anchorHoriz='center', anchorVert='center', antialias=True, autoDraw=False, autoLog=True, bold=False, color=array([1., 1., 1.]), colorSpace='rgb', contrast=1.0, depth=0.0, draggable=False, flipHoriz=False, flipVert=False, font='Open Sans', fontFiles=[], height=0.05, italic=False, languageStyle='LTR', name='kitchen_b_memo_instr_text', opacity=1.0, ori=0.0, pos=array([0., 0.]), rgb=UNKNOWN, text=str(...), units='height', win=Window(...), wrapWidth=1)
11.9853 	EXP 	window1: mouseVisible = True
11.9906 	EXP 	Created memo_fix_pic = ImageStim(__class__=<class 'psychopy.visual.image.ImageStim'>, anchor=('center', 'center'), autoLog=True, color=array([1., 1., 1.]), colorSpace='rgb', contrast=1.0, depth=-1.0, draggable=False, flipHoriz=False, flipVert=False, image='fixationskreuz.png', interpolate=True, mask=None, maskParams=None, name='memo_fix_pic', opacity=1.0, ori=0.0, pos=array([0., 0.]), size=array([0.1, 0.1]), texRes=128.0, units='height', win=Window(...))
11.9907 	EXP 	window1: mouseVisible = True
11.9947 	EXP 	Created memotest_task_stim = ImageStim(__class__=<class 'psychopy.visual.image.ImageStim'>, anchor=('center', 'center'), autoLog=True, color=array([1., 1., 1.]), colorSpace='rgb', contrast=1.0, depth=0.0, draggable=False, flipHoriz=False, flipVert=False, image='default.png', interpolate=True, mask=None, maskParams=None, name='memotest_task_stim', opacity=1.0, ori=0.0, pos=array([0., 0.]), size=array([0.4, 0.4]), texRes=128.0, units='height', win=Window(...))
11.9974 	EXP 	window1: mouseVisible = True
11.9977 	EXP 	window1: mouseVisible = True
12.0012 	EXP 	window1: mouseVisible = True
12.0013 	EXP 	window1: mouseVisible = True
12.0018 	EXP 	window1: mouseVisible = True
12.0022 	EXP 	window1: mouseVisible = True
12.0072 	EXP 	window1: mouseVisible = True
12.0073 	EXP 	window1: mouseVisible = True
12.0078 	EXP 	window1: mouseVisible = True
12.0082 	EXP 	window1: mouseVisible = True
12.0129 	EXP 	window1: mouseVisible = True
12.0130 	EXP 	window1: mouseVisible = True
12.0135 	EXP 	window1: mouseVisible = True
12.0139 	EXP 	window1: mouseVisible = True
12.0186 	EXP 	window1: mouseVisible = True
12.0187 	EXP 	window1: mouseVisible = True
12.0192 	EXP 	window1: mouseVisible = True
12.0196 	EXP 	window1: mouseVisible = True
12.0244 	EXP 	window1: mouseVisible = True
12.0245 	EXP 	window1: mouseVisible = True
12.0249 	EXP 	window1: mouseVisible = True
12.0253 	EXP 	window1: mouseVisible = True
12.0300 	EXP 	window1: mouseVisible = True
12.0301 	EXP 	window1: mouseVisible = True
12.0305 	EXP 	window1: mouseVisible = True
12.0309 	EXP 	window1: mouseVisible = True
12.0357 	EXP 	window1: mouseVisible = True
12.0358 	EXP 	window1: mouseVisible = True
12.0363 	EXP 	window1: mouseVisible = True
12.0367 	EXP 	window1: mouseVisible = True
12.0413 	EXP 	window1: mouseVisible = True
12.0414 	EXP 	window1: mouseVisible = True
12.0419 	EXP 	window1: mouseVisible = True
12.0423 	EXP 	window1: mouseVisible = True
12.0471 	EXP 	window1: mouseVisible = True
12.0483 	EXP 	window1: mouseVisible = True
12.0903 	EXP 	Created memotest_task_slider = Slider(__class__=<class 'psychopy.visual.slider.Slider'>, autoDraw=False, autoLog=True, borderColor=None, color=None, colorSpace='rgb', depth=-1, fillColor=None, flip=False, font='Open Sans', granularity=1.0, labelColor=None, labelHeight=0.04, labelWrapWidth=None, labels=list(...), lineColor=None, markerColor=None, name='memotest_task_slider', opacity=None, ori=0.0, pos=array([ 0. , -0.3]), readOnly=False, self=UNKNOWN, size=array([0.8 , 0.05]), startValue=None, style='radio', styleTweaks=[], ticks=array([0, 1, 2, 3]), units='height', win=Window(...))
12.0905 	EXP 	window1: mouseVisible = True
12.0929 	EXP 	Created living_a_text = TextStim(__class__=<class 'psychopy.visual.text.TextStim'>, alignHoriz=method-wrapper(...), alignText='center', alignVert=method-wrapper(...), anchorHoriz='center', anchorVert='center', antialias=True, autoDraw=False, autoLog=True, bold=False, color=array([1., 1., 1.]), colorSpace='rgb', contrast=1.0, depth=0.0, draggable=False, flipHoriz=False, flipVert=False, font='Open Sans', fontFiles=[], height=0.05, italic=False, languageStyle='LTR', name='living_a_text', opacity=1.0, ori=0.0, pos=array([0., 0.]), rgb=UNKNOWN, text='Wohnzimmer', units='height', win=Window(...), wrapWidth=1)
12.0930 	EXP 	window1: mouseVisible = True
12.0959 	EXP 	Created living_a_text_2 = TextStim(__class__=<class 'psychopy.visual.text.TextStim'>, alignHoriz=method-wrapper(...), alignText='center', alignVert=method-wrapper(...), anchorHoriz='center', anchorVert='center', antialias=True, autoDraw=False, autoLog=True, bold=False, color=array([1., 1., 1.]), colorSpace='rgb', contrast=1.0, depth=-1.0, draggable=False, flipHoriz=False, flipVert=False, font='Open Sans', fontFiles=[], height=0.05, italic=False, languageStyle='LTR', name='living_a_text_2', opacity=1.0, ori=0.0, pos=array([ 0. , -0.2]), rgb=UNKNOWN, text=str(...), units='height', win=Window(...), wrapWidth=1)
12.0960 	EXP 	window1: mouseVisible = True
12.0969 	EXP 	Created living_a_block_no = TextStim(__class__=<class 'psychopy.visual.text.TextStim'>, alignHoriz=method-wrapper(...), alignText='center', alignVert=method-wrapper(...), anchorHoriz='center', anchorVert='center', antialias=True, autoDraw=False, autoLog=True, bold=False, color=array([1., 1., 1.]), colorSpace='rgb', contrast=1.0, depth=-3.0, draggable=False, flipHoriz=False, flipVert=False, font='Open Sans', fontFiles=[], height=0.05, italic=False, languageStyle='LTR', name='living_a_block_no', opacity=1.0, ori=0.0, pos=array([ 0. , -0.2]), rgb=UNKNOWN, text='', units='height', win=Window(...), wrapWidth=1)
12.0969 	EXP 	window1: mouseVisible = True
12.1022 	EXP 	Created living_random_isi_fix = ImageStim(__class__=<class 'psychopy.visual.image.ImageStim'>, anchor=('center', 'center'), autoLog=True, color=array([1., 1., 1.]), colorSpace='rgb', contrast=1.0, depth=0.0, draggable=False, flipHoriz=False, flipVert=False, image='fixationskreuz.png', interpolate=True, mask=None, maskParams=None, name='living_random_isi_fix', opacity=1.0, ori=0.0, pos=array([0., 0.]), size=array([0.1, 0.1]), texRes=128.0, units='height', win=Window(...))
12.1023 	EXP 	window1: mouseVisible = True
12.1043 	EXP 	Created living_random_isi_no = TextStim(__class__=<class 'psychopy.visual.text.TextStim'>, alignHoriz=method-wrapper(...), alignText='center', alignVert=method-wrapper(...), anchorHoriz='center', anchorVert='center', antialias=True, autoDraw=False, autoLog=True, bold=False, color=array([1., 1., 1.]), colorSpace='rgb', contrast=1.0, depth=-1.0, draggable=False, flipHoriz=False, flipVert=False, font='Open Sans', fontFiles=[], height=0.05, italic=False, languageStyle='LTR', name='living_random_isi_no', opacity=1.0, ori=0.0, pos=array([-0.6, -0.4]), rgb=UNKNOWN, text='f\n\nnein', units='height', win=Window(...), wrapWidth=1)
12.1043 	EXP 	window1: mouseVisible = True
12.1062 	EXP 	Created living_random_isi_yes = TextStim(__class__=<class 'psychopy.visual.text.TextStim'>, alignHoriz=method-wrapper(...), alignText='center', alignVert=method-wrapper(...), anchorHoriz='center', anchorVert='center', antialias=True, autoDraw=False, autoLog=True, bold=False, color=array([1., 1., 1.]), colorSpace='rgb', contrast=1.0, depth=-2.0, draggable=False, flipHoriz=False, flipVert=False, font='Open Sans', fontFiles=[], height=0.05, italic=False, languageStyle='LTR', name='living_random_isi_yes', opacity=1.0, ori=0.0, pos=array([ 0.6, -0.4]), rgb=UNKNOWN, text=' j\n\nja', units='height', win=Window(...), wrapWidth=1)
12.1063 	EXP 	window1: mouseVisible = True
12.1086 	EXP 	Created living_random_isi_question = TextStim(__class__=<class 'psychopy.visual.text.TextStim'>, alignHoriz=method-wrapper(...), alignText='center', alignVert=method-wrapper(...), anchorHoriz='center', anchorVert='center', antialias=True, autoDraw=False, autoLog=True, bold=False, color=array([1., 1., 1.]), colorSpace='rgb', contrast=1.0, depth=-4.0, draggable=False, flipHoriz=False, flipVert=False, font='Open Sans', fontFiles=[], height=0.05, italic=False, languageStyle='LTR', name='living_random_isi_question', opacity=1.0, ori=0.0, pos=array([0. , 0.4]), rgb=UNKNOWN, text='Ist dies ein Wohnzimmer?', units='height', win=Window(...), wrapWidth=1)
12.1087 	EXP 	window1: mouseVisible = True
12.1138 	EXP 	Created living_picture_fix = ImageStim(__class__=<class 'psychopy.visual.image.ImageStim'>, anchor=('center', 'center'), autoLog=True, color=array([1., 1., 1.]), colorSpace='rgb', contrast=1.0, depth=0.0, draggable=False, flipHoriz=False, flipVert=False, image='fixationskreuz.png', interpolate=True, mask=None, maskParams=None, name='living_picture_fix', opacity=1.0, ori=0.0, pos=array([0., 0.]), size=array([0.1, 0.1]), texRes=128.0, units='height', win=Window(...))
12.1139 	EXP 	window1: mouseVisible = True
12.1172 	EXP 	Created living_picture_image = ImageStim(__class__=<class 'psychopy.visual.image.ImageStim'>, anchor=('center', 'center'), autoLog=True, color=array([1., 1., 1.]), colorSpace='rgb', contrast=1.0, depth=-1.0, draggable=False, flipHoriz=False, flipVert=False, image='default.png', interpolate=True, mask=None, maskParams=None, name='living_picture_image', opacity=1.0, ori=0.0, pos=array([0., 0.]), size=array([0.4, 0.4]), texRes=128.0, units='height', win=Window(...))
12.1173 	EXP 	window1: mouseVisible = True
12.1193 	EXP 	Created living_picture_no = TextStim(__class__=<class 'psychopy.visual.text.TextStim'>, alignHoriz=method-wrapper(...), alignText='center', alignVert=method-wrapper(...), anchorHoriz='center', anchorVert='center', antialias=True, autoDraw=False, autoLog=True, bold=False, color=array([1., 1., 1.]), colorSpace='rgb', contrast=1.0, depth=-2.0, draggable=False, flipHoriz=False, flipVert=False, font='Open Sans', fontFiles=[], height=0.05, italic=False, languageStyle='LTR', name='living_picture_no', opacity=1.0, ori=0.0, pos=array([-0.6, -0.4]), rgb=UNKNOWN, text='f\n\nnein', units='height', win=Window(...), wrapWidth=1)
12.1194 	EXP 	window1: mouseVisible = True
12.1213 	EXP 	Created living_picture_yes = TextStim(__class__=<class 'psychopy.visual.text.TextStim'>, alignHoriz=method-wrapper(...), alignText='center', alignVert=method-wrapper(...), anchorHoriz='center', anchorVert='center', antialias=True, autoDraw=False, autoLog=True, bold=False, color=array([1., 1., 1.]), colorSpace='rgb', contrast=1.0, depth=-3.0, draggable=False, flipHoriz=False, flipVert=False, font='Open Sans', fontFiles=[], height=0.05, italic=False, languageStyle='LTR', name='living_picture_yes', opacity=1.0, ori=0.0, pos=array([ 0.6, -0.4]), rgb=UNKNOWN, text=' j\n\nja', units='height', win=Window(...), wrapWidth=1)
12.1213 	EXP 	window1: mouseVisible = True
12.1237 	EXP 	Created living_picture_question = TextStim(__class__=<class 'psychopy.visual.text.TextStim'>, alignHoriz=method-wrapper(...), alignText='center', alignVert=method-wrapper(...), anchorHoriz='center', anchorVert='center', antialias=True, autoDraw=False, autoLog=True, bold=False, color=array([1., 1., 1.]), colorSpace='rgb', contrast=1.0, depth=-5.0, draggable=False, flipHoriz=False, flipVert=False, font='Open Sans', fontFiles=[], height=0.05, italic=False, languageStyle='LTR', name='living_picture_question', opacity=1.0, ori=0.0, pos=array([0. , 0.4]), rgb=UNKNOWN, text='Ist dies ein Wohnzimmer?', units='height', win=Window(...), wrapWidth=1)
12.1238 	EXP 	window1: mouseVisible = True
12.1276 	EXP 	Created living_a_memo_instr_text = TextStim(__class__=<class 'psychopy.visual.text.TextStim'>, alignHoriz=method-wrapper(...), alignText='center', alignVert=method-wrapper(...), anchorHoriz='center', anchorVert='center', antialias=True, autoDraw=False, autoLog=True, bold=False, color=array([1., 1., 1.]), colorSpace='rgb', contrast=1.0, depth=0.0, draggable=False, flipHoriz=False, flipVert=False, font='Open Sans', fontFiles=[], height=0.05, italic=False, languageStyle='LTR', name='living_a_memo_instr_text', opacity=1.0, ori=0.0, pos=array([0., 0.]), rgb=UNKNOWN, text=str(...), units='height', win=Window(...), wrapWidth=1)
12.1277 	EXP 	window1: mouseVisible = True
12.1331 	EXP 	Created memo_fix_pic = ImageStim(__class__=<class 'psychopy.visual.image.ImageStim'>, anchor=('center', 'center'), autoLog=True, color=array([1., 1., 1.]), colorSpace='rgb', contrast=1.0, depth=-1.0, draggable=False, flipHoriz=False, flipVert=False, image='fixationskreuz.png', interpolate=True, mask=None, maskParams=None, name='memo_fix_pic', opacity=1.0, ori=0.0, pos=array([0., 0.]), size=array([0.1, 0.1]), texRes=128.0, units='height', win=Window(...))
12.1332 	EXP 	window1: mouseVisible = True
12.1364 	EXP 	Created memotest_task_stim = ImageStim(__class__=<class 'psychopy.visual.image.ImageStim'>, anchor=('center', 'center'), autoLog=True, color=array([1., 1., 1.]), colorSpace='rgb', contrast=1.0, depth=0.0, draggable=False, flipHoriz=False, flipVert=False, image='default.png', interpolate=True, mask=None, maskParams=None, name='memotest_task_stim', opacity=1.0, ori=0.0, pos=array([0., 0.]), size=array([0.4, 0.4]), texRes=128.0, units='height', win=Window(...))
12.1391 	EXP 	window1: mouseVisible = True
12.1394 	EXP 	window1: mouseVisible = True
12.1429 	EXP 	window1: mouseVisible = True
12.1430 	EXP 	window1: mouseVisible = True
12.1435 	EXP 	window1: mouseVisible = True
12.1439 	EXP 	window1: mouseVisible = True
12.1490 	EXP 	window1: mouseVisible = True
12.1491 	EXP 	window1: mouseVisible = True
12.1495 	EXP 	window1: mouseVisible = True
12.1500 	EXP 	window1: mouseVisible = True
12.1547 	EXP 	window1: mouseVisible = True
12.1548 	EXP 	window1: mouseVisible = True
12.1553 	EXP 	window1: mouseVisible = True
12.1557 	EXP 	window1: mouseVisible = True
12.1603 	EXP 	window1: mouseVisible = True
12.1604 	EXP 	window1: mouseVisible = True
12.1608 	EXP 	window1: mouseVisible = True
12.1613 	EXP 	window1: mouseVisible = True
12.1661 	EXP 	window1: mouseVisible = True
12.1662 	EXP 	window1: mouseVisible = True
12.1666 	EXP 	window1: mouseVisible = True
12.1670 	EXP 	window1: mouseVisible = True
12.1717 	EXP 	window1: mouseVisible = True
12.1718 	EXP 	window1: mouseVisible = True
12.1722 	EXP 	window1: mouseVisible = True
12.1727 	EXP 	window1: mouseVisible = True
12.1774 	EXP 	window1: mouseVisible = True
12.1775 	EXP 	window1: mouseVisible = True
12.1779 	EXP 	window1: mouseVisible = True
12.1784 	EXP 	window1: mouseVisible = True
12.1831 	EXP 	window1: mouseVisible = True
12.1832 	EXP 	window1: mouseVisible = True
12.1836 	EXP 	window1: mouseVisible = True
12.1840 	EXP 	window1: mouseVisible = True
12.1888 	EXP 	window1: mouseVisible = True
12.1902 	EXP 	window1: mouseVisible = True
12.2325 	EXP 	Created memotest_task_slider = Slider(__class__=<class 'psychopy.visual.slider.Slider'>, autoDraw=False, autoLog=True, borderColor=None, color=None, colorSpace='rgb', depth=-1, fillColor=None, flip=False, font='Open Sans', granularity=1.0, labelColor=None, labelHeight=0.04, labelWrapWidth=None, labels=list(...), lineColor=None, markerColor=None, name='memotest_task_slider', opacity=None, ori=0.0, pos=array([ 0. , -0.3]), readOnly=False, self=UNKNOWN, size=array([0.8 , 0.05]), startValue=None, style='radio', styleTweaks=[], ticks=array([0, 1, 2, 3]), units='height', win=Window(...))
12.2327 	EXP 	window1: mouseVisible = True
12.2347 	EXP 	Created living_b_text = TextStim(__class__=<class 'psychopy.visual.text.TextStim'>, alignHoriz=method-wrapper(...), alignText='center', alignVert=method-wrapper(...), anchorHoriz='center', anchorVert='center', antialias=True, autoDraw=False, autoLog=True, bold=False, color=array([1., 1., 1.]), colorSpace='rgb', contrast=1.0, depth=0.0, draggable=False, flipHoriz=False, flipVert=False, font='Open Sans', fontFiles=[], height=0.05, italic=False, languageStyle='LTR', name='living_b_text', opacity=1.0, ori=0.0, pos=array([0., 0.]), rgb=UNKNOWN, text='Wohnzimmer', units='height', win=Window(...), wrapWidth=1)
12.2348 	EXP 	window1: mouseVisible = True
12.2380 	EXP 	Created living_b_text_2 = TextStim(__class__=<class 'psychopy.visual.text.TextStim'>, alignHoriz=method-wrapper(...), alignText='center', alignVert=method-wrapper(...), anchorHoriz='center', anchorVert='center', antialias=True, autoDraw=False, autoLog=True, bold=False, color=array([1., 1., 1.]), colorSpace='rgb', contrast=1.0, depth=-1.0, draggable=False, flipHoriz=False, flipVert=False, font='Open Sans', fontFiles=[], height=0.05, italic=False, languageStyle='LTR', name='living_b_text_2', opacity=1.0, ori=0.0, pos=array([ 0. , -0.2]), rgb=UNKNOWN, text=str(...), units='height', win=Window(...), wrapWidth=1)
12.2381 	EXP 	window1: mouseVisible = True
12.2390 	EXP 	Created living_b_block_no = TextStim(__class__=<class 'psychopy.visual.text.TextStim'>, alignHoriz=method-wrapper(...), alignText='center', alignVert=method-wrapper(...), anchorHoriz='center', anchorVert='center', antialias=True, autoDraw=False, autoLog=True, bold=False, color=array([1., 1., 1.]), colorSpace='rgb', contrast=1.0, depth=-3.0, draggable=False, flipHoriz=False, flipVert=False, font='Open Sans', fontFiles=[], height=0.05, italic=False, languageStyle='LTR', name='living_b_block_no', opacity=1.0, ori=0.0, pos=array([ 0. , -0.2]), rgb=UNKNOWN, text='', units='height', win=Window(...), wrapWidth=1)
12.2390 	EXP 	window1: mouseVisible = True
12.2443 	EXP 	Created living_random_isi_fix = ImageStim(__class__=<class 'psychopy.visual.image.ImageStim'>, anchor=('center', 'center'), autoLog=True, color=array([1., 1., 1.]), colorSpace='rgb', contrast=1.0, depth=0.0, draggable=False, flipHoriz=False, flipVert=False, image='fixationskreuz.png', interpolate=True, mask=None, maskParams=None, name='living_random_isi_fix', opacity=1.0, ori=0.0, pos=array([0., 0.]), size=array([0.1, 0.1]), texRes=128.0, units='height', win=Window(...))
12.2444 	EXP 	window1: mouseVisible = True
12.2464 	EXP 	Created living_random_isi_no = TextStim(__class__=<class 'psychopy.visual.text.TextStim'>, alignHoriz=method-wrapper(...), alignText='center', alignVert=method-wrapper(...), anchorHoriz='center', anchorVert='center', antialias=True, autoDraw=False, autoLog=True, bold=False, color=array([1., 1., 1.]), colorSpace='rgb', contrast=1.0, depth=-1.0, draggable=False, flipHoriz=False, flipVert=False, font='Open Sans', fontFiles=[], height=0.05, italic=False, languageStyle='LTR', name='living_random_isi_no', opacity=1.0, ori=0.0, pos=array([-0.6, -0.4]), rgb=UNKNOWN, text='f\n\nnein', units='height', win=Window(...), wrapWidth=1)
12.2465 	EXP 	window1: mouseVisible = True
12.2484 	EXP 	Created living_random_isi_yes = TextStim(__class__=<class 'psychopy.visual.text.TextStim'>, alignHoriz=method-wrapper(...), alignText='center', alignVert=method-wrapper(...), anchorHoriz='center', anchorVert='center', antialias=True, autoDraw=False, autoLog=True, bold=False, color=array([1., 1., 1.]), colorSpace='rgb', contrast=1.0, depth=-2.0, draggable=False, flipHoriz=False, flipVert=False, font='Open Sans', fontFiles=[], height=0.05, italic=False, languageStyle='LTR', name='living_random_isi_yes', opacity=1.0, ori=0.0, pos=array([ 0.6, -0.4]), rgb=UNKNOWN, text=' j\n\nja', units='height', win=Window(...), wrapWidth=1)
12.2485 	EXP 	window1: mouseVisible = True
12.2508 	EXP 	Created living_random_isi_question = TextStim(__class__=<class 'psychopy.visual.text.TextStim'>, alignHoriz=method-wrapper(...), alignText='center', alignVert=method-wrapper(...), anchorHoriz='center', anchorVert='center', antialias=True, autoDraw=False, autoLog=True, bold=False, color=array([1., 1., 1.]), colorSpace='rgb', contrast=1.0, depth=-4.0, draggable=False, flipHoriz=False, flipVert=False, font='Open Sans', fontFiles=[], height=0.05, italic=False, languageStyle='LTR', name='living_random_isi_question', opacity=1.0, ori=0.0, pos=array([0. , 0.4]), rgb=UNKNOWN, text='Ist dies ein Wohnzimmer?', units='height', win=Window(...), wrapWidth=1)
12.2510 	EXP 	window1: mouseVisible = True
12.2561 	EXP 	Created living_picture_fix = ImageStim(__class__=<class 'psychopy.visual.image.ImageStim'>, anchor=('center', 'center'), autoLog=True, color=array([1., 1., 1.]), colorSpace='rgb', contrast=1.0, depth=0.0, draggable=False, flipHoriz=False, flipVert=False, image='fixationskreuz.png', interpolate=True, mask=None, maskParams=None, name='living_picture_fix', opacity=1.0, ori=0.0, pos=array([0., 0.]), size=array([0.1, 0.1]), texRes=128.0, units='height', win=Window(...))
12.2562 	EXP 	window1: mouseVisible = True
12.2594 	EXP 	Created living_picture_image = ImageStim(__class__=<class 'psychopy.visual.image.ImageStim'>, anchor=('center', 'center'), autoLog=True, color=array([1., 1., 1.]), colorSpace='rgb', contrast=1.0, depth=-1.0, draggable=False, flipHoriz=False, flipVert=False, image='default.png', interpolate=True, mask=None, maskParams=None, name='living_picture_image', opacity=1.0, ori=0.0, pos=array([0., 0.]), size=array([0.4, 0.4]), texRes=128.0, units='height', win=Window(...))
12.2595 	EXP 	window1: mouseVisible = True
12.2615 	EXP 	Created living_picture_no = TextStim(__class__=<class 'psychopy.visual.text.TextStim'>, alignHoriz=method-wrapper(...), alignText='center', alignVert=method-wrapper(...), anchorHoriz='center', anchorVert='center', antialias=True, autoDraw=False, autoLog=True, bold=False, color=array([1., 1., 1.]), colorSpace='rgb', contrast=1.0, depth=-2.0, draggable=False, flipHoriz=False, flipVert=False, font='Open Sans', fontFiles=[], height=0.05, italic=False, languageStyle='LTR', name='living_picture_no', opacity=1.0, ori=0.0, pos=array([-0.6, -0.4]), rgb=UNKNOWN, text='f\n\nnein', units='height', win=Window(...), wrapWidth=1)
12.2616 	EXP 	window1: mouseVisible = True
12.2635 	EXP 	Created living_picture_yes = TextStim(__class__=<class 'psychopy.visual.text.TextStim'>, alignHoriz=method-wrapper(...), alignText='center', alignVert=method-wrapper(...), anchorHoriz='center', anchorVert='center', antialias=True, autoDraw=False, autoLog=True, bold=False, color=array([1., 1., 1.]), colorSpace='rgb', contrast=1.0, depth=-3.0, draggable=False, flipHoriz=False, flipVert=False, font='Open Sans', fontFiles=[], height=0.05, italic=False, languageStyle='LTR', name='living_picture_yes', opacity=1.0, ori=0.0, pos=array([ 0.6, -0.4]), rgb=UNKNOWN, text=' j\n\nja', units='height', win=Window(...), wrapWidth=1)
12.2636 	EXP 	window1: mouseVisible = True
12.2659 	EXP 	Created living_picture_question = TextStim(__class__=<class 'psychopy.visual.text.TextStim'>, alignHoriz=method-wrapper(...), alignText='center', alignVert=method-wrapper(...), anchorHoriz='center', anchorVert='center', antialias=True, autoDraw=False, autoLog=True, bold=False, color=array([1., 1., 1.]), colorSpace='rgb', contrast=1.0, depth=-5.0, draggable=False, flipHoriz=False, flipVert=False, font='Open Sans', fontFiles=[], height=0.05, italic=False, languageStyle='LTR', name='living_picture_question', opacity=1.0, ori=0.0, pos=array([0. , 0.4]), rgb=UNKNOWN, text='Ist dies ein Wohnzimmer?', units='height', win=Window(...), wrapWidth=1)
12.2660 	EXP 	window1: mouseVisible = True
12.2699 	EXP 	Created living_b_memo_instr_text = TextStim(__class__=<class 'psychopy.visual.text.TextStim'>, alignHoriz=method-wrapper(...), alignText='center', alignVert=method-wrapper(...), anchorHoriz='center', anchorVert='center', antialias=True, autoDraw=False, autoLog=True, bold=False, color=array([1., 1., 1.]), colorSpace='rgb', contrast=1.0, depth=0.0, draggable=False, flipHoriz=False, flipVert=False, font='Open Sans', fontFiles=[], height=0.05, italic=False, languageStyle='LTR', name='living_b_memo_instr_text', opacity=1.0, ori=0.0, pos=array([0., 0.]), rgb=UNKNOWN, text=str(...), units='height', win=Window(...), wrapWidth=1)
12.2699 	EXP 	window1: mouseVisible = True
12.2751 	EXP 	Created memo_fix_pic = ImageStim(__class__=<class 'psychopy.visual.image.ImageStim'>, anchor=('center', 'center'), autoLog=True, color=array([1., 1., 1.]), colorSpace='rgb', contrast=1.0, depth=-1.0, draggable=False, flipHoriz=False, flipVert=False, image='fixationskreuz.png', interpolate=True, mask=None, maskParams=None, name='memo_fix_pic', opacity=1.0, ori=0.0, pos=array([0., 0.]), size=array([0.1, 0.1]), texRes=128.0, units='height', win=Window(...))
12.2752 	EXP 	window1: mouseVisible = True
12.2783 	EXP 	Created memotest_task_stim = ImageStim(__class__=<class 'psychopy.visual.image.ImageStim'>, anchor=('center', 'center'), autoLog=True, color=array([1., 1., 1.]), colorSpace='rgb', contrast=1.0, depth=0.0, draggable=False, flipHoriz=False, flipVert=False, image='default.png', interpolate=True, mask=None, maskParams=None, name='memotest_task_stim', opacity=1.0, ori=0.0, pos=array([0., 0.]), size=array([0.4, 0.4]), texRes=128.0, units='height', win=Window(...))
12.2810 	EXP 	window1: mouseVisible = True
12.2815 	EXP 	window1: mouseVisible = True
12.2850 	EXP 	window1: mouseVisible = True
12.2851 	EXP 	window1: mouseVisible = True
12.2856 	EXP 	window1: mouseVisible = True
12.2860 	EXP 	window1: mouseVisible = True
12.2910 	EXP 	window1: mouseVisible = True
12.2911 	EXP 	window1: mouseVisible = True
12.2915 	EXP 	window1: mouseVisible = True
12.2919 	EXP 	window1: mouseVisible = True
12.2967 	EXP 	window1: mouseVisible = True
12.2968 	EXP 	window1: mouseVisible = True
12.2973 	EXP 	window1: mouseVisible = True
12.2977 	EXP 	window1: mouseVisible = True
12.3024 	EXP 	window1: mouseVisible = True
12.3025 	EXP 	window1: mouseVisible = True
12.3029 	EXP 	window1: mouseVisible = True
12.3034 	EXP 	window1: mouseVisible = True
12.3081 	EXP 	window1: mouseVisible = True
12.3082 	EXP 	window1: mouseVisible = True
12.3086 	EXP 	window1: mouseVisible = True
12.3090 	EXP 	window1: mouseVisible = True
12.3137 	EXP 	window1: mouseVisible = True
12.3138 	EXP 	window1: mouseVisible = True
12.3142 	EXP 	window1: mouseVisible = True
12.3146 	EXP 	window1: mouseVisible = True
12.3203 	EXP 	window1: mouseVisible = True
12.3204 	EXP 	window1: mouseVisible = True
12.3208 	EXP 	window1: mouseVisible = True
12.3213 	EXP 	window1: mouseVisible = True
12.3259 	EXP 	window1: mouseVisible = True
12.3260 	EXP 	window1: mouseVisible = True
12.3265 	EXP 	window1: mouseVisible = True
12.3269 	EXP 	window1: mouseVisible = True
12.3317 	EXP 	window1: mouseVisible = True
12.3330 	EXP 	window1: mouseVisible = True
12.3751 	EXP 	Created memotest_task_slider = Slider(__class__=<class 'psychopy.visual.slider.Slider'>, autoDraw=False, autoLog=True, borderColor=None, color=None, colorSpace='rgb', depth=-1, fillColor=None, flip=False, font='Open Sans', granularity=1.0, labelColor=None, labelHeight=0.04, labelWrapWidth=None, labels=list(...), lineColor=None, markerColor=None, name='memotest_task_slider', opacity=None, ori=0.0, pos=array([ 0. , -0.3]), readOnly=False, self=UNKNOWN, size=array([0.8 , 0.05]), startValue=None, style='radio', styleTweaks=[], ticks=array([0, 1, 2, 3]), units='height', win=Window(...))
12.3753 	EXP 	window1: mouseVisible = True
12.3773 	EXP 	Created bed_a_text = TextStim(__class__=<class 'psychopy.visual.text.TextStim'>, alignHoriz=method-wrapper(...), alignText='center', alignVert=method-wrapper(...), anchorHoriz='center', anchorVert='center', antialias=True, autoDraw=False, autoLog=True, bold=False, color=array([1., 1., 1.]), colorSpace='rgb', contrast=1.0, depth=0.0, draggable=False, flipHoriz=False, flipVert=False, font='Open Sans', fontFiles=[], height=0.05, italic=False, languageStyle='LTR', name='bed_a_text', opacity=1.0, ori=0.0, pos=array([0., 0.]), rgb=UNKNOWN, text='Schlafzimmer', units='height', win=Window(...), wrapWidth=1)
12.3774 	EXP 	window1: mouseVisible = True
12.4502 	EXP 	Created bed_a_text_2 = TextStim(__class__=<class 'psychopy.visual.text.TextStim'>, alignHoriz=method-wrapper(...), alignText='center', alignVert=method-wrapper(...), anchorHoriz='center', anchorVert='center', antialias=True, autoDraw=False, autoLog=True, bold=False, color=array([1., 1., 1.]), colorSpace='rgb', contrast=1.0, depth=-1.0, draggable=False, flipHoriz=False, flipVert=False, font='Open Sans', fontFiles=[], height=0.05, italic=False, languageStyle='LTR', name='bed_a_text_2', opacity=1.0, ori=0.0, pos=array([ 0. , -0.2]), rgb=UNKNOWN, text=str(...), units='height', win=Window(...), wrapWidth=1)
12.4504 	EXP 	window1: mouseVisible = True
12.4513 	EXP 	Created bed_a_block_no = TextStim(__class__=<class 'psychopy.visual.text.TextStim'>, alignHoriz=method-wrapper(...), alignText='center', alignVert=method-wrapper(...), anchorHoriz='center', anchorVert='center', antialias=True, autoDraw=False, autoLog=True, bold=False, color=array([1., 1., 1.]), colorSpace='rgb', contrast=1.0, depth=-3.0, draggable=False, flipHoriz=False, flipVert=False, font='Open Sans', fontFiles=[], height=0.05, italic=False, languageStyle='LTR', name='bed_a_block_no', opacity=1.0, ori=0.0, pos=array([ 0. , -0.2]), rgb=UNKNOWN, text='', units='height', win=Window(...), wrapWidth=1)
12.4513 	EXP 	window1: mouseVisible = True
12.4568 	EXP 	Created bed_random_isi_fix = ImageStim(__class__=<class 'psychopy.visual.image.ImageStim'>, anchor=('center', 'center'), autoLog=True, color=array([1., 1., 1.]), colorSpace='rgb', contrast=1.0, depth=0.0, draggable=False, flipHoriz=False, flipVert=False, image='fixationskreuz.png', interpolate=True, mask=None, maskParams=None, name='bed_random_isi_fix', opacity=1.0, ori=0.0, pos=array([0., 0.]), size=array([0.1, 0.1]), texRes=128.0, units='height', win=Window(...))
12.4569 	EXP 	window1: mouseVisible = True
12.4589 	EXP 	Created bed_random_isi_no = TextStim(__class__=<class 'psychopy.visual.text.TextStim'>, alignHoriz=method-wrapper(...), alignText='center', alignVert=method-wrapper(...), anchorHoriz='center', anchorVert='center', antialias=True, autoDraw=False, autoLog=True, bold=False, color=array([1., 1., 1.]), colorSpace='rgb', contrast=1.0, depth=-1.0, draggable=False, flipHoriz=False, flipVert=False, font='Open Sans', fontFiles=[], height=0.05, italic=False, languageStyle='LTR', name='bed_random_isi_no', opacity=1.0, ori=0.0, pos=array([-0.6, -0.4]), rgb=UNKNOWN, text='f\n\nnein', units='height', win=Window(...), wrapWidth=1)
12.4590 	EXP 	window1: mouseVisible = True
12.4608 	EXP 	Created bed_random_isi_yes = TextStim(__class__=<class 'psychopy.visual.text.TextStim'>, alignHoriz=method-wrapper(...), alignText='center', alignVert=method-wrapper(...), anchorHoriz='center', anchorVert='center', antialias=True, autoDraw=False, autoLog=True, bold=False, color=array([1., 1., 1.]), colorSpace='rgb', contrast=1.0, depth=-2.0, draggable=False, flipHoriz=False, flipVert=False, font='Open Sans', fontFiles=[], height=0.05, italic=False, languageStyle='LTR', name='bed_random_isi_yes', opacity=1.0, ori=0.0, pos=array([ 0.6, -0.4]), rgb=UNKNOWN, text=' j\n\nja', units='height', win=Window(...), wrapWidth=1)
12.4609 	EXP 	window1: mouseVisible = True
12.4632 	EXP 	Created bed_random_isi_question = TextStim(__class__=<class 'psychopy.visual.text.TextStim'>, alignHoriz=method-wrapper(...), alignText='center', alignVert=method-wrapper(...), anchorHoriz='center', anchorVert='center', antialias=True, autoDraw=False, autoLog=True, bold=False, color=array([1., 1., 1.]), colorSpace='rgb', contrast=1.0, depth=-4.0, draggable=False, flipHoriz=False, flipVert=False, font='Open Sans', fontFiles=[], height=0.05, italic=False, languageStyle='LTR', name='bed_random_isi_question', opacity=1.0, ori=0.0, pos=array([0. , 0.4]), rgb=UNKNOWN, text='Ist dies ein Schlafzimmer?', units='height', win=Window(...), wrapWidth=1)
12.4633 	EXP 	window1: mouseVisible = True
12.4684 	EXP 	Created bed_picture_fix = ImageStim(__class__=<class 'psychopy.visual.image.ImageStim'>, anchor=('center', 'center'), autoLog=True, color=array([1., 1., 1.]), colorSpace='rgb', contrast=1.0, depth=0.0, draggable=False, flipHoriz=False, flipVert=False, image='fixationskreuz.png', interpolate=True, mask=None, maskParams=None, name='bed_picture_fix', opacity=1.0, ori=0.0, pos=array([0., 0.]), size=array([0.1, 0.1]), texRes=128.0, units='height', win=Window(...))
12.4685 	EXP 	window1: mouseVisible = True
12.4717 	EXP 	Created bed_picture_image = ImageStim(__class__=<class 'psychopy.visual.image.ImageStim'>, anchor=('center', 'center'), autoLog=True, color=array([1., 1., 1.]), colorSpace='rgb', contrast=1.0, depth=-1.0, draggable=False, flipHoriz=False, flipVert=False, image='default.png', interpolate=True, mask=None, maskParams=None, name='bed_picture_image', opacity=1.0, ori=0.0, pos=array([0., 0.]), size=array([0.4, 0.4]), texRes=128.0, units='height', win=Window(...))
12.4718 	EXP 	window1: mouseVisible = True
12.4739 	EXP 	Created bed_picture_no = TextStim(__class__=<class 'psychopy.visual.text.TextStim'>, alignHoriz=method-wrapper(...), alignText='center', alignVert=method-wrapper(...), anchorHoriz='center', anchorVert='center', antialias=True, autoDraw=False, autoLog=True, bold=False, color=array([1., 1., 1.]), colorSpace='rgb', contrast=1.0, depth=-2.0, draggable=False, flipHoriz=False, flipVert=False, font='Open Sans', fontFiles=[], height=0.05, italic=False, languageStyle='LTR', name='bed_picture_no', opacity=1.0, ori=0.0, pos=array([-0.6, -0.4]), rgb=UNKNOWN, text='f\n\nnein', units='height', win=Window(...), wrapWidth=1)
12.4739 	EXP 	window1: mouseVisible = True
12.4759 	EXP 	Created bed_picture_yes = TextStim(__class__=<class 'psychopy.visual.text.TextStim'>, alignHoriz=method-wrapper(...), alignText='center', alignVert=method-wrapper(...), anchorHoriz='center', anchorVert='center', antialias=True, autoDraw=False, autoLog=True, bold=False, color=array([1., 1., 1.]), colorSpace='rgb', contrast=1.0, depth=-3.0, draggable=False, flipHoriz=False, flipVert=False, font='Open Sans', fontFiles=[], height=0.05, italic=False, languageStyle='LTR', name='bed_picture_yes', opacity=1.0, ori=0.0, pos=array([ 0.6, -0.4]), rgb=UNKNOWN, text=' j\n\nja', units='height', win=Window(...), wrapWidth=1)
12.4759 	EXP 	window1: mouseVisible = True
12.4783 	EXP 	Created bed_picture_question = TextStim(__class__=<class 'psychopy.visual.text.TextStim'>, alignHoriz=method-wrapper(...), alignText='center', alignVert=method-wrapper(...), anchorHoriz='center', anchorVert='center', antialias=True, autoDraw=False, autoLog=True, bold=False, color=array([1., 1., 1.]), colorSpace='rgb', contrast=1.0, depth=-5.0, draggable=False, flipHoriz=False, flipVert=False, font='Open Sans', fontFiles=[], height=0.05, italic=False, languageStyle='LTR', name='bed_picture_question', opacity=1.0, ori=0.0, pos=array([0. , 0.4]), rgb=UNKNOWN, text='Ist dies ein Schlafzimmer?', units='height', win=Window(...), wrapWidth=1)
12.4784 	EXP 	window1: mouseVisible = True
12.4823 	EXP 	Created bed_a_memo_instr_text = TextStim(__class__=<class 'psychopy.visual.text.TextStim'>, alignHoriz=method-wrapper(...), alignText='center', alignVert=method-wrapper(...), anchorHoriz='center', anchorVert='center', antialias=True, autoDraw=False, autoLog=True, bold=False, color=array([1., 1., 1.]), colorSpace='rgb', contrast=1.0, depth=0.0, draggable=False, flipHoriz=False, flipVert=False, font='Open Sans', fontFiles=[], height=0.05, italic=False, languageStyle='LTR', name='bed_a_memo_instr_text', opacity=1.0, ori=0.0, pos=array([0., 0.]), rgb=UNKNOWN, text=str(...), units='height', win=Window(...), wrapWidth=1)
12.4824 	EXP 	window1: mouseVisible = True
12.4875 	EXP 	Created memo_fix_pic = ImageStim(__class__=<class 'psychopy.visual.image.ImageStim'>, anchor=('center', 'center'), autoLog=True, color=array([1., 1., 1.]), colorSpace='rgb', contrast=1.0, depth=-1.0, draggable=False, flipHoriz=False, flipVert=False, image='fixationskreuz.png', interpolate=True, mask=None, maskParams=None, name='memo_fix_pic', opacity=1.0, ori=0.0, pos=array([0., 0.]), size=array([0.1, 0.1]), texRes=128.0, units='height', win=Window(...))
12.4876 	EXP 	window1: mouseVisible = True
12.4911 	EXP 	Created memotest_task_stim = ImageStim(__class__=<class 'psychopy.visual.image.ImageStim'>, anchor=('center', 'center'), autoLog=True, color=array([1., 1., 1.]), colorSpace='rgb', contrast=1.0, depth=0.0, draggable=False, flipHoriz=False, flipVert=False, image='default.png', interpolate=True, mask=None, maskParams=None, name='memotest_task_stim', opacity=1.0, ori=0.0, pos=array([0., 0.]), size=array([0.4, 0.4]), texRes=128.0, units='height', win=Window(...))
12.4937 	EXP 	window1: mouseVisible = True
12.4941 	EXP 	window1: mouseVisible = True
12.4976 	EXP 	window1: mouseVisible = True
12.4977 	EXP 	window1: mouseVisible = True
12.4982 	EXP 	window1: mouseVisible = True
12.4986 	EXP 	window1: mouseVisible = True
12.5036 	EXP 	window1: mouseVisible = True
12.5037 	EXP 	window1: mouseVisible = True
12.5041 	EXP 	window1: mouseVisible = True
12.5046 	EXP 	window1: mouseVisible = True
12.5094 	EXP 	window1: mouseVisible = True
12.5095 	EXP 	window1: mouseVisible = True
12.5099 	EXP 	window1: mouseVisible = True
12.5104 	EXP 	window1: mouseVisible = True
12.5150 	EXP 	window1: mouseVisible = True
12.5151 	EXP 	window1: mouseVisible = True
12.5155 	EXP 	window1: mouseVisible = True
12.5159 	EXP 	window1: mouseVisible = True
12.5207 	EXP 	window1: mouseVisible = True
12.5208 	EXP 	window1: mouseVisible = True
12.5212 	EXP 	window1: mouseVisible = True
12.5217 	EXP 	window1: mouseVisible = True
12.5263 	EXP 	window1: mouseVisible = True
12.5264 	EXP 	window1: mouseVisible = True
12.5269 	EXP 	window1: mouseVisible = True
12.5273 	EXP 	window1: mouseVisible = True
12.5320 	EXP 	window1: mouseVisible = True
12.5321 	EXP 	window1: mouseVisible = True
12.5326 	EXP 	window1: mouseVisible = True
12.5330 	EXP 	window1: mouseVisible = True
12.5376 	EXP 	window1: mouseVisible = True
12.5377 	EXP 	window1: mouseVisible = True
12.5381 	EXP 	window1: mouseVisible = True
12.5385 	EXP 	window1: mouseVisible = True
12.5434 	EXP 	window1: mouseVisible = True
12.5448 	EXP 	window1: mouseVisible = True
12.5870 	EXP 	Created memotest_task_slider = Slider(__class__=<class 'psychopy.visual.slider.Slider'>, autoDraw=False, autoLog=True, borderColor=None, color=None, colorSpace='rgb', depth=-1, fillColor=None, flip=False, font='Open Sans', granularity=1.0, labelColor=None, labelHeight=0.04, labelWrapWidth=None, labels=list(...), lineColor=None, markerColor=None, name='memotest_task_slider', opacity=None, ori=0.0, pos=array([ 0. , -0.3]), readOnly=False, self=UNKNOWN, size=array([0.8 , 0.05]), startValue=None, style='radio', styleTweaks=[], ticks=array([0, 1, 2, 3]), units='height', win=Window(...))
12.5871 	EXP 	window1: mouseVisible = True
12.5892 	EXP 	Created bed_b_text = TextStim(__class__=<class 'psychopy.visual.text.TextStim'>, alignHoriz=method-wrapper(...), alignText='center', alignVert=method-wrapper(...), anchorHoriz='center', anchorVert='center', antialias=True, autoDraw=False, autoLog=True, bold=False, color=array([1., 1., 1.]), colorSpace='rgb', contrast=1.0, depth=0.0, draggable=False, flipHoriz=False, flipVert=False, font='Open Sans', fontFiles=[], height=0.05, italic=False, languageStyle='LTR', name='bed_b_text', opacity=1.0, ori=0.0, pos=array([0., 0.]), rgb=UNKNOWN, text='Schlafzimmer', units='height', win=Window(...), wrapWidth=1)
12.5893 	EXP 	window1: mouseVisible = True
12.5923 	EXP 	Created bed_b_text_2 = TextStim(__class__=<class 'psychopy.visual.text.TextStim'>, alignHoriz=method-wrapper(...), alignText='center', alignVert=method-wrapper(...), anchorHoriz='center', anchorVert='center', antialias=True, autoDraw=False, autoLog=True, bold=False, color=array([1., 1., 1.]), colorSpace='rgb', contrast=1.0, depth=-1.0, draggable=False, flipHoriz=False, flipVert=False, font='Open Sans', fontFiles=[], height=0.05, italic=False, languageStyle='LTR', name='bed_b_text_2', opacity=1.0, ori=0.0, pos=array([ 0. , -0.2]), rgb=UNKNOWN, text=str(...), units='height', win=Window(...), wrapWidth=1)
12.5924 	EXP 	window1: mouseVisible = True
12.5932 	EXP 	Created bed_b_block_no = TextStim(__class__=<class 'psychopy.visual.text.TextStim'>, alignHoriz=method-wrapper(...), alignText='center', alignVert=method-wrapper(...), anchorHoriz='center', anchorVert='center', antialias=True, autoDraw=False, autoLog=True, bold=False, color=array([1., 1., 1.]), colorSpace='rgb', contrast=1.0, depth=-3.0, draggable=False, flipHoriz=False, flipVert=False, font='Open Sans', fontFiles=[], height=0.05, italic=False, languageStyle='LTR', name='bed_b_block_no', opacity=1.0, ori=0.0, pos=array([ 0. , -0.2]), rgb=UNKNOWN, text='', units='height', win=Window(...), wrapWidth=1)
12.5933 	EXP 	window1: mouseVisible = True
12.5985 	EXP 	Created bed_random_isi_fix = ImageStim(__class__=<class 'psychopy.visual.image.ImageStim'>, anchor=('center', 'center'), autoLog=True, color=array([1., 1., 1.]), colorSpace='rgb', contrast=1.0, depth=0.0, draggable=False, flipHoriz=False, flipVert=False, image='fixationskreuz.png', interpolate=True, mask=None, maskParams=None, name='bed_random_isi_fix', opacity=1.0, ori=0.0, pos=array([0., 0.]), size=array([0.1, 0.1]), texRes=128.0, units='height', win=Window(...))
12.5986 	EXP 	window1: mouseVisible = True
12.6011 	EXP 	Created bed_random_isi_no = TextStim(__class__=<class 'psychopy.visual.text.TextStim'>, alignHoriz=method-wrapper(...), alignText='center', alignVert=method-wrapper(...), anchorHoriz='center', anchorVert='center', antialias=True, autoDraw=False, autoLog=True, bold=False, color=array([1., 1., 1.]), colorSpace='rgb', contrast=1.0, depth=-1.0, draggable=False, flipHoriz=False, flipVert=False, font='Open Sans', fontFiles=[], height=0.05, italic=False, languageStyle='LTR', name='bed_random_isi_no', opacity=1.0, ori=0.0, pos=array([-0.6, -0.4]), rgb=UNKNOWN, text='f\n\nnein', units='height', win=Window(...), wrapWidth=1)
12.6012 	EXP 	window1: mouseVisible = True
12.6030 	EXP 	Created bed_random_isi_yes = TextStim(__class__=<class 'psychopy.visual.text.TextStim'>, alignHoriz=method-wrapper(...), alignText='center', alignVert=method-wrapper(...), anchorHoriz='center', anchorVert='center', antialias=True, autoDraw=False, autoLog=True, bold=False, color=array([1., 1., 1.]), colorSpace='rgb', contrast=1.0, depth=-2.0, draggable=False, flipHoriz=False, flipVert=False, font='Open Sans', fontFiles=[], height=0.05, italic=False, languageStyle='LTR', name='bed_random_isi_yes', opacity=1.0, ori=0.0, pos=array([ 0.6, -0.4]), rgb=UNKNOWN, text=' j\n\nja', units='height', win=Window(...), wrapWidth=1)
12.6031 	EXP 	window1: mouseVisible = True
12.6055 	EXP 	Created bed_random_isi_question = TextStim(__class__=<class 'psychopy.visual.text.TextStim'>, alignHoriz=method-wrapper(...), alignText='center', alignVert=method-wrapper(...), anchorHoriz='center', anchorVert='center', antialias=True, autoDraw=False, autoLog=True, bold=False, color=array([1., 1., 1.]), colorSpace='rgb', contrast=1.0, depth=-4.0, draggable=False, flipHoriz=False, flipVert=False, font='Open Sans', fontFiles=[], height=0.05, italic=False, languageStyle='LTR', name='bed_random_isi_question', opacity=1.0, ori=0.0, pos=array([0. , 0.4]), rgb=UNKNOWN, text='Ist dies ein Schlafzimmer?', units='height', win=Window(...), wrapWidth=1)
12.6056 	EXP 	window1: mouseVisible = True
12.6107 	EXP 	Created bed_picture_fix = ImageStim(__class__=<class 'psychopy.visual.image.ImageStim'>, anchor=('center', 'center'), autoLog=True, color=array([1., 1., 1.]), colorSpace='rgb', contrast=1.0, depth=0.0, draggable=False, flipHoriz=False, flipVert=False, image='fixationskreuz.png', interpolate=True, mask=None, maskParams=None, name='bed_picture_fix', opacity=1.0, ori=0.0, pos=array([0., 0.]), size=array([0.1, 0.1]), texRes=128.0, units='height', win=Window(...))
12.6107 	EXP 	window1: mouseVisible = True
12.6139 	EXP 	Created bed_picture_image = ImageStim(__class__=<class 'psychopy.visual.image.ImageStim'>, anchor=('center', 'center'), autoLog=True, color=array([1., 1., 1.]), colorSpace='rgb', contrast=1.0, depth=-1.0, draggable=False, flipHoriz=False, flipVert=False, image='default.png', interpolate=True, mask=None, maskParams=None, name='bed_picture_image', opacity=1.0, ori=0.0, pos=array([0., 0.]), size=array([0.4, 0.4]), texRes=128.0, units='height', win=Window(...))
12.6140 	EXP 	window1: mouseVisible = True
12.6160 	EXP 	Created bed_picture_no = TextStim(__class__=<class 'psychopy.visual.text.TextStim'>, alignHoriz=method-wrapper(...), alignText='center', alignVert=method-wrapper(...), anchorHoriz='center', anchorVert='center', antialias=True, autoDraw=False, autoLog=True, bold=False, color=array([1., 1., 1.]), colorSpace='rgb', contrast=1.0, depth=-2.0, draggable=False, flipHoriz=False, flipVert=False, font='Open Sans', fontFiles=[], height=0.05, italic=False, languageStyle='LTR', name='bed_picture_no', opacity=1.0, ori=0.0, pos=array([-0.6, -0.4]), rgb=UNKNOWN, text='f\n\nnein', units='height', win=Window(...), wrapWidth=1)
12.6161 	EXP 	window1: mouseVisible = True
12.6179 	EXP 	Created bed_picture_yes = TextStim(__class__=<class 'psychopy.visual.text.TextStim'>, alignHoriz=method-wrapper(...), alignText='center', alignVert=method-wrapper(...), anchorHoriz='center', anchorVert='center', antialias=True, autoDraw=False, autoLog=True, bold=False, color=array([1., 1., 1.]), colorSpace='rgb', contrast=1.0, depth=-3.0, draggable=False, flipHoriz=False, flipVert=False, font='Open Sans', fontFiles=[], height=0.05, italic=False, languageStyle='LTR', name='bed_picture_yes', opacity=1.0, ori=0.0, pos=array([ 0.6, -0.4]), rgb=UNKNOWN, text=' j\n\nja', units='height', win=Window(...), wrapWidth=1)
12.6181 	EXP 	window1: mouseVisible = True
12.6204 	EXP 	Created bed_picture_question = TextStim(__class__=<class 'psychopy.visual.text.TextStim'>, alignHoriz=method-wrapper(...), alignText='center', alignVert=method-wrapper(...), anchorHoriz='center', anchorVert='center', antialias=True, autoDraw=False, autoLog=True, bold=False, color=array([1., 1., 1.]), colorSpace='rgb', contrast=1.0, depth=-5.0, draggable=False, flipHoriz=False, flipVert=False, font='Open Sans', fontFiles=[], height=0.05, italic=False, languageStyle='LTR', name='bed_picture_question', opacity=1.0, ori=0.0, pos=array([0. , 0.4]), rgb=UNKNOWN, text='Ist dies ein Schlafzimmer?', units='height', win=Window(...), wrapWidth=1)
12.6205 	EXP 	window1: mouseVisible = True
12.6243 	EXP 	Created bed_b_memo_instr_text = TextStim(__class__=<class 'psychopy.visual.text.TextStim'>, alignHoriz=method-wrapper(...), alignText='center', alignVert=method-wrapper(...), anchorHoriz='center', anchorVert='center', antialias=True, autoDraw=False, autoLog=True, bold=False, color=array([1., 1., 1.]), colorSpace='rgb', contrast=1.0, depth=0.0, draggable=False, flipHoriz=False, flipVert=False, font='Open Sans', fontFiles=[], height=0.05, italic=False, languageStyle='LTR', name='bed_b_memo_instr_text', opacity=1.0, ori=0.0, pos=array([0., 0.]), rgb=UNKNOWN, text=str(...), units='height', win=Window(...), wrapWidth=1)
12.6244 	EXP 	window1: mouseVisible = True
12.6294 	EXP 	Created memo_fix_pic = ImageStim(__class__=<class 'psychopy.visual.image.ImageStim'>, anchor=('center', 'center'), autoLog=True, color=array([1., 1., 1.]), colorSpace='rgb', contrast=1.0, depth=-1.0, draggable=False, flipHoriz=False, flipVert=False, image='fixationskreuz.png', interpolate=True, mask=None, maskParams=None, name='memo_fix_pic', opacity=1.0, ori=0.0, pos=array([0., 0.]), size=array([0.1, 0.1]), texRes=128.0, units='height', win=Window(...))
12.6295 	EXP 	window1: mouseVisible = True
12.6326 	EXP 	Created memotest_task_stim = ImageStim(__class__=<class 'psychopy.visual.image.ImageStim'>, anchor=('center', 'center'), autoLog=True, color=array([1., 1., 1.]), colorSpace='rgb', contrast=1.0, depth=0.0, draggable=False, flipHoriz=False, flipVert=False, image='default.png', interpolate=True, mask=None, maskParams=None, name='memotest_task_stim', opacity=1.0, ori=0.0, pos=array([0., 0.]), size=array([0.4, 0.4]), texRes=128.0, units='height', win=Window(...))
12.6352 	EXP 	window1: mouseVisible = True
12.6356 	EXP 	window1: mouseVisible = True
12.6390 	EXP 	window1: mouseVisible = True
12.6391 	EXP 	window1: mouseVisible = True
12.6396 	EXP 	window1: mouseVisible = True
12.6400 	EXP 	window1: mouseVisible = True
12.6450 	EXP 	window1: mouseVisible = True
12.6451 	EXP 	window1: mouseVisible = True
12.6456 	EXP 	window1: mouseVisible = True
12.6460 	EXP 	window1: mouseVisible = True
12.6507 	EXP 	window1: mouseVisible = True
12.6508 	EXP 	window1: mouseVisible = True
12.6513 	EXP 	window1: mouseVisible = True
12.6517 	EXP 	window1: mouseVisible = True
12.6563 	EXP 	window1: mouseVisible = True
12.6564 	EXP 	window1: mouseVisible = True
12.6569 	EXP 	window1: mouseVisible = True
12.6573 	EXP 	window1: mouseVisible = True
12.6628 	EXP 	window1: mouseVisible = True
12.6630 	EXP 	window1: mouseVisible = True
12.6635 	EXP 	window1: mouseVisible = True
12.6639 	EXP 	window1: mouseVisible = True
12.6694 	EXP 	window1: mouseVisible = True
12.6695 	EXP 	window1: mouseVisible = True
12.6700 	EXP 	window1: mouseVisible = True
12.6705 	EXP 	window1: mouseVisible = True
12.6760 	EXP 	window1: mouseVisible = True
12.6762 	EXP 	window1: mouseVisible = True
12.6767 	EXP 	window1: mouseVisible = True
12.6772 	EXP 	window1: mouseVisible = True
12.6828 	EXP 	window1: mouseVisible = True
12.6830 	EXP 	window1: mouseVisible = True
12.6835 	EXP 	window1: mouseVisible = True
12.6840 	EXP 	window1: mouseVisible = True
12.6903 	EXP 	window1: mouseVisible = True
12.6917 	EXP 	window1: mouseVisible = True
12.7339 	EXP 	Created memotest_task_slider = Slider(__class__=<class 'psychopy.visual.slider.Slider'>, autoDraw=False, autoLog=True, borderColor=None, color=None, colorSpace='rgb', depth=-1, fillColor=None, flip=False, font='Open Sans', granularity=1.0, labelColor=None, labelHeight=0.04, labelWrapWidth=None, labels=list(...), lineColor=None, markerColor=None, name='memotest_task_slider', opacity=None, ori=0.0, pos=array([ 0. , -0.3]), readOnly=False, self=UNKNOWN, size=array([0.8 , 0.05]), startValue=None, style='radio', styleTweaks=[], ticks=array([0, 1, 2, 3]), units='height', win=Window(...))
12.7341 	EXP 	window1: mouseVisible = True
12.7383 	EXP 	Created break_text = TextStim(__class__=<class 'psychopy.visual.text.TextStim'>, alignHoriz=method-wrapper(...), alignText='center', alignVert=method-wrapper(...), anchorHoriz='center', anchorVert='center', antialias=True, autoDraw=False, autoLog=True, bold=False, color=array([1., 1., 1.]), colorSpace='rgb', contrast=1.0, depth=0.0, draggable=False, flipHoriz=False, flipVert=False, font='Open Sans', fontFiles=[], height=0.05, italic=False, languageStyle='LTR', name='break_text', opacity=1.0, ori=0.0, pos=array([0., 0.]), rgb=UNKNOWN, text=str(...), units='height', win=Window(...), wrapWidth=1)
12.7384 	EXP 	window1: mouseVisible = True
12.7593 	EXP 	Created end_text = TextStim(__class__=<class 'psychopy.visual.text.TextStim'>, alignHoriz=method-wrapper(...), alignText='center', alignVert=method-wrapper(...), anchorHoriz='center', anchorVert='center', antialias=True, autoDraw=False, autoLog=True, bold=False, color=array([1., 1., 1.]), colorSpace='rgb', contrast=1.0, depth=-1.0, draggable=False, flipHoriz=False, flipVert=False, font='Open Sans', fontFiles=[], height=0.04, italic=False, languageStyle='LTR', name='end_text', opacity=1.0, ori=0.0, pos=array([0., 0.]), rgb=UNKNOWN, text=str(...), units='height', win=Window(...), wrapWidth=1)
12.7594 	EXP 	window1: mouseVisible = True
12.7603 	EXP 	Created vp_code_text = TextStim(__class__=<class 'psychopy.visual.text.TextStim'>, alignHoriz=method-wrapper(...), alignText='center', alignVert=method-wrapper(...), anchorHoriz='center', anchorVert='center', antialias=True, autoDraw=False, autoLog=True, bold=False, color=array([1., 1., 1.]), colorSpace='rgb', contrast=1.0, depth=-3.0, draggable=False, flipHoriz=False, flipVert=False, font='Open Sans', fontFiles=[], height=0.05, italic=False, languageStyle='LTR', name='vp_code_text', opacity=1.0, ori=0.0, pos=array([ 0. , -0.4]), rgb=UNKNOWN, text='', units='height', win=Window(...), wrapWidth=1)
0.0090 	EXP 	memo_training_slider: autoLog = True
0.0090 	EXP 	memo_training_slider: ticks = <class 'numpy.ndarray'>
0.0090 	EXP 	memo_training_slider: styleTweaks = []
0.0090 	EXP 	memo_training_slider: styleTweaks = []
0.0090 	EXP 	memo_training_slider: styleTweaks = []
0.0090 	EXP 	memo_training_slider: styleTweaks = []
0.0090 	EXP 	memo_training_slider: ticks = <class 'numpy.ndarray'>
0.0090 	EXP 	memo_training_slider: contrast = 1.0
0.0090 	EXP 	memo_training_slider: markerPos = None
0.0090 	EXP 	memo_training_slider: autoLog = True
0.0090 	EXP 	memotest_task_slider: autoLog = True
0.0090 	EXP 	memotest_task_slider: ticks = <class 'numpy.ndarray'>
0.0090 	EXP 	memotest_task_slider: styleTweaks = []
0.0090 	EXP 	memotest_task_slider: styleTweaks = []
0.0090 	EXP 	memotest_task_slider: styleTweaks = []
0.0090 	EXP 	memotest_task_slider: styleTweaks = []
0.0090 	EXP 	memotest_task_slider: ticks = <class 'numpy.ndarray'>
0.0090 	EXP 	memotest_task_slider: contrast = 1.0
0.0090 	EXP 	memotest_task_slider: markerPos = None
0.0090 	EXP 	memotest_task_slider: autoLog = True
0.0090 	EXP 	memotest_task_slider: autoLog = True
0.0090 	EXP 	memotest_task_slider: ticks = <class 'numpy.ndarray'>
0.0090 	EXP 	memotest_task_slider: styleTweaks = []
0.0090 	EXP 	memotest_task_slider: styleTweaks = []
0.0090 	EXP 	memotest_task_slider: styleTweaks = []
0.0090 	EXP 	memotest_task_slider: styleTweaks = []
0.0090 	EXP 	memotest_task_slider: ticks = <class 'numpy.ndarray'>
0.0090 	EXP 	memotest_task_slider: contrast = 1.0
0.0090 	EXP 	memotest_task_slider: markerPos = None
0.0090 	EXP 	memotest_task_slider: autoLog = True
0.0090 	EXP 	memotest_task_slider: autoLog = True
0.0090 	EXP 	memotest_task_slider: ticks = <class 'numpy.ndarray'>
0.0090 	EXP 	memotest_task_slider: styleTweaks = []
0.0090 	EXP 	memotest_task_slider: styleTweaks = []
0.0090 	EXP 	memotest_task_slider: styleTweaks = []
0.0090 	EXP 	memotest_task_slider: styleTweaks = []
0.0090 	EXP 	memotest_task_slider: ticks = <class 'numpy.ndarray'>
0.0090 	EXP 	memotest_task_slider: contrast = 1.0
0.0090 	EXP 	memotest_task_slider: markerPos = None
0.0090 	EXP 	memotest_task_slider: autoLog = True
0.0090 	EXP 	memotest_task_slider: autoLog = True
0.0090 	EXP 	memotest_task_slider: ticks = <class 'numpy.ndarray'>
0.0090 	EXP 	memotest_task_slider: styleTweaks = []
0.0090 	EXP 	memotest_task_slider: styleTweaks = []
0.0090 	EXP 	memotest_task_slider: styleTweaks = []
0.0090 	EXP 	memotest_task_slider: styleTweaks = []
0.0090 	EXP 	memotest_task_slider: ticks = <class 'numpy.ndarray'>
0.0090 	EXP 	memotest_task_slider: contrast = 1.0
0.0090 	EXP 	memotest_task_slider: markerPos = None
0.0090 	EXP 	memotest_task_slider: autoLog = True
0.0090 	EXP 	memotest_task_slider: autoLog = True
0.0090 	EXP 	memotest_task_slider: ticks = <class 'numpy.ndarray'>
0.0090 	EXP 	memotest_task_slider: styleTweaks = []
0.0090 	EXP 	memotest_task_slider: styleTweaks = []
0.0090 	EXP 	memotest_task_slider: styleTweaks = []
0.0090 	EXP 	memotest_task_slider: styleTweaks = []
0.0090 	EXP 	memotest_task_slider: ticks = <class 'numpy.ndarray'>
0.0090 	EXP 	memotest_task_slider: contrast = 1.0
0.0090 	EXP 	memotest_task_slider: markerPos = None
0.0090 	EXP 	memotest_task_slider: autoLog = True
0.0090 	EXP 	memotest_task_slider: autoLog = True
0.0090 	EXP 	memotest_task_slider: ticks = <class 'numpy.ndarray'>
0.0090 	EXP 	memotest_task_slider: styleTweaks = []
0.0090 	EXP 	memotest_task_slider: styleTweaks = []
0.0090 	EXP 	memotest_task_slider: styleTweaks = []
0.0090 	EXP 	memotest_task_slider: styleTweaks = []
0.0090 	EXP 	memotest_task_slider: ticks = <class 'numpy.ndarray'>
0.0090 	EXP 	memotest_task_slider: contrast = 1.0
0.0090 	EXP 	memotest_task_slider: markerPos = None
0.0090 	EXP 	memotest_task_slider: autoLog = True
0.0181 	EXP 	intro_text: autoDraw = True
2.8351 	DATA 	Keypress: space
2.8408 	WARNING 	t of last frame was 40.97ms (=1/24)
2.8408 	EXP 	intro_text: autoDraw = False
3.3267 	EXP 	consent_text: autoDraw = True
27.8274 	EXP 	consent_text: autoDraw = False
27.8274 	EXP 	consent_text_2: autoDraw = True
29.4061 	DATA 	Keypress: space
29.4110 	EXP 	consent_text: autoDraw = False
29.4110 	EXP 	consent_text_2: autoDraw = False
29.8944 	EXP 	data_safety_text: autoDraw = True
36.1277 	DATA 	Keypress: escape
36.1338 	WARNING 	t of last frame was 32.50ms (=1/30)
36.2457 	EXP 	SceneCat_2023_2_key_resp: status = STOPPED
36.2501 	EXP 	data_safety_text: autoDraw = False
36.2502 	EXP 	SceneCat_2023_2_key_resp: status = STOPPED
36.2917 	EXP 	window1: mouseVisible = True
