4.3678 	ERROR 	Plugin `psychopy-cedrus` entry point requires module `psychopy_cedrus`, but it cannot be imported.
95.2774 	WARNING 	User requested fullscreen with size [1920 1080], but screen is actually [1440, 900]. Using actual size
95.4526 	EXP 	Created window1 = Window(allowGUI=True, allowStencil=False, autoLog=True, backendConf=UNKNOWN, backgroundFit=<method-wrapper '__getattribute__' of attributeSetter object at 0x7f918cf667c0>, backgroundImage=<method-wrapper '__getattribute__' of attributeSetter object at 0x7f918cf66760>, bitsMode=UNKNOWN, blendMode='avg', bpc=(8, 8, 8), color=array([0, 0, 0]), colorSpace='rgb', depthBits=8, fullscr=<method-wrapper '__getattribute__' of attributeSetter object at 0x7f918cf66250>, gamma=None, gammaErrorPolicy='raise', infoMsg=UNKNOWN, lms=UNKNOWN, monitor=<psychopy.monitors.calibTools.Monitor object at 0x7f91922df100>, multiSample=False, name='window1', numSamples=2, pos=[360.0, 225.0], screen=0, size=array([2880, 1800]), stencilBits=0, stereo=False, title='PsychoPy', units='height', useFBO=True, useRetina=True, viewOri=0.0, viewPos=None, viewScale=None, waitBlanking=True, winType='pyglet')
95.4527 	EXP 	window1: mouseVisible = True
95.4528 	EXP 	window1: backgroundImage = ''
95.4528 	EXP 	window1: backgroundFit = 'none'
95.4529 	EXP 	window1: mouseVisible = True
95.4531 	EXP 	window1: mouseVisible = True
95.4583 	EXP 	window1: mouseVisible = True
95.4589 	EXP 	window1: mouseVisible = True
95.4918 	EXP 	window1: mouseVisible = True
95.4919 	EXP 	window1: mouseVisible = True
95.4925 	EXP 	window1: mouseVisible = True
95.4931 	EXP 	window1: mouseVisible = True
95.5065 	EXP 	window1: Attempting to measure frame rate of screen (0) ...
95.5065 	EXP 	window1: recordFrameIntervals = False
95.6320 	EXP 	window1: recordFrameIntervals = True
96.4641 	WARNING 	Couldn't measure a consistent frame rate!
  - Is your graphics card set to sync to vertical blank?
  - Are you running other processes on your computer?

96.4653 	EXP 	window1: mouseVisible = False
98.2823 	EXP 	SceneCat_2023_2_key_resp: status = STARTED
98.2829 	EXP 	window1: mouseVisible = True
98.3349 	EXP 	Created intro_text = TextStim(__class__=<class 'psychopy.visual.text.TextStim'>, alignHoriz=method-wrapper(...), alignText='center', alignVert=method-wrapper(...), anchorHoriz='center', anchorVert='center', antialias=True, autoDraw=False, autoLog=True, bold=False, color=array([1., 1., 1.]), colorSpace='rgb', contrast=1.0, depth=0.0, draggable=False, flipHoriz=False, flipVert=False, font='Open Sans', fontFiles=[], height=0.05, italic=False, languageStyle='LTR', name='intro_text', opacity=1.0, ori=0.0, pos=array([0., 0.]), rgb=UNKNOWN, text=str(...), units='height', win=Window(...), wrapWidth=1)
98.3567 	EXP 	window1: mouseVisible = True
